[0.021s] Invoking command in '/ros2_ws/build/wetexplorer_gazebo': CMAKE_PREFIX_PATH=/opt/ros/humble:${CMAKE_PREFIX_PATH} /usr/bin/cmake --build /ros2_ws/build/wetexplorer_gazebo -- -j12 -l12
[0.062s] -- Found ament_cmake: 1.3.10 (/opt/ros/humble/share/ament_cmake/cmake)
[0.289s] -- Found urdf: 2.6.1 (/opt/ros/humble/share/urdf/cmake)
[0.472s] -- Configuring done
[0.478s] -- Generating done
[0.480s] -- Build files have been written to: /ros2_ws/build/wetexplorer_gazebo
[0.517s] Invoked command in '/ros2_ws/build/wetexplorer_gazebo' returned '0': CMAKE_PREFIX_PATH=/opt/ros/humble:${CMAKE_PREFIX_PATH} /usr/bin/cmake --build /ros2_ws/build/wetexplorer_gazebo -- -j12 -l12
[0.573s] Invoking command in '/ros2_ws/build/wetexplorer_gazebo': CMAKE_PREFIX_PATH=/opt/ros/humble:${CMAKE_PREFIX_PATH} /usr/bin/cmake --install /ros2_ws/build/wetexplorer_gazebo
[0.587s] -- Install configuration: ""
[0.587s] -- Up-to-date: /ros2_ws/install/wetexplorer_gazebo/share/wetexplorer_gazebo/launch
[0.588s] -- Up-to-date: /ros2_ws/install/wetexplorer_gazebo/share/wetexplorer_gazebo/launch/follow.launch
[0.588s] -- Up-to-date: /ros2_ws/install/wetexplorer_gazebo/share/wetexplorer_gazebo/launch/gazebo.launch
[0.588s] -- Up-to-date: /ros2_ws/install/wetexplorer_gazebo/share/wetexplorer_gazebo/launch/view.launch
[0.588s] -- Up-to-date: /ros2_ws/install/wetexplorer_gazebo/share/wetexplorer_gazebo/launch/kinematics.launch
[0.588s] -- Up-to-date: /ros2_ws/install/wetexplorer_gazebo/share/wetexplorer_gazebo/launch/world.launch
[0.588s] -- Up-to-date: /ros2_ws/install/wetexplorer_gazebo/share/wetexplorer_gazebo/launch/tracked.launch
[0.588s] -- Up-to-date: /ros2_ws/install/wetexplorer_gazebo/share/wetexplorer_gazebo/launch/navigate.launch
[0.588s] -- Up-to-date: /ros2_ws/install/wetexplorer_gazebo/share/wetexplorer_gazebo/launch/tracks.launch
[0.588s] -- Up-to-date: /ros2_ws/install/wetexplorer_gazebo/share/wetexplorer_gazebo/launch/display.launch
[0.589s] -- Up-to-date: /ros2_ws/install/wetexplorer_gazebo/share/wetexplorer_gazebo/launch/teleop.launch
[0.589s] -- Up-to-date: /ros2_ws/install/wetexplorer_gazebo/share/wetexplorer_gazebo/launch/tracked_wetland.launch
[0.589s] -- Installing: /ros2_ws/install/wetexplorer_gazebo/share/wetexplorer_gazebo/launch/sim.launch.py
[0.589s] -- Up-to-date: /ros2_ws/install/wetexplorer_gazebo/share/wetexplorer_gazebo/launch/localize.launch
[0.589s] -- Up-to-date: /ros2_ws/install/wetexplorer_gazebo/share/wetexplorer_gazebo/launch/control.launch
[0.589s] -- Up-to-date: /ros2_ws/install/wetexplorer_gazebo/share/wetexplorer_gazebo/launch/empty.launch
[0.590s] -- Up-to-date: /ros2_ws/install/wetexplorer_gazebo/share/wetexplorer_gazebo/meshes
[0.590s] -- Up-to-date: /ros2_ws/install/wetexplorer_gazebo/share/wetexplorer_gazebo/urdf
[0.590s] -- Installing: /ros2_ws/install/wetexplorer_gazebo/share/ament_index/resource_index/package_run_dependencies/wetexplorer_gazebo
[0.590s] -- Installing: /ros2_ws/install/wetexplorer_gazebo/share/ament_index/resource_index/parent_prefix_path/wetexplorer_gazebo
[0.590s] -- Up-to-date: /ros2_ws/install/wetexplorer_gazebo/share/wetexplorer_gazebo/environment/ament_prefix_path.sh
[0.591s] -- Installing: /ros2_ws/install/wetexplorer_gazebo/share/wetexplorer_gazebo/environment/ament_prefix_path.dsv
[0.591s] -- Up-to-date: /ros2_ws/install/wetexplorer_gazebo/share/wetexplorer_gazebo/environment/path.sh
[0.591s] -- Installing: /ros2_ws/install/wetexplorer_gazebo/share/wetexplorer_gazebo/environment/path.dsv
[0.591s] -- Up-to-date: /ros2_ws/install/wetexplorer_gazebo/share/wetexplorer_gazebo/local_setup.bash
[0.591s] -- Up-to-date: /ros2_ws/install/wetexplorer_gazebo/share/wetexplorer_gazebo/local_setup.sh
[0.591s] -- Up-to-date: /ros2_ws/install/wetexplorer_gazebo/share/wetexplorer_gazebo/local_setup.zsh
[0.591s] -- Installing: /ros2_ws/install/wetexplorer_gazebo/share/wetexplorer_gazebo/local_setup.dsv
[0.592s] -- Installing: /ros2_ws/install/wetexplorer_gazebo/share/wetexplorer_gazebo/package.dsv
[0.592s] -- Up-to-date: /ros2_ws/install/wetexplorer_gazebo/share/ament_index/resource_index/packages/wetexplorer_gazebo
[0.592s] -- Up-to-date: /ros2_ws/install/wetexplorer_gazebo/share/wetexplorer_gazebo/cmake/ament_cmake_export_dependencies-extras.cmake
[0.592s] -- Installing: /ros2_ws/install/wetexplorer_gazebo/share/wetexplorer_gazebo/cmake/wetexplorer_gazeboConfig.cmake
[0.592s] -- Installing: /ros2_ws/install/wetexplorer_gazebo/share/wetexplorer_gazebo/cmake/wetexplorer_gazeboConfig-version.cmake
[0.592s] -- Installing: /ros2_ws/install/wetexplorer_gazebo/share/wetexplorer_gazebo/package.xml
[0.595s] Invoked command in '/ros2_ws/build/wetexplorer_gazebo' returned '0': CMAKE_PREFIX_PATH=/opt/ros/humble:${CMAKE_PREFIX_PATH} /usr/bin/cmake --install /ros2_ws/build/wetexplorer_gazebo
