[0.039s] Invoking command in '/ros2_ws/build/wetexplorer_navigation': /usr/bin/cmake /ros2_ws/src/wetexplorer/wetexplorer_navigation -DCATKIN_INSTALL_INTO_PREFIX_ROOT=0 -DCMAKE_INSTALL_PREFIX=/ros2_ws/install/wetexplorer_navigation
[0.556s] -- The C compiler identification is GNU 11.4.0
[0.556s] -- The CXX compiler identification is GNU 11.4.0
[0.557s] -- Detecting C compiler ABI info
[0.557s] -- Detecting C compiler ABI info - done
[0.557s] -- Check for working C compiler: /usr/bin/cc - skipped
[0.557s] -- Detecting C compile features
[0.557s] -- Detecting C compile features - done
[0.557s] -- Detecting CXX compiler ABI info
[0.557s] -- Detecting CXX compiler ABI info - done
[0.558s] -- Check for working CXX compiler: /usr/bin/c++ - skipped
[0.558s] -- Detecting CXX compile features
[0.558s] -- Detecting CXX compile features - done
[0.558s] -- Configuring incomplete, errors occurred!
[0.558s] See also "/ros2_ws/build/wetexplorer_navigation/CMakeFiles/CMakeOutput.log".
[0.559s] [31mCMake Error at CMakeLists.txt:10 (find_package):
[0.559s]   By not providing "Findcatkin.cmake" in CMAKE_MODULE_PATH this project has
[0.559s]   asked CMake to find a package configuration file provided by "catkin", but
[0.559s]   CMake did not find one.
[0.559s] 
[0.560s]   Could not find a package configuration file provided by "catkin" with any
[0.560s]   of the following names:
[0.560s] 
[0.560s]     catkinConfig.cmake
[0.560s]     catkin-config.cmake
[0.560s] 
[0.560s]   Add the installation prefix of "catkin" to CMAKE_PREFIX_PATH or set
[0.560s]   "catkin_DIR" to a directory containing one of the above files.  If "catkin"
[0.560s]   provides a separate development package or SDK, be sure it has been
[0.560s]   installed.
[0.560s] 
[0.561s] [0m
[0.572s] Invoked command in '/ros2_ws/build/wetexplorer_navigation' returned '1': /usr/bin/cmake /ros2_ws/src/wetexplorer/wetexplorer_navigation -DCATKIN_INSTALL_INTO_PREFIX_ROOT=0 -DCMAKE_INSTALL_PREFIX=/ros2_ws/install/wetexplorer_navigation
