-- Found ament_cmake: 1.3.10 (/opt/ros/humble/share/ament_cmake/cmake)
-- Override CMake install command with custom implementation using symlinks instead of copying resources
-- Found urdf: 2.6.1 (/opt/ros/humble/share/urdf/cmake)
-- Configuring done
-- Generating done
-- Build files have been written to: /ros2_ws/build/wetexplorer_description
-- Install configuration: ""
-- Execute custom install script
-- Up-to-date symlink: /ros2_ws/install/wetexplorer_description/share/wetexplorer_description/launch/description.launch.py
-- Up-to-date symlink: /ros2_ws/install/wetexplorer_description/share/wetexplorer_description/launch/rsp.launch.py
-- Up-to-date symlink: /ros2_ws/install/wetexplorer_description/share/wetexplorer_description/launch/view.launch
-- Up-to-date symlink: /ros2_ws/install/wetexplorer_description/share/wetexplorer_description/meshes/WETExplorer/TCP.STL
-- Up-to-date symlink: /ros2_ws/install/wetexplorer_description/share/wetexplorer_description/meshes/WETExplorer/base_link.STL
-- Up-to-date symlink: /ros2_ws/install/wetexplorer_description/share/wetexplorer_description/meshes/WETExplorer/central_frame_link.STL
-- Up-to-date symlink: /ros2_ws/install/wetexplorer_description/share/wetexplorer_description/meshes/WETExplorer/chamber_holder_link.STL
-- Up-to-date symlink: /ros2_ws/install/wetexplorer_description/share/wetexplorer_description/meshes/WETExplorer/chamber_link.STL
-- Up-to-date symlink: /ros2_ws/install/wetexplorer_description/share/wetexplorer_description/meshes/WETExplorer/chassis.STL
-- Up-to-date symlink: /ros2_ws/install/wetexplorer_description/share/wetexplorer_description/meshes/WETExplorer/coupling_link.STL
-- Up-to-date symlink: /ros2_ws/install/wetexplorer_description/share/wetexplorer_description/meshes/WETExplorer/gas_analyzer_link.STL
-- Up-to-date symlink: /ros2_ws/install/wetexplorer_description/share/wetexplorer_description/meshes/WETExplorer/gas_analyzer_support_link.STL
-- Up-to-date symlink: /ros2_ws/install/wetexplorer_description/share/wetexplorer_description/meshes/WETExplorer/gps_frame_link.STL
-- Up-to-date symlink: /ros2_ws/install/wetexplorer_description/share/wetexplorer_description/meshes/WETExplorer/gps_link.STL
-- Up-to-date symlink: /ros2_ws/install/wetexplorer_description/share/wetexplorer_description/meshes/WETExplorer/imu_link.STL
-- Up-to-date symlink: /ros2_ws/install/wetexplorer_description/share/wetexplorer_description/meshes/WETExplorer/linear_actuator_link.STL
-- Up-to-date symlink: /ros2_ws/install/wetexplorer_description/share/wetexplorer_description/meshes/WETExplorer/linear_actuator_support_link.STL
-- Up-to-date symlink: /ros2_ws/install/wetexplorer_description/share/wetexplorer_description/meshes/WETExplorer/power_pulley_left_link.STL
-- Up-to-date symlink: /ros2_ws/install/wetexplorer_description/share/wetexplorer_description/meshes/WETExplorer/power_pulley_right_link.STL
-- Up-to-date symlink: /ros2_ws/install/wetexplorer_description/share/wetexplorer_description/meshes/WETExplorer/prismatic_link.STL
-- Up-to-date symlink: /ros2_ws/install/wetexplorer_description/share/wetexplorer_description/meshes/WETExplorer/pulley_support_left_link.STL
-- Up-to-date symlink: /ros2_ws/install/wetexplorer_description/share/wetexplorer_description/meshes/WETExplorer/pulley_support_right_link.STL
-- Up-to-date symlink: /ros2_ws/install/wetexplorer_description/share/wetexplorer_description/meshes/WETExplorer/pulleys_left_link.STL
-- Up-to-date symlink: /ros2_ws/install/wetexplorer_description/share/wetexplorer_description/meshes/WETExplorer/pulleys_right_link.STL
-- Up-to-date symlink: /ros2_ws/install/wetexplorer_description/share/wetexplorer_description/meshes/WETExplorer/track_left_link.STL
-- Up-to-date symlink: /ros2_ws/install/wetexplorer_description/share/wetexplorer_description/meshes/WETExplorer/track_right_link.STL
-- Up-to-date symlink: /ros2_ws/install/wetexplorer_description/share/wetexplorer_description/meshes/aluminium_frame_link.STL
-- Up-to-date symlink: /ros2_ws/install/wetexplorer_description/share/wetexplorer_description/meshes/base_link.STL
-- Up-to-date symlink: /ros2_ws/install/wetexplorer_description/share/wetexplorer_description/meshes/chassis.STL
-- Up-to-date symlink: /ros2_ws/install/wetexplorer_description/share/wetexplorer_description/meshes/collision_chassis.STL
-- Up-to-date symlink: /ros2_ws/install/wetexplorer_description/share/wetexplorer_description/meshes/extra/aluminium_frame_link.STL
-- Up-to-date symlink: /ros2_ws/install/wetexplorer_description/share/wetexplorer_description/meshes/extra/chamber_link.STL
-- Up-to-date symlink: /ros2_ws/install/wetexplorer_description/share/wetexplorer_description/meshes/extra/chamber_original.STL
-- Up-to-date symlink: /ros2_ws/install/wetexplorer_description/share/wetexplorer_description/meshes/extra/gas_analyzer_link.STL
-- Up-to-date symlink: /ros2_ws/install/wetexplorer_description/share/wetexplorer_description/meshes/extra/gps_link.STL
-- Up-to-date symlink: /ros2_ws/install/wetexplorer_description/share/wetexplorer_description/meshes/extra/gps_link_2.STL
-- Up-to-date symlink: /ros2_ws/install/wetexplorer_description/share/wetexplorer_description/meshes/extra/imu_link.STL
-- Up-to-date symlink: /ros2_ws/install/wetexplorer_description/share/wetexplorer_description/meshes/extra/linear_actuator_link.STL
-- Up-to-date symlink: /ros2_ws/install/wetexplorer_description/share/wetexplorer_description/meshes/power_pulley_left_link.STL
-- Up-to-date symlink: /ros2_ws/install/wetexplorer_description/share/wetexplorer_description/meshes/power_pulley_right_link.STL
-- Up-to-date symlink: /ros2_ws/install/wetexplorer_description/share/wetexplorer_description/meshes/pulley_support_left_link.STL
-- Up-to-date symlink: /ros2_ws/install/wetexplorer_description/share/wetexplorer_description/meshes/pulley_support_right_link.STL
-- Up-to-date symlink: /ros2_ws/install/wetexplorer_description/share/wetexplorer_description/meshes/pulleys_left_link.STL
-- Up-to-date symlink: /ros2_ws/install/wetexplorer_description/share/wetexplorer_description/meshes/pulleys_right_link.STL
-- Up-to-date symlink: /ros2_ws/install/wetexplorer_description/share/wetexplorer_description/meshes/track_left_link.STL
-- Up-to-date symlink: /ros2_ws/install/wetexplorer_description/share/wetexplorer_description/meshes/track_right_link.STL
-- Up-to-date symlink: /ros2_ws/install/wetexplorer_description/share/wetexplorer_description/urdf/Robot_System.xacro
-- Up-to-date symlink: /ros2_ws/install/wetexplorer_description/share/wetexplorer_description/urdf/WETExplorer_chassis.xacro
-- Up-to-date symlink: /ros2_ws/install/wetexplorer_description/share/wetexplorer_description/urdf/accesories/aluminium_frame.xacro
-- Up-to-date symlink: /ros2_ws/install/wetexplorer_description/share/wetexplorer_description/urdf/accesories/central_frame.xacro
-- Up-to-date symlink: /ros2_ws/install/wetexplorer_description/share/wetexplorer_description/urdf/accesories/chamber.xacro
-- Up-to-date symlink: /ros2_ws/install/wetexplorer_description/share/wetexplorer_description/urdf/accesories/gas_analyzer.xacro
-- Up-to-date symlink: /ros2_ws/install/wetexplorer_description/share/wetexplorer_description/urdf/accesories/gps.xacro
-- Up-to-date symlink: /ros2_ws/install/wetexplorer_description/share/wetexplorer_description/urdf/accesories/imu.xacro
-- Up-to-date symlink: /ros2_ws/install/wetexplorer_description/share/wetexplorer_description/urdf/accesories/linear_actuator.xacro
-- Up-to-date symlink: /ros2_ws/install/wetexplorer_description/share/wetexplorer_description/urdf/chassis.xacro
-- Up-to-date symlink: /ros2_ws/install/wetexplorer_description/share/wetexplorer_description/urdf/chassis_static.xacro
-- Up-to-date symlink: /ros2_ws/install/wetexplorer_description/share/wetexplorer_description/urdf/cylinder_inertia.xacro
-- Up-to-date symlink: /ros2_ws/install/wetexplorer_description/share/wetexplorer_description/urdf/wheels.xacro
-- Up-to-date symlink: /ros2_ws/install/wetexplorer_description/share/wetexplorer_description/urdf/wheels/front_wheel.xacro
-- Up-to-date symlink: /ros2_ws/install/wetexplorer_description/share/wetexplorer_description/urdf/wheels/pseudowheels.xacro
-- Up-to-date symlink: /ros2_ws/install/wetexplorer_description/share/wetexplorer_description/urdf/wheels/rear_wheel.xacro
-- Up-to-date symlink: /ros2_ws/install/wetexplorer_description/share/wetexplorer_description/urdf/wheels/tracks_static.xacro
-- Up-to-date symlink: /ros2_ws/install/wetexplorer_description/share/wetexplorer_description/meshes/WETExplorer/TCP.STL
-- Up-to-date symlink: /ros2_ws/install/wetexplorer_description/share/wetexplorer_description/meshes/WETExplorer/base_link.STL
-- Up-to-date symlink: /ros2_ws/install/wetexplorer_description/share/wetexplorer_description/meshes/WETExplorer/central_frame_link.STL
-- Up-to-date symlink: /ros2_ws/install/wetexplorer_description/share/wetexplorer_description/meshes/WETExplorer/chamber_holder_link.STL
-- Up-to-date symlink: /ros2_ws/install/wetexplorer_description/share/wetexplorer_description/meshes/WETExplorer/chamber_link.STL
-- Up-to-date symlink: /ros2_ws/install/wetexplorer_description/share/wetexplorer_description/meshes/WETExplorer/chassis.STL
-- Up-to-date symlink: /ros2_ws/install/wetexplorer_description/share/wetexplorer_description/meshes/WETExplorer/coupling_link.STL
-- Up-to-date symlink: /ros2_ws/install/wetexplorer_description/share/wetexplorer_description/meshes/WETExplorer/gas_analyzer_link.STL
-- Up-to-date symlink: /ros2_ws/install/wetexplorer_description/share/wetexplorer_description/meshes/WETExplorer/gas_analyzer_support_link.STL
-- Up-to-date symlink: /ros2_ws/install/wetexplorer_description/share/wetexplorer_description/meshes/WETExplorer/gps_frame_link.STL
-- Up-to-date symlink: /ros2_ws/install/wetexplorer_description/share/wetexplorer_description/meshes/WETExplorer/gps_link.STL
-- Up-to-date symlink: /ros2_ws/install/wetexplorer_description/share/wetexplorer_description/meshes/WETExplorer/imu_link.STL
-- Up-to-date symlink: /ros2_ws/install/wetexplorer_description/share/wetexplorer_description/meshes/WETExplorer/linear_actuator_link.STL
-- Up-to-date symlink: /ros2_ws/install/wetexplorer_description/share/wetexplorer_description/meshes/WETExplorer/linear_actuator_support_link.STL
-- Up-to-date symlink: /ros2_ws/install/wetexplorer_description/share/wetexplorer_description/meshes/WETExplorer/power_pulley_left_link.STL
-- Up-to-date symlink: /ros2_ws/install/wetexplorer_description/share/wetexplorer_description/meshes/WETExplorer/power_pulley_right_link.STL
-- Up-to-date symlink: /ros2_ws/install/wetexplorer_description/share/wetexplorer_description/meshes/WETExplorer/prismatic_link.STL
-- Up-to-date symlink: /ros2_ws/install/wetexplorer_description/share/wetexplorer_description/meshes/WETExplorer/pulley_support_left_link.STL
-- Up-to-date symlink: /ros2_ws/install/wetexplorer_description/share/wetexplorer_description/meshes/WETExplorer/pulley_support_right_link.STL
-- Up-to-date symlink: /ros2_ws/install/wetexplorer_description/share/wetexplorer_description/meshes/WETExplorer/pulleys_left_link.STL
-- Up-to-date symlink: /ros2_ws/install/wetexplorer_description/share/wetexplorer_description/meshes/WETExplorer/pulleys_right_link.STL
-- Up-to-date symlink: /ros2_ws/install/wetexplorer_description/share/wetexplorer_description/meshes/WETExplorer/track_left_link.STL
-- Up-to-date symlink: /ros2_ws/install/wetexplorer_description/share/wetexplorer_description/meshes/WETExplorer/track_right_link.STL
-- Up-to-date symlink: /ros2_ws/install/wetexplorer_description/share/wetexplorer_description/meshes/aluminium_frame_link.STL
-- Up-to-date symlink: /ros2_ws/install/wetexplorer_description/share/wetexplorer_description/meshes/base_link.STL
-- Up-to-date symlink: /ros2_ws/install/wetexplorer_description/share/wetexplorer_description/meshes/chassis.STL
-- Up-to-date symlink: /ros2_ws/install/wetexplorer_description/share/wetexplorer_description/meshes/collision_chassis.STL
-- Up-to-date symlink: /ros2_ws/install/wetexplorer_description/share/wetexplorer_description/meshes/extra/aluminium_frame_link.STL
-- Up-to-date symlink: /ros2_ws/install/wetexplorer_description/share/wetexplorer_description/meshes/extra/chamber_link.STL
-- Up-to-date symlink: /ros2_ws/install/wetexplorer_description/share/wetexplorer_description/meshes/extra/chamber_original.STL
-- Up-to-date symlink: /ros2_ws/install/wetexplorer_description/share/wetexplorer_description/meshes/extra/gas_analyzer_link.STL
-- Up-to-date symlink: /ros2_ws/install/wetexplorer_description/share/wetexplorer_description/meshes/extra/gps_link.STL
-- Up-to-date symlink: /ros2_ws/install/wetexplorer_description/share/wetexplorer_description/meshes/extra/gps_link_2.STL
-- Up-to-date symlink: /ros2_ws/install/wetexplorer_description/share/wetexplorer_description/meshes/extra/imu_link.STL
-- Up-to-date symlink: /ros2_ws/install/wetexplorer_description/share/wetexplorer_description/meshes/extra/linear_actuator_link.STL
-- Up-to-date symlink: /ros2_ws/install/wetexplorer_description/share/wetexplorer_description/meshes/power_pulley_left_link.STL
-- Up-to-date symlink: /ros2_ws/install/wetexplorer_description/share/wetexplorer_description/meshes/power_pulley_right_link.STL
-- Up-to-date symlink: /ros2_ws/install/wetexplorer_description/share/wetexplorer_description/meshes/pulley_support_left_link.STL
-- Up-to-date symlink: /ros2_ws/install/wetexplorer_description/share/wetexplorer_description/meshes/pulley_support_right_link.STL
-- Up-to-date symlink: /ros2_ws/install/wetexplorer_description/share/wetexplorer_description/meshes/pulleys_left_link.STL
-- Up-to-date symlink: /ros2_ws/install/wetexplorer_description/share/wetexplorer_description/meshes/pulleys_right_link.STL
-- Up-to-date symlink: /ros2_ws/install/wetexplorer_description/share/wetexplorer_description/meshes/track_left_link.STL
-- Up-to-date symlink: /ros2_ws/install/wetexplorer_description/share/wetexplorer_description/meshes/track_right_link.STL
-- Up-to-date symlink: /ros2_ws/install/wetexplorer_description/share/ament_index/resource_index/package_run_dependencies/wetexplorer_description
-- Up-to-date symlink: /ros2_ws/install/wetexplorer_description/share/ament_index/resource_index/parent_prefix_path/wetexplorer_description
-- Up-to-date symlink: /ros2_ws/install/wetexplorer_description/share/wetexplorer_description/environment/ament_prefix_path.sh
-- Up-to-date symlink: /ros2_ws/install/wetexplorer_description/share/wetexplorer_description/environment/ament_prefix_path.dsv
-- Up-to-date symlink: /ros2_ws/install/wetexplorer_description/share/wetexplorer_description/environment/path.sh
-- Up-to-date symlink: /ros2_ws/install/wetexplorer_description/share/wetexplorer_description/environment/path.dsv
-- Up-to-date symlink: /ros2_ws/install/wetexplorer_description/share/wetexplorer_description/local_setup.bash
-- Up-to-date symlink: /ros2_ws/install/wetexplorer_description/share/wetexplorer_description/local_setup.sh
-- Up-to-date symlink: /ros2_ws/install/wetexplorer_description/share/wetexplorer_description/local_setup.zsh
-- Up-to-date symlink: /ros2_ws/install/wetexplorer_description/share/wetexplorer_description/local_setup.dsv
-- Symlinking: /ros2_ws/install/wetexplorer_description/share/wetexplorer_description/package.dsv
-- Up-to-date symlink: /ros2_ws/install/wetexplorer_description/share/ament_index/resource_index/packages/wetexplorer_description
-- Up-to-date symlink: /ros2_ws/install/wetexplorer_description/share/wetexplorer_description/cmake/ament_cmake_export_dependencies-extras.cmake
-- Up-to-date symlink: /ros2_ws/install/wetexplorer_description/share/wetexplorer_description/cmake/wetexplorer_descriptionConfig.cmake
-- Up-to-date symlink: /ros2_ws/install/wetexplorer_description/share/wetexplorer_description/cmake/wetexplorer_descriptionConfig-version.cmake
-- Up-to-date symlink: /ros2_ws/install/wetexplorer_description/share/wetexplorer_description/package.xml
