[0.364s] Invoking command in '/ros2_ws/build/turtlebot3_fake_node': CMAKE_PREFIX_PATH=${CMAKE_PREFIX_PATH}:/opt/ros/humble /usr/bin/cmake /ros2_ws/src/turtlebot3_simulations/turtlebot3_fake_node -DCMAKE_INSTALL_PREFIX=/ros2_ws/install/turtlebot3_fake_node
[0.860s] -- Found ament_cmake: 1.3.10 (/opt/ros/humble/share/ament_cmake/cmake)
[0.860s] -- Override CMake install command with custom implementation using symlinks instead of copying resources
[0.862s] -- Found geometry_msgs: 4.2.4 (/opt/ros/humble/share/geometry_msgs/cmake)
[0.862s] -- Found rosidl_generator_c: 3.1.5 (/opt/ros/humble/share/rosidl_generator_c/cmake)
[0.862s] -- Found rosidl_adapter: 3.1.5 (/opt/ros/humble/share/rosidl_adapter/cmake)
[0.862s] -- Found rosidl_generator_cpp: 3.1.5 (/opt/ros/humble/share/rosidl_generator_cpp/cmake)
[0.864s] -- Using all available rosidl_typesupport_c: rosidl_typesupport_fastrtps_c;rosidl_typesupport_introspection_c
[0.864s] -- Using all available rosidl_typesupport_cpp: rosidl_typesupport_fastrtps_cpp;rosidl_typesupport_introspection_cpp
[0.864s] -- Found nav_msgs: 4.2.4 (/opt/ros/humble/share/nav_msgs/cmake)
[0.866s] -- Found rclcpp: 16.0.10 (/opt/ros/humble/share/rclcpp/cmake)
[0.934s] -- Found rmw_implementation_cmake: 6.1.2 (/opt/ros/humble/share/rmw_implementation_cmake/cmake)
[0.938s] -- Found rmw_fastrtps_cpp: 6.2.7 (/opt/ros/humble/share/rmw_fastrtps_cpp/cmake)
[1.149s] -- Using RMW implementation 'rmw_fastrtps_cpp' as default
[1.242s] -- Found sensor_msgs: 4.2.4 (/opt/ros/humble/share/sensor_msgs/cmake)
[1.274s] -- Found tf2: 0.25.7 (/opt/ros/humble/share/tf2/cmake)
[1.280s] -- Found tf2_msgs: 0.25.7 (/opt/ros/humble/share/tf2_msgs/cmake)
[1.354s] -- Found turtlebot3_msgs: 2.2.3 (/opt/ros/humble/share/turtlebot3_msgs/cmake)
[1.514s] -- Configuring done
[1.537s] -- Generating done
[1.540s] -- Build files have been written to: /ros2_ws/build/turtlebot3_fake_node
[1.553s] Invoked command in '/ros2_ws/build/turtlebot3_fake_node' returned '0': CMAKE_PREFIX_PATH=${CMAKE_PREFIX_PATH}:/opt/ros/humble /usr/bin/cmake /ros2_ws/src/turtlebot3_simulations/turtlebot3_fake_node -DCMAKE_INSTALL_PREFIX=/ros2_ws/install/turtlebot3_fake_node
[1.596s] Invoking command in '/ros2_ws/build/turtlebot3_fake_node': CMAKE_PREFIX_PATH=${CMAKE_PREFIX_PATH}:/opt/ros/humble /usr/bin/cmake --build /ros2_ws/build/turtlebot3_fake_node -- -j12 -l12
[1.730s] [ 50%] [32mBuilding CXX object CMakeFiles/turtlebot3_fake_node.dir/src/turtlebot3_fake_node.cpp.o[0m
[11.051s] [100%] [32m[1mLinking CXX executable turtlebot3_fake_node[0m
[11.571s] [100%] Built target turtlebot3_fake_node
