[0.000000] (-) TimerEvent: {}
[0.000105] (-) JobUnselected: {'identifier': 'ackermann_steering_controller'}
[0.000157] (-) JobUnselected: {'identifier': 'admittance_controller'}
[0.000190] (-) JobUnselected: {'identifier': 'articubot_one'}
[0.000208] (-) JobUnselected: {'identifier': 'bicycle_steering_controller'}
[0.000222] (-) JobUnselected: {'identifier': 'control_msgs'}
[0.000247] (-) JobUnselected: {'identifier': 'controller_interface'}
[0.000264] (-) JobUnselected: {'identifier': 'controller_manager'}
[0.000280] (-) JobUnselected: {'identifier': 'controller_manager_msgs'}
[0.000295] (-) JobUnselected: {'identifier': 'diff_drive_controller'}
[0.000310] (-) JobUnselected: {'identifier': 'effort_controllers'}
[0.000419] (-) JobUnselected: {'identifier': 'force_torque_sensor_broadcaster'}
[0.000542] (-) JobUnselected: {'identifier': 'forward_command_controller'}
[0.000562] (-) JobUnselected: {'identifier': 'gazebo_ros2_control'}
[0.000598] (-) JobUnselected: {'identifier': 'gazebo_ros2_control_demos'}
[0.000613] (-) JobUnselected: {'identifier': 'gripper_controllers'}
[0.000626] (-) JobUnselected: {'identifier': 'gz_ros2_control_tests'}
[0.000640] (-) JobUnselected: {'identifier': 'hardware_interface'}
[0.000653] (-) JobUnselected: {'identifier': 'hardware_interface_testing'}
[0.000666] (-) JobUnselected: {'identifier': 'husky_base'}
[0.000680] (-) JobUnselected: {'identifier': 'husky_bringup'}
[0.000693] (-) JobUnselected: {'identifier': 'husky_control'}
[0.000706] (-) JobUnselected: {'identifier': 'husky_description'}
[0.000719] (-) JobUnselected: {'identifier': 'husky_desktop'}
[0.000732] (-) JobUnselected: {'identifier': 'husky_gazebo'}
[0.000745] (-) JobUnselected: {'identifier': 'husky_msgs'}
[0.000758] (-) JobUnselected: {'identifier': 'husky_robot'}
[0.000771] (-) JobUnselected: {'identifier': 'husky_simulator'}
[0.000783] (-) JobUnselected: {'identifier': 'husky_viz'}
[0.000796] (-) JobUnselected: {'identifier': 'ign_ros2_control'}
[0.000809] (-) JobUnselected: {'identifier': 'ign_ros2_control_demos'}
[0.000822] (-) JobUnselected: {'identifier': 'imu_sensor_broadcaster'}
[0.000835] (-) JobUnselected: {'identifier': 'joint_limits'}
[0.000848] (-) JobUnselected: {'identifier': 'joint_state_broadcaster'}
[0.000860] (-) JobUnselected: {'identifier': 'joint_trajectory_controller'}
[0.000873] (-) JobUnselected: {'identifier': 'mapviz_plugins'}
[0.000886] (-) JobUnselected: {'identifier': 'pid_controller'}
[0.000899] (-) JobUnselected: {'identifier': 'pose_broadcaster'}
[0.000911] (-) JobUnselected: {'identifier': 'position_controllers'}
[0.000924] (-) JobUnselected: {'identifier': 'range_sensor_broadcaster'}
[0.000937] (-) JobUnselected: {'identifier': 'realtime_tools'}
[0.000950] (-) JobUnselected: {'identifier': 'robo_base'}
[0.000962] (-) JobUnselected: {'identifier': 'ros2_control'}
[0.000975] (-) JobUnselected: {'identifier': 'ros2_control_demo_description'}
[0.000988] (-) JobUnselected: {'identifier': 'ros2_control_demo_example_1'}
[0.001001] (-) JobUnselected: {'identifier': 'ros2_control_demo_example_10'}
[0.001014] (-) JobUnselected: {'identifier': 'ros2_control_demo_example_11'}
[0.001026] (-) JobUnselected: {'identifier': 'ros2_control_demo_example_12'}
[0.001039] (-) JobUnselected: {'identifier': 'ros2_control_demo_example_13'}
[0.001052] (-) JobUnselected: {'identifier': 'ros2_control_demo_example_14'}
[0.001065] (-) JobUnselected: {'identifier': 'ros2_control_demo_example_15'}
[0.001077] (-) JobUnselected: {'identifier': 'ros2_control_demo_example_2'}
[0.001090] (-) JobUnselected: {'identifier': 'ros2_control_demo_example_3'}
[0.001103] (-) JobUnselected: {'identifier': 'ros2_control_demo_example_4'}
[0.001116] (-) JobUnselected: {'identifier': 'ros2_control_demo_example_5'}
[0.001129] (-) JobUnselected: {'identifier': 'ros2_control_demo_example_6'}
[0.001151] (-) JobUnselected: {'identifier': 'ros2_control_demo_example_7'}
[0.001167] (-) JobUnselected: {'identifier': 'ros2_control_demo_example_8'}
[0.001180] (-) JobUnselected: {'identifier': 'ros2_control_demo_example_9'}
[0.001193] (-) JobUnselected: {'identifier': 'ros2_control_demo_testing'}
[0.001216] (-) JobUnselected: {'identifier': 'ros2_control_demos'}
[0.001230] (-) JobUnselected: {'identifier': 'ros2_control_test_assets'}
[0.001243] (-) JobUnselected: {'identifier': 'ros2_controllers'}
[0.001256] (-) JobUnselected: {'identifier': 'ros2_controllers_test_nodes'}
[0.001269] (-) JobUnselected: {'identifier': 'ros2controlcli'}
[0.001282] (-) JobUnselected: {'identifier': 'rqt_controller_manager'}
[0.001295] (-) JobUnselected: {'identifier': 'rqt_joint_trajectory_controller'}
[0.001309] (-) JobUnselected: {'identifier': 'rtcm_msgs'}
[0.001322] (-) JobUnselected: {'identifier': 'steering_controllers_library'}
[0.001335] (-) JobUnselected: {'identifier': 'tile_map'}
[0.001348] (-) JobUnselected: {'identifier': 'transmission_interface'}
[0.001361] (-) JobUnselected: {'identifier': 'tricycle_controller'}
[0.001374] (-) JobUnselected: {'identifier': 'tricycle_steering_controller'}
[0.001387] (-) JobUnselected: {'identifier': 'turtlebot3_fake_node'}
[0.001400] (-) JobUnselected: {'identifier': 'turtlebot3_gazebo'}
[0.001413] (-) JobUnselected: {'identifier': 'turtlebot3_simulations'}
[0.001426] (-) JobUnselected: {'identifier': 'velocity_controllers'}
[0.001438] (-) JobUnselected: {'identifier': 'wetexplorer_control'}
[0.001459] (-) JobUnselected: {'identifier': 'wetexplorer_description'}
[0.001472] (-) JobUnselected: {'identifier': 'wetexplorer_gazebo'}
[0.001485] (-) JobUnselected: {'identifier': 'wetexplorer_hardware'}
[0.001498] (-) JobUnselected: {'identifier': 'wetexplorer_navigation'}
[0.001512] (-) EventReactorShutdown: {}
