[0.038s] Invoking command in '/ros2_ws/build/wetexplorer_gazebo': /usr/bin/cmake /ros2_ws/src/wetexplorer/wetexplorer_gazebo -DCATKIN_INSTALL_INTO_PREFIX_ROOT=0 -DCMAKE_INSTALL_PREFIX=/ros2_ws/install/wetexplorer_gazebo
[0.549s] -- The C compiler identification is GNU 11.4.0
[0.549s] -- The CXX compiler identification is GNU 11.4.0
[0.549s] -- Detecting C compiler ABI info
[0.549s] -- Detecting C compiler ABI info - done
[0.549s] -- Check for working C compiler: /usr/bin/cc - skipped
[0.550s] -- Detecting C compile features
[0.550s] -- Detecting C compile features - done
[0.550s] -- Detecting CXX compiler ABI info
[0.550s] -- Detecting CXX compiler ABI info - done
[0.550s] -- Check for working CXX compiler: /usr/bin/c++ - skipped
[0.550s] -- Detecting CXX compile features
[0.550s] -- Detecting CXX compile features - done
[0.567s] [31mCMake Error at CMakeLists.txt:10 (find_package):
[0.567s]   By not providing "Findcatkin.cmake" in CMAKE_MODULE_PATH this project has
[0.567s]   asked CMake to find a package configuration file provided by "catkin", but
[0.567s]   CMake did not find one.
[0.568s] 
[0.568s]   Could not find a package configuration file provided by "catkin" with any
[0.574s]   of the following names:
[0.575s] 
[0.575s]     catkinConfig.cmake
[0.576s]     catkin-config.cmake
[0.576s] 
[0.576s]   Add the installation prefix of "catkin" to CMAKE_PREFIX_PATH or set
[0.577s]   "catkin_DIR" to a directory containing one of the above files.  If "catkin"
[0.577s]   provides a separate development package or SDK, be sure it has been
[0.577s]   installed.
[0.577s] 
[0.577s] [0m
[0.577s] -- Configuring incomplete, errors occurred!
[0.577s] See also "/ros2_ws/build/wetexplorer_gazebo/CMakeFiles/CMakeOutput.log".
[0.595s] Invoked command in '/ros2_ws/build/wetexplorer_gazebo' returned '1': /usr/bin/cmake /ros2_ws/src/wetexplorer/wetexplorer_gazebo -DCATKIN_INSTALL_INTO_PREFIX_ROOT=0 -DCMAKE_INSTALL_PREFIX=/ros2_ws/install/wetexplorer_gazebo
