[0.044s] Invoking command in '/ros2_ws/build/robo_base': /usr/bin/cmake /ros2_ws/src/robo_base/robo_base -DCATKIN_INSTALL_INTO_PREFIX_ROOT=0 -DCMAKE_INSTALL_PREFIX=/ros2_ws/install/robo_base
[0.066s] [0mCMake Deprecation Warning at CMakeLists.txt:1 (cmake_minimum_required):
[0.066s]   Compatibility with CMake < 2.8.12 will be removed from a future version of
[0.066s]   CMake.
[0.067s] 
[0.067s]   Update the VERSION argument <min> value or use a ...<max> suffix to tell
[0.067s]   CMake that the project does not need compatibility with older versions.
[0.068s] 
[0.068s] [0m
[0.141s] -- The C compiler identification is GNU 11.4.0
[0.238s] -- The CXX compiler identification is GNU 11.4.0
[0.252s] -- Detecting C compiler ABI info
[0.360s] -- Detecting C compiler ABI info - done
[0.381s] -- Check for working C compiler: /usr/bin/cc - skipped
[0.381s] -- Detecting C compile features
[0.382s] -- Detecting C compile features - done
[0.388s] -- Detecting CXX compiler ABI info
[0.531s] -- Detecting CXX compiler ABI info - done
[0.556s] -- Check for working CXX compiler: /usr/bin/c++ - skipped
[0.561s] -- Detecting CXX compile features
[0.561s] -- Detecting CXX compile features - done
[0.583s] [31mCMake Error at CMakeLists.txt:7 (find_package):
[0.584s]   By not providing "Findcatkin.cmake" in CMAKE_MODULE_PATH this project has
[0.584s]   asked CMake to find a package configuration file provided by "catkin", but
[0.584s]   CMake did not find one.
[0.584s] 
[0.584s]   Could not find a package configuration file provided by "catkin" with any
[0.584s]   of the following names:
[0.584s] 
[0.584s]     catkinConfig.cmake
[0.584s]     catkin-config.cmake
[0.584s] 
[0.584s]   Add the installation prefix of "catkin" to CMAKE_PREFIX_PATH or set
[0.584s]   "catkin_DIR" to a directory containing one of the above files.  If "catkin"
[0.585s]   provides a separate development package or SDK, be sure it has been
[0.585s]   installed.
[0.586s] 
[0.586s] [0m
[0.587s] -- Configuring incomplete, errors occurred!
[0.587s] See also "/ros2_ws/build/robo_base/CMakeFiles/CMakeOutput.log".
[0.610s] Invoked command in '/ros2_ws/build/robo_base' returned '1': /usr/bin/cmake /ros2_ws/src/robo_base/robo_base -DCATKIN_INSTALL_INTO_PREFIX_ROOT=0 -DCMAKE_INSTALL_PREFIX=/ros2_ws/install/robo_base
