[0.012s] Invoking command in '/ros2_ws/build/wetexplorer_description': CMAKE_PREFIX_PATH=${CMAKE_PREFIX_PATH}:/opt/ros/humble /usr/bin/cmake --build /ros2_ws/build/wetexplorer_description -- -j12 -l12
[0.047s] Invoked command in '/ros2_ws/build/wetexplorer_description' returned '0': CMAKE_PREFIX_PATH=${CMAKE_PREFIX_PATH}:/opt/ros/humble /usr/bin/cmake --build /ros2_ws/build/wetexplorer_description -- -j12 -l12
[0.076s] Invoking command in '/ros2_ws/build/wetexplorer_description': CMAKE_PREFIX_PATH=${CMAKE_PREFIX_PATH}:/opt/ros/humble /usr/bin/cmake --install /ros2_ws/build/wetexplorer_description
[0.083s] -- Install configuration: ""
[0.083s] -- Execute custom install script
[0.084s] -- Up-to-date symlink: /ros2_ws/install/wetexplorer_description/share/wetexplorer_description/launch/description.launch.py
[0.084s] -- Up-to-date symlink: /ros2_ws/install/wetexplorer_description/share/wetexplorer_description/launch/rsp.launch.py
[0.084s] -- Up-to-date symlink: /ros2_ws/install/wetexplorer_description/share/wetexplorer_description/launch/view.launch
[0.085s] -- Up-to-date symlink: /ros2_ws/install/wetexplorer_description/share/wetexplorer_description/meshes/WETExplorer/TCP.STL
[0.085s] -- Up-to-date symlink: /ros2_ws/install/wetexplorer_description/share/wetexplorer_description/meshes/WETExplorer/base_link.STL
[0.085s] -- Up-to-date symlink: /ros2_ws/install/wetexplorer_description/share/wetexplorer_description/meshes/WETExplorer/central_frame_link.STL
[0.085s] -- Up-to-date symlink: /ros2_ws/install/wetexplorer_description/share/wetexplorer_description/meshes/WETExplorer/chamber_holder_link.STL
[0.085s] -- Up-to-date symlink: /ros2_ws/install/wetexplorer_description/share/wetexplorer_description/meshes/WETExplorer/chamber_link.STL
[0.085s] -- Up-to-date symlink: /ros2_ws/install/wetexplorer_description/share/wetexplorer_description/meshes/WETExplorer/chassis.STL
[0.085s] -- Up-to-date symlink: /ros2_ws/install/wetexplorer_description/share/wetexplorer_description/meshes/WETExplorer/coupling_link.STL
[0.085s] -- Up-to-date symlink: /ros2_ws/install/wetexplorer_description/share/wetexplorer_description/meshes/WETExplorer/gas_analyzer_link.STL
[0.086s] -- Up-to-date symlink: /ros2_ws/install/wetexplorer_description/share/wetexplorer_description/meshes/WETExplorer/gas_analyzer_support_link.STL
[0.086s] -- Up-to-date symlink: /ros2_ws/install/wetexplorer_description/share/wetexplorer_description/meshes/WETExplorer/gps_frame_link.STL
[0.086s] -- Up-to-date symlink: /ros2_ws/install/wetexplorer_description/share/wetexplorer_description/meshes/WETExplorer/gps_link.STL
[0.086s] -- Up-to-date symlink: /ros2_ws/install/wetexplorer_description/share/wetexplorer_description/meshes/WETExplorer/imu_link.STL
[0.086s] -- Up-to-date symlink: /ros2_ws/install/wetexplorer_description/share/wetexplorer_description/meshes/WETExplorer/linear_actuator_link.STL
[0.086s] -- Up-to-date symlink: /ros2_ws/install/wetexplorer_description/share/wetexplorer_description/meshes/WETExplorer/linear_actuator_support_link.STL
[0.086s] -- Up-to-date symlink: /ros2_ws/install/wetexplorer_description/share/wetexplorer_description/meshes/WETExplorer/power_pulley_left_link.STL
[0.086s] -- Up-to-date symlink: /ros2_ws/install/wetexplorer_description/share/wetexplorer_description/meshes/WETExplorer/power_pulley_right_link.STL
[0.086s] -- Up-to-date symlink: /ros2_ws/install/wetexplorer_description/share/wetexplorer_description/meshes/WETExplorer/prismatic_link.STL
[0.086s] -- Up-to-date symlink: /ros2_ws/install/wetexplorer_description/share/wetexplorer_description/meshes/WETExplorer/pulley_support_left_link.STL
[0.087s] -- Up-to-date symlink: /ros2_ws/install/wetexplorer_description/share/wetexplorer_description/meshes/WETExplorer/pulley_support_right_link.STL
[0.087s] -- Up-to-date symlink: /ros2_ws/install/wetexplorer_description/share/wetexplorer_description/meshes/WETExplorer/pulleys_left_link.STL
[0.087s] -- Up-to-date symlink: /ros2_ws/install/wetexplorer_description/share/wetexplorer_description/meshes/WETExplorer/pulleys_right_link.STL
[0.087s] -- Up-to-date symlink: /ros2_ws/install/wetexplorer_description/share/wetexplorer_description/meshes/WETExplorer/track_left_link.STL
[0.087s] -- Up-to-date symlink: /ros2_ws/install/wetexplorer_description/share/wetexplorer_description/meshes/WETExplorer/track_right_link.STL
[0.087s] -- Up-to-date symlink: /ros2_ws/install/wetexplorer_description/share/wetexplorer_description/meshes/base_link.STL
[0.087s] -- Up-to-date symlink: /ros2_ws/install/wetexplorer_description/share/wetexplorer_description/meshes/chassis.STL
[0.087s] -- Up-to-date symlink: /ros2_ws/install/wetexplorer_description/share/wetexplorer_description/meshes/collision_chassis.STL
[0.087s] -- Up-to-date symlink: /ros2_ws/install/wetexplorer_description/share/wetexplorer_description/meshes/extra/aluminium_frame_link.STL
[0.088s] -- Up-to-date symlink: /ros2_ws/install/wetexplorer_description/share/wetexplorer_description/meshes/extra/chamber_link.STL
[0.088s] -- Up-to-date symlink: /ros2_ws/install/wetexplorer_description/share/wetexplorer_description/meshes/extra/chamber_original.STL
[0.088s] -- Up-to-date symlink: /ros2_ws/install/wetexplorer_description/share/wetexplorer_description/meshes/extra/gas_analyzer_link.STL
[0.088s] -- Up-to-date symlink: /ros2_ws/install/wetexplorer_description/share/wetexplorer_description/meshes/extra/gps_link.STL
[0.088s] -- Up-to-date symlink: /ros2_ws/install/wetexplorer_description/share/wetexplorer_description/meshes/extra/gps_link_2.STL
[0.088s] -- Up-to-date symlink: /ros2_ws/install/wetexplorer_description/share/wetexplorer_description/meshes/extra/imu_link.STL
[0.088s] -- Up-to-date symlink: /ros2_ws/install/wetexplorer_description/share/wetexplorer_description/meshes/extra/linear_actuator_link.STL
[0.088s] -- Up-to-date symlink: /ros2_ws/install/wetexplorer_description/share/wetexplorer_description/meshes/power_pulley_left_link.STL
[0.088s] -- Up-to-date symlink: /ros2_ws/install/wetexplorer_description/share/wetexplorer_description/meshes/power_pulley_right_link.STL
[0.088s] -- Up-to-date symlink: /ros2_ws/install/wetexplorer_description/share/wetexplorer_description/meshes/pulley_support_left_link.STL
[0.088s] -- Up-to-date symlink: /ros2_ws/install/wetexplorer_description/share/wetexplorer_description/meshes/pulley_support_right_link.STL
[0.089s] -- Up-to-date symlink: /ros2_ws/install/wetexplorer_description/share/wetexplorer_description/meshes/pulleys_left_link.STL
[0.089s] -- Up-to-date symlink: /ros2_ws/install/wetexplorer_description/share/wetexplorer_description/meshes/pulleys_right_link.STL
[0.089s] -- Up-to-date symlink: /ros2_ws/install/wetexplorer_description/share/wetexplorer_description/meshes/track_left_link.STL
[0.089s] -- Up-to-date symlink: /ros2_ws/install/wetexplorer_description/share/wetexplorer_description/meshes/track_right_link.STL
[0.089s] -- Up-to-date symlink: /ros2_ws/install/wetexplorer_description/share/wetexplorer_description/urdf/Robot_System.xacro
[0.089s] -- Up-to-date symlink: /ros2_ws/install/wetexplorer_description/share/wetexplorer_description/urdf/WETExplorer_chassis.xacro
[0.089s] -- Up-to-date symlink: /ros2_ws/install/wetexplorer_description/share/wetexplorer_description/urdf/aluminium_frame.xacro
[0.090s] -- Up-to-date symlink: /ros2_ws/install/wetexplorer_description/share/wetexplorer_description/urdf/central_frame.xacro
[0.090s] -- Up-to-date symlink: /ros2_ws/install/wetexplorer_description/share/wetexplorer_description/urdf/chamber.xacro
[0.090s] -- Up-to-date symlink: /ros2_ws/install/wetexplorer_description/share/wetexplorer_description/urdf/chamber_2xacro
[0.090s] -- Up-to-date symlink: /ros2_ws/install/wetexplorer_description/share/wetexplorer_description/urdf/cylinder_inertia.xacro
[0.090s] -- Up-to-date symlink: /ros2_ws/install/wetexplorer_description/share/wetexplorer_description/urdf/front_wheel.xacro
[0.090s] -- Up-to-date symlink: /ros2_ws/install/wetexplorer_description/share/wetexplorer_description/urdf/gas_analyzer.xacro
[0.090s] -- Up-to-date symlink: /ros2_ws/install/wetexplorer_description/share/wetexplorer_description/urdf/gps.xacro
[0.090s] -- Up-to-date symlink: /ros2_ws/install/wetexplorer_description/share/wetexplorer_description/urdf/imu.xacro
[0.091s] -- Up-to-date symlink: /ros2_ws/install/wetexplorer_description/share/wetexplorer_description/urdf/linear_actuator.xacro
[0.091s] -- Up-to-date symlink: /ros2_ws/install/wetexplorer_description/share/wetexplorer_description/urdf/rear_wheel.xacro
[0.091s] -- Up-to-date symlink: /ros2_ws/install/wetexplorer_description/share/ament_index/resource_index/package_run_dependencies/wetexplorer_description
[0.091s] -- Up-to-date symlink: /ros2_ws/install/wetexplorer_description/share/ament_index/resource_index/parent_prefix_path/wetexplorer_description
[0.091s] -- Up-to-date symlink: /ros2_ws/install/wetexplorer_description/share/wetexplorer_description/environment/ament_prefix_path.sh
[0.091s] -- Up-to-date symlink: /ros2_ws/install/wetexplorer_description/share/wetexplorer_description/environment/ament_prefix_path.dsv
[0.091s] -- Up-to-date symlink: /ros2_ws/install/wetexplorer_description/share/wetexplorer_description/environment/path.sh
[0.092s] -- Up-to-date symlink: /ros2_ws/install/wetexplorer_description/share/wetexplorer_description/environment/path.dsv
[0.092s] -- Up-to-date symlink: /ros2_ws/install/wetexplorer_description/share/wetexplorer_description/local_setup.bash
[0.092s] -- Up-to-date symlink: /ros2_ws/install/wetexplorer_description/share/wetexplorer_description/local_setup.sh
[0.092s] -- Up-to-date symlink: /ros2_ws/install/wetexplorer_description/share/wetexplorer_description/local_setup.zsh
[0.092s] -- Up-to-date symlink: /ros2_ws/install/wetexplorer_description/share/wetexplorer_description/local_setup.dsv
[0.092s] -- Symlinking: /ros2_ws/install/wetexplorer_description/share/wetexplorer_description/package.dsv
[0.101s] -- Up-to-date symlink: /ros2_ws/install/wetexplorer_description/share/ament_index/resource_index/packages/wetexplorer_description
[0.101s] -- Up-to-date symlink: /ros2_ws/install/wetexplorer_description/share/wetexplorer_description/cmake/ament_cmake_export_dependencies-extras.cmake
[0.101s] -- Up-to-date symlink: /ros2_ws/install/wetexplorer_description/share/wetexplorer_description/cmake/wetexplorer_descriptionConfig.cmake
[0.101s] -- Up-to-date symlink: /ros2_ws/install/wetexplorer_description/share/wetexplorer_description/cmake/wetexplorer_descriptionConfig-version.cmake
[0.101s] -- Up-to-date symlink: /ros2_ws/install/wetexplorer_description/share/wetexplorer_description/package.xml
[0.103s] Invoked command in '/ros2_ws/build/wetexplorer_description' returned '0': CMAKE_PREFIX_PATH=${CMAKE_PREFIX_PATH}:/opt/ros/humble /usr/bin/cmake --install /ros2_ws/build/wetexplorer_description
