[0.021s] Invoking command in '/ros2_ws/build/wetexplorer_description': CMAKE_PREFIX_PATH=/opt/ros/humble:${CMAKE_PREFIX_PATH} /usr/bin/cmake --build /ros2_ws/build/wetexplorer_description -- -j12 -l12
[0.063s] -- Found ament_cmake: 1.3.10 (/opt/ros/humble/share/ament_cmake/cmake)
[0.255s] -- Override CMake install command with custom implementation using symlinks instead of copying resources
[0.271s] -- Found urdf: 2.6.1 (/opt/ros/humble/share/urdf/cmake)
[0.463s] -- Configuring done
[0.468s] -- Generating done
[0.470s] -- Build files have been written to: /ros2_ws/build/wetexplorer_description
[0.507s] Invoked command in '/ros2_ws/build/wetexplorer_description' returned '0': CMAKE_PREFIX_PATH=/opt/ros/humble:${CMAKE_PREFIX_PATH} /usr/bin/cmake --build /ros2_ws/build/wetexplorer_description -- -j12 -l12
[0.562s] Invoking command in '/ros2_ws/build/wetexplorer_description': CMAKE_PREFIX_PATH=/opt/ros/humble:${CMAKE_PREFIX_PATH} /usr/bin/cmake --install /ros2_ws/build/wetexplorer_description
[0.574s] -- Install configuration: ""
[0.575s] -- Execute custom install script
[0.576s] -- Up-to-date symlink: /ros2_ws/install/wetexplorer_description/share/wetexplorer_description/launch/description.launch.py
[0.576s] -- Up-to-date symlink: /ros2_ws/install/wetexplorer_description/share/wetexplorer_description/launch/rsp.launch.py
[0.576s] -- Up-to-date symlink: /ros2_ws/install/wetexplorer_description/share/wetexplorer_description/launch/view.launch
[0.577s] -- Up-to-date symlink: /ros2_ws/install/wetexplorer_description/share/wetexplorer_description/meshes/WETExplorer/TCP.STL
[0.578s] -- Up-to-date symlink: /ros2_ws/install/wetexplorer_description/share/wetexplorer_description/meshes/WETExplorer/base_link.STL
[0.578s] -- Up-to-date symlink: /ros2_ws/install/wetexplorer_description/share/wetexplorer_description/meshes/WETExplorer/central_frame_link.STL
[0.578s] -- Up-to-date symlink: /ros2_ws/install/wetexplorer_description/share/wetexplorer_description/meshes/WETExplorer/chamber_holder_link.STL
[0.578s] -- Up-to-date symlink: /ros2_ws/install/wetexplorer_description/share/wetexplorer_description/meshes/WETExplorer/chamber_link.STL
[0.579s] -- Up-to-date symlink: /ros2_ws/install/wetexplorer_description/share/wetexplorer_description/meshes/WETExplorer/chassis.STL
[0.579s] -- Up-to-date symlink: /ros2_ws/install/wetexplorer_description/share/wetexplorer_description/meshes/WETExplorer/coupling_link.STL
[0.579s] -- Up-to-date symlink: /ros2_ws/install/wetexplorer_description/share/wetexplorer_description/meshes/WETExplorer/gas_analyzer_link.STL
[0.579s] -- Up-to-date symlink: /ros2_ws/install/wetexplorer_description/share/wetexplorer_description/meshes/WETExplorer/gas_analyzer_support_link.STL
[0.579s] -- Up-to-date symlink: /ros2_ws/install/wetexplorer_description/share/wetexplorer_description/meshes/WETExplorer/gps_frame_link.STL
[0.579s] -- Up-to-date symlink: /ros2_ws/install/wetexplorer_description/share/wetexplorer_description/meshes/WETExplorer/gps_link.STL
[0.580s] -- Up-to-date symlink: /ros2_ws/install/wetexplorer_description/share/wetexplorer_description/meshes/WETExplorer/imu_link.STL
[0.580s] -- Up-to-date symlink: /ros2_ws/install/wetexplorer_description/share/wetexplorer_description/meshes/WETExplorer/linear_actuator_link.STL
[0.580s] -- Up-to-date symlink: /ros2_ws/install/wetexplorer_description/share/wetexplorer_description/meshes/WETExplorer/linear_actuator_support_link.STL
[0.580s] -- Up-to-date symlink: /ros2_ws/install/wetexplorer_description/share/wetexplorer_description/meshes/WETExplorer/power_pulley_left_link.STL
[0.580s] -- Up-to-date symlink: /ros2_ws/install/wetexplorer_description/share/wetexplorer_description/meshes/WETExplorer/power_pulley_right_link.STL
[0.581s] -- Up-to-date symlink: /ros2_ws/install/wetexplorer_description/share/wetexplorer_description/meshes/WETExplorer/prismatic_link.STL
[0.581s] -- Up-to-date symlink: /ros2_ws/install/wetexplorer_description/share/wetexplorer_description/meshes/WETExplorer/pulley_support_left_link.STL
[0.581s] -- Up-to-date symlink: /ros2_ws/install/wetexplorer_description/share/wetexplorer_description/meshes/WETExplorer/pulley_support_right_link.STL
[0.581s] -- Up-to-date symlink: /ros2_ws/install/wetexplorer_description/share/wetexplorer_description/meshes/WETExplorer/pulleys_left_link.STL
[0.581s] -- Up-to-date symlink: /ros2_ws/install/wetexplorer_description/share/wetexplorer_description/meshes/WETExplorer/pulleys_right_link.STL
[0.581s] -- Up-to-date symlink: /ros2_ws/install/wetexplorer_description/share/wetexplorer_description/meshes/WETExplorer/track_left_link.STL
[0.582s] -- Up-to-date symlink: /ros2_ws/install/wetexplorer_description/share/wetexplorer_description/meshes/WETExplorer/track_right_link.STL
[0.582s] -- Up-to-date symlink: /ros2_ws/install/wetexplorer_description/share/wetexplorer_description/meshes/aluminium_frame_link.STL
[0.582s] -- Up-to-date symlink: /ros2_ws/install/wetexplorer_description/share/wetexplorer_description/meshes/base_link.STL
[0.582s] -- Up-to-date symlink: /ros2_ws/install/wetexplorer_description/share/wetexplorer_description/meshes/chassis.STL
[0.582s] -- Up-to-date symlink: /ros2_ws/install/wetexplorer_description/share/wetexplorer_description/meshes/collision_chassis.STL
[0.583s] -- Up-to-date symlink: /ros2_ws/install/wetexplorer_description/share/wetexplorer_description/meshes/extra/aluminium_frame_link.STL
[0.583s] -- Up-to-date symlink: /ros2_ws/install/wetexplorer_description/share/wetexplorer_description/meshes/extra/chamber_link.STL
[0.583s] -- Up-to-date symlink: /ros2_ws/install/wetexplorer_description/share/wetexplorer_description/meshes/extra/chamber_original.STL
[0.583s] -- Up-to-date symlink: /ros2_ws/install/wetexplorer_description/share/wetexplorer_description/meshes/extra/gas_analyzer_link.STL
[0.584s] -- Up-to-date symlink: /ros2_ws/install/wetexplorer_description/share/wetexplorer_description/meshes/extra/gps_link.STL
[0.584s] -- Up-to-date symlink: /ros2_ws/install/wetexplorer_description/share/wetexplorer_description/meshes/extra/gps_link_2.STL
[0.584s] -- Up-to-date symlink: /ros2_ws/install/wetexplorer_description/share/wetexplorer_description/meshes/extra/imu_link.STL
[0.584s] -- Up-to-date symlink: /ros2_ws/install/wetexplorer_description/share/wetexplorer_description/meshes/extra/linear_actuator_link.STL
[0.585s] -- Up-to-date symlink: /ros2_ws/install/wetexplorer_description/share/wetexplorer_description/meshes/power_pulley_left_link.STL
[0.585s] -- Up-to-date symlink: /ros2_ws/install/wetexplorer_description/share/wetexplorer_description/meshes/power_pulley_right_link.STL
[0.585s] -- Up-to-date symlink: /ros2_ws/install/wetexplorer_description/share/wetexplorer_description/meshes/pulley_support_left_link.STL
[0.585s] -- Up-to-date symlink: /ros2_ws/install/wetexplorer_description/share/wetexplorer_description/meshes/pulley_support_right_link.STL
[0.586s] -- Up-to-date symlink: /ros2_ws/install/wetexplorer_description/share/wetexplorer_description/meshes/pulleys_left_link.STL
[0.586s] -- Up-to-date symlink: /ros2_ws/install/wetexplorer_description/share/wetexplorer_description/meshes/pulleys_right_link.STL
[0.586s] -- Up-to-date symlink: /ros2_ws/install/wetexplorer_description/share/wetexplorer_description/meshes/track_left_link.STL
[0.586s] -- Up-to-date symlink: /ros2_ws/install/wetexplorer_description/share/wetexplorer_description/meshes/track_right_link.STL
[0.587s] -- Up-to-date symlink: /ros2_ws/install/wetexplorer_description/share/wetexplorer_description/urdf/Robot_System.xacro
[0.587s] -- Up-to-date symlink: /ros2_ws/install/wetexplorer_description/share/wetexplorer_description/urdf/WETExplorer_chassis.xacro
[0.588s] -- Up-to-date symlink: /ros2_ws/install/wetexplorer_description/share/wetexplorer_description/urdf/accesories/aluminium_frame.xacro
[0.588s] -- Up-to-date symlink: /ros2_ws/install/wetexplorer_description/share/wetexplorer_description/urdf/accesories/central_frame.xacro
[0.588s] -- Up-to-date symlink: /ros2_ws/install/wetexplorer_description/share/wetexplorer_description/urdf/accesories/chamber.xacro
[0.589s] -- Up-to-date symlink: /ros2_ws/install/wetexplorer_description/share/wetexplorer_description/urdf/accesories/gas_analyzer.xacro
[0.589s] -- Up-to-date symlink: /ros2_ws/install/wetexplorer_description/share/wetexplorer_description/urdf/accesories/gps.xacro
[0.589s] -- Up-to-date symlink: /ros2_ws/install/wetexplorer_description/share/wetexplorer_description/urdf/accesories/imu.xacro
[0.589s] -- Up-to-date symlink: /ros2_ws/install/wetexplorer_description/share/wetexplorer_description/urdf/accesories/linear_actuator.xacro
[0.589s] -- Up-to-date symlink: /ros2_ws/install/wetexplorer_description/share/wetexplorer_description/urdf/chassis.xacro
[0.589s] -- Up-to-date symlink: /ros2_ws/install/wetexplorer_description/share/wetexplorer_description/urdf/chassis_static.xacro
[0.589s] -- Up-to-date symlink: /ros2_ws/install/wetexplorer_description/share/wetexplorer_description/urdf/cylinder_inertia.xacro
[0.590s] -- Up-to-date symlink: /ros2_ws/install/wetexplorer_description/share/wetexplorer_description/urdf/wheels.xacro
[0.590s] -- Up-to-date symlink: /ros2_ws/install/wetexplorer_description/share/wetexplorer_description/urdf/wheels/front_wheel.xacro
[0.590s] -- Up-to-date symlink: /ros2_ws/install/wetexplorer_description/share/wetexplorer_description/urdf/wheels/pseudowheels.xacro
[0.590s] -- Up-to-date symlink: /ros2_ws/install/wetexplorer_description/share/wetexplorer_description/urdf/wheels/rear_wheel.xacro
[0.590s] -- Up-to-date symlink: /ros2_ws/install/wetexplorer_description/share/wetexplorer_description/urdf/wheels/tracks_static.xacro
[0.592s] -- Up-to-date symlink: /ros2_ws/install/wetexplorer_description/share/wetexplorer_description/meshes/WETExplorer/TCP.STL
[0.592s] -- Up-to-date symlink: /ros2_ws/install/wetexplorer_description/share/wetexplorer_description/meshes/WETExplorer/base_link.STL
[0.592s] -- Up-to-date symlink: /ros2_ws/install/wetexplorer_description/share/wetexplorer_description/meshes/WETExplorer/central_frame_link.STL
[0.592s] -- Up-to-date symlink: /ros2_ws/install/wetexplorer_description/share/wetexplorer_description/meshes/WETExplorer/chamber_holder_link.STL
[0.593s] -- Up-to-date symlink: /ros2_ws/install/wetexplorer_description/share/wetexplorer_description/meshes/WETExplorer/chamber_link.STL
[0.593s] -- Up-to-date symlink: /ros2_ws/install/wetexplorer_description/share/wetexplorer_description/meshes/WETExplorer/chassis.STL
[0.593s] -- Up-to-date symlink: /ros2_ws/install/wetexplorer_description/share/wetexplorer_description/meshes/WETExplorer/coupling_link.STL
[0.593s] -- Up-to-date symlink: /ros2_ws/install/wetexplorer_description/share/wetexplorer_description/meshes/WETExplorer/gas_analyzer_link.STL
[0.593s] -- Up-to-date symlink: /ros2_ws/install/wetexplorer_description/share/wetexplorer_description/meshes/WETExplorer/gas_analyzer_support_link.STL
[0.594s] -- Up-to-date symlink: /ros2_ws/install/wetexplorer_description/share/wetexplorer_description/meshes/WETExplorer/gps_frame_link.STL
[0.594s] -- Up-to-date symlink: /ros2_ws/install/wetexplorer_description/share/wetexplorer_description/meshes/WETExplorer/gps_link.STL
[0.594s] -- Up-to-date symlink: /ros2_ws/install/wetexplorer_description/share/wetexplorer_description/meshes/WETExplorer/imu_link.STL
[0.594s] -- Up-to-date symlink: /ros2_ws/install/wetexplorer_description/share/wetexplorer_description/meshes/WETExplorer/linear_actuator_link.STL
[0.595s] -- Up-to-date symlink: /ros2_ws/install/wetexplorer_description/share/wetexplorer_description/meshes/WETExplorer/linear_actuator_support_link.STL
[0.595s] -- Up-to-date symlink: /ros2_ws/install/wetexplorer_description/share/wetexplorer_description/meshes/WETExplorer/power_pulley_left_link.STL
[0.595s] -- Up-to-date symlink: /ros2_ws/install/wetexplorer_description/share/wetexplorer_description/meshes/WETExplorer/power_pulley_right_link.STL
[0.595s] -- Up-to-date symlink: /ros2_ws/install/wetexplorer_description/share/wetexplorer_description/meshes/WETExplorer/prismatic_link.STL
[0.595s] -- Up-to-date symlink: /ros2_ws/install/wetexplorer_description/share/wetexplorer_description/meshes/WETExplorer/pulley_support_left_link.STL
[0.596s] -- Up-to-date symlink: /ros2_ws/install/wetexplorer_description/share/wetexplorer_description/meshes/WETExplorer/pulley_support_right_link.STL
[0.596s] -- Up-to-date symlink: /ros2_ws/install/wetexplorer_description/share/wetexplorer_description/meshes/WETExplorer/pulleys_left_link.STL
[0.596s] -- Up-to-date symlink: /ros2_ws/install/wetexplorer_description/share/wetexplorer_description/meshes/WETExplorer/pulleys_right_link.STL
[0.596s] -- Up-to-date symlink: /ros2_ws/install/wetexplorer_description/share/wetexplorer_description/meshes/WETExplorer/track_left_link.STL
[0.596s] -- Up-to-date symlink: /ros2_ws/install/wetexplorer_description/share/wetexplorer_description/meshes/WETExplorer/track_right_link.STL
[0.596s] -- Up-to-date symlink: /ros2_ws/install/wetexplorer_description/share/wetexplorer_description/meshes/aluminium_frame_link.STL
[0.597s] -- Up-to-date symlink: /ros2_ws/install/wetexplorer_description/share/wetexplorer_description/meshes/base_link.STL
[0.597s] -- Up-to-date symlink: /ros2_ws/install/wetexplorer_description/share/wetexplorer_description/meshes/chassis.STL
[0.597s] -- Up-to-date symlink: /ros2_ws/install/wetexplorer_description/share/wetexplorer_description/meshes/collision_chassis.STL
[0.597s] -- Up-to-date symlink: /ros2_ws/install/wetexplorer_description/share/wetexplorer_description/meshes/extra/aluminium_frame_link.STL
[0.597s] -- Up-to-date symlink: /ros2_ws/install/wetexplorer_description/share/wetexplorer_description/meshes/extra/chamber_link.STL
[0.598s] -- Up-to-date symlink: /ros2_ws/install/wetexplorer_description/share/wetexplorer_description/meshes/extra/chamber_original.STL
[0.598s] -- Up-to-date symlink: /ros2_ws/install/wetexplorer_description/share/wetexplorer_description/meshes/extra/gas_analyzer_link.STL
[0.598s] -- Up-to-date symlink: /ros2_ws/install/wetexplorer_description/share/wetexplorer_description/meshes/extra/gps_link.STL
[0.599s] -- Up-to-date symlink: /ros2_ws/install/wetexplorer_description/share/wetexplorer_description/meshes/extra/gps_link_2.STL
[0.599s] -- Up-to-date symlink: /ros2_ws/install/wetexplorer_description/share/wetexplorer_description/meshes/extra/imu_link.STL
[0.599s] -- Up-to-date symlink: /ros2_ws/install/wetexplorer_description/share/wetexplorer_description/meshes/extra/linear_actuator_link.STL
[0.599s] -- Up-to-date symlink: /ros2_ws/install/wetexplorer_description/share/wetexplorer_description/meshes/power_pulley_left_link.STL
[0.599s] -- Up-to-date symlink: /ros2_ws/install/wetexplorer_description/share/wetexplorer_description/meshes/power_pulley_right_link.STL
[0.599s] -- Up-to-date symlink: /ros2_ws/install/wetexplorer_description/share/wetexplorer_description/meshes/pulley_support_left_link.STL
[0.599s] -- Up-to-date symlink: /ros2_ws/install/wetexplorer_description/share/wetexplorer_description/meshes/pulley_support_right_link.STL
[0.600s] -- Up-to-date symlink: /ros2_ws/install/wetexplorer_description/share/wetexplorer_description/meshes/pulleys_left_link.STL
[0.600s] -- Up-to-date symlink: /ros2_ws/install/wetexplorer_description/share/wetexplorer_description/meshes/pulleys_right_link.STL
[0.600s] -- Up-to-date symlink: /ros2_ws/install/wetexplorer_description/share/wetexplorer_description/meshes/track_left_link.STL
[0.600s] -- Up-to-date symlink: /ros2_ws/install/wetexplorer_description/share/wetexplorer_description/meshes/track_right_link.STL
[0.601s] -- Up-to-date symlink: /ros2_ws/install/wetexplorer_description/share/ament_index/resource_index/package_run_dependencies/wetexplorer_description
[0.601s] -- Up-to-date symlink: /ros2_ws/install/wetexplorer_description/share/ament_index/resource_index/parent_prefix_path/wetexplorer_description
[0.602s] -- Up-to-date symlink: /ros2_ws/install/wetexplorer_description/share/wetexplorer_description/environment/ament_prefix_path.sh
[0.602s] -- Up-to-date symlink: /ros2_ws/install/wetexplorer_description/share/wetexplorer_description/environment/ament_prefix_path.dsv
[0.602s] -- Up-to-date symlink: /ros2_ws/install/wetexplorer_description/share/wetexplorer_description/environment/path.sh
[0.603s] -- Up-to-date symlink: /ros2_ws/install/wetexplorer_description/share/wetexplorer_description/environment/path.dsv
[0.603s] -- Up-to-date symlink: /ros2_ws/install/wetexplorer_description/share/wetexplorer_description/local_setup.bash
[0.604s] -- Up-to-date symlink: /ros2_ws/install/wetexplorer_description/share/wetexplorer_description/local_setup.sh
[0.604s] -- Up-to-date symlink: /ros2_ws/install/wetexplorer_description/share/wetexplorer_description/local_setup.zsh
[0.604s] -- Up-to-date symlink: /ros2_ws/install/wetexplorer_description/share/wetexplorer_description/local_setup.dsv
[0.604s] -- Symlinking: /ros2_ws/install/wetexplorer_description/share/wetexplorer_description/package.dsv
[0.620s] -- Up-to-date symlink: /ros2_ws/install/wetexplorer_description/share/ament_index/resource_index/packages/wetexplorer_description
[0.620s] -- Up-to-date symlink: /ros2_ws/install/wetexplorer_description/share/wetexplorer_description/cmake/ament_cmake_export_dependencies-extras.cmake
[0.620s] -- Up-to-date symlink: /ros2_ws/install/wetexplorer_description/share/wetexplorer_description/cmake/wetexplorer_descriptionConfig.cmake
[0.621s] -- Up-to-date symlink: /ros2_ws/install/wetexplorer_description/share/wetexplorer_description/cmake/wetexplorer_descriptionConfig-version.cmake
[0.621s] -- Up-to-date symlink: /ros2_ws/install/wetexplorer_description/share/wetexplorer_description/package.xml
[0.624s] Invoked command in '/ros2_ws/build/wetexplorer_description' returned '0': CMAKE_PREFIX_PATH=/opt/ros/humble:${CMAKE_PREFIX_PATH} /usr/bin/cmake --install /ros2_ws/build/wetexplorer_description
