[0.053s] Invoking command in '/ros2_ws/build/realtime_tools': CMAKE_PREFIX_PATH=${CMAKE_PREFIX_PATH}:/opt/ros/humble /usr/bin/cmake /ros2_ws/src/realtime_tools -DCMAKE_INSTALL_PREFIX=/ros2_ws/install/realtime_tools
[0.422s] -- The CXX compiler identification is GNU 11.4.0
[0.422s] -- Detecting CXX compiler ABI info
[0.422s] -- Detecting CXX compiler ABI info - done
[0.423s] -- Check for working CXX compiler: /usr/bin/c++ - skipped
[0.423s] -- Detecting CXX compile features
[0.423s] -- Detecting CXX compile features - done
[0.423s] -- Found ament_cmake: 1.3.10 (/opt/ros/humble/share/ament_cmake/cmake)
[0.553s] -- Found Python3: /usr/bin/python3 (found version "3.10.12") found components: Interpreter 
[0.775s] -- Found rclcpp: 16.0.10 (/opt/ros/humble/share/rclcpp/cmake)
[0.908s] -- Found rosidl_generator_c: 3.1.5 (/opt/ros/humble/share/rosidl_generator_c/cmake)
[0.922s] -- Found rosidl_adapter: 3.1.5 (/opt/ros/humble/share/rosidl_adapter/cmake)
[0.944s] -- Found rosidl_generator_cpp: 3.1.5 (/opt/ros/humble/share/rosidl_generator_cpp/cmake)
[0.970s] -- Using all available rosidl_typesupport_c: rosidl_typesupport_fastrtps_c;rosidl_typesupport_introspection_c
[1.009s] -- Using all available rosidl_typesupport_cpp: rosidl_typesupport_fastrtps_cpp;rosidl_typesupport_introspection_cpp
[1.111s] -- Found rmw_implementation_cmake: 6.1.2 (/opt/ros/humble/share/rmw_implementation_cmake/cmake)
[1.117s] -- Found rmw_fastrtps_cpp: 6.2.7 (/opt/ros/humble/share/rmw_fastrtps_cpp/cmake)
[1.280s] -- Found OpenSSL: /usr/lib/x86_64-linux-gnu/libcrypto.so (found version "3.0.2")  
[1.330s] -- Found FastRTPS: /opt/ros/humble/include  
[1.400s] -- Using RMW implementation 'rmw_fastrtps_cpp' as default
[1.420s] -- Looking for C++ include pthread.h
[1.553s] -- Looking for C++ include pthread.h - found
[1.554s] -- Performing Test CMAKE_HAVE_LIBC_PTHREAD
[1.704s] -- Performing Test CMAKE_HAVE_LIBC_PTHREAD - Success
[1.709s] -- Found Threads: TRUE  
[1.836s] -- Found rclcpp_action: 16.0.10 (/opt/ros/humble/share/rclcpp_action/cmake)
[1.915s] -- Found ament_cmake_gmock: 1.3.10 (/opt/ros/humble/share/ament_cmake_gmock/cmake)
[1.918s] -- Found lifecycle_msgs: 1.2.1 (/opt/ros/humble/share/lifecycle_msgs/cmake)
[1.933s] -- Found rclcpp_lifecycle: 16.0.10 (/opt/ros/humble/share/rclcpp_lifecycle/cmake)
[1.955s] -- Found test_msgs: 1.2.1 (/opt/ros/humble/share/test_msgs/cmake)
[1.988s] -- Found gmock sources under '/opt/ros/humble/src/gmock_vendor': C++ tests using 'Google Mock' will be built
[2.048s] -- The C compiler identification is GNU 11.4.0
[2.059s] -- Detecting C compiler ABI info
[2.153s] -- Detecting C compiler ABI info - done
[2.168s] -- Check for working C compiler: /usr/bin/cc - skipped
[2.170s] -- Detecting C compile features
[2.170s] -- Detecting C compile features - done
[2.181s] -- Found ament_cmake_gtest: 1.3.10 (/opt/ros/humble/share/ament_cmake_gtest/cmake)
[2.184s] -- Found gtest sources under '/opt/ros/humble/src/gtest_vendor': C++ tests using 'Google Test' will be built
[2.300s] -- Configuring done
[2.386s] -- Generating done
[2.391s] -- Build files have been written to: /ros2_ws/build/realtime_tools
