[0.019s] Invoking command in '/ros2_ws/build/husky_msgs': CMAKE_PREFIX_PATH=${CMAKE_PREFIX_PATH}:/opt/ros/humble /usr/bin/cmake --build /ros2_ws/build/husky_msgs -- -j12 -l12
[0.098s] [  3%] [34m[1mGenerating C code for ROS interfaces[0m
[0.114s] [  6%] [34m[1mGenerating C++ code for ROS interfaces[0m
[0.129s] [  6%] Built target ament_cmake_python_copy_husky_msgs
[0.521s] running egg_info
[0.522s] creating husky_msgs.egg-info
[0.522s] writing husky_msgs.egg-info/PKG-INFO
[0.523s] writing dependency_links to husky_msgs.egg-info/dependency_links.txt
[0.523s] writing top-level names to husky_msgs.egg-info/top_level.txt
[0.523s] writing manifest file 'husky_msgs.egg-info/SOURCES.txt'
[0.528s] reading manifest file 'husky_msgs.egg-info/SOURCES.txt'
[0.529s] writing manifest file 'husky_msgs.egg-info/SOURCES.txt'
[0.572s] [  6%] Built target ament_cmake_python_build_husky_msgs_egg
[0.694s] [  6%] Built target husky_msgs__cpp
[0.714s] [ 12%] [34m[1mGenerating C++ type support for eProsima Fast-RTPS[0m
[0.714s] [ 12%] [34m[1mGenerating C++ type support dispatch for ROS interfaces[0m
[0.714s] [ 16%] [34m[1mGenerating C++ introspection for ROS interfaces[0m
[0.735s] [ 19%] [32mBuilding C object CMakeFiles/husky_msgs__rosidl_generator_c.dir/rosidl_generator_c/husky_msgs/msg/detail/husky_status__functions.c.o[0m
[0.860s] [ 22%] [32m[1mLinking C shared library libhusky_msgs__rosidl_generator_c.so[0m
[0.926s] [ 22%] Built target husky_msgs__rosidl_generator_c
[0.945s] [ 25%] [34m[1mGenerating C type support for eProsima Fast-RTPS[0m
[0.946s] [ 29%] [34m[1mGenerating C introspection for ROS interfaces[0m
[0.947s] [ 32%] [34m[1mGenerating C type support dispatch for ROS interfaces[0m
[1.332s] [ 35%] [32mBuilding CXX object CMakeFiles/husky_msgs__rosidl_typesupport_cpp.dir/rosidl_typesupport_cpp/husky_msgs/msg/husky_status__type_support.cpp.o[0m
[1.370s] [ 38%] [32mBuilding CXX object CMakeFiles/husky_msgs__rosidl_typesupport_introspection_cpp.dir/rosidl_typesupport_introspection_cpp/husky_msgs/msg/detail/husky_status__type_support.cpp.o[0m
[1.378s] [ 41%] [32mBuilding CXX object CMakeFiles/husky_msgs__rosidl_typesupport_fastrtps_cpp.dir/rosidl_typesupport_fastrtps_cpp/husky_msgs/msg/detail/dds_fastrtps/husky_status__type_support.cpp.o[0m
[1.610s] [ 45%] [32mBuilding C object CMakeFiles/husky_msgs__rosidl_typesupport_introspection_c.dir/rosidl_typesupport_introspection_c/husky_msgs/msg/detail/husky_status__type_support.c.o[0m
[1.681s] [ 48%] [32m[1mLinking C shared library libhusky_msgs__rosidl_typesupport_introspection_c.so[0m
[1.741s] [ 48%] Built target husky_msgs__rosidl_typesupport_introspection_c
[1.750s] [ 51%] [32mBuilding CXX object CMakeFiles/husky_msgs__rosidl_typesupport_c.dir/rosidl_typesupport_c/husky_msgs/msg/husky_status__type_support.cpp.o[0m
[1.807s] [ 54%] [32mBuilding CXX object CMakeFiles/husky_msgs__rosidl_typesupport_fastrtps_c.dir/rosidl_typesupport_fastrtps_c/husky_msgs/msg/detail/husky_status__type_support_c.cpp.o[0m
[1.810s] [ 58%] [32m[1mLinking CXX shared library libhusky_msgs__rosidl_typesupport_c.so[0m
[1.887s] [ 58%] Built target husky_msgs__rosidl_typesupport_c
[2.038s] [ 61%] [32m[1mLinking CXX shared library libhusky_msgs__rosidl_typesupport_cpp.so[0m
[2.112s] [ 61%] Built target husky_msgs__rosidl_typesupport_cpp
[2.166s] [ 64%] [32m[1mLinking CXX shared library libhusky_msgs__rosidl_typesupport_fastrtps_cpp.so[0m
[2.262s] [ 67%] [32m[1mLinking CXX shared library libhusky_msgs__rosidl_typesupport_introspection_cpp.so[0m
[2.301s] [ 67%] Built target husky_msgs__rosidl_typesupport_fastrtps_cpp
[2.378s] [ 67%] Built target husky_msgs__rosidl_typesupport_introspection_cpp
[2.432s] [ 70%] [32m[1mLinking CXX shared library libhusky_msgs__rosidl_typesupport_fastrtps_c.so[0m
[2.558s] [ 70%] Built target husky_msgs__rosidl_typesupport_fastrtps_c
[2.593s] [ 70%] Built target husky_msgs
[2.628s] [ 74%] [34m[1mGenerating Python code for ROS interfaces[0m
[3.450s] [ 74%] Built target husky_msgs__py
[3.484s] [ 77%] [32mBuilding C object CMakeFiles/husky_msgs__rosidl_generator_py.dir/rosidl_generator_py/husky_msgs/msg/_husky_status_s.c.o[0m
[3.725s] [ 80%] [32m[1mLinking C shared library rosidl_generator_py/husky_msgs/libhusky_msgs__rosidl_generator_py.so[0m
[3.796s] [ 80%] Built target husky_msgs__rosidl_generator_py
[3.831s] [ 87%] [32mBuilding C object CMakeFiles/husky_msgs__rosidl_typesupport_fastrtps_c__pyext.dir/rosidl_generator_py/husky_msgs/_husky_msgs_s.ep.rosidl_typesupport_fastrtps_c.c.o[0m
[3.831s] [ 87%] [32mBuilding C object CMakeFiles/husky_msgs__rosidl_typesupport_c__pyext.dir/rosidl_generator_py/husky_msgs/_husky_msgs_s.ep.rosidl_typesupport_c.c.o[0m
[3.833s] [ 90%] [32mBuilding C object CMakeFiles/husky_msgs__rosidl_typesupport_introspection_c__pyext.dir/rosidl_generator_py/husky_msgs/_husky_msgs_s.ep.rosidl_typesupport_introspection_c.c.o[0m
[4.018s] [ 93%] [32m[1mLinking C shared library rosidl_generator_py/husky_msgs/husky_msgs_s__rosidl_typesupport_c.cpython-310-x86_64-linux-gnu.so[0m
[4.025s] [ 96%] [32m[1mLinking C shared library rosidl_generator_py/husky_msgs/husky_msgs_s__rosidl_typesupport_introspection_c.cpython-310-x86_64-linux-gnu.so[0m
[4.031s] [100%] [32m[1mLinking C shared library rosidl_generator_py/husky_msgs/husky_msgs_s__rosidl_typesupport_fastrtps_c.cpython-310-x86_64-linux-gnu.so[0m
[4.088s] [100%] Built target husky_msgs__rosidl_typesupport_c__pyext
[4.097s] [100%] Built target husky_msgs__rosidl_typesupport_introspection_c__pyext
[4.100s] [100%] Built target husky_msgs__rosidl_typesupport_fastrtps_c__pyext
[4.119s] Invoked command in '/ros2_ws/build/husky_msgs' returned '0': CMAKE_PREFIX_PATH=${CMAKE_PREFIX_PATH}:/opt/ros/humble /usr/bin/cmake --build /ros2_ws/build/husky_msgs -- -j12 -l12
[4.239s] Invoking command in '/ros2_ws/build/husky_msgs': CMAKE_PREFIX_PATH=${CMAKE_PREFIX_PATH}:/opt/ros/humble /usr/bin/cmake --install /ros2_ws/build/husky_msgs
[4.252s] -- Install configuration: ""
[4.253s] -- Installing: /ros2_ws/install/husky_msgs/share/ament_index/resource_index/rosidl_interfaces/husky_msgs
[4.253s] -- Installing: /ros2_ws/install/husky_msgs/include/husky_msgs/husky_msgs
[4.254s] -- Installing: /ros2_ws/install/husky_msgs/include/husky_msgs/husky_msgs/msg
[4.254s] -- Installing: /ros2_ws/install/husky_msgs/include/husky_msgs/husky_msgs/msg/husky_status.h
[4.254s] -- Installing: /ros2_ws/install/husky_msgs/include/husky_msgs/husky_msgs/msg/rosidl_generator_c__visibility_control.h
[4.254s] -- Installing: /ros2_ws/install/husky_msgs/include/husky_msgs/husky_msgs/msg/detail
[4.254s] -- Installing: /ros2_ws/install/husky_msgs/include/husky_msgs/husky_msgs/msg/detail/husky_status__struct.h
[4.255s] -- Installing: /ros2_ws/install/husky_msgs/include/husky_msgs/husky_msgs/msg/detail/husky_status__type_support.h
[4.255s] -- Installing: /ros2_ws/install/husky_msgs/include/husky_msgs/husky_msgs/msg/detail/husky_status__functions.h
[4.255s] -- Installing: /ros2_ws/install/husky_msgs/include/husky_msgs/husky_msgs/msg/detail/husky_status__functions.c
[4.255s] -- Installing: /ros2_ws/install/husky_msgs/share/husky_msgs/environment/library_path.sh
[4.256s] -- Installing: /ros2_ws/install/husky_msgs/share/husky_msgs/environment/library_path.dsv
[4.256s] -- Installing: /ros2_ws/install/husky_msgs/lib/libhusky_msgs__rosidl_generator_c.so
[4.257s] -- Set runtime path of "/ros2_ws/install/husky_msgs/lib/libhusky_msgs__rosidl_generator_c.so" to ""
[4.257s] -- Up-to-date: /ros2_ws/install/husky_msgs/include/husky_msgs/husky_msgs
[4.258s] -- Up-to-date: /ros2_ws/install/husky_msgs/include/husky_msgs/husky_msgs/msg
[4.258s] -- Installing: /ros2_ws/install/husky_msgs/include/husky_msgs/husky_msgs/msg/rosidl_typesupport_fastrtps_c__visibility_control.h
[4.258s] -- Up-to-date: /ros2_ws/install/husky_msgs/include/husky_msgs/husky_msgs/msg/detail
[4.258s] -- Installing: /ros2_ws/install/husky_msgs/include/husky_msgs/husky_msgs/msg/detail/husky_status__rosidl_typesupport_fastrtps_c.h
[4.259s] -- Installing: /ros2_ws/install/husky_msgs/lib/libhusky_msgs__rosidl_typesupport_fastrtps_c.so
[4.259s] -- Set runtime path of "/ros2_ws/install/husky_msgs/lib/libhusky_msgs__rosidl_typesupport_fastrtps_c.so" to ""
[4.259s] -- Up-to-date: /ros2_ws/install/husky_msgs/include/husky_msgs/husky_msgs
[4.259s] -- Up-to-date: /ros2_ws/install/husky_msgs/include/husky_msgs/husky_msgs/msg
[4.260s] -- Installing: /ros2_ws/install/husky_msgs/include/husky_msgs/husky_msgs/msg/husky_status.hpp
[4.260s] -- Up-to-date: /ros2_ws/install/husky_msgs/include/husky_msgs/husky_msgs/msg/detail
[4.260s] -- Installing: /ros2_ws/install/husky_msgs/include/husky_msgs/husky_msgs/msg/detail/husky_status__traits.hpp
[4.260s] -- Installing: /ros2_ws/install/husky_msgs/include/husky_msgs/husky_msgs/msg/detail/husky_status__builder.hpp
[4.261s] -- Installing: /ros2_ws/install/husky_msgs/include/husky_msgs/husky_msgs/msg/detail/husky_status__struct.hpp
[4.261s] -- Up-to-date: /ros2_ws/install/husky_msgs/include/husky_msgs/husky_msgs
[4.261s] -- Up-to-date: /ros2_ws/install/husky_msgs/include/husky_msgs/husky_msgs/msg
[4.261s] -- Up-to-date: /ros2_ws/install/husky_msgs/include/husky_msgs/husky_msgs/msg/detail
[4.261s] -- Installing: /ros2_ws/install/husky_msgs/include/husky_msgs/husky_msgs/msg/detail/husky_status__rosidl_typesupport_fastrtps_cpp.hpp
[4.261s] -- Installing: /ros2_ws/install/husky_msgs/include/husky_msgs/husky_msgs/msg/detail/dds_fastrtps
[4.261s] -- Installing: /ros2_ws/install/husky_msgs/include/husky_msgs/husky_msgs/msg/rosidl_typesupport_fastrtps_cpp__visibility_control.h
[4.262s] -- Installing: /ros2_ws/install/husky_msgs/lib/libhusky_msgs__rosidl_typesupport_fastrtps_cpp.so
[4.262s] -- Set runtime path of "/ros2_ws/install/husky_msgs/lib/libhusky_msgs__rosidl_typesupport_fastrtps_cpp.so" to ""
[4.262s] -- Up-to-date: /ros2_ws/install/husky_msgs/include/husky_msgs/husky_msgs
[4.262s] -- Up-to-date: /ros2_ws/install/husky_msgs/include/husky_msgs/husky_msgs/msg
[4.263s] -- Installing: /ros2_ws/install/husky_msgs/include/husky_msgs/husky_msgs/msg/rosidl_typesupport_introspection_c__visibility_control.h
[4.263s] -- Up-to-date: /ros2_ws/install/husky_msgs/include/husky_msgs/husky_msgs/msg/detail
[4.263s] -- Installing: /ros2_ws/install/husky_msgs/include/husky_msgs/husky_msgs/msg/detail/husky_status__rosidl_typesupport_introspection_c.h
[4.263s] -- Installing: /ros2_ws/install/husky_msgs/include/husky_msgs/husky_msgs/msg/detail/husky_status__type_support.c
[4.263s] -- Installing: /ros2_ws/install/husky_msgs/lib/libhusky_msgs__rosidl_typesupport_introspection_c.so
[4.264s] -- Set runtime path of "/ros2_ws/install/husky_msgs/lib/libhusky_msgs__rosidl_typesupport_introspection_c.so" to ""
[4.264s] -- Installing: /ros2_ws/install/husky_msgs/lib/libhusky_msgs__rosidl_typesupport_c.so
[4.265s] -- Set runtime path of "/ros2_ws/install/husky_msgs/lib/libhusky_msgs__rosidl_typesupport_c.so" to ""
[4.265s] -- Up-to-date: /ros2_ws/install/husky_msgs/include/husky_msgs/husky_msgs
[4.265s] -- Up-to-date: /ros2_ws/install/husky_msgs/include/husky_msgs/husky_msgs/msg
[4.265s] -- Up-to-date: /ros2_ws/install/husky_msgs/include/husky_msgs/husky_msgs/msg/detail
[4.266s] -- Installing: /ros2_ws/install/husky_msgs/include/husky_msgs/husky_msgs/msg/detail/husky_status__type_support.cpp
[4.266s] -- Installing: /ros2_ws/install/husky_msgs/include/husky_msgs/husky_msgs/msg/detail/husky_status__rosidl_typesupport_introspection_cpp.hpp
[4.266s] -- Installing: /ros2_ws/install/husky_msgs/lib/libhusky_msgs__rosidl_typesupport_introspection_cpp.so
[4.267s] -- Set runtime path of "/ros2_ws/install/husky_msgs/lib/libhusky_msgs__rosidl_typesupport_introspection_cpp.so" to ""
[4.267s] -- Installing: /ros2_ws/install/husky_msgs/lib/libhusky_msgs__rosidl_typesupport_cpp.so
[4.268s] -- Set runtime path of "/ros2_ws/install/husky_msgs/lib/libhusky_msgs__rosidl_typesupport_cpp.so" to ""
[4.268s] -- Installing: /ros2_ws/install/husky_msgs/share/husky_msgs/environment/pythonpath.sh
[4.268s] -- Installing: /ros2_ws/install/husky_msgs/share/husky_msgs/environment/pythonpath.dsv
[4.269s] -- Installing: /ros2_ws/install/husky_msgs/local/lib/python3.10/dist-packages/husky_msgs-1.0.8-py3.10.egg-info
[4.269s] -- Installing: /ros2_ws/install/husky_msgs/local/lib/python3.10/dist-packages/husky_msgs-1.0.8-py3.10.egg-info/top_level.txt
[4.269s] -- Installing: /ros2_ws/install/husky_msgs/local/lib/python3.10/dist-packages/husky_msgs-1.0.8-py3.10.egg-info/SOURCES.txt
[4.269s] -- Installing: /ros2_ws/install/husky_msgs/local/lib/python3.10/dist-packages/husky_msgs-1.0.8-py3.10.egg-info/PKG-INFO
[4.270s] -- Installing: /ros2_ws/install/husky_msgs/local/lib/python3.10/dist-packages/husky_msgs-1.0.8-py3.10.egg-info/dependency_links.txt
[4.270s] -- Installing: /ros2_ws/install/husky_msgs/local/lib/python3.10/dist-packages/husky_msgs
[4.270s] -- Installing: /ros2_ws/install/husky_msgs/local/lib/python3.10/dist-packages/husky_msgs/husky_msgs_s__rosidl_typesupport_fastrtps_c.cpython-310-x86_64-linux-gnu.so
[4.270s] -- Installing: /ros2_ws/install/husky_msgs/local/lib/python3.10/dist-packages/husky_msgs/libhusky_msgs__rosidl_generator_py.so
[4.270s] -- Installing: /ros2_ws/install/husky_msgs/local/lib/python3.10/dist-packages/husky_msgs/msg
[4.271s] -- Installing: /ros2_ws/install/husky_msgs/local/lib/python3.10/dist-packages/husky_msgs/msg/_husky_status_s.c
[4.271s] -- Installing: /ros2_ws/install/husky_msgs/local/lib/python3.10/dist-packages/husky_msgs/msg/__init__.py
[4.271s] -- Installing: /ros2_ws/install/husky_msgs/local/lib/python3.10/dist-packages/husky_msgs/msg/_husky_status.py
[4.272s] -- Installing: /ros2_ws/install/husky_msgs/local/lib/python3.10/dist-packages/husky_msgs/__init__.py
[4.272s] -- Installing: /ros2_ws/install/husky_msgs/local/lib/python3.10/dist-packages/husky_msgs/husky_msgs_s__rosidl_typesupport_c.cpython-310-x86_64-linux-gnu.so
[4.272s] -- Installing: /ros2_ws/install/husky_msgs/local/lib/python3.10/dist-packages/husky_msgs/_husky_msgs_s.ep.rosidl_typesupport_fastrtps_c.c
[4.272s] -- Installing: /ros2_ws/install/husky_msgs/local/lib/python3.10/dist-packages/husky_msgs/_husky_msgs_s.ep.rosidl_typesupport_introspection_c.c
[4.273s] -- Installing: /ros2_ws/install/husky_msgs/local/lib/python3.10/dist-packages/husky_msgs/_husky_msgs_s.ep.rosidl_typesupport_c.c
[4.273s] -- Installing: /ros2_ws/install/husky_msgs/local/lib/python3.10/dist-packages/husky_msgs/husky_msgs_s__rosidl_typesupport_introspection_c.cpython-310-x86_64-linux-gnu.so
[4.339s] Listing '/ros2_ws/install/husky_msgs/local/lib/python3.10/dist-packages/husky_msgs'...
[4.339s] Compiling '/ros2_ws/install/husky_msgs/local/lib/python3.10/dist-packages/husky_msgs/__init__.py'...
[4.339s] Listing '/ros2_ws/install/husky_msgs/local/lib/python3.10/dist-packages/husky_msgs/msg'...
[4.340s] Compiling '/ros2_ws/install/husky_msgs/local/lib/python3.10/dist-packages/husky_msgs/msg/__init__.py'...
[4.340s] Compiling '/ros2_ws/install/husky_msgs/local/lib/python3.10/dist-packages/husky_msgs/msg/_husky_status.py'...
[4.347s] -- Installing: /ros2_ws/install/husky_msgs/local/lib/python3.10/dist-packages/husky_msgs/husky_msgs_s__rosidl_typesupport_fastrtps_c.cpython-310-x86_64-linux-gnu.so
[4.348s] -- Set runtime path of "/ros2_ws/install/husky_msgs/local/lib/python3.10/dist-packages/husky_msgs/husky_msgs_s__rosidl_typesupport_fastrtps_c.cpython-310-x86_64-linux-gnu.so" to ""
[4.348s] -- Installing: /ros2_ws/install/husky_msgs/local/lib/python3.10/dist-packages/husky_msgs/husky_msgs_s__rosidl_typesupport_introspection_c.cpython-310-x86_64-linux-gnu.so
[4.349s] -- Set runtime path of "/ros2_ws/install/husky_msgs/local/lib/python3.10/dist-packages/husky_msgs/husky_msgs_s__rosidl_typesupport_introspection_c.cpython-310-x86_64-linux-gnu.so" to ""
[4.349s] -- Installing: /ros2_ws/install/husky_msgs/local/lib/python3.10/dist-packages/husky_msgs/husky_msgs_s__rosidl_typesupport_c.cpython-310-x86_64-linux-gnu.so
[4.350s] -- Set runtime path of "/ros2_ws/install/husky_msgs/local/lib/python3.10/dist-packages/husky_msgs/husky_msgs_s__rosidl_typesupport_c.cpython-310-x86_64-linux-gnu.so" to ""
[4.350s] -- Installing: /ros2_ws/install/husky_msgs/lib/libhusky_msgs__rosidl_generator_py.so
[4.351s] -- Set runtime path of "/ros2_ws/install/husky_msgs/lib/libhusky_msgs__rosidl_generator_py.so" to ""
[4.351s] -- Installing: /ros2_ws/install/husky_msgs/share/husky_msgs/msg/HuskyStatus.idl
[4.351s] -- Installing: /ros2_ws/install/husky_msgs/share/husky_msgs/msg/HuskyStatus.msg
[4.352s] -- Installing: /ros2_ws/install/husky_msgs/share/ament_index/resource_index/package_run_dependencies/husky_msgs
[4.352s] -- Installing: /ros2_ws/install/husky_msgs/share/ament_index/resource_index/parent_prefix_path/husky_msgs
[4.353s] -- Installing: /ros2_ws/install/husky_msgs/share/husky_msgs/environment/ament_prefix_path.sh
[4.353s] -- Installing: /ros2_ws/install/husky_msgs/share/husky_msgs/environment/ament_prefix_path.dsv
[4.354s] -- Installing: /ros2_ws/install/husky_msgs/share/husky_msgs/environment/path.sh
[4.354s] -- Installing: /ros2_ws/install/husky_msgs/share/husky_msgs/environment/path.dsv
[4.354s] -- Installing: /ros2_ws/install/husky_msgs/share/husky_msgs/local_setup.bash
[4.355s] -- Installing: /ros2_ws/install/husky_msgs/share/husky_msgs/local_setup.sh
[4.355s] -- Installing: /ros2_ws/install/husky_msgs/share/husky_msgs/local_setup.zsh
[4.356s] -- Installing: /ros2_ws/install/husky_msgs/share/husky_msgs/local_setup.dsv
[4.356s] -- Installing: /ros2_ws/install/husky_msgs/share/husky_msgs/package.dsv
[4.357s] -- Installing: /ros2_ws/install/husky_msgs/share/ament_index/resource_index/packages/husky_msgs
[4.357s] -- Installing: /ros2_ws/install/husky_msgs/share/husky_msgs/cmake/export_husky_msgs__rosidl_generator_cExport.cmake
[4.357s] -- Installing: /ros2_ws/install/husky_msgs/share/husky_msgs/cmake/export_husky_msgs__rosidl_generator_cExport-noconfig.cmake
[4.358s] -- Installing: /ros2_ws/install/husky_msgs/share/husky_msgs/cmake/export_husky_msgs__rosidl_typesupport_fastrtps_cExport.cmake
[4.358s] -- Installing: /ros2_ws/install/husky_msgs/share/husky_msgs/cmake/export_husky_msgs__rosidl_typesupport_fastrtps_cExport-noconfig.cmake
[4.359s] -- Installing: /ros2_ws/install/husky_msgs/share/husky_msgs/cmake/export_husky_msgs__rosidl_generator_cppExport.cmake
[4.359s] -- Installing: /ros2_ws/install/husky_msgs/share/husky_msgs/cmake/export_husky_msgs__rosidl_typesupport_fastrtps_cppExport.cmake
[4.360s] -- Installing: /ros2_ws/install/husky_msgs/share/husky_msgs/cmake/export_husky_msgs__rosidl_typesupport_fastrtps_cppExport-noconfig.cmake
[4.360s] -- Installing: /ros2_ws/install/husky_msgs/share/husky_msgs/cmake/husky_msgs__rosidl_typesupport_introspection_cExport.cmake
[4.360s] -- Installing: /ros2_ws/install/husky_msgs/share/husky_msgs/cmake/husky_msgs__rosidl_typesupport_introspection_cExport-noconfig.cmake
[4.361s] -- Installing: /ros2_ws/install/husky_msgs/share/husky_msgs/cmake/husky_msgs__rosidl_typesupport_cExport.cmake
[4.361s] -- Installing: /ros2_ws/install/husky_msgs/share/husky_msgs/cmake/husky_msgs__rosidl_typesupport_cExport-noconfig.cmake
[4.362s] -- Installing: /ros2_ws/install/husky_msgs/share/husky_msgs/cmake/husky_msgs__rosidl_typesupport_introspection_cppExport.cmake
[4.362s] -- Installing: /ros2_ws/install/husky_msgs/share/husky_msgs/cmake/husky_msgs__rosidl_typesupport_introspection_cppExport-noconfig.cmake
[4.362s] -- Installing: /ros2_ws/install/husky_msgs/share/husky_msgs/cmake/husky_msgs__rosidl_typesupport_cppExport.cmake
[4.363s] -- Installing: /ros2_ws/install/husky_msgs/share/husky_msgs/cmake/husky_msgs__rosidl_typesupport_cppExport-noconfig.cmake
[4.363s] -- Installing: /ros2_ws/install/husky_msgs/share/husky_msgs/cmake/export_husky_msgs__rosidl_generator_pyExport.cmake
[4.364s] -- Installing: /ros2_ws/install/husky_msgs/share/husky_msgs/cmake/export_husky_msgs__rosidl_generator_pyExport-noconfig.cmake
[4.364s] -- Installing: /ros2_ws/install/husky_msgs/share/husky_msgs/cmake/rosidl_cmake-extras.cmake
[4.365s] -- Installing: /ros2_ws/install/husky_msgs/share/husky_msgs/cmake/ament_cmake_export_dependencies-extras.cmake
[4.365s] -- Installing: /ros2_ws/install/husky_msgs/share/husky_msgs/cmake/ament_cmake_export_include_directories-extras.cmake
[4.366s] -- Installing: /ros2_ws/install/husky_msgs/share/husky_msgs/cmake/ament_cmake_export_libraries-extras.cmake
[4.366s] -- Installing: /ros2_ws/install/husky_msgs/share/husky_msgs/cmake/ament_cmake_export_targets-extras.cmake
[4.367s] -- Installing: /ros2_ws/install/husky_msgs/share/husky_msgs/cmake/rosidl_cmake_export_typesupport_targets-extras.cmake
[4.367s] -- Installing: /ros2_ws/install/husky_msgs/share/husky_msgs/cmake/rosidl_cmake_export_typesupport_libraries-extras.cmake
[4.368s] -- Installing: /ros2_ws/install/husky_msgs/share/husky_msgs/cmake/husky_msgsConfig.cmake
[4.368s] -- Installing: /ros2_ws/install/husky_msgs/share/husky_msgs/cmake/husky_msgsConfig-version.cmake
[4.369s] -- Installing: /ros2_ws/install/husky_msgs/share/husky_msgs/package.xml
[4.373s] Invoked command in '/ros2_ws/build/husky_msgs' returned '0': CMAKE_PREFIX_PATH=${CMAKE_PREFIX_PATH}:/opt/ros/humble /usr/bin/cmake --install /ros2_ws/build/husky_msgs
