[0.012s] Invoking command in '/ros2_ws/build/articubot_one': CMAKE_PREFIX_PATH=${CMAKE_PREFIX_PATH}:/ros2_ws/install/ros2_controllers_test_nodes:/opt/ros/humble /usr/bin/cmake /ros2_ws/src/articubot_one -DCMAKE_INSTALL_PREFIX=/ros2_ws/install/articubot_one
[0.073s] -- The C compiler identification is GNU 11.4.0
[0.134s] -- The CXX compiler identification is GNU 11.4.0
[0.143s] -- Detecting C compiler ABI info
[0.213s] -- Detecting C compiler ABI info - done
[0.223s] -- Check for working C compiler: /usr/bin/cc - skipped
[0.224s] -- Detecting C compile features
[0.225s] -- Detecting C compile features - done
[0.229s] -- Detecting CXX compiler ABI info
[0.307s] -- Detecting CXX compiler ABI info - done
[0.315s] -- Check for working CXX compiler: /usr/bin/c++ - skipped
[0.316s] -- Detecting CXX compile features
[0.316s] -- Detecting CXX compile features - done
[0.323s] -- Found ament_cmake: 1.3.10 (/opt/ros/humble/share/ament_cmake/cmake)
[0.475s] -- Found Python3: /usr/bin/python3 (found version "3.10.12") found components: Interpreter 
[0.587s] -- Found ament_lint_auto: 0.12.11 (/opt/ros/humble/share/ament_lint_auto/cmake)
[0.678s] -- Added test 'copyright' to check source files copyright and LICENSE
[0.694s] -- Added test 'flake8' to check Python code syntax and style conventions
[0.696s] -- Added test 'lint_cmake' to check CMake code style
[0.697s] -- Added test 'pep257' to check Python code against some of the docstring style conventions in PEP 257
[0.704s] -- Added test 'xmllint' to check XML markup files
[0.707s] -- Configuring done
[0.710s] -- Generating done
[0.711s] -- Build files have been written to: /ros2_ws/build/articubot_one
[0.717s] Invoked command in '/ros2_ws/build/articubot_one' returned '0': CMAKE_PREFIX_PATH=${CMAKE_PREFIX_PATH}:/ros2_ws/install/ros2_controllers_test_nodes:/opt/ros/humble /usr/bin/cmake /ros2_ws/src/articubot_one -DCMAKE_INSTALL_PREFIX=/ros2_ws/install/articubot_one
[0.717s] Invoking command in '/ros2_ws/build/articubot_one': CMAKE_PREFIX_PATH=${CMAKE_PREFIX_PATH}:/ros2_ws/install/ros2_controllers_test_nodes:/opt/ros/humble /usr/bin/cmake --build /ros2_ws/build/articubot_one -- -j12 -l12
[0.753s] Invoked command in '/ros2_ws/build/articubot_one' returned '0': CMAKE_PREFIX_PATH=${CMAKE_PREFIX_PATH}:/ros2_ws/install/ros2_controllers_test_nodes:/opt/ros/humble /usr/bin/cmake --build /ros2_ws/build/articubot_one -- -j12 -l12
[0.785s] Invoking command in '/ros2_ws/build/articubot_one': CMAKE_PREFIX_PATH=${CMAKE_PREFIX_PATH}:/ros2_ws/install/ros2_controllers_test_nodes:/opt/ros/humble /usr/bin/cmake --install /ros2_ws/build/articubot_one
[0.793s] -- Install configuration: ""
[0.794s] -- Installing: /ros2_ws/install/articubot_one/share/articubot_one/config
[0.794s] -- Installing: /ros2_ws/install/articubot_one/share/articubot_one/config/main.rviz
[0.794s] -- Installing: /ros2_ws/install/articubot_one/share/articubot_one/config/config.rviz
[0.794s] -- Installing: /ros2_ws/install/articubot_one/share/articubot_one/config/ball_tracker_params_sim.yaml
[0.795s] -- Installing: /ros2_ws/install/articubot_one/share/articubot_one/config/view_bot.rviz
[0.795s] -- Installing: /ros2_ws/install/articubot_one/share/articubot_one/config/empty.yaml
[0.795s] -- Installing: /ros2_ws/install/articubot_one/share/articubot_one/config/my_controllers.yaml
[0.795s] -- Installing: /ros2_ws/install/articubot_one/share/articubot_one/config/drive_bot.rviz
[0.796s] -- Installing: /ros2_ws/install/articubot_one/share/articubot_one/config/mapper_params_online_async.yaml
[0.796s] -- Installing: /ros2_ws/install/articubot_one/share/articubot_one/config/map.rviz
[0.796s] -- Installing: /ros2_ws/install/articubot_one/share/articubot_one/config/twist_mux.yaml
[0.796s] -- Installing: /ros2_ws/install/articubot_one/share/articubot_one/config/gz_bridge.yaml
[0.797s] -- Installing: /ros2_ws/install/articubot_one/share/articubot_one/config/joystick.yaml
[0.797s] -- Installing: /ros2_ws/install/articubot_one/share/articubot_one/config/ball_tracker_params_robot.yaml
[0.797s] -- Installing: /ros2_ws/install/articubot_one/share/articubot_one/config/nav2_params.yaml
[0.798s] -- Installing: /ros2_ws/install/articubot_one/share/articubot_one/config/gaz_ros2_ctl_use_sim.yaml
[0.798s] -- Installing: /ros2_ws/install/articubot_one/share/articubot_one/description
[0.798s] -- Installing: /ros2_ws/install/articubot_one/share/articubot_one/description/robot.urdf.xacro
[0.798s] -- Installing: /ros2_ws/install/articubot_one/share/articubot_one/description/depth_camera.xacro
[0.798s] -- Installing: /ros2_ws/install/articubot_one/share/articubot_one/description/robot_core.xacro
[0.799s] -- Installing: /ros2_ws/install/articubot_one/share/articubot_one/description/inertial_macros.xacro
[0.799s] -- Installing: /ros2_ws/install/articubot_one/share/articubot_one/description/camera.xacro
[0.799s] -- Installing: /ros2_ws/install/articubot_one/share/articubot_one/description/gazebo_control.xacro
[0.799s] -- Installing: /ros2_ws/install/articubot_one/share/articubot_one/description/face.xacro
[0.800s] -- Installing: /ros2_ws/install/articubot_one/share/articubot_one/description/ros2_control.xacro
[0.800s] -- Installing: /ros2_ws/install/articubot_one/share/articubot_one/description/lidar.xacro
[0.800s] -- Installing: /ros2_ws/install/articubot_one/share/articubot_one/launch
[0.800s] -- Installing: /ros2_ws/install/articubot_one/share/articubot_one/launch/rsp.launch.py
[0.801s] -- Installing: /ros2_ws/install/articubot_one/share/articubot_one/launch/launch_robot.launch.py
[0.801s] -- Installing: /ros2_ws/install/articubot_one/share/articubot_one/launch/joystick.launch.py
[0.801s] -- Installing: /ros2_ws/install/articubot_one/share/articubot_one/launch/navigation_launch.py
[0.801s] -- Installing: /ros2_ws/install/articubot_one/share/articubot_one/launch/online_async_launch.py
[0.801s] -- Installing: /ros2_ws/install/articubot_one/share/articubot_one/launch/ball_tracker.launch.py
[0.801s] -- Installing: /ros2_ws/install/articubot_one/share/articubot_one/launch/camera.launch.py
[0.802s] -- Installing: /ros2_ws/install/articubot_one/share/articubot_one/launch/rplidar.launch.py
[0.802s] -- Installing: /ros2_ws/install/articubot_one/share/articubot_one/launch/launch_sim.launch.py
[0.802s] -- Installing: /ros2_ws/install/articubot_one/share/articubot_one/launch/sim.launch.py
[0.802s] -- Installing: /ros2_ws/install/articubot_one/share/articubot_one/launch/localization_launch.py
[0.802s] -- Installing: /ros2_ws/install/articubot_one/share/articubot_one/worlds
[0.802s] -- Installing: /ros2_ws/install/articubot_one/share/articubot_one/worlds/empty.world
[0.803s] -- Installing: /ros2_ws/install/articubot_one/share/articubot_one/worlds/obstacles.world
[0.803s] -- Installing: /ros2_ws/install/articubot_one/share/ament_index/resource_index/package_run_dependencies/articubot_one
[0.803s] -- Installing: /ros2_ws/install/articubot_one/share/ament_index/resource_index/parent_prefix_path/articubot_one
[0.804s] -- Installing: /ros2_ws/install/articubot_one/share/articubot_one/environment/ament_prefix_path.sh
[0.804s] -- Installing: /ros2_ws/install/articubot_one/share/articubot_one/environment/ament_prefix_path.dsv
[0.804s] -- Installing: /ros2_ws/install/articubot_one/share/articubot_one/environment/path.sh
[0.804s] -- Installing: /ros2_ws/install/articubot_one/share/articubot_one/environment/path.dsv
[0.804s] -- Installing: /ros2_ws/install/articubot_one/share/articubot_one/local_setup.bash
[0.805s] -- Installing: /ros2_ws/install/articubot_one/share/articubot_one/local_setup.sh
[0.805s] -- Installing: /ros2_ws/install/articubot_one/share/articubot_one/local_setup.zsh
[0.805s] -- Installing: /ros2_ws/install/articubot_one/share/articubot_one/local_setup.dsv
[0.805s] -- Installing: /ros2_ws/install/articubot_one/share/articubot_one/package.dsv
[0.805s] -- Installing: /ros2_ws/install/articubot_one/share/ament_index/resource_index/packages/articubot_one
[0.806s] -- Installing: /ros2_ws/install/articubot_one/share/articubot_one/cmake/articubot_oneConfig.cmake
[0.806s] -- Installing: /ros2_ws/install/articubot_one/share/articubot_one/cmake/articubot_oneConfig-version.cmake
[0.806s] -- Installing: /ros2_ws/install/articubot_one/share/articubot_one/package.xml
[0.808s] Invoked command in '/ros2_ws/build/articubot_one' returned '0': CMAKE_PREFIX_PATH=${CMAKE_PREFIX_PATH}:/ros2_ws/install/ros2_controllers_test_nodes:/opt/ros/humble /usr/bin/cmake --install /ros2_ws/build/articubot_one
