-- Found ament_cmake: 1.3.10 (/opt/ros/humble/share/ament_cmake/cmake)
-- Found Python3: /usr/bin/python3 (found version "3.10.12") found components: Interpreter 
-- Found ament_lint_auto: 0.12.11 (/opt/ros/humble/share/ament_lint_auto/cmake)
-- Added test 'copyright' to check source files copyright and LICENSE
-- Added test 'flake8' to check Python code syntax and style conventions
-- Added test 'lint_cmake' to check CMake code style
-- Added test 'pep257' to check Python code against some of the docstring style conventions in PEP 257
-- Added test 'xmllint' to check XML markup files
-- Configuring done
-- Generating done
-- Build files have been written to: /ros2_ws/build/wetexplorer_gazebo
-- Install configuration: ""
-- Installing: /ros2_ws/install/wetexplorer_gazebo/share/wetexplorer_gazebo/config
-- Installing: /ros2_ws/install/wetexplorer_gazebo/share/wetexplorer_gazebo/config/teleop_ps4.yaml
-- Installing: /ros2_ws/install/wetexplorer_gazebo/share/wetexplorer_gazebo/config/joint_names_max_light_pkg.yaml
-- Installing: /ros2_ws/install/wetexplorer_gazebo/share/wetexplorer_gazebo/config/tracked_controllers_pasive.yaml
-- Installing: /ros2_ws/install/wetexplorer_gazebo/share/wetexplorer_gazebo/config/linear_controller.yaml
-- Installing: /ros2_ws/install/wetexplorer_gazebo/share/wetexplorer_gazebo/config/twist_mux.yaml
-- Installing: /ros2_ws/install/wetexplorer_gazebo/share/wetexplorer_gazebo/config/teleop_ps4_2.yaml
-- Installing: /ros2_ws/install/wetexplorer_gazebo/share/wetexplorer_gazebo/config/joint_names_max_light_pkg_2.yaml
-- Installing: /ros2_ws/install/wetexplorer_gazebo/share/wetexplorer_gazebo/config/gz_bridge.yaml
-- Installing: /ros2_ws/install/wetexplorer_gazebo/share/wetexplorer_gazebo/config/joystick.yaml
-- Installing: /ros2_ws/install/wetexplorer_gazebo/share/wetexplorer_gazebo/config/ekf_gps2.yaml
-- Installing: /ros2_ws/install/wetexplorer_gazebo/share/wetexplorer_gazebo/config/tracked_controllers.yaml
-- Installing: /ros2_ws/install/wetexplorer_gazebo/share/wetexplorer_gazebo/config/controllers.yaml
-- Installing: /ros2_ws/install/wetexplorer_gazebo/share/wetexplorer_gazebo/config/localization.yaml
