[0.022s] Invoking command in '/ros2_ws/build/wetexplorer_gazebo': CMAKE_PREFIX_PATH=${CMAKE_PREFIX_PATH}:/opt/ros/humble /usr/bin/cmake /ros2_ws/src/wetexplorer/wetexplorer_gazebo -DCMAKE_INSTALL_PREFIX=/ros2_ws/install/wetexplorer_gazebo
[0.051s] -- Found ament_cmake: 1.3.10 (/opt/ros/humble/share/ament_cmake/cmake)
[0.284s] -- Found Python3: /usr/bin/python3 (found version "3.10.12") found components: Interpreter 
[0.481s] -- Found ament_lint_auto: 0.12.11 (/opt/ros/humble/share/ament_lint_auto/cmake)
[0.651s] -- Added test 'copyright' to check source files copyright and LICENSE
[0.668s] -- Added test 'flake8' to check Python code syntax and style conventions
[0.671s] -- Added test 'lint_cmake' to check CMake code style
[0.673s] -- Added test 'pep257' to check Python code against some of the docstring style conventions in PEP 257
[0.683s] -- Added test 'xmllint' to check XML markup files
[0.686s] -- Configuring done
[0.691s] -- Generating done
[0.693s] -- Build files have been written to: /ros2_ws/build/wetexplorer_gazebo
[0.697s] Invoked command in '/ros2_ws/build/wetexplorer_gazebo' returned '0': CMAKE_PREFIX_PATH=${CMAKE_PREFIX_PATH}:/opt/ros/humble /usr/bin/cmake /ros2_ws/src/wetexplorer/wetexplorer_gazebo -DCMAKE_INSTALL_PREFIX=/ros2_ws/install/wetexplorer_gazebo
[0.699s] Invoking command in '/ros2_ws/build/wetexplorer_gazebo': CMAKE_PREFIX_PATH=${CMAKE_PREFIX_PATH}:/opt/ros/humble /usr/bin/cmake --build /ros2_ws/build/wetexplorer_gazebo -- -j12 -l12
[0.766s] Invoked command in '/ros2_ws/build/wetexplorer_gazebo' returned '0': CMAKE_PREFIX_PATH=${CMAKE_PREFIX_PATH}:/opt/ros/humble /usr/bin/cmake --build /ros2_ws/build/wetexplorer_gazebo -- -j12 -l12
[0.821s] Invoking command in '/ros2_ws/build/wetexplorer_gazebo': CMAKE_PREFIX_PATH=${CMAKE_PREFIX_PATH}:/opt/ros/humble /usr/bin/cmake --install /ros2_ws/build/wetexplorer_gazebo
[0.833s] -- Install configuration: ""
[0.833s] -- Installing: /ros2_ws/install/wetexplorer_gazebo/share/wetexplorer_gazebo/config
[0.833s] -- Installing: /ros2_ws/install/wetexplorer_gazebo/share/wetexplorer_gazebo/config/teleop_ps4.yaml
[0.834s] -- Installing: /ros2_ws/install/wetexplorer_gazebo/share/wetexplorer_gazebo/config/joint_names_max_light_pkg.yaml
[0.834s] -- Installing: /ros2_ws/install/wetexplorer_gazebo/share/wetexplorer_gazebo/config/tracked_controllers_pasive.yaml
[0.835s] -- Installing: /ros2_ws/install/wetexplorer_gazebo/share/wetexplorer_gazebo/config/linear_controller.yaml
[0.835s] -- Installing: /ros2_ws/install/wetexplorer_gazebo/share/wetexplorer_gazebo/config/twist_mux.yaml
[0.835s] -- Installing: /ros2_ws/install/wetexplorer_gazebo/share/wetexplorer_gazebo/config/teleop_ps4_2.yaml
[0.836s] -- Installing: /ros2_ws/install/wetexplorer_gazebo/share/wetexplorer_gazebo/config/joint_names_max_light_pkg_2.yaml
[0.836s] -- Installing: /ros2_ws/install/wetexplorer_gazebo/share/wetexplorer_gazebo/config/gz_bridge.yaml
[0.836s] -- Installing: /ros2_ws/install/wetexplorer_gazebo/share/wetexplorer_gazebo/config/joystick.yaml
[0.836s] -- Installing: /ros2_ws/install/wetexplorer_gazebo/share/wetexplorer_gazebo/config/ekf_gps2.yaml
[0.837s] -- Installing: /ros2_ws/install/wetexplorer_gazebo/share/wetexplorer_gazebo/config/tracked_controllers.yaml
[0.837s] -- Installing: /ros2_ws/install/wetexplorer_gazebo/share/wetexplorer_gazebo/config/controllers.yaml
[0.837s] -- Installing: /ros2_ws/install/wetexplorer_gazebo/share/wetexplorer_gazebo/config/localization.yaml
[0.838s] [31mCMake Error at cmake_install.cmake:46 (file):
[0.838s]   file INSTALL cannot find
[0.838s]   "/ros2_ws/src/wetexplorer/wetexplorer_gazebo/description": No such file or
[0.838s]   directory.
[0.838s] 
[0.838s] [0m
[0.840s] Invoked command in '/ros2_ws/build/wetexplorer_gazebo' returned '1': CMAKE_PREFIX_PATH=${CMAKE_PREFIX_PATH}:/opt/ros/humble /usr/bin/cmake --install /ros2_ws/build/wetexplorer_gazebo
