[0.023s] Invoking command in '/ros2_ws/build/husky_simulator': AMENT_PREFIX_PATH=/ros2_ws/install/husky_gazebo:/ros2_ws/install/husky_control:/ros2_ws/install/husky_description:${AMENT_PREFIX_PATH} CMAKE_PREFIX_PATH=/ros2_ws/install/husky_gazebo:/ros2_ws/install/husky_control:/ros2_ws/install/husky_description:/ros2_ws/install/wetexplorer_description:/ros2_ws/install/articubot_one:/opt/ros/humble /usr/bin/cmake /ros2_ws/src/husky-humble-devel/husky_simulator -DCMAKE_INSTALL_PREFIX=/ros2_ws/install/husky_simulator
[0.117s] -- The C compiler identification is GNU 11.4.0
[0.218s] -- The CXX compiler identification is GNU 11.4.0
[0.231s] -- Detecting C compiler ABI info
[0.345s] -- Detecting C compiler ABI info - done
[0.358s] -- Check for working C compiler: /usr/bin/cc - skipped
[0.359s] -- Detecting C compile features
[0.359s] -- Detecting C compile features - done
[0.365s] -- Detecting CXX compiler ABI info
[0.498s] -- Detecting CXX compiler ABI info - done
[0.513s] -- Check for working CXX compiler: /usr/bin/c++ - skipped
[0.513s] -- Detecting CXX compile features
[0.514s] -- Detecting CXX compile features - done
[0.520s] -- Found ament_cmake: 1.3.10 (/opt/ros/humble/share/ament_cmake/cmake)
[0.744s] -- Found Python3: /usr/bin/python3 (found version "3.10.12") found components: Interpreter 
[1.019s] -- Configuring done
[1.025s] -- Generating done
[1.026s] -- Build files have been written to: /ros2_ws/build/husky_simulator
[1.032s] Invoked command in '/ros2_ws/build/husky_simulator' returned '0': AMENT_PREFIX_PATH=/ros2_ws/install/husky_gazebo:/ros2_ws/install/husky_control:/ros2_ws/install/husky_description:${AMENT_PREFIX_PATH} CMAKE_PREFIX_PATH=/ros2_ws/install/husky_gazebo:/ros2_ws/install/husky_control:/ros2_ws/install/husky_description:/ros2_ws/install/wetexplorer_description:/ros2_ws/install/articubot_one:/opt/ros/humble /usr/bin/cmake /ros2_ws/src/husky-humble-devel/husky_simulator -DCMAKE_INSTALL_PREFIX=/ros2_ws/install/husky_simulator
[1.035s] Invoking command in '/ros2_ws/build/husky_simulator': AMENT_PREFIX_PATH=/ros2_ws/install/husky_gazebo:/ros2_ws/install/husky_control:/ros2_ws/install/husky_description:${AMENT_PREFIX_PATH} CMAKE_PREFIX_PATH=/ros2_ws/install/husky_gazebo:/ros2_ws/install/husky_control:/ros2_ws/install/husky_description:/ros2_ws/install/wetexplorer_description:/ros2_ws/install/articubot_one:/opt/ros/humble /usr/bin/cmake --build /ros2_ws/build/husky_simulator -- -j12 -l12
[1.097s] Invoked command in '/ros2_ws/build/husky_simulator' returned '0': AMENT_PREFIX_PATH=/ros2_ws/install/husky_gazebo:/ros2_ws/install/husky_control:/ros2_ws/install/husky_description:${AMENT_PREFIX_PATH} CMAKE_PREFIX_PATH=/ros2_ws/install/husky_gazebo:/ros2_ws/install/husky_control:/ros2_ws/install/husky_description:/ros2_ws/install/wetexplorer_description:/ros2_ws/install/articubot_one:/opt/ros/humble /usr/bin/cmake --build /ros2_ws/build/husky_simulator -- -j12 -l12
[1.149s] Invoking command in '/ros2_ws/build/husky_simulator': AMENT_PREFIX_PATH=/ros2_ws/install/husky_gazebo:/ros2_ws/install/husky_control:/ros2_ws/install/husky_description:${AMENT_PREFIX_PATH} CMAKE_PREFIX_PATH=/ros2_ws/install/husky_gazebo:/ros2_ws/install/husky_control:/ros2_ws/install/husky_description:/ros2_ws/install/wetexplorer_description:/ros2_ws/install/articubot_one:/opt/ros/humble /usr/bin/cmake --install /ros2_ws/build/husky_simulator
[1.160s] -- Install configuration: ""
[1.161s] -- Installing: /ros2_ws/install/husky_simulator/share/ament_index/resource_index/package_run_dependencies/husky_simulator
[1.161s] -- Installing: /ros2_ws/install/husky_simulator/share/ament_index/resource_index/parent_prefix_path/husky_simulator
[1.162s] -- Installing: /ros2_ws/install/husky_simulator/share/husky_simulator/environment/ament_prefix_path.sh
[1.162s] -- Installing: /ros2_ws/install/husky_simulator/share/husky_simulator/environment/ament_prefix_path.dsv
[1.162s] -- Installing: /ros2_ws/install/husky_simulator/share/husky_simulator/environment/path.sh
[1.163s] -- Installing: /ros2_ws/install/husky_simulator/share/husky_simulator/environment/path.dsv
[1.163s] -- Installing: /ros2_ws/install/husky_simulator/share/husky_simulator/local_setup.bash
[1.164s] -- Installing: /ros2_ws/install/husky_simulator/share/husky_simulator/local_setup.sh
[1.164s] -- Installing: /ros2_ws/install/husky_simulator/share/husky_simulator/local_setup.zsh
[1.164s] -- Installing: /ros2_ws/install/husky_simulator/share/husky_simulator/local_setup.dsv
[1.165s] -- Installing: /ros2_ws/install/husky_simulator/share/husky_simulator/package.dsv
[1.165s] -- Installing: /ros2_ws/install/husky_simulator/share/ament_index/resource_index/packages/husky_simulator
[1.166s] -- Installing: /ros2_ws/install/husky_simulator/share/husky_simulator/cmake/husky_simulatorConfig.cmake
[1.166s] -- Installing: /ros2_ws/install/husky_simulator/share/husky_simulator/cmake/husky_simulatorConfig-version.cmake
[1.166s] -- Installing: /ros2_ws/install/husky_simulator/share/husky_simulator/package.xml
[1.170s] Invoked command in '/ros2_ws/build/husky_simulator' returned '0': AMENT_PREFIX_PATH=/ros2_ws/install/husky_gazebo:/ros2_ws/install/husky_control:/ros2_ws/install/husky_description:${AMENT_PREFIX_PATH} CMAKE_PREFIX_PATH=/ros2_ws/install/husky_gazebo:/ros2_ws/install/husky_control:/ros2_ws/install/husky_description:/ros2_ws/install/wetexplorer_description:/ros2_ws/install/articubot_one:/opt/ros/humble /usr/bin/cmake --install /ros2_ws/build/husky_simulator
