[  3%] [32mBuilding CXX object CMakeFiles/realtime_tools.dir/src/realtime_helpers.cpp.o[0m
[  7%] [32mBuilding CXX object CMakeFiles/thread_priority.dir/src/realtime_helpers.cpp.o[0m
[ 10%] [32mBuilding CXX object CMakeFiles/realtime_tools.dir/src/realtime_clock.cpp.o[0m
[ 14%] [32mBuilding CXX object gmock/CMakeFiles/gmock.dir/opt/ros/humble/src/gtest_vendor/src/gtest-all.cc.o[0m
[ 17%] [32mBuilding CXX object gmock/CMakeFiles/gmock.dir/src/gmock-all.cc.o[0m
[ 21%] [32mBuilding CXX object gmock/CMakeFiles/gmock_main.dir/src/gmock_main.cc.o[0m
[ 25%] [32m[1mLinking CXX shared library libthread_priority.so[0m
[ 25%] Built target thread_priority
[ 28%] [32m[1mLinking CXX shared library librealtime_tools.so[0m
[ 28%] Built target realtime_tools
[ 32%] [32m[1mLinking CXX static library libgmock_main.a[0m
[ 32%] Built target gmock_main
[ 35%] [32m[1mLinking CXX static library libgmock.a[0m
[ 35%] Built target gmock
[ 39%] [32mBuilding CXX object CMakeFiles/realtime_box_tests.dir/test/realtime_box_tests.cpp.o[0m
[ 42%] [32mBuilding CXX object CMakeFiles/thread_priority_tests.dir/test/thread_priority_tests.cpp.o[0m
[ 46%] [32m[1mLinking CXX executable thread_priority_tests[0m
[ 50%] [32m[1mLinking CXX executable realtime_box_tests[0m
[ 50%] Built target realtime_box_tests
[ 50%] Built target thread_priority_tests
[ 53%] [32mBuilding CXX object CMakeFiles/test_async_function_handler.dir/test/test_async_function_handler.cpp.o[0m
[ 57%] [32m[1mLinking CXX executable test_async_function_handler[0m
[ 57%] Built target test_async_function_handler
[ 60%] [32mBuilding CXX object CMakeFiles/realtime_server_goal_handle_tests.dir/test/realtime_server_goal_handle_tests.cpp.o[0m
gmake[2]: *** [CMakeFiles/realtime_server_goal_handle_tests.dir/build.make:76: CMakeFiles/realtime_server_goal_handle_tests.dir/test/realtime_server_goal_handle_tests.cpp.o] Interrupt
gmake[1]: *** [CMakeFiles/Makefile2:444: CMakeFiles/realtime_server_goal_handle_tests.dir/all] Interrupt
gmake: *** [Makefile:146: all] Interrupt
