[0.021s] Invoking command in '/ros2_ws/build/wetexplorer_description': CMAKE_PREFIX_PATH=/opt/ros/humble:${CMAKE_PREFIX_PATH} /usr/bin/cmake --build /ros2_ws/build/wetexplorer_description -- -j12 -l12
[0.087s] Invoked command in '/ros2_ws/build/wetexplorer_description' returned '0': CMAKE_PREFIX_PATH=/opt/ros/humble:${CMAKE_PREFIX_PATH} /usr/bin/cmake --build /ros2_ws/build/wetexplorer_description -- -j12 -l12
[0.142s] Invoking command in '/ros2_ws/build/wetexplorer_description': CMAKE_PREFIX_PATH=/opt/ros/humble:${CMAKE_PREFIX_PATH} /usr/bin/cmake --install /ros2_ws/build/wetexplorer_description
[0.154s] -- Install configuration: ""
[0.155s] -- Execute custom install script
[0.156s] -- Up-to-date symlink: /ros2_ws/install/wetexplorer_description/share/wetexplorer_description/launch/description.launch.py
[0.156s] -- Up-to-date symlink: /ros2_ws/install/wetexplorer_description/share/wetexplorer_description/launch/rsp.launch.py
[0.156s] -- Up-to-date symlink: /ros2_ws/install/wetexplorer_description/share/wetexplorer_description/launch/view.launch
[0.158s] -- Up-to-date symlink: /ros2_ws/install/wetexplorer_description/share/wetexplorer_description/meshes/WETExplorer/TCP.STL
[0.158s] -- Up-to-date symlink: /ros2_ws/install/wetexplorer_description/share/wetexplorer_description/meshes/WETExplorer/base_link.STL
[0.159s] -- Up-to-date symlink: /ros2_ws/install/wetexplorer_description/share/wetexplorer_description/meshes/WETExplorer/central_frame_link.STL
[0.159s] -- Up-to-date symlink: /ros2_ws/install/wetexplorer_description/share/wetexplorer_description/meshes/WETExplorer/chamber_holder_link.STL
[0.159s] -- Up-to-date symlink: /ros2_ws/install/wetexplorer_description/share/wetexplorer_description/meshes/WETExplorer/chamber_link.STL
[0.160s] -- Up-to-date symlink: /ros2_ws/install/wetexplorer_description/share/wetexplorer_description/meshes/WETExplorer/chassis.STL
[0.160s] -- Up-to-date symlink: /ros2_ws/install/wetexplorer_description/share/wetexplorer_description/meshes/WETExplorer/coupling_link.STL
[0.160s] -- Up-to-date symlink: /ros2_ws/install/wetexplorer_description/share/wetexplorer_description/meshes/WETExplorer/gas_analyzer_link.STL
[0.160s] -- Up-to-date symlink: /ros2_ws/install/wetexplorer_description/share/wetexplorer_description/meshes/WETExplorer/gas_analyzer_support_link.STL
[0.161s] -- Up-to-date symlink: /ros2_ws/install/wetexplorer_description/share/wetexplorer_description/meshes/WETExplorer/gps_frame_link.STL
[0.161s] -- Up-to-date symlink: /ros2_ws/install/wetexplorer_description/share/wetexplorer_description/meshes/WETExplorer/gps_link.STL
[0.161s] -- Up-to-date symlink: /ros2_ws/install/wetexplorer_description/share/wetexplorer_description/meshes/WETExplorer/imu_link.STL
[0.162s] -- Up-to-date symlink: /ros2_ws/install/wetexplorer_description/share/wetexplorer_description/meshes/WETExplorer/linear_actuator_link.STL
[0.162s] -- Up-to-date symlink: /ros2_ws/install/wetexplorer_description/share/wetexplorer_description/meshes/WETExplorer/linear_actuator_support_link.STL
[0.162s] -- Up-to-date symlink: /ros2_ws/install/wetexplorer_description/share/wetexplorer_description/meshes/WETExplorer/power_pulley_left_link.STL
[0.163s] -- Up-to-date symlink: /ros2_ws/install/wetexplorer_description/share/wetexplorer_description/meshes/WETExplorer/power_pulley_right_link.STL
[0.163s] -- Up-to-date symlink: /ros2_ws/install/wetexplorer_description/share/wetexplorer_description/meshes/WETExplorer/prismatic_link.STL
[0.163s] -- Up-to-date symlink: /ros2_ws/install/wetexplorer_description/share/wetexplorer_description/meshes/WETExplorer/pulley_support_left_link.STL
[0.163s] -- Up-to-date symlink: /ros2_ws/install/wetexplorer_description/share/wetexplorer_description/meshes/WETExplorer/pulley_support_right_link.STL
[0.164s] -- Up-to-date symlink: /ros2_ws/install/wetexplorer_description/share/wetexplorer_description/meshes/WETExplorer/pulleys_left_link.STL
[0.164s] -- Up-to-date symlink: /ros2_ws/install/wetexplorer_description/share/wetexplorer_description/meshes/WETExplorer/pulleys_right_link.STL
[0.164s] -- Up-to-date symlink: /ros2_ws/install/wetexplorer_description/share/wetexplorer_description/meshes/WETExplorer/track_left_link.STL
[0.165s] -- Up-to-date symlink: /ros2_ws/install/wetexplorer_description/share/wetexplorer_description/meshes/WETExplorer/track_right_link.STL
[0.165s] -- Up-to-date symlink: /ros2_ws/install/wetexplorer_description/share/wetexplorer_description/meshes/aluminium_frame_link.STL
[0.165s] -- Up-to-date symlink: /ros2_ws/install/wetexplorer_description/share/wetexplorer_description/meshes/base_link.STL
[0.165s] -- Up-to-date symlink: /ros2_ws/install/wetexplorer_description/share/wetexplorer_description/meshes/chassis.STL
[0.166s] -- Up-to-date symlink: /ros2_ws/install/wetexplorer_description/share/wetexplorer_description/meshes/collision_chassis.STL
[0.166s] -- Up-to-date symlink: /ros2_ws/install/wetexplorer_description/share/wetexplorer_description/meshes/extra/aluminium_frame_link.STL
[0.166s] -- Up-to-date symlink: /ros2_ws/install/wetexplorer_description/share/wetexplorer_description/meshes/extra/chamber_link.STL
[0.166s] -- Up-to-date symlink: /ros2_ws/install/wetexplorer_description/share/wetexplorer_description/meshes/extra/chamber_original.STL
[0.167s] -- Up-to-date symlink: /ros2_ws/install/wetexplorer_description/share/wetexplorer_description/meshes/extra/gas_analyzer_link.STL
[0.167s] -- Up-to-date symlink: /ros2_ws/install/wetexplorer_description/share/wetexplorer_description/meshes/extra/gps_link.STL
[0.167s] -- Up-to-date symlink: /ros2_ws/install/wetexplorer_description/share/wetexplorer_description/meshes/extra/gps_link_2.STL
[0.168s] -- Up-to-date symlink: /ros2_ws/install/wetexplorer_description/share/wetexplorer_description/meshes/extra/imu_link.STL
[0.168s] -- Up-to-date symlink: /ros2_ws/install/wetexplorer_description/share/wetexplorer_description/meshes/extra/linear_actuator_link.STL
[0.168s] -- Up-to-date symlink: /ros2_ws/install/wetexplorer_description/share/wetexplorer_description/meshes/power_pulley_left_link.STL
[0.168s] -- Up-to-date symlink: /ros2_ws/install/wetexplorer_description/share/wetexplorer_description/meshes/power_pulley_right_link.STL
[0.169s] -- Up-to-date symlink: /ros2_ws/install/wetexplorer_description/share/wetexplorer_description/meshes/pulley_support_left_link.STL
[0.169s] -- Up-to-date symlink: /ros2_ws/install/wetexplorer_description/share/wetexplorer_description/meshes/pulley_support_right_link.STL
[0.169s] -- Up-to-date symlink: /ros2_ws/install/wetexplorer_description/share/wetexplorer_description/meshes/pulleys_left_link.STL
[0.169s] -- Up-to-date symlink: /ros2_ws/install/wetexplorer_description/share/wetexplorer_description/meshes/pulleys_right_link.STL
[0.170s] -- Up-to-date symlink: /ros2_ws/install/wetexplorer_description/share/wetexplorer_description/meshes/track_left_link.STL
[0.170s] -- Up-to-date symlink: /ros2_ws/install/wetexplorer_description/share/wetexplorer_description/meshes/track_right_link.STL
[0.171s] -- Up-to-date symlink: /ros2_ws/install/wetexplorer_description/share/wetexplorer_description/urdf/Robot_System.xacro
[0.171s] -- Up-to-date symlink: /ros2_ws/install/wetexplorer_description/share/wetexplorer_description/urdf/WETExplorer_chassis.xacro
[0.172s] -- Up-to-date symlink: /ros2_ws/install/wetexplorer_description/share/wetexplorer_description/urdf/accesories/aluminium_frame.xacro
[0.172s] -- Up-to-date symlink: /ros2_ws/install/wetexplorer_description/share/wetexplorer_description/urdf/accesories/central_frame.xacro
[0.172s] -- Up-to-date symlink: /ros2_ws/install/wetexplorer_description/share/wetexplorer_description/urdf/accesories/chamber.xacro
[0.173s] -- Up-to-date symlink: /ros2_ws/install/wetexplorer_description/share/wetexplorer_description/urdf/accesories/gas_analyzer.xacro
[0.173s] -- Up-to-date symlink: /ros2_ws/install/wetexplorer_description/share/wetexplorer_description/urdf/accesories/gps.xacro
[0.173s] -- Up-to-date symlink: /ros2_ws/install/wetexplorer_description/share/wetexplorer_description/urdf/accesories/imu.xacro
[0.173s] -- Up-to-date symlink: /ros2_ws/install/wetexplorer_description/share/wetexplorer_description/urdf/accesories/linear_actuator.xacro
[0.174s] -- Up-to-date symlink: /ros2_ws/install/wetexplorer_description/share/wetexplorer_description/urdf/chassis.xacro
[0.174s] -- Up-to-date symlink: /ros2_ws/install/wetexplorer_description/share/wetexplorer_description/urdf/chassis_static.xacro
[0.174s] -- Up-to-date symlink: /ros2_ws/install/wetexplorer_description/share/wetexplorer_description/urdf/cylinder_inertia.xacro
[0.175s] -- Up-to-date symlink: /ros2_ws/install/wetexplorer_description/share/wetexplorer_description/urdf/wheels.xacro
[0.175s] -- Up-to-date symlink: /ros2_ws/install/wetexplorer_description/share/wetexplorer_description/urdf/wheels/front_wheel.xacro
[0.175s] -- Up-to-date symlink: /ros2_ws/install/wetexplorer_description/share/wetexplorer_description/urdf/wheels/pseudowheels.xacro
[0.175s] -- Up-to-date symlink: /ros2_ws/install/wetexplorer_description/share/wetexplorer_description/urdf/wheels/rear_wheel.xacro
[0.176s] -- Up-to-date symlink: /ros2_ws/install/wetexplorer_description/share/wetexplorer_description/urdf/wheels/tracks_static.xacro
[0.176s] -- Up-to-date symlink: /ros2_ws/install/wetexplorer_description/share/ament_index/resource_index/package_run_dependencies/wetexplorer_description
[0.177s] -- Up-to-date symlink: /ros2_ws/install/wetexplorer_description/share/ament_index/resource_index/parent_prefix_path/wetexplorer_description
[0.177s] -- Up-to-date symlink: /ros2_ws/install/wetexplorer_description/share/wetexplorer_description/environment/ament_prefix_path.sh
[0.177s] -- Up-to-date symlink: /ros2_ws/install/wetexplorer_description/share/wetexplorer_description/environment/ament_prefix_path.dsv
[0.178s] -- Up-to-date symlink: /ros2_ws/install/wetexplorer_description/share/wetexplorer_description/environment/path.sh
[0.178s] -- Up-to-date symlink: /ros2_ws/install/wetexplorer_description/share/wetexplorer_description/environment/path.dsv
[0.179s] -- Up-to-date symlink: /ros2_ws/install/wetexplorer_description/share/wetexplorer_description/local_setup.bash
[0.179s] -- Up-to-date symlink: /ros2_ws/install/wetexplorer_description/share/wetexplorer_description/local_setup.sh
[0.179s] -- Up-to-date symlink: /ros2_ws/install/wetexplorer_description/share/wetexplorer_description/local_setup.zsh
[0.180s] -- Up-to-date symlink: /ros2_ws/install/wetexplorer_description/share/wetexplorer_description/local_setup.dsv
[0.180s] -- Symlinking: /ros2_ws/install/wetexplorer_description/share/wetexplorer_description/package.dsv
[0.197s] -- Up-to-date symlink: /ros2_ws/install/wetexplorer_description/share/ament_index/resource_index/packages/wetexplorer_description
[0.197s] -- Up-to-date symlink: /ros2_ws/install/wetexplorer_description/share/wetexplorer_description/cmake/ament_cmake_export_dependencies-extras.cmake
[0.198s] -- Up-to-date symlink: /ros2_ws/install/wetexplorer_description/share/wetexplorer_description/cmake/wetexplorer_descriptionConfig.cmake
[0.198s] -- Up-to-date symlink: /ros2_ws/install/wetexplorer_description/share/wetexplorer_description/cmake/wetexplorer_descriptionConfig-version.cmake
[0.198s] -- Up-to-date symlink: /ros2_ws/install/wetexplorer_description/share/wetexplorer_description/package.xml
[0.202s] Invoked command in '/ros2_ws/build/wetexplorer_description' returned '0': CMAKE_PREFIX_PATH=/opt/ros/humble:${CMAKE_PREFIX_PATH} /usr/bin/cmake --install /ros2_ws/build/wetexplorer_description
