[0.019s] Invoking command in '/ros2_ws/build/husky_control': AMENT_PREFIX_PATH=/ros2_ws/install/husky_description:${AMENT_PREFIX_PATH} CMAKE_PREFIX_PATH=/ros2_ws/install/husky_description:/ros2_ws/install/wetexplorer_description:/ros2_ws/install/articubot_one:/opt/ros/humble /usr/bin/cmake /ros2_ws/src/husky-humble-devel/husky_control -DCMAKE_INSTALL_PREFIX=/ros2_ws/install/husky_control
[0.205s] -- The C compiler identification is GNU 11.4.0
[0.372s] -- The CXX compiler identification is GNU 11.4.0
[0.385s] -- Detecting C compiler ABI info
[0.503s] -- Detecting C compiler ABI info - done
[0.523s] -- Check for working C compiler: /usr/bin/cc - skipped
[0.524s] -- Detecting C compile features
[0.525s] -- Detecting C compile features - done
[0.532s] -- Detecting CXX compiler ABI info
[0.677s] -- Detecting CXX compiler ABI info - done
[0.697s] -- Check for working CXX compiler: /usr/bin/c++ - skipped
[0.698s] -- Detecting CXX compile features
[0.699s] -- Detecting CXX compile features - done
[0.707s] -- Found ament_cmake: 1.3.10 (/opt/ros/humble/share/ament_cmake/cmake)
[0.927s] -- Found Python3: /usr/bin/python3 (found version "3.10.12") found components: Interpreter 
[1.202s] -- Configuring done
[1.209s] -- Generating done
[1.211s] -- Build files have been written to: /ros2_ws/build/husky_control
[1.220s] Invoked command in '/ros2_ws/build/husky_control' returned '0': AMENT_PREFIX_PATH=/ros2_ws/install/husky_description:${AMENT_PREFIX_PATH} CMAKE_PREFIX_PATH=/ros2_ws/install/husky_description:/ros2_ws/install/wetexplorer_description:/ros2_ws/install/articubot_one:/opt/ros/humble /usr/bin/cmake /ros2_ws/src/husky-humble-devel/husky_control -DCMAKE_INSTALL_PREFIX=/ros2_ws/install/husky_control
[1.223s] Invoking command in '/ros2_ws/build/husky_control': AMENT_PREFIX_PATH=/ros2_ws/install/husky_description:${AMENT_PREFIX_PATH} CMAKE_PREFIX_PATH=/ros2_ws/install/husky_description:/ros2_ws/install/wetexplorer_description:/ros2_ws/install/articubot_one:/opt/ros/humble /usr/bin/cmake --build /ros2_ws/build/husky_control -- -j12 -l12
[1.286s] Invoked command in '/ros2_ws/build/husky_control' returned '0': AMENT_PREFIX_PATH=/ros2_ws/install/husky_description:${AMENT_PREFIX_PATH} CMAKE_PREFIX_PATH=/ros2_ws/install/husky_description:/ros2_ws/install/wetexplorer_description:/ros2_ws/install/articubot_one:/opt/ros/humble /usr/bin/cmake --build /ros2_ws/build/husky_control -- -j12 -l12
[1.338s] Invoking command in '/ros2_ws/build/husky_control': AMENT_PREFIX_PATH=/ros2_ws/install/husky_description:${AMENT_PREFIX_PATH} CMAKE_PREFIX_PATH=/ros2_ws/install/husky_description:/ros2_ws/install/wetexplorer_description:/ros2_ws/install/articubot_one:/opt/ros/humble /usr/bin/cmake --install /ros2_ws/build/husky_control
[1.350s] -- Install configuration: ""
[1.350s] -- Installing: /ros2_ws/install/husky_control/share/husky_control/config
[1.350s] -- Installing: /ros2_ws/install/husky_control/share/husky_control/config/teleop_ps4.yaml
[1.350s] -- Installing: /ros2_ws/install/husky_control/share/husky_control/config/control.yaml
[1.351s] -- Installing: /ros2_ws/install/husky_control/share/husky_control/config/empty.yaml
[1.351s] -- Installing: /ros2_ws/install/husky_control/share/husky_control/config/public_interface.yaml
[1.351s] -- Installing: /ros2_ws/install/husky_control/share/husky_control/config/teleop_logitech.yaml
[1.352s] -- Installing: /ros2_ws/install/husky_control/share/husky_control/config/twist_mux.yaml
[1.352s] -- Installing: /ros2_ws/install/husky_control/share/husky_control/config/imu_filter.yaml
[1.352s] -- Installing: /ros2_ws/install/husky_control/share/husky_control/config/teleop_interactive_markers.yaml
[1.353s] -- Installing: /ros2_ws/install/husky_control/share/husky_control/config/gazebo_interface.yaml
[1.353s] -- Installing: /ros2_ws/install/husky_control/share/husky_control/config/localization.yaml
[1.353s] -- Installing: /ros2_ws/install/husky_control/share/husky_control/launch
[1.354s] -- Installing: /ros2_ws/install/husky_control/share/husky_control/launch/control.launch.py
[1.354s] -- Installing: /ros2_ws/install/husky_control/share/husky_control/launch/teleop_base.launch.py
[1.354s] -- Installing: /ros2_ws/install/husky_control/share/husky_control/launch/teleop.launch
[1.354s] -- Installing: /ros2_ws/install/husky_control/share/husky_control/launch/control.launch
[1.355s] -- Installing: /ros2_ws/install/husky_control/share/husky_control/launch/teleop_joy.launch.py
[1.355s] -- Installing: /ros2_ws/install/husky_control/share/ament_index/resource_index/package_run_dependencies/husky_control
[1.356s] -- Installing: /ros2_ws/install/husky_control/share/ament_index/resource_index/parent_prefix_path/husky_control
[1.356s] -- Installing: /ros2_ws/install/husky_control/share/husky_control/environment/ament_prefix_path.sh
[1.356s] -- Installing: /ros2_ws/install/husky_control/share/husky_control/environment/ament_prefix_path.dsv
[1.356s] -- Installing: /ros2_ws/install/husky_control/share/husky_control/environment/path.sh
[1.357s] -- Installing: /ros2_ws/install/husky_control/share/husky_control/environment/path.dsv
[1.357s] -- Installing: /ros2_ws/install/husky_control/share/husky_control/local_setup.bash
[1.357s] -- Installing: /ros2_ws/install/husky_control/share/husky_control/local_setup.sh
[1.358s] -- Installing: /ros2_ws/install/husky_control/share/husky_control/local_setup.zsh
[1.358s] -- Installing: /ros2_ws/install/husky_control/share/husky_control/local_setup.dsv
[1.358s] -- Installing: /ros2_ws/install/husky_control/share/husky_control/package.dsv
[1.358s] -- Installing: /ros2_ws/install/husky_control/share/ament_index/resource_index/packages/husky_control
[1.359s] -- Installing: /ros2_ws/install/husky_control/share/husky_control/cmake/husky_controlConfig.cmake
[1.359s] -- Installing: /ros2_ws/install/husky_control/share/husky_control/cmake/husky_controlConfig-version.cmake
[1.359s] -- Installing: /ros2_ws/install/husky_control/share/husky_control/package.xml
[1.363s] Invoked command in '/ros2_ws/build/husky_control' returned '0': AMENT_PREFIX_PATH=/ros2_ws/install/husky_description:${AMENT_PREFIX_PATH} CMAKE_PREFIX_PATH=/ros2_ws/install/husky_description:/ros2_ws/install/wetexplorer_description:/ros2_ws/install/articubot_one:/opt/ros/humble /usr/bin/cmake --install /ros2_ws/build/husky_control
