[0.019s] Invoking command in '/ros2_ws/build/wetexplorer_gazebo': /usr/bin/cmake /ros2_ws/src/wetexplorer/wetexplorer_gazebo -DCATKIN_INSTALL_INTO_PREFIX_ROOT=0 -DCMAKE_INSTALL_PREFIX=/ros2_ws/install/wetexplorer_gazebo
[0.127s] -- The C compiler identification is GNU 11.4.0
[0.239s] -- The CXX compiler identification is GNU 11.4.0
[0.255s] -- Detecting C compiler ABI info
[0.379s] -- Detecting C compiler ABI info - done
[0.394s] -- Check for working C compiler: /usr/bin/cc - skipped
[0.395s] -- Detecting C compile features
[0.396s] -- Detecting C compile features - done
[0.403s] -- Detecting CXX compiler ABI info
[0.541s] -- Detecting CXX compiler ABI info - done
[0.558s] -- Check for working CXX compiler: /usr/bin/c++ - skipped
[0.558s] -- Detecting CXX compile features
[0.559s] -- Detecting CXX compile features - done
[0.589s] [31mCMake Error at CMakeLists.txt:10 (find_package):
[0.590s]   By not providing "Findcatkin.cmake" in CMAKE_MODULE_PATH this project has
[0.590s]   asked CMake to find a package configuration file provided by "catkin", but
[0.590s]   CMake did not find one.
[0.590s] 
[0.590s]   Could not find a package configuration file provided by "catkin" with any
[0.590s]   of the following names:
[0.590s] 
[0.590s]     catkinConfig.cmake
[0.590s]     catkin-config.cmake
[0.590s] 
[0.591s]   Add the installation prefix of "catkin" to CMAKE_PREFIX_PATH or set
[0.591s]   "catkin_DIR" to a directory containing one of the above files.  If "catkin"
[0.591s]   provides a separate development package or SDK, be sure it has been
[0.591s]   installed.
[0.591s] 
[0.591s] [0m
[0.591s] -- Configuring incomplete, errors occurred!
[0.591s] See also "/ros2_ws/build/wetexplorer_gazebo/CMakeFiles/CMakeOutput.log".
[0.594s] Invoked command in '/ros2_ws/build/wetexplorer_gazebo' returned '1': /usr/bin/cmake /ros2_ws/src/wetexplorer/wetexplorer_gazebo -DCATKIN_INSTALL_INTO_PREFIX_ROOT=0 -DCMAKE_INSTALL_PREFIX=/ros2_ws/install/wetexplorer_gazebo
