[0.044s] Invoking command in '/ros2_ws/build/robo_base': /usr/bin/cmake /ros2_ws/src/robo_base/robo_base -DCATKIN_INSTALL_INTO_PREFIX_ROOT=0 -DCMAKE_INSTALL_PREFIX=/ros2_ws/install/robo_base
[0.096s] [0mCMake Deprecation Warning at CMakeLists.txt:1 (cmake_minimum_required):
[0.096s]   Compatibility with CMake < 2.8.12 will be removed from a future version of
[0.097s]   CMake.
[0.098s] 
[0.098s]   Update the VERSION argument <min> value or use a ...<max> suffix to tell
[0.098s]   CMake that the project does not need compatibility with older versions.
[0.098s] 
[0.098s] [0m
[0.154s] -- The C compiler identification is GNU 11.4.0
[0.267s] -- The CXX compiler identification is GNU 11.4.0
[0.278s] -- Detecting C compiler ABI info
[0.432s] -- Detecting C compiler ABI info - done
[0.452s] -- Check for working C compiler: /usr/bin/cc - skipped
[0.452s] -- Detecting C compile features
[0.453s] -- Detecting C compile features - done
[0.460s] -- Detecting CXX compiler ABI info
[0.621s] -- Detecting CXX compiler ABI info - done
[0.638s] -- Check for working CXX compiler: /usr/bin/c++ - skipped
[0.638s] -- Detecting CXX compile features
[0.643s] -- Detecting CXX compile features - done
[0.667s] [31mCMake Error at CMakeLists.txt:7 (find_package):
[0.667s]   By not providing "Findcatkin.cmake" in CMAKE_MODULE_PATH this project has
[0.667s]   asked CMake to find a package configuration file provided by "catkin", but
[0.667s]   CMake did not find one.
[0.668s] 
[0.668s]   Could not find a package configuration file provided by "catkin" with any
[0.668s]   of the following names:
[0.668s] 
[0.668s]     catkinConfig.cmake
[0.668s]     catkin-config.cmake
[0.668s] 
[0.668s]   Add the installation prefix of "catkin" to CMAKE_PREFIX_PATH or set
[0.668s]   "catkin_DIR" to a directory containing one of the above files.  If "catkin"
[0.669s]   provides a separate development package or SDK, be sure it has been
[0.669s]   installed.
[0.669s] 
[0.669s] [0m
[0.669s] -- Configuring incomplete, errors occurred!
[0.669s] See also "/ros2_ws/build/robo_base/CMakeFiles/CMakeOutput.log".
[0.674s] Invoked command in '/ros2_ws/build/robo_base' returned '1': /usr/bin/cmake /ros2_ws/src/robo_base/robo_base -DCATKIN_INSTALL_INTO_PREFIX_ROOT=0 -DCMAKE_INSTALL_PREFIX=/ros2_ws/install/robo_base
