[0.185s] DEBUG:colcon:Command line arguments: ['/usr/bin/colcon', 'build', '--symlink-install', '--packages-select', 'wetexplorer_description']
[0.185s] DEBUG:colcon:Parsed command line arguments: Namespace(log_base=None, log_level=None, verb_name='build', build_base='build', install_base='install', merge_install=False, symlink_install=True, test_result_base=None, continue_on_error=False, executor='parallel', parallel_workers=12, event_handlers=None, ignore_user_meta=False, metas=['./colcon.meta'], base_paths=['.'], packages_ignore=None, packages_ignore_regex=None, paths=None, packages_up_to=None, packages_up_to_regex=None, packages_above=None, packages_above_and_dependencies=None, packages_above_depth=None, packages_select_by_dep=None, packages_skip_by_dep=None, packages_skip_up_to=None, packages_select_build_failed=False, packages_skip_build_finished=False, packages_select_test_failures=False, packages_skip_test_passed=False, packages_select=['wetexplorer_description'], packages_skip=None, packages_select_regex=None, packages_skip_regex=None, packages_start=None, packages_end=None, cmake_args=None, cmake_target=None, cmake_target_skip_unavailable=False, cmake_clean_cache=False, cmake_clean_first=False, cmake_force_configure=False, ament_cmake_args=None, catkin_cmake_args=None, catkin_skip_building_tests=False, mixin_files=None, mixin=None, verb_parser=<colcon_mixin.mixin.mixin_argument.MixinArgumentDecorator object at 0x716806d174c0>, verb_extension=<colcon_core.verb.build.BuildVerb object at 0x716806d16f50>, main=<bound method BuildVerb.main of <colcon_core.verb.build.BuildVerb object at 0x716806d16f50>>, mixin_verb=('build',))
[0.401s] Level 1:colcon.colcon_core.package_discovery:discover_packages(colcon_meta) check parameters
[0.401s] Level 1:colcon.colcon_core.package_discovery:discover_packages(recursive) check parameters
[0.401s] Level 1:colcon.colcon_core.package_discovery:discover_packages(ignore) check parameters
[0.401s] Level 1:colcon.colcon_core.package_discovery:discover_packages(path) check parameters
[0.401s] Level 1:colcon.colcon_core.package_discovery:discover_packages(colcon_meta) discover
[0.401s] Level 1:colcon.colcon_core.package_discovery:discover_packages(recursive) discover
[0.401s] INFO:colcon.colcon_core.package_discovery:Crawling recursively for packages in '/ros2_ws'
[0.402s] Level 1:colcon.colcon_core.package_identification:_identify(.) by extensions ['ignore', 'ignore_ament_install']
[0.402s] Level 1:colcon.colcon_core.package_identification:_identify(.) by extension 'ignore'
[0.402s] Level 1:colcon.colcon_core.package_identification:_identify(.) by extension 'ignore_ament_install'
[0.403s] Level 1:colcon.colcon_core.package_identification:_identify(.) by extensions ['colcon_pkg']
[0.403s] Level 1:colcon.colcon_core.package_identification:_identify(.) by extension 'colcon_pkg'
[0.403s] Level 1:colcon.colcon_core.package_identification:_identify(.) by extensions ['colcon_meta']
[0.403s] Level 1:colcon.colcon_core.package_identification:_identify(.) by extension 'colcon_meta'
[0.403s] Level 1:colcon.colcon_core.package_identification:_identify(.) by extensions ['ros']
[0.403s] Level 1:colcon.colcon_core.package_identification:_identify(.) by extension 'ros'
[0.420s] Level 1:colcon.colcon_core.package_identification:_identify(.) by extensions ['cmake', 'python']
[0.421s] Level 1:colcon.colcon_core.package_identification:_identify(.) by extension 'cmake'
[0.421s] Level 1:colcon.colcon_core.package_identification:_identify(.) by extension 'python'
[0.421s] Level 1:colcon.colcon_core.package_identification:_identify(.) by extensions ['python_setup_py']
[0.421s] Level 1:colcon.colcon_core.package_identification:_identify(.) by extension 'python_setup_py'
[0.421s] Level 1:colcon.colcon_core.package_identification:_identify(build) by extensions ['ignore', 'ignore_ament_install']
[0.421s] Level 1:colcon.colcon_core.package_identification:_identify(build) by extension 'ignore'
[0.421s] Level 1:colcon.colcon_core.package_identification:_identify(build) ignored
[0.421s] Level 1:colcon.colcon_core.package_identification:_identify(install) by extensions ['ignore', 'ignore_ament_install']
[0.422s] Level 1:colcon.colcon_core.package_identification:_identify(install) by extension 'ignore'
[0.422s] Level 1:colcon.colcon_core.package_identification:_identify(install) ignored
[0.422s] Level 1:colcon.colcon_core.package_identification:_identify(log) by extensions ['ignore', 'ignore_ament_install']
[0.422s] Level 1:colcon.colcon_core.package_identification:_identify(log) by extension 'ignore'
[0.422s] Level 1:colcon.colcon_core.package_identification:_identify(log) ignored
[0.422s] Level 1:colcon.colcon_core.package_identification:_identify(src) by extensions ['ignore', 'ignore_ament_install']
[0.422s] Level 1:colcon.colcon_core.package_identification:_identify(src) by extension 'ignore'
[0.422s] Level 1:colcon.colcon_core.package_identification:_identify(src) by extension 'ignore_ament_install'
[0.423s] Level 1:colcon.colcon_core.package_identification:_identify(src) by extensions ['colcon_pkg']
[0.423s] Level 1:colcon.colcon_core.package_identification:_identify(src) by extension 'colcon_pkg'
[0.423s] Level 1:colcon.colcon_core.package_identification:_identify(src) by extensions ['colcon_meta']
[0.423s] Level 1:colcon.colcon_core.package_identification:_identify(src) by extension 'colcon_meta'
[0.423s] Level 1:colcon.colcon_core.package_identification:_identify(src) by extensions ['ros']
[0.423s] Level 1:colcon.colcon_core.package_identification:_identify(src) by extension 'ros'
[0.423s] Level 1:colcon.colcon_core.package_identification:_identify(src) by extensions ['cmake', 'python']
[0.423s] Level 1:colcon.colcon_core.package_identification:_identify(src) by extension 'cmake'
[0.423s] Level 1:colcon.colcon_core.package_identification:_identify(src) by extension 'python'
[0.423s] Level 1:colcon.colcon_core.package_identification:_identify(src) by extensions ['python_setup_py']
[0.423s] Level 1:colcon.colcon_core.package_identification:_identify(src) by extension 'python_setup_py'
[0.423s] Level 1:colcon.colcon_core.package_identification:_identify(src/articubot_one) by extensions ['ignore', 'ignore_ament_install']
[0.424s] Level 1:colcon.colcon_core.package_identification:_identify(src/articubot_one) by extension 'ignore'
[0.424s] Level 1:colcon.colcon_core.package_identification:_identify(src/articubot_one) by extension 'ignore_ament_install'
[0.424s] Level 1:colcon.colcon_core.package_identification:_identify(src/articubot_one) by extensions ['colcon_pkg']
[0.424s] Level 1:colcon.colcon_core.package_identification:_identify(src/articubot_one) by extension 'colcon_pkg'
[0.424s] Level 1:colcon.colcon_core.package_identification:_identify(src/articubot_one) by extensions ['colcon_meta']
[0.424s] Level 1:colcon.colcon_core.package_identification:_identify(src/articubot_one) by extension 'colcon_meta'
[0.424s] Level 1:colcon.colcon_core.package_identification:_identify(src/articubot_one) by extensions ['ros']
[0.424s] Level 1:colcon.colcon_core.package_identification:_identify(src/articubot_one) by extension 'ros'
[0.428s] DEBUG:colcon.colcon_core.package_identification:Package 'src/articubot_one' with type 'ros.ament_cmake' and name 'articubot_one'
[0.429s] Level 1:colcon.colcon_core.package_identification:_identify(src/control_msgs) by extensions ['ignore', 'ignore_ament_install']
[0.429s] Level 1:colcon.colcon_core.package_identification:_identify(src/control_msgs) by extension 'ignore'
[0.429s] Level 1:colcon.colcon_core.package_identification:_identify(src/control_msgs) by extension 'ignore_ament_install'
[0.429s] Level 1:colcon.colcon_core.package_identification:_identify(src/control_msgs) by extensions ['colcon_pkg']
[0.429s] Level 1:colcon.colcon_core.package_identification:_identify(src/control_msgs) by extension 'colcon_pkg'
[0.429s] Level 1:colcon.colcon_core.package_identification:_identify(src/control_msgs) by extensions ['colcon_meta']
[0.429s] Level 1:colcon.colcon_core.package_identification:_identify(src/control_msgs) by extension 'colcon_meta'
[0.429s] Level 1:colcon.colcon_core.package_identification:_identify(src/control_msgs) by extensions ['ros']
[0.429s] Level 1:colcon.colcon_core.package_identification:_identify(src/control_msgs) by extension 'ros'
[0.429s] Level 1:colcon.colcon_core.package_identification:_identify(src/control_msgs) by extensions ['cmake', 'python']
[0.429s] Level 1:colcon.colcon_core.package_identification:_identify(src/control_msgs) by extension 'cmake'
[0.430s] Level 1:colcon.colcon_core.package_identification:_identify(src/control_msgs) by extension 'python'
[0.430s] Level 1:colcon.colcon_core.package_identification:_identify(src/control_msgs) by extensions ['python_setup_py']
[0.430s] Level 1:colcon.colcon_core.package_identification:_identify(src/control_msgs) by extension 'python_setup_py'
[0.430s] Level 1:colcon.colcon_core.package_identification:_identify(src/control_msgs/control_msgs) by extensions ['ignore', 'ignore_ament_install']
[0.430s] Level 1:colcon.colcon_core.package_identification:_identify(src/control_msgs/control_msgs) by extension 'ignore'
[0.430s] Level 1:colcon.colcon_core.package_identification:_identify(src/control_msgs/control_msgs) by extension 'ignore_ament_install'
[0.430s] Level 1:colcon.colcon_core.package_identification:_identify(src/control_msgs/control_msgs) by extensions ['colcon_pkg']
[0.430s] Level 1:colcon.colcon_core.package_identification:_identify(src/control_msgs/control_msgs) by extension 'colcon_pkg'
[0.430s] Level 1:colcon.colcon_core.package_identification:_identify(src/control_msgs/control_msgs) by extensions ['colcon_meta']
[0.430s] Level 1:colcon.colcon_core.package_identification:_identify(src/control_msgs/control_msgs) by extension 'colcon_meta'
[0.430s] Level 1:colcon.colcon_core.package_identification:_identify(src/control_msgs/control_msgs) by extensions ['ros']
[0.430s] Level 1:colcon.colcon_core.package_identification:_identify(src/control_msgs/control_msgs) by extension 'ros'
[0.432s] DEBUG:colcon.colcon_core.package_identification:Package 'src/control_msgs/control_msgs' with type 'ros.ament_cmake' and name 'control_msgs'
[0.432s] Level 1:colcon.colcon_core.package_identification:_identify(src/husky-humble-devel) by extensions ['ignore', 'ignore_ament_install']
[0.432s] Level 1:colcon.colcon_core.package_identification:_identify(src/husky-humble-devel) by extension 'ignore'
[0.432s] Level 1:colcon.colcon_core.package_identification:_identify(src/husky-humble-devel) by extension 'ignore_ament_install'
[0.433s] Level 1:colcon.colcon_core.package_identification:_identify(src/husky-humble-devel) by extensions ['colcon_pkg']
[0.433s] Level 1:colcon.colcon_core.package_identification:_identify(src/husky-humble-devel) by extension 'colcon_pkg'
[0.433s] Level 1:colcon.colcon_core.package_identification:_identify(src/husky-humble-devel) by extensions ['colcon_meta']
[0.433s] Level 1:colcon.colcon_core.package_identification:_identify(src/husky-humble-devel) by extension 'colcon_meta'
[0.433s] Level 1:colcon.colcon_core.package_identification:_identify(src/husky-humble-devel) by extensions ['ros']
[0.433s] Level 1:colcon.colcon_core.package_identification:_identify(src/husky-humble-devel) by extension 'ros'
[0.433s] Level 1:colcon.colcon_core.package_identification:_identify(src/husky-humble-devel) by extensions ['cmake', 'python']
[0.433s] Level 1:colcon.colcon_core.package_identification:_identify(src/husky-humble-devel) by extension 'cmake'
[0.433s] Level 1:colcon.colcon_core.package_identification:_identify(src/husky-humble-devel) by extension 'python'
[0.433s] Level 1:colcon.colcon_core.package_identification:_identify(src/husky-humble-devel) by extensions ['python_setup_py']
[0.433s] Level 1:colcon.colcon_core.package_identification:_identify(src/husky-humble-devel) by extension 'python_setup_py'
[0.433s] Level 1:colcon.colcon_core.package_identification:_identify(src/husky-humble-devel/husky_base) by extensions ['ignore', 'ignore_ament_install']
[0.434s] Level 1:colcon.colcon_core.package_identification:_identify(src/husky-humble-devel/husky_base) by extension 'ignore'
[0.434s] Level 1:colcon.colcon_core.package_identification:_identify(src/husky-humble-devel/husky_base) by extension 'ignore_ament_install'
[0.434s] Level 1:colcon.colcon_core.package_identification:_identify(src/husky-humble-devel/husky_base) by extensions ['colcon_pkg']
[0.434s] Level 1:colcon.colcon_core.package_identification:_identify(src/husky-humble-devel/husky_base) by extension 'colcon_pkg'
[0.434s] Level 1:colcon.colcon_core.package_identification:_identify(src/husky-humble-devel/husky_base) by extensions ['colcon_meta']
[0.434s] Level 1:colcon.colcon_core.package_identification:_identify(src/husky-humble-devel/husky_base) by extension 'colcon_meta'
[0.434s] Level 1:colcon.colcon_core.package_identification:_identify(src/husky-humble-devel/husky_base) by extensions ['ros']
[0.434s] Level 1:colcon.colcon_core.package_identification:_identify(src/husky-humble-devel/husky_base) by extension 'ros'
[0.437s] DEBUG:colcon.colcon_core.package_identification:Package 'src/husky-humble-devel/husky_base' with type 'ros.ament_cmake' and name 'husky_base'
[0.437s] Level 1:colcon.colcon_core.package_identification:_identify(src/husky-humble-devel/husky_bringup) by extensions ['ignore', 'ignore_ament_install']
[0.437s] Level 1:colcon.colcon_core.package_identification:_identify(src/husky-humble-devel/husky_bringup) by extension 'ignore'
[0.437s] Level 1:colcon.colcon_core.package_identification:_identify(src/husky-humble-devel/husky_bringup) by extension 'ignore_ament_install'
[0.437s] Level 1:colcon.colcon_core.package_identification:_identify(src/husky-humble-devel/husky_bringup) by extensions ['colcon_pkg']
[0.437s] Level 1:colcon.colcon_core.package_identification:_identify(src/husky-humble-devel/husky_bringup) by extension 'colcon_pkg'
[0.437s] Level 1:colcon.colcon_core.package_identification:_identify(src/husky-humble-devel/husky_bringup) by extensions ['colcon_meta']
[0.437s] Level 1:colcon.colcon_core.package_identification:_identify(src/husky-humble-devel/husky_bringup) by extension 'colcon_meta'
[0.437s] Level 1:colcon.colcon_core.package_identification:_identify(src/husky-humble-devel/husky_bringup) by extensions ['ros']
[0.437s] Level 1:colcon.colcon_core.package_identification:_identify(src/husky-humble-devel/husky_bringup) by extension 'ros'
[0.438s] DEBUG:colcon.colcon_core.package_identification:Package 'src/husky-humble-devel/husky_bringup' with type 'ros.ament_cmake' and name 'husky_bringup'
[0.439s] Level 1:colcon.colcon_core.package_identification:_identify(src/husky-humble-devel/husky_control) by extensions ['ignore', 'ignore_ament_install']
[0.439s] Level 1:colcon.colcon_core.package_identification:_identify(src/husky-humble-devel/husky_control) by extension 'ignore'
[0.439s] Level 1:colcon.colcon_core.package_identification:_identify(src/husky-humble-devel/husky_control) by extension 'ignore_ament_install'
[0.439s] Level 1:colcon.colcon_core.package_identification:_identify(src/husky-humble-devel/husky_control) by extensions ['colcon_pkg']
[0.439s] Level 1:colcon.colcon_core.package_identification:_identify(src/husky-humble-devel/husky_control) by extension 'colcon_pkg'
[0.439s] Level 1:colcon.colcon_core.package_identification:_identify(src/husky-humble-devel/husky_control) by extensions ['colcon_meta']
[0.439s] Level 1:colcon.colcon_core.package_identification:_identify(src/husky-humble-devel/husky_control) by extension 'colcon_meta'
[0.439s] Level 1:colcon.colcon_core.package_identification:_identify(src/husky-humble-devel/husky_control) by extensions ['ros']
[0.439s] Level 1:colcon.colcon_core.package_identification:_identify(src/husky-humble-devel/husky_control) by extension 'ros'
[0.441s] DEBUG:colcon.colcon_core.package_identification:Package 'src/husky-humble-devel/husky_control' with type 'ros.ament_cmake' and name 'husky_control'
[0.441s] Level 1:colcon.colcon_core.package_identification:_identify(src/husky-humble-devel/husky_description) by extensions ['ignore', 'ignore_ament_install']
[0.442s] Level 1:colcon.colcon_core.package_identification:_identify(src/husky-humble-devel/husky_description) by extension 'ignore'
[0.442s] Level 1:colcon.colcon_core.package_identification:_identify(src/husky-humble-devel/husky_description) by extension 'ignore_ament_install'
[0.442s] Level 1:colcon.colcon_core.package_identification:_identify(src/husky-humble-devel/husky_description) by extensions ['colcon_pkg']
[0.442s] Level 1:colcon.colcon_core.package_identification:_identify(src/husky-humble-devel/husky_description) by extension 'colcon_pkg'
[0.442s] Level 1:colcon.colcon_core.package_identification:_identify(src/husky-humble-devel/husky_description) by extensions ['colcon_meta']
[0.442s] Level 1:colcon.colcon_core.package_identification:_identify(src/husky-humble-devel/husky_description) by extension 'colcon_meta'
[0.442s] Level 1:colcon.colcon_core.package_identification:_identify(src/husky-humble-devel/husky_description) by extensions ['ros']
[0.442s] Level 1:colcon.colcon_core.package_identification:_identify(src/husky-humble-devel/husky_description) by extension 'ros'
[0.443s] DEBUG:colcon.colcon_core.package_identification:Package 'src/husky-humble-devel/husky_description' with type 'ros.ament_cmake' and name 'husky_description'
[0.443s] Level 1:colcon.colcon_core.package_identification:_identify(src/husky-humble-devel/husky_desktop) by extensions ['ignore', 'ignore_ament_install']
[0.443s] Level 1:colcon.colcon_core.package_identification:_identify(src/husky-humble-devel/husky_desktop) by extension 'ignore'
[0.444s] Level 1:colcon.colcon_core.package_identification:_identify(src/husky-humble-devel/husky_desktop) by extension 'ignore_ament_install'
[0.444s] Level 1:colcon.colcon_core.package_identification:_identify(src/husky-humble-devel/husky_desktop) by extensions ['colcon_pkg']
[0.444s] Level 1:colcon.colcon_core.package_identification:_identify(src/husky-humble-devel/husky_desktop) by extension 'colcon_pkg'
[0.444s] Level 1:colcon.colcon_core.package_identification:_identify(src/husky-humble-devel/husky_desktop) by extensions ['colcon_meta']
[0.444s] Level 1:colcon.colcon_core.package_identification:_identify(src/husky-humble-devel/husky_desktop) by extension 'colcon_meta'
[0.444s] Level 1:colcon.colcon_core.package_identification:_identify(src/husky-humble-devel/husky_desktop) by extensions ['ros']
[0.444s] Level 1:colcon.colcon_core.package_identification:_identify(src/husky-humble-devel/husky_desktop) by extension 'ros'
[0.445s] DEBUG:colcon.colcon_core.package_identification:Package 'src/husky-humble-devel/husky_desktop' with type 'ros.ament_cmake' and name 'husky_desktop'
[0.445s] Level 1:colcon.colcon_core.package_identification:_identify(src/husky-humble-devel/husky_gazebo) by extensions ['ignore', 'ignore_ament_install']
[0.445s] Level 1:colcon.colcon_core.package_identification:_identify(src/husky-humble-devel/husky_gazebo) by extension 'ignore'
[0.445s] Level 1:colcon.colcon_core.package_identification:_identify(src/husky-humble-devel/husky_gazebo) by extension 'ignore_ament_install'
[0.445s] Level 1:colcon.colcon_core.package_identification:_identify(src/husky-humble-devel/husky_gazebo) by extensions ['colcon_pkg']
[0.445s] Level 1:colcon.colcon_core.package_identification:_identify(src/husky-humble-devel/husky_gazebo) by extension 'colcon_pkg'
[0.446s] Level 1:colcon.colcon_core.package_identification:_identify(src/husky-humble-devel/husky_gazebo) by extensions ['colcon_meta']
[0.446s] Level 1:colcon.colcon_core.package_identification:_identify(src/husky-humble-devel/husky_gazebo) by extension 'colcon_meta'
[0.446s] Level 1:colcon.colcon_core.package_identification:_identify(src/husky-humble-devel/husky_gazebo) by extensions ['ros']
[0.446s] Level 1:colcon.colcon_core.package_identification:_identify(src/husky-humble-devel/husky_gazebo) by extension 'ros'
[0.447s] DEBUG:colcon.colcon_core.package_identification:Package 'src/husky-humble-devel/husky_gazebo' with type 'ros.ament_cmake' and name 'husky_gazebo'
[0.447s] Level 1:colcon.colcon_core.package_identification:_identify(src/husky-humble-devel/husky_msgs) by extensions ['ignore', 'ignore_ament_install']
[0.447s] Level 1:colcon.colcon_core.package_identification:_identify(src/husky-humble-devel/husky_msgs) by extension 'ignore'
[0.447s] Level 1:colcon.colcon_core.package_identification:_identify(src/husky-humble-devel/husky_msgs) by extension 'ignore_ament_install'
[0.447s] Level 1:colcon.colcon_core.package_identification:_identify(src/husky-humble-devel/husky_msgs) by extensions ['colcon_pkg']
[0.448s] Level 1:colcon.colcon_core.package_identification:_identify(src/husky-humble-devel/husky_msgs) by extension 'colcon_pkg'
[0.448s] Level 1:colcon.colcon_core.package_identification:_identify(src/husky-humble-devel/husky_msgs) by extensions ['colcon_meta']
[0.448s] Level 1:colcon.colcon_core.package_identification:_identify(src/husky-humble-devel/husky_msgs) by extension 'colcon_meta'
[0.448s] Level 1:colcon.colcon_core.package_identification:_identify(src/husky-humble-devel/husky_msgs) by extensions ['ros']
[0.448s] Level 1:colcon.colcon_core.package_identification:_identify(src/husky-humble-devel/husky_msgs) by extension 'ros'
[0.449s] DEBUG:colcon.colcon_core.package_identification:Package 'src/husky-humble-devel/husky_msgs' with type 'ros.ament_cmake' and name 'husky_msgs'
[0.449s] Level 1:colcon.colcon_core.package_identification:_identify(src/husky-humble-devel/husky_navigation) by extensions ['ignore', 'ignore_ament_install']
[0.449s] Level 1:colcon.colcon_core.package_identification:_identify(src/husky-humble-devel/husky_navigation) by extension 'ignore'
[0.449s] Level 1:colcon.colcon_core.package_identification:_identify(src/husky-humble-devel/husky_navigation) ignored
[0.449s] Level 1:colcon.colcon_core.package_identification:_identify(src/husky-humble-devel/husky_robot) by extensions ['ignore', 'ignore_ament_install']
[0.449s] Level 1:colcon.colcon_core.package_identification:_identify(src/husky-humble-devel/husky_robot) by extension 'ignore'
[0.449s] Level 1:colcon.colcon_core.package_identification:_identify(src/husky-humble-devel/husky_robot) by extension 'ignore_ament_install'
[0.450s] Level 1:colcon.colcon_core.package_identification:_identify(src/husky-humble-devel/husky_robot) by extensions ['colcon_pkg']
[0.450s] Level 1:colcon.colcon_core.package_identification:_identify(src/husky-humble-devel/husky_robot) by extension 'colcon_pkg'
[0.450s] Level 1:colcon.colcon_core.package_identification:_identify(src/husky-humble-devel/husky_robot) by extensions ['colcon_meta']
[0.450s] Level 1:colcon.colcon_core.package_identification:_identify(src/husky-humble-devel/husky_robot) by extension 'colcon_meta'
[0.450s] Level 1:colcon.colcon_core.package_identification:_identify(src/husky-humble-devel/husky_robot) by extensions ['ros']
[0.450s] Level 1:colcon.colcon_core.package_identification:_identify(src/husky-humble-devel/husky_robot) by extension 'ros'
[0.451s] DEBUG:colcon.colcon_core.package_identification:Package 'src/husky-humble-devel/husky_robot' with type 'ros.ament_cmake' and name 'husky_robot'
[0.451s] Level 1:colcon.colcon_core.package_identification:_identify(src/husky-humble-devel/husky_simulator) by extensions ['ignore', 'ignore_ament_install']
[0.451s] Level 1:colcon.colcon_core.package_identification:_identify(src/husky-humble-devel/husky_simulator) by extension 'ignore'
[0.451s] Level 1:colcon.colcon_core.package_identification:_identify(src/husky-humble-devel/husky_simulator) by extension 'ignore_ament_install'
[0.451s] Level 1:colcon.colcon_core.package_identification:_identify(src/husky-humble-devel/husky_simulator) by extensions ['colcon_pkg']
[0.451s] Level 1:colcon.colcon_core.package_identification:_identify(src/husky-humble-devel/husky_simulator) by extension 'colcon_pkg'
[0.451s] Level 1:colcon.colcon_core.package_identification:_identify(src/husky-humble-devel/husky_simulator) by extensions ['colcon_meta']
[0.451s] Level 1:colcon.colcon_core.package_identification:_identify(src/husky-humble-devel/husky_simulator) by extension 'colcon_meta'
[0.451s] Level 1:colcon.colcon_core.package_identification:_identify(src/husky-humble-devel/husky_simulator) by extensions ['ros']
[0.451s] Level 1:colcon.colcon_core.package_identification:_identify(src/husky-humble-devel/husky_simulator) by extension 'ros'
[0.452s] DEBUG:colcon.colcon_core.package_identification:Package 'src/husky-humble-devel/husky_simulator' with type 'ros.ament_cmake' and name 'husky_simulator'
[0.452s] Level 1:colcon.colcon_core.package_identification:_identify(src/husky-humble-devel/husky_viz) by extensions ['ignore', 'ignore_ament_install']
[0.453s] Level 1:colcon.colcon_core.package_identification:_identify(src/husky-humble-devel/husky_viz) by extension 'ignore'
[0.453s] Level 1:colcon.colcon_core.package_identification:_identify(src/husky-humble-devel/husky_viz) by extension 'ignore_ament_install'
[0.453s] Level 1:colcon.colcon_core.package_identification:_identify(src/husky-humble-devel/husky_viz) by extensions ['colcon_pkg']
[0.453s] Level 1:colcon.colcon_core.package_identification:_identify(src/husky-humble-devel/husky_viz) by extension 'colcon_pkg'
[0.453s] Level 1:colcon.colcon_core.package_identification:_identify(src/husky-humble-devel/husky_viz) by extensions ['colcon_meta']
[0.453s] Level 1:colcon.colcon_core.package_identification:_identify(src/husky-humble-devel/husky_viz) by extension 'colcon_meta'
[0.453s] Level 1:colcon.colcon_core.package_identification:_identify(src/husky-humble-devel/husky_viz) by extensions ['ros']
[0.453s] Level 1:colcon.colcon_core.package_identification:_identify(src/husky-humble-devel/husky_viz) by extension 'ros'
[0.454s] DEBUG:colcon.colcon_core.package_identification:Package 'src/husky-humble-devel/husky_viz' with type 'ros.ament_cmake' and name 'husky_viz'
[0.454s] Level 1:colcon.colcon_core.package_identification:_identify(src/mapviz_plugins) by extensions ['ignore', 'ignore_ament_install']
[0.455s] Level 1:colcon.colcon_core.package_identification:_identify(src/mapviz_plugins) by extension 'ignore'
[0.455s] Level 1:colcon.colcon_core.package_identification:_identify(src/mapviz_plugins) by extension 'ignore_ament_install'
[0.455s] Level 1:colcon.colcon_core.package_identification:_identify(src/mapviz_plugins) by extensions ['colcon_pkg']
[0.455s] Level 1:colcon.colcon_core.package_identification:_identify(src/mapviz_plugins) by extension 'colcon_pkg'
[0.455s] Level 1:colcon.colcon_core.package_identification:_identify(src/mapviz_plugins) by extensions ['colcon_meta']
[0.455s] Level 1:colcon.colcon_core.package_identification:_identify(src/mapviz_plugins) by extension 'colcon_meta'
[0.455s] Level 1:colcon.colcon_core.package_identification:_identify(src/mapviz_plugins) by extensions ['ros']
[0.455s] Level 1:colcon.colcon_core.package_identification:_identify(src/mapviz_plugins) by extension 'ros'
[0.459s] DEBUG:colcon.colcon_core.package_identification:Package 'src/mapviz_plugins' with type 'ros.catkin' and name 'mapviz_plugins'
[0.459s] Level 1:colcon.colcon_core.package_identification:_identify(src/realtime_tools) by extensions ['ignore', 'ignore_ament_install']
[0.459s] Level 1:colcon.colcon_core.package_identification:_identify(src/realtime_tools) by extension 'ignore'
[0.459s] Level 1:colcon.colcon_core.package_identification:_identify(src/realtime_tools) by extension 'ignore_ament_install'
[0.459s] Level 1:colcon.colcon_core.package_identification:_identify(src/realtime_tools) by extensions ['colcon_pkg']
[0.459s] Level 1:colcon.colcon_core.package_identification:_identify(src/realtime_tools) by extension 'colcon_pkg'
[0.459s] Level 1:colcon.colcon_core.package_identification:_identify(src/realtime_tools) by extensions ['colcon_meta']
[0.460s] Level 1:colcon.colcon_core.package_identification:_identify(src/realtime_tools) by extension 'colcon_meta'
[0.460s] Level 1:colcon.colcon_core.package_identification:_identify(src/realtime_tools) by extensions ['ros']
[0.460s] Level 1:colcon.colcon_core.package_identification:_identify(src/realtime_tools) by extension 'ros'
[0.461s] DEBUG:colcon.colcon_core.package_identification:Package 'src/realtime_tools' with type 'ros.ament_cmake' and name 'realtime_tools'
[0.461s] Level 1:colcon.colcon_core.package_identification:_identify(src/robo_base) by extensions ['ignore', 'ignore_ament_install']
[0.461s] Level 1:colcon.colcon_core.package_identification:_identify(src/robo_base) by extension 'ignore'
[0.461s] Level 1:colcon.colcon_core.package_identification:_identify(src/robo_base) by extension 'ignore_ament_install'
[0.461s] Level 1:colcon.colcon_core.package_identification:_identify(src/robo_base) by extensions ['colcon_pkg']
[0.461s] Level 1:colcon.colcon_core.package_identification:_identify(src/robo_base) by extension 'colcon_pkg'
[0.462s] Level 1:colcon.colcon_core.package_identification:_identify(src/robo_base) by extensions ['colcon_meta']
[0.462s] Level 1:colcon.colcon_core.package_identification:_identify(src/robo_base) by extension 'colcon_meta'
[0.462s] Level 1:colcon.colcon_core.package_identification:_identify(src/robo_base) by extensions ['ros']
[0.462s] Level 1:colcon.colcon_core.package_identification:_identify(src/robo_base) by extension 'ros'
[0.462s] Level 1:colcon.colcon_core.package_identification:_identify(src/robo_base) by extensions ['cmake', 'python']
[0.462s] Level 1:colcon.colcon_core.package_identification:_identify(src/robo_base) by extension 'cmake'
[0.462s] Level 1:colcon.colcon_core.package_identification:_identify(src/robo_base) by extension 'python'
[0.462s] Level 1:colcon.colcon_core.package_identification:_identify(src/robo_base) by extensions ['python_setup_py']
[0.462s] Level 1:colcon.colcon_core.package_identification:_identify(src/robo_base) by extension 'python_setup_py'
[0.462s] Level 1:colcon.colcon_core.package_identification:_identify(src/robo_base/robo_base) by extensions ['ignore', 'ignore_ament_install']
[0.462s] Level 1:colcon.colcon_core.package_identification:_identify(src/robo_base/robo_base) by extension 'ignore'
[0.463s] Level 1:colcon.colcon_core.package_identification:_identify(src/robo_base/robo_base) by extension 'ignore_ament_install'
[0.463s] Level 1:colcon.colcon_core.package_identification:_identify(src/robo_base/robo_base) by extensions ['colcon_pkg']
[0.463s] Level 1:colcon.colcon_core.package_identification:_identify(src/robo_base/robo_base) by extension 'colcon_pkg'
[0.463s] Level 1:colcon.colcon_core.package_identification:_identify(src/robo_base/robo_base) by extensions ['colcon_meta']
[0.463s] Level 1:colcon.colcon_core.package_identification:_identify(src/robo_base/robo_base) by extension 'colcon_meta'
[0.463s] Level 1:colcon.colcon_core.package_identification:_identify(src/robo_base/robo_base) by extensions ['ros']
[0.463s] Level 1:colcon.colcon_core.package_identification:_identify(src/robo_base/robo_base) by extension 'ros'
[0.464s] DEBUG:colcon.colcon_core.package_identification:Package 'src/robo_base/robo_base' with type 'ros.catkin' and name 'robo_base'
[0.464s] Level 1:colcon.colcon_core.package_identification:_identify(src/rtcm_msgs) by extensions ['ignore', 'ignore_ament_install']
[0.464s] Level 1:colcon.colcon_core.package_identification:_identify(src/rtcm_msgs) by extension 'ignore'
[0.464s] Level 1:colcon.colcon_core.package_identification:_identify(src/rtcm_msgs) by extension 'ignore_ament_install'
[0.465s] Level 1:colcon.colcon_core.package_identification:_identify(src/rtcm_msgs) by extensions ['colcon_pkg']
[0.465s] Level 1:colcon.colcon_core.package_identification:_identify(src/rtcm_msgs) by extension 'colcon_pkg'
[0.465s] Level 1:colcon.colcon_core.package_identification:_identify(src/rtcm_msgs) by extensions ['colcon_meta']
[0.465s] Level 1:colcon.colcon_core.package_identification:_identify(src/rtcm_msgs) by extension 'colcon_meta'
[0.465s] Level 1:colcon.colcon_core.package_identification:_identify(src/rtcm_msgs) by extensions ['ros']
[0.465s] Level 1:colcon.colcon_core.package_identification:_identify(src/rtcm_msgs) by extension 'ros'
[0.473s] DEBUG:colcon.colcon_core.package_identification:Package 'src/rtcm_msgs' with type 'ros.ament_cmake' and name 'rtcm_msgs'
[0.473s] Level 1:colcon.colcon_core.package_identification:_identify(src/tile_map) by extensions ['ignore', 'ignore_ament_install']
[0.473s] Level 1:colcon.colcon_core.package_identification:_identify(src/tile_map) by extension 'ignore'
[0.473s] Level 1:colcon.colcon_core.package_identification:_identify(src/tile_map) by extension 'ignore_ament_install'
[0.473s] Level 1:colcon.colcon_core.package_identification:_identify(src/tile_map) by extensions ['colcon_pkg']
[0.473s] Level 1:colcon.colcon_core.package_identification:_identify(src/tile_map) by extension 'colcon_pkg'
[0.473s] Level 1:colcon.colcon_core.package_identification:_identify(src/tile_map) by extensions ['colcon_meta']
[0.473s] Level 1:colcon.colcon_core.package_identification:_identify(src/tile_map) by extension 'colcon_meta'
[0.473s] Level 1:colcon.colcon_core.package_identification:_identify(src/tile_map) by extensions ['ros']
[0.473s] Level 1:colcon.colcon_core.package_identification:_identify(src/tile_map) by extension 'ros'
[0.475s] DEBUG:colcon.colcon_core.package_identification:Package 'src/tile_map' with type 'ros.catkin' and name 'tile_map'
[0.475s] Level 1:colcon.colcon_core.package_identification:_identify(src/turtlebot3_simulations) by extensions ['ignore', 'ignore_ament_install']
[0.475s] Level 1:colcon.colcon_core.package_identification:_identify(src/turtlebot3_simulations) by extension 'ignore'
[0.476s] Level 1:colcon.colcon_core.package_identification:_identify(src/turtlebot3_simulations) by extension 'ignore_ament_install'
[0.476s] Level 1:colcon.colcon_core.package_identification:_identify(src/turtlebot3_simulations) by extensions ['colcon_pkg']
[0.476s] Level 1:colcon.colcon_core.package_identification:_identify(src/turtlebot3_simulations) by extension 'colcon_pkg'
[0.476s] Level 1:colcon.colcon_core.package_identification:_identify(src/turtlebot3_simulations) by extensions ['colcon_meta']
[0.476s] Level 1:colcon.colcon_core.package_identification:_identify(src/turtlebot3_simulations) by extension 'colcon_meta'
[0.476s] Level 1:colcon.colcon_core.package_identification:_identify(src/turtlebot3_simulations) by extensions ['ros']
[0.476s] Level 1:colcon.colcon_core.package_identification:_identify(src/turtlebot3_simulations) by extension 'ros'
[0.476s] Level 1:colcon.colcon_core.package_identification:_identify(src/turtlebot3_simulations) by extensions ['cmake', 'python']
[0.476s] Level 1:colcon.colcon_core.package_identification:_identify(src/turtlebot3_simulations) by extension 'cmake'
[0.476s] Level 1:colcon.colcon_core.package_identification:_identify(src/turtlebot3_simulations) by extension 'python'
[0.476s] Level 1:colcon.colcon_core.package_identification:_identify(src/turtlebot3_simulations) by extensions ['python_setup_py']
[0.476s] Level 1:colcon.colcon_core.package_identification:_identify(src/turtlebot3_simulations) by extension 'python_setup_py'
[0.476s] Level 1:colcon.colcon_core.package_identification:_identify(src/turtlebot3_simulations/turtlebot3_fake_node) by extensions ['ignore', 'ignore_ament_install']
[0.477s] Level 1:colcon.colcon_core.package_identification:_identify(src/turtlebot3_simulations/turtlebot3_fake_node) by extension 'ignore'
[0.477s] Level 1:colcon.colcon_core.package_identification:_identify(src/turtlebot3_simulations/turtlebot3_fake_node) by extension 'ignore_ament_install'
[0.477s] Level 1:colcon.colcon_core.package_identification:_identify(src/turtlebot3_simulations/turtlebot3_fake_node) by extensions ['colcon_pkg']
[0.477s] Level 1:colcon.colcon_core.package_identification:_identify(src/turtlebot3_simulations/turtlebot3_fake_node) by extension 'colcon_pkg'
[0.477s] Level 1:colcon.colcon_core.package_identification:_identify(src/turtlebot3_simulations/turtlebot3_fake_node) by extensions ['colcon_meta']
[0.477s] Level 1:colcon.colcon_core.package_identification:_identify(src/turtlebot3_simulations/turtlebot3_fake_node) by extension 'colcon_meta'
[0.477s] Level 1:colcon.colcon_core.package_identification:_identify(src/turtlebot3_simulations/turtlebot3_fake_node) by extensions ['ros']
[0.477s] Level 1:colcon.colcon_core.package_identification:_identify(src/turtlebot3_simulations/turtlebot3_fake_node) by extension 'ros'
[0.479s] DEBUG:colcon.colcon_core.package_identification:Package 'src/turtlebot3_simulations/turtlebot3_fake_node' with type 'ros.ament_cmake' and name 'turtlebot3_fake_node'
[0.479s] Level 1:colcon.colcon_core.package_identification:_identify(src/turtlebot3_simulations/turtlebot3_gazebo) by extensions ['ignore', 'ignore_ament_install']
[0.479s] Level 1:colcon.colcon_core.package_identification:_identify(src/turtlebot3_simulations/turtlebot3_gazebo) by extension 'ignore'
[0.479s] Level 1:colcon.colcon_core.package_identification:_identify(src/turtlebot3_simulations/turtlebot3_gazebo) by extension 'ignore_ament_install'
[0.479s] Level 1:colcon.colcon_core.package_identification:_identify(src/turtlebot3_simulations/turtlebot3_gazebo) by extensions ['colcon_pkg']
[0.479s] Level 1:colcon.colcon_core.package_identification:_identify(src/turtlebot3_simulations/turtlebot3_gazebo) by extension 'colcon_pkg'
[0.479s] Level 1:colcon.colcon_core.package_identification:_identify(src/turtlebot3_simulations/turtlebot3_gazebo) by extensions ['colcon_meta']
[0.479s] Level 1:colcon.colcon_core.package_identification:_identify(src/turtlebot3_simulations/turtlebot3_gazebo) by extension 'colcon_meta'
[0.480s] Level 1:colcon.colcon_core.package_identification:_identify(src/turtlebot3_simulations/turtlebot3_gazebo) by extensions ['ros']
[0.480s] Level 1:colcon.colcon_core.package_identification:_identify(src/turtlebot3_simulations/turtlebot3_gazebo) by extension 'ros'
[0.481s] DEBUG:colcon.colcon_core.package_identification:Package 'src/turtlebot3_simulations/turtlebot3_gazebo' with type 'ros.ament_cmake' and name 'turtlebot3_gazebo'
[0.481s] Level 1:colcon.colcon_core.package_identification:_identify(src/turtlebot3_simulations/turtlebot3_simulations) by extensions ['ignore', 'ignore_ament_install']
[0.482s] Level 1:colcon.colcon_core.package_identification:_identify(src/turtlebot3_simulations/turtlebot3_simulations) by extension 'ignore'
[0.482s] Level 1:colcon.colcon_core.package_identification:_identify(src/turtlebot3_simulations/turtlebot3_simulations) by extension 'ignore_ament_install'
[0.482s] Level 1:colcon.colcon_core.package_identification:_identify(src/turtlebot3_simulations/turtlebot3_simulations) by extensions ['colcon_pkg']
[0.482s] Level 1:colcon.colcon_core.package_identification:_identify(src/turtlebot3_simulations/turtlebot3_simulations) by extension 'colcon_pkg'
[0.482s] Level 1:colcon.colcon_core.package_identification:_identify(src/turtlebot3_simulations/turtlebot3_simulations) by extensions ['colcon_meta']
[0.482s] Level 1:colcon.colcon_core.package_identification:_identify(src/turtlebot3_simulations/turtlebot3_simulations) by extension 'colcon_meta'
[0.482s] Level 1:colcon.colcon_core.package_identification:_identify(src/turtlebot3_simulations/turtlebot3_simulations) by extensions ['ros']
[0.482s] Level 1:colcon.colcon_core.package_identification:_identify(src/turtlebot3_simulations/turtlebot3_simulations) by extension 'ros'
[0.483s] DEBUG:colcon.colcon_core.package_identification:Package 'src/turtlebot3_simulations/turtlebot3_simulations' with type 'ros.ament_cmake' and name 'turtlebot3_simulations'
[0.483s] Level 1:colcon.colcon_core.package_identification:_identify(src/wetexplorer) by extensions ['ignore', 'ignore_ament_install']
[0.483s] Level 1:colcon.colcon_core.package_identification:_identify(src/wetexplorer) by extension 'ignore'
[0.483s] Level 1:colcon.colcon_core.package_identification:_identify(src/wetexplorer) by extension 'ignore_ament_install'
[0.483s] Level 1:colcon.colcon_core.package_identification:_identify(src/wetexplorer) by extensions ['colcon_pkg']
[0.483s] Level 1:colcon.colcon_core.package_identification:_identify(src/wetexplorer) by extension 'colcon_pkg'
[0.484s] Level 1:colcon.colcon_core.package_identification:_identify(src/wetexplorer) by extensions ['colcon_meta']
[0.484s] Level 1:colcon.colcon_core.package_identification:_identify(src/wetexplorer) by extension 'colcon_meta'
[0.484s] Level 1:colcon.colcon_core.package_identification:_identify(src/wetexplorer) by extensions ['ros']
[0.484s] Level 1:colcon.colcon_core.package_identification:_identify(src/wetexplorer) by extension 'ros'
[0.484s] Level 1:colcon.colcon_core.package_identification:_identify(src/wetexplorer) by extensions ['cmake', 'python']
[0.484s] Level 1:colcon.colcon_core.package_identification:_identify(src/wetexplorer) by extension 'cmake'
[0.484s] Level 1:colcon.colcon_core.package_identification:_identify(src/wetexplorer) by extension 'python'
[0.484s] Level 1:colcon.colcon_core.package_identification:_identify(src/wetexplorer) by extensions ['python_setup_py']
[0.484s] Level 1:colcon.colcon_core.package_identification:_identify(src/wetexplorer) by extension 'python_setup_py'
[0.484s] Level 1:colcon.colcon_core.package_identification:_identify(src/wetexplorer/wetexplorer_control) by extensions ['ignore', 'ignore_ament_install']
[0.484s] Level 1:colcon.colcon_core.package_identification:_identify(src/wetexplorer/wetexplorer_control) by extension 'ignore'
[0.485s] Level 1:colcon.colcon_core.package_identification:_identify(src/wetexplorer/wetexplorer_control) by extension 'ignore_ament_install'
[0.485s] Level 1:colcon.colcon_core.package_identification:_identify(src/wetexplorer/wetexplorer_control) by extensions ['colcon_pkg']
[0.485s] Level 1:colcon.colcon_core.package_identification:_identify(src/wetexplorer/wetexplorer_control) by extension 'colcon_pkg'
[0.485s] Level 1:colcon.colcon_core.package_identification:_identify(src/wetexplorer/wetexplorer_control) by extensions ['colcon_meta']
[0.485s] Level 1:colcon.colcon_core.package_identification:_identify(src/wetexplorer/wetexplorer_control) by extension 'colcon_meta'
[0.485s] Level 1:colcon.colcon_core.package_identification:_identify(src/wetexplorer/wetexplorer_control) by extensions ['ros']
[0.485s] Level 1:colcon.colcon_core.package_identification:_identify(src/wetexplorer/wetexplorer_control) by extension 'ros'
[0.486s] DEBUG:colcon.colcon_core.package_identification:Package 'src/wetexplorer/wetexplorer_control' with type 'ros.catkin' and name 'wetexplorer_control'
[0.486s] Level 1:colcon.colcon_core.package_identification:_identify(src/wetexplorer/wetexplorer_description) by extensions ['ignore', 'ignore_ament_install']
[0.486s] Level 1:colcon.colcon_core.package_identification:_identify(src/wetexplorer/wetexplorer_description) by extension 'ignore'
[0.486s] Level 1:colcon.colcon_core.package_identification:_identify(src/wetexplorer/wetexplorer_description) by extension 'ignore_ament_install'
[0.487s] Level 1:colcon.colcon_core.package_identification:_identify(src/wetexplorer/wetexplorer_description) by extensions ['colcon_pkg']
[0.487s] Level 1:colcon.colcon_core.package_identification:_identify(src/wetexplorer/wetexplorer_description) by extension 'colcon_pkg'
[0.487s] Level 1:colcon.colcon_core.package_identification:_identify(src/wetexplorer/wetexplorer_description) by extensions ['colcon_meta']
[0.487s] Level 1:colcon.colcon_core.package_identification:_identify(src/wetexplorer/wetexplorer_description) by extension 'colcon_meta'
[0.487s] Level 1:colcon.colcon_core.package_identification:_identify(src/wetexplorer/wetexplorer_description) by extensions ['ros']
[0.487s] Level 1:colcon.colcon_core.package_identification:_identify(src/wetexplorer/wetexplorer_description) by extension 'ros'
[0.488s] DEBUG:colcon.colcon_core.package_identification:Package 'src/wetexplorer/wetexplorer_description' with type 'ros.ament_cmake' and name 'wetexplorer_description'
[0.488s] Level 1:colcon.colcon_core.package_identification:_identify(src/wetexplorer/wetexplorer_gazebo) by extensions ['ignore', 'ignore_ament_install']
[0.488s] Level 1:colcon.colcon_core.package_identification:_identify(src/wetexplorer/wetexplorer_gazebo) by extension 'ignore'
[0.488s] Level 1:colcon.colcon_core.package_identification:_identify(src/wetexplorer/wetexplorer_gazebo) by extension 'ignore_ament_install'
[0.488s] Level 1:colcon.colcon_core.package_identification:_identify(src/wetexplorer/wetexplorer_gazebo) by extensions ['colcon_pkg']
[0.488s] Level 1:colcon.colcon_core.package_identification:_identify(src/wetexplorer/wetexplorer_gazebo) by extension 'colcon_pkg'
[0.489s] Level 1:colcon.colcon_core.package_identification:_identify(src/wetexplorer/wetexplorer_gazebo) by extensions ['colcon_meta']
[0.489s] Level 1:colcon.colcon_core.package_identification:_identify(src/wetexplorer/wetexplorer_gazebo) by extension 'colcon_meta'
[0.489s] Level 1:colcon.colcon_core.package_identification:_identify(src/wetexplorer/wetexplorer_gazebo) by extensions ['ros']
[0.489s] Level 1:colcon.colcon_core.package_identification:_identify(src/wetexplorer/wetexplorer_gazebo) by extension 'ros'
[0.490s] DEBUG:colcon.colcon_core.package_identification:Package 'src/wetexplorer/wetexplorer_gazebo' with type 'ros.catkin' and name 'wetexplorer_gazebo'
[0.490s] Level 1:colcon.colcon_core.package_identification:_identify(src/wetexplorer/wetexplorer_hardware) by extensions ['ignore', 'ignore_ament_install']
[0.491s] Level 1:colcon.colcon_core.package_identification:_identify(src/wetexplorer/wetexplorer_hardware) by extension 'ignore'
[0.491s] Level 1:colcon.colcon_core.package_identification:_identify(src/wetexplorer/wetexplorer_hardware) by extension 'ignore_ament_install'
[0.491s] Level 1:colcon.colcon_core.package_identification:_identify(src/wetexplorer/wetexplorer_hardware) by extensions ['colcon_pkg']
[0.491s] Level 1:colcon.colcon_core.package_identification:_identify(src/wetexplorer/wetexplorer_hardware) by extension 'colcon_pkg'
[0.491s] Level 1:colcon.colcon_core.package_identification:_identify(src/wetexplorer/wetexplorer_hardware) by extensions ['colcon_meta']
[0.491s] Level 1:colcon.colcon_core.package_identification:_identify(src/wetexplorer/wetexplorer_hardware) by extension 'colcon_meta'
[0.491s] Level 1:colcon.colcon_core.package_identification:_identify(src/wetexplorer/wetexplorer_hardware) by extensions ['ros']
[0.491s] Level 1:colcon.colcon_core.package_identification:_identify(src/wetexplorer/wetexplorer_hardware) by extension 'ros'
[0.492s] DEBUG:colcon.colcon_core.package_identification:Package 'src/wetexplorer/wetexplorer_hardware' with type 'ros.catkin' and name 'wetexplorer_hardware'
[0.492s] Level 1:colcon.colcon_core.package_identification:_identify(src/wetexplorer/wetexplorer_navigation) by extensions ['ignore', 'ignore_ament_install']
[0.493s] Level 1:colcon.colcon_core.package_identification:_identify(src/wetexplorer/wetexplorer_navigation) by extension 'ignore'
[0.493s] Level 1:colcon.colcon_core.package_identification:_identify(src/wetexplorer/wetexplorer_navigation) by extension 'ignore_ament_install'
[0.493s] Level 1:colcon.colcon_core.package_identification:_identify(src/wetexplorer/wetexplorer_navigation) by extensions ['colcon_pkg']
[0.493s] Level 1:colcon.colcon_core.package_identification:_identify(src/wetexplorer/wetexplorer_navigation) by extension 'colcon_pkg'
[0.493s] Level 1:colcon.colcon_core.package_identification:_identify(src/wetexplorer/wetexplorer_navigation) by extensions ['colcon_meta']
[0.493s] Level 1:colcon.colcon_core.package_identification:_identify(src/wetexplorer/wetexplorer_navigation) by extension 'colcon_meta'
[0.493s] Level 1:colcon.colcon_core.package_identification:_identify(src/wetexplorer/wetexplorer_navigation) by extensions ['ros']
[0.493s] Level 1:colcon.colcon_core.package_identification:_identify(src/wetexplorer/wetexplorer_navigation) by extension 'ros'
[0.494s] DEBUG:colcon.colcon_core.package_identification:Package 'src/wetexplorer/wetexplorer_navigation' with type 'ros.catkin' and name 'wetexplorer_navigation'
[0.494s] Level 1:colcon.colcon_core.package_discovery:discover_packages(recursive) using defaults
[0.494s] Level 1:colcon.colcon_core.package_discovery:discover_packages(ignore) discover
[0.494s] Level 1:colcon.colcon_core.package_discovery:discover_packages(ignore) using defaults
[0.494s] Level 1:colcon.colcon_core.package_discovery:discover_packages(path) discover
[0.494s] Level 1:colcon.colcon_core.package_discovery:discover_packages(path) using defaults
[0.534s] INFO:colcon.colcon_core.package_selection:Skipping not selected package 'articubot_one' in 'src/articubot_one'
[0.534s] INFO:colcon.colcon_core.package_selection:Skipping not selected package 'control_msgs' in 'src/control_msgs/control_msgs'
[0.534s] INFO:colcon.colcon_core.package_selection:Skipping not selected package 'husky_description' in 'src/husky-humble-devel/husky_description'
[0.534s] INFO:colcon.colcon_core.package_selection:Skipping not selected package 'husky_msgs' in 'src/husky-humble-devel/husky_msgs'
[0.534s] INFO:colcon.colcon_core.package_selection:Skipping not selected package 'mapviz_plugins' in 'src/mapviz_plugins'
[0.534s] INFO:colcon.colcon_core.package_selection:Skipping not selected package 'realtime_tools' in 'src/realtime_tools'
[0.534s] INFO:colcon.colcon_core.package_selection:Skipping not selected package 'robo_base' in 'src/robo_base/robo_base'
[0.534s] INFO:colcon.colcon_core.package_selection:Skipping not selected package 'rtcm_msgs' in 'src/rtcm_msgs'
[0.534s] INFO:colcon.colcon_core.package_selection:Skipping not selected package 'tile_map' in 'src/tile_map'
[0.534s] INFO:colcon.colcon_core.package_selection:Skipping not selected package 'turtlebot3_fake_node' in 'src/turtlebot3_simulations/turtlebot3_fake_node'
[0.534s] INFO:colcon.colcon_core.package_selection:Skipping not selected package 'turtlebot3_gazebo' in 'src/turtlebot3_simulations/turtlebot3_gazebo'
[0.534s] INFO:colcon.colcon_core.package_selection:Skipping not selected package 'wetexplorer_control' in 'src/wetexplorer/wetexplorer_control'
[0.534s] INFO:colcon.colcon_core.package_selection:Skipping not selected package 'wetexplorer_gazebo' in 'src/wetexplorer/wetexplorer_gazebo'
[0.534s] INFO:colcon.colcon_core.package_selection:Skipping not selected package 'wetexplorer_hardware' in 'src/wetexplorer/wetexplorer_hardware'
[0.534s] INFO:colcon.colcon_core.package_selection:Skipping not selected package 'wetexplorer_navigation' in 'src/wetexplorer/wetexplorer_navigation'
[0.534s] INFO:colcon.colcon_core.package_selection:Skipping not selected package 'husky_base' in 'src/husky-humble-devel/husky_base'
[0.534s] INFO:colcon.colcon_core.package_selection:Skipping not selected package 'husky_control' in 'src/husky-humble-devel/husky_control'
[0.534s] INFO:colcon.colcon_core.package_selection:Skipping not selected package 'husky_viz' in 'src/husky-humble-devel/husky_viz'
[0.534s] INFO:colcon.colcon_core.package_selection:Skipping not selected package 'turtlebot3_simulations' in 'src/turtlebot3_simulations/turtlebot3_simulations'
[0.534s] INFO:colcon.colcon_core.package_selection:Skipping not selected package 'husky_bringup' in 'src/husky-humble-devel/husky_bringup'
[0.535s] INFO:colcon.colcon_core.package_selection:Skipping not selected package 'husky_desktop' in 'src/husky-humble-devel/husky_desktop'
[0.535s] INFO:colcon.colcon_core.package_selection:Skipping not selected package 'husky_gazebo' in 'src/husky-humble-devel/husky_gazebo'
[0.535s] INFO:colcon.colcon_core.package_selection:Skipping not selected package 'husky_robot' in 'src/husky-humble-devel/husky_robot'
[0.535s] INFO:colcon.colcon_core.package_selection:Skipping not selected package 'husky_simulator' in 'src/husky-humble-devel/husky_simulator'
[0.535s] Level 5:colcon.colcon_core.verb:set package 'wetexplorer_description' build argument 'cmake_args' from command line to 'None'
[0.535s] Level 5:colcon.colcon_core.verb:set package 'wetexplorer_description' build argument 'cmake_target' from command line to 'None'
[0.535s] Level 5:colcon.colcon_core.verb:set package 'wetexplorer_description' build argument 'cmake_target_skip_unavailable' from command line to 'False'
[0.535s] Level 5:colcon.colcon_core.verb:set package 'wetexplorer_description' build argument 'cmake_clean_cache' from command line to 'False'
[0.536s] Level 5:colcon.colcon_core.verb:set package 'wetexplorer_description' build argument 'cmake_clean_first' from command line to 'False'
[0.536s] Level 5:colcon.colcon_core.verb:set package 'wetexplorer_description' build argument 'cmake_force_configure' from command line to 'False'
[0.536s] Level 5:colcon.colcon_core.verb:set package 'wetexplorer_description' build argument 'ament_cmake_args' from command line to 'None'
[0.536s] Level 5:colcon.colcon_core.verb:set package 'wetexplorer_description' build argument 'catkin_cmake_args' from command line to 'None'
[0.536s] Level 5:colcon.colcon_core.verb:set package 'wetexplorer_description' build argument 'catkin_skip_building_tests' from command line to 'False'
[0.536s] DEBUG:colcon.colcon_core.verb:Building package 'wetexplorer_description' with the following arguments: {'ament_cmake_args': None, 'build_base': '/ros2_ws/build/wetexplorer_description', 'catkin_cmake_args': None, 'catkin_skip_building_tests': False, 'cmake_args': None, 'cmake_clean_cache': False, 'cmake_clean_first': False, 'cmake_force_configure': False, 'cmake_target': None, 'cmake_target_skip_unavailable': False, 'install_base': '/ros2_ws/install/wetexplorer_description', 'merge_install': False, 'path': '/ros2_ws/src/wetexplorer/wetexplorer_description', 'symlink_install': True, 'test_result_base': None}
[0.536s] INFO:colcon.colcon_core.executor:Executing jobs using 'parallel' executor
[0.538s] DEBUG:colcon.colcon_parallel_executor.executor.parallel:run_until_complete
[0.538s] INFO:colcon.colcon_ros.task.ament_cmake.build:Building ROS package in '/ros2_ws/src/wetexplorer/wetexplorer_description' with build type 'ament_cmake'
[0.538s] INFO:colcon.colcon_cmake.task.cmake.build:Building CMake package in '/ros2_ws/src/wetexplorer/wetexplorer_description'
[0.543s] INFO:colcon.colcon_core.plugin_system:Skipping extension 'colcon_core.shell.bat': Not used on non-Windows systems
[0.544s] INFO:colcon.colcon_core.shell:Skip shell extension 'powershell' for command environment: Not usable outside of PowerShell
[0.544s] DEBUG:colcon.colcon_core.shell:Skip shell extension 'dsv' for command environment
[0.571s] DEBUG:colcon.colcon_core.event_handler.log_command:Invoking command in '/ros2_ws/build/wetexplorer_description': CMAKE_PREFIX_PATH=${CMAKE_PREFIX_PATH}:/opt/ros/humble /usr/bin/cmake --build /ros2_ws/build/wetexplorer_description -- -j12 -l12
[0.634s] DEBUG:colcon.colcon_core.event_handler.log_command:Invoked command in '/ros2_ws/build/wetexplorer_description' returned '0': CMAKE_PREFIX_PATH=${CMAKE_PREFIX_PATH}:/opt/ros/humble /usr/bin/cmake --build /ros2_ws/build/wetexplorer_description -- -j12 -l12
[0.682s] DEBUG:colcon.colcon_core.event_handler.log_command:Invoking command in '/ros2_ws/build/wetexplorer_description': CMAKE_PREFIX_PATH=${CMAKE_PREFIX_PATH}:/opt/ros/humble /usr/bin/cmake --install /ros2_ws/build/wetexplorer_description
[0.728s] Level 1:colcon.colcon_core.environment:create_environment_scripts_only(wetexplorer_description)
[0.729s] DEBUG:colcon.colcon_core.event_handler.log_command:Invoked command in '/ros2_ws/build/wetexplorer_description' returned '0': CMAKE_PREFIX_PATH=${CMAKE_PREFIX_PATH}:/opt/ros/humble /usr/bin/cmake --install /ros2_ws/build/wetexplorer_description
[0.733s] Level 1:colcon.colcon_core.environment:checking '/ros2_ws/install/wetexplorer_description' for CMake module files
[0.734s] Level 1:colcon.colcon_core.environment:checking '/ros2_ws/install/wetexplorer_description' for CMake config files
[0.735s] Level 1:colcon.colcon_core.shell:create_environment_hook('wetexplorer_description', 'cmake_prefix_path')
[0.735s] INFO:colcon.colcon_core.shell:Creating environment hook '/ros2_ws/install/wetexplorer_description/share/wetexplorer_description/hook/cmake_prefix_path.ps1'
[0.736s] INFO:colcon.colcon_core.shell:Creating environment descriptor '/ros2_ws/install/wetexplorer_description/share/wetexplorer_description/hook/cmake_prefix_path.dsv'
[0.737s] INFO:colcon.colcon_core.shell:Creating environment hook '/ros2_ws/install/wetexplorer_description/share/wetexplorer_description/hook/cmake_prefix_path.sh'
[0.739s] Level 1:colcon.colcon_core.environment:checking '/ros2_ws/install/wetexplorer_description/bin'
[0.739s] Level 1:colcon.colcon_core.environment:checking '/ros2_ws/install/wetexplorer_description/lib/pkgconfig/wetexplorer_description.pc'
[0.742s] Level 1:colcon.colcon_core.environment:checking '/ros2_ws/install/wetexplorer_description/lib/python3.10/site-packages'
[0.742s] Level 1:colcon.colcon_core.environment:checking '/ros2_ws/install/wetexplorer_description/bin'
[0.742s] INFO:colcon.colcon_core.shell:Creating package script '/ros2_ws/install/wetexplorer_description/share/wetexplorer_description/package.ps1'
[0.744s] INFO:colcon.colcon_core.shell:Creating package descriptor '/ros2_ws/install/wetexplorer_description/share/wetexplorer_description/package.dsv'
[0.745s] INFO:colcon.colcon_core.shell:Creating package script '/ros2_ws/install/wetexplorer_description/share/wetexplorer_description/package.sh'
[0.746s] INFO:colcon.colcon_core.shell:Creating package script '/ros2_ws/install/wetexplorer_description/share/wetexplorer_description/package.bash'
[0.747s] INFO:colcon.colcon_core.shell:Creating package script '/ros2_ws/install/wetexplorer_description/share/wetexplorer_description/package.zsh'
[0.748s] Level 1:colcon.colcon_core.environment:create_file_with_runtime_dependencies(/ros2_ws/install/wetexplorer_description/share/colcon-core/packages/wetexplorer_description)
[0.784s] Level 1:colcon.colcon_core.environment:create_environment_scripts_only(wetexplorer_description)
[0.784s] Level 1:colcon.colcon_core.environment:checking '/ros2_ws/install/wetexplorer_description' for CMake module files
[0.785s] Level 1:colcon.colcon_core.environment:checking '/ros2_ws/install/wetexplorer_description' for CMake config files
[0.786s] Level 1:colcon.colcon_core.shell:create_environment_hook('wetexplorer_description', 'cmake_prefix_path')
[0.787s] INFO:colcon.colcon_core.shell:Creating environment hook '/ros2_ws/install/wetexplorer_description/share/wetexplorer_description/hook/cmake_prefix_path.ps1'
[0.787s] INFO:colcon.colcon_core.shell:Creating environment descriptor '/ros2_ws/install/wetexplorer_description/share/wetexplorer_description/hook/cmake_prefix_path.dsv'
[0.788s] INFO:colcon.colcon_core.shell:Creating environment hook '/ros2_ws/install/wetexplorer_description/share/wetexplorer_description/hook/cmake_prefix_path.sh'
[0.789s] Level 1:colcon.colcon_core.environment:checking '/ros2_ws/install/wetexplorer_description/bin'
[0.789s] Level 1:colcon.colcon_core.environment:checking '/ros2_ws/install/wetexplorer_description/lib/pkgconfig/wetexplorer_description.pc'
[0.789s] Level 1:colcon.colcon_core.environment:checking '/ros2_ws/install/wetexplorer_description/lib/python3.10/site-packages'
[0.790s] Level 1:colcon.colcon_core.environment:checking '/ros2_ws/install/wetexplorer_description/bin'
[0.790s] INFO:colcon.colcon_core.shell:Creating package script '/ros2_ws/install/wetexplorer_description/share/wetexplorer_description/package.ps1'
[0.791s] INFO:colcon.colcon_core.shell:Creating package descriptor '/ros2_ws/install/wetexplorer_description/share/wetexplorer_description/package.dsv'
[0.792s] INFO:colcon.colcon_core.shell:Creating package script '/ros2_ws/install/wetexplorer_description/share/wetexplorer_description/package.sh'
[0.793s] INFO:colcon.colcon_core.shell:Creating package script '/ros2_ws/install/wetexplorer_description/share/wetexplorer_description/package.bash'
[0.793s] INFO:colcon.colcon_core.shell:Creating package script '/ros2_ws/install/wetexplorer_description/share/wetexplorer_description/package.zsh'
[0.794s] Level 1:colcon.colcon_core.environment:create_file_with_runtime_dependencies(/ros2_ws/install/wetexplorer_description/share/colcon-core/packages/wetexplorer_description)
[0.794s] DEBUG:colcon.colcon_parallel_executor.executor.parallel:closing loop
[0.794s] DEBUG:colcon.colcon_parallel_executor.executor.parallel:loop closed
[0.794s] DEBUG:colcon.colcon_parallel_executor.executor.parallel:run_until_complete finished with '0'
[0.795s] DEBUG:colcon.colcon_core.event_reactor:joining thread
[0.804s] INFO:colcon.colcon_core.plugin_system:Skipping extension 'colcon_notification.desktop_notification.notify_send': Could not find 'notify-send'
[0.804s] INFO:colcon.colcon_core.plugin_system:Skipping extension 'colcon_notification.desktop_notification.terminal_notifier': Not used on non-Darwin systems
[0.804s] INFO:colcon.colcon_core.plugin_system:Skipping extension 'colcon_notification.desktop_notification.win32': Not used on non-Windows systems
[0.805s] INFO:colcon.colcon_notification.desktop_notification:Sending desktop notification using 'notify2'
[0.808s] DEBUG:colcon.colcon_notification.desktop_notification.notify2:Failed to initialize notify2: org.freedesktop.DBus.Error.Spawn.ExecFailed: /usr/bin/dbus-launch terminated abnormally without any error message
[0.809s] DEBUG:colcon.colcon_core.event_reactor:joined thread
[0.810s] INFO:colcon.colcon_core.shell:Creating prefix script '/ros2_ws/install/local_setup.ps1'
[0.812s] INFO:colcon.colcon_core.shell:Creating prefix util module '/ros2_ws/install/_local_setup_util_ps1.py'
[0.814s] INFO:colcon.colcon_core.shell:Creating prefix chain script '/ros2_ws/install/setup.ps1'
[0.815s] INFO:colcon.colcon_core.shell:Creating prefix script '/ros2_ws/install/local_setup.sh'
[0.816s] INFO:colcon.colcon_core.shell:Creating prefix util module '/ros2_ws/install/_local_setup_util_sh.py'
[0.817s] INFO:colcon.colcon_core.shell:Creating prefix chain script '/ros2_ws/install/setup.sh'
[0.819s] INFO:colcon.colcon_core.shell:Creating prefix script '/ros2_ws/install/local_setup.bash'
[0.820s] INFO:colcon.colcon_core.shell:Creating prefix chain script '/ros2_ws/install/setup.bash'
[0.822s] INFO:colcon.colcon_core.shell:Creating prefix script '/ros2_ws/install/local_setup.zsh'
[0.823s] INFO:colcon.colcon_core.shell:Creating prefix chain script '/ros2_ws/install/setup.zsh'
