[0.021s] Invoking command in '/ros2_ws/build/wetexplorer_gazebo': CMAKE_PREFIX_PATH=${CMAKE_PREFIX_PATH}:/opt/ros/humble /usr/bin/cmake --build /ros2_ws/build/wetexplorer_gazebo -- -j12 -l12
[0.087s] Invoked command in '/ros2_ws/build/wetexplorer_gazebo' returned '0': CMAKE_PREFIX_PATH=${CMAKE_PREFIX_PATH}:/opt/ros/humble /usr/bin/cmake --build /ros2_ws/build/wetexplorer_gazebo -- -j12 -l12
[0.143s] Invoking command in '/ros2_ws/build/wetexplorer_gazebo': CMAKE_PREFIX_PATH=${CMAKE_PREFIX_PATH}:/opt/ros/humble /usr/bin/cmake --install /ros2_ws/build/wetexplorer_gazebo
[0.156s] -- Install configuration: ""
[0.156s] -- Up-to-date: /ros2_ws/install/wetexplorer_gazebo/share/wetexplorer_gazebo/launch
[0.156s] -- Up-to-date: /ros2_ws/install/wetexplorer_gazebo/share/wetexplorer_gazebo/launch/follow.launch
[0.156s] -- Up-to-date: /ros2_ws/install/wetexplorer_gazebo/share/wetexplorer_gazebo/launch/gazebo.launch
[0.156s] -- Up-to-date: /ros2_ws/install/wetexplorer_gazebo/share/wetexplorer_gazebo/launch/view.launch
[0.157s] -- Up-to-date: /ros2_ws/install/wetexplorer_gazebo/share/wetexplorer_gazebo/launch/kinematics.launch
[0.157s] -- Up-to-date: /ros2_ws/install/wetexplorer_gazebo/share/wetexplorer_gazebo/launch/world.launch
[0.157s] -- Up-to-date: /ros2_ws/install/wetexplorer_gazebo/share/wetexplorer_gazebo/launch/tracked.launch
[0.157s] -- Up-to-date: /ros2_ws/install/wetexplorer_gazebo/share/wetexplorer_gazebo/launch/navigate.launch
[0.157s] -- Up-to-date: /ros2_ws/install/wetexplorer_gazebo/share/wetexplorer_gazebo/launch/tracks.launch
[0.157s] -- Up-to-date: /ros2_ws/install/wetexplorer_gazebo/share/wetexplorer_gazebo/launch/display.launch
[0.157s] -- Up-to-date: /ros2_ws/install/wetexplorer_gazebo/share/wetexplorer_gazebo/launch/teleop.launch
[0.157s] -- Up-to-date: /ros2_ws/install/wetexplorer_gazebo/share/wetexplorer_gazebo/launch/tracked_wetland.launch
[0.157s] -- Up-to-date: /ros2_ws/install/wetexplorer_gazebo/share/wetexplorer_gazebo/launch/sim.launch.py
[0.157s] -- Up-to-date: /ros2_ws/install/wetexplorer_gazebo/share/wetexplorer_gazebo/launch/localize.launch
[0.158s] -- Up-to-date: /ros2_ws/install/wetexplorer_gazebo/share/wetexplorer_gazebo/launch/control.launch
[0.158s] -- Up-to-date: /ros2_ws/install/wetexplorer_gazebo/share/wetexplorer_gazebo/launch/empty.launch
[0.158s] [31mCMake Error at cmake_install.cmake:46 (file):
[0.158s]   file INSTALL cannot find
[0.158s]   "/ros2_ws/src/wetexplorer/wetexplorer_gazebo/meshes": No such file or
[0.158s]   directory.
[0.158s] 
[0.159s] [0m
[0.159s] Invoked command in '/ros2_ws/build/wetexplorer_gazebo' returned '1': CMAKE_PREFIX_PATH=${CMAKE_PREFIX_PATH}:/opt/ros/humble /usr/bin/cmake --install /ros2_ws/build/wetexplorer_gazebo
