[0.022s] Invoking command in '/ros2_ws/build/wetexplorer_gazebo': CMAKE_PREFIX_PATH=/opt/ros/humble:${CMAKE_PREFIX_PATH} /usr/bin/cmake --build /ros2_ws/build/wetexplorer_gazebo -- -j12 -l12
[0.063s] -- Found ament_cmake: 1.3.10 (/opt/ros/humble/share/ament_cmake/cmake)
[0.267s] -- Found urdf: 2.6.1 (/opt/ros/humble/share/urdf/cmake)
[0.453s] -- Configuring done
[0.459s] -- Generating done
[0.461s] -- Build files have been written to: /ros2_ws/build/wetexplorer_gazebo
[0.497s] Invoked command in '/ros2_ws/build/wetexplorer_gazebo' returned '0': CMAKE_PREFIX_PATH=/opt/ros/humble:${CMAKE_PREFIX_PATH} /usr/bin/cmake --build /ros2_ws/build/wetexplorer_gazebo -- -j12 -l12
[0.550s] Invoking command in '/ros2_ws/build/wetexplorer_gazebo': CMAKE_PREFIX_PATH=/opt/ros/humble:${CMAKE_PREFIX_PATH} /usr/bin/cmake --install /ros2_ws/build/wetexplorer_gazebo
[0.562s] -- Install configuration: ""
[0.563s] -- Up-to-date: /ros2_ws/install/wetexplorer_gazebo/share/wetexplorer_gazebo/launch
[0.563s] -- Up-to-date: /ros2_ws/install/wetexplorer_gazebo/share/wetexplorer_gazebo/launch/follow.launch
[0.563s] -- Up-to-date: /ros2_ws/install/wetexplorer_gazebo/share/wetexplorer_gazebo/launch/gazebo.launch
[0.563s] -- Up-to-date: /ros2_ws/install/wetexplorer_gazebo/share/wetexplorer_gazebo/launch/view.launch
[0.563s] -- Up-to-date: /ros2_ws/install/wetexplorer_gazebo/share/wetexplorer_gazebo/launch/kinematics.launch
[0.564s] -- Up-to-date: /ros2_ws/install/wetexplorer_gazebo/share/wetexplorer_gazebo/launch/world.launch
[0.564s] -- Up-to-date: /ros2_ws/install/wetexplorer_gazebo/share/wetexplorer_gazebo/launch/tracked.launch
[0.564s] -- Up-to-date: /ros2_ws/install/wetexplorer_gazebo/share/wetexplorer_gazebo/launch/navigate.launch
[0.564s] -- Up-to-date: /ros2_ws/install/wetexplorer_gazebo/share/wetexplorer_gazebo/launch/tracks.launch
[0.564s] -- Up-to-date: /ros2_ws/install/wetexplorer_gazebo/share/wetexplorer_gazebo/launch/display.launch
[0.565s] -- Up-to-date: /ros2_ws/install/wetexplorer_gazebo/share/wetexplorer_gazebo/launch/teleop.launch
[0.565s] -- Up-to-date: /ros2_ws/install/wetexplorer_gazebo/share/wetexplorer_gazebo/launch/tracked_wetland.launch
[0.565s] -- Up-to-date: /ros2_ws/install/wetexplorer_gazebo/share/wetexplorer_gazebo/launch/sim.launch.py
[0.565s] -- Up-to-date: /ros2_ws/install/wetexplorer_gazebo/share/wetexplorer_gazebo/launch/localize.launch
[0.565s] -- Up-to-date: /ros2_ws/install/wetexplorer_gazebo/share/wetexplorer_gazebo/launch/control.launch
[0.565s] -- Up-to-date: /ros2_ws/install/wetexplorer_gazebo/share/wetexplorer_gazebo/launch/empty.launch
[0.565s] -- Up-to-date: /ros2_ws/install/wetexplorer_gazebo/share/wetexplorer_gazebo/meshes
[0.566s] -- Up-to-date: /ros2_ws/install/wetexplorer_gazebo/share/wetexplorer_gazebo/urdf
[0.566s] -- Up-to-date: /ros2_ws/install/wetexplorer_gazebo/share/ament_index/resource_index/package_run_dependencies/wetexplorer_gazebo
[0.566s] -- Installing: /ros2_ws/install/wetexplorer_gazebo/share/ament_index/resource_index/parent_prefix_path/wetexplorer_gazebo
[0.566s] -- Up-to-date: /ros2_ws/install/wetexplorer_gazebo/share/wetexplorer_gazebo/environment/ament_prefix_path.sh
[0.566s] -- Installing: /ros2_ws/install/wetexplorer_gazebo/share/wetexplorer_gazebo/environment/ament_prefix_path.dsv
[0.566s] -- Up-to-date: /ros2_ws/install/wetexplorer_gazebo/share/wetexplorer_gazebo/environment/path.sh
[0.566s] -- Installing: /ros2_ws/install/wetexplorer_gazebo/share/wetexplorer_gazebo/environment/path.dsv
[0.566s] -- Up-to-date: /ros2_ws/install/wetexplorer_gazebo/share/wetexplorer_gazebo/local_setup.bash
[0.566s] -- Up-to-date: /ros2_ws/install/wetexplorer_gazebo/share/wetexplorer_gazebo/local_setup.sh
[0.567s] -- Up-to-date: /ros2_ws/install/wetexplorer_gazebo/share/wetexplorer_gazebo/local_setup.zsh
[0.567s] -- Installing: /ros2_ws/install/wetexplorer_gazebo/share/wetexplorer_gazebo/local_setup.dsv
[0.567s] -- Installing: /ros2_ws/install/wetexplorer_gazebo/share/wetexplorer_gazebo/package.dsv
[0.567s] -- Up-to-date: /ros2_ws/install/wetexplorer_gazebo/share/ament_index/resource_index/packages/wetexplorer_gazebo
[0.567s] -- Up-to-date: /ros2_ws/install/wetexplorer_gazebo/share/wetexplorer_gazebo/cmake/ament_cmake_export_dependencies-extras.cmake
[0.567s] -- Up-to-date: /ros2_ws/install/wetexplorer_gazebo/share/wetexplorer_gazebo/cmake/wetexplorer_gazeboConfig.cmake
[0.567s] -- Up-to-date: /ros2_ws/install/wetexplorer_gazebo/share/wetexplorer_gazebo/cmake/wetexplorer_gazeboConfig-version.cmake
[0.567s] -- Installing: /ros2_ws/install/wetexplorer_gazebo/share/wetexplorer_gazebo/package.xml
[0.569s] Invoked command in '/ros2_ws/build/wetexplorer_gazebo' returned '0': CMAKE_PREFIX_PATH=/opt/ros/humble:${CMAKE_PREFIX_PATH} /usr/bin/cmake --install /ros2_ws/build/wetexplorer_gazebo
