[0.050s] Invoking command in '/ros2_ws/build/mapviz_plugins': /usr/bin/cmake /ros2_ws/src/mapviz_plugins -DCATKIN_INSTALL_INTO_PREFIX_ROOT=0 -DCMAKE_INSTALL_PREFIX=/ros2_ws/install/mapviz_plugins
[0.081s] [0mCMake Deprecation Warning at CMakeLists.txt:1 (cmake_minimum_required):
[0.081s]   Compatibility with CMake < 2.8.12 will be removed from a future version of
[0.083s]   CMake.
[0.083s] 
[0.084s]   Update the VERSION argument <min> value or use a ...<max> suffix to tell
[0.084s]   CMake that the project does not need compatibility with older versions.
[0.084s] 
[0.084s] [0m
[0.203s] [31mCMake Error at CMakeLists.txt:31 (find_package):
[0.203s]   By not providing "Findcatkin.cmake" in CMAKE_MODULE_PATH this project has
[0.203s]   asked CMake to find a package configuration file provided by "catkin", but
[0.204s]   CMake did not find one.
[0.207s] 
[0.208s]   Could not find a package configuration file provided by "catkin" with any
[0.208s]   of the following names:
[0.208s] 
[0.208s]     catkinConfig.cmake
[0.208s]     catkin-config.cmake
[0.208s] 
[0.208s]   Add the installation prefix of "catkin" to CMAKE_PREFIX_PATH or set
[0.208s]   "catkin_DIR" to a directory containing one of the above files.  If "catkin"
[0.209s]   provides a separate development package or SDK, be sure it has been
[0.209s]   installed.
[0.209s] 
[0.209s] [0m
[0.209s] -- Configuring incomplete, errors occurred!
[0.209s] See also "/ros2_ws/build/mapviz_plugins/CMakeFiles/CMakeOutput.log".
[0.291s] Invoked command in '/ros2_ws/build/mapviz_plugins' returned '1': /usr/bin/cmake /ros2_ws/src/mapviz_plugins -DCATKIN_INSTALL_INTO_PREFIX_ROOT=0 -DCMAKE_INSTALL_PREFIX=/ros2_ws/install/mapviz_plugins
