[0.042s] Invoking command in '/ros2_ws/build/tile_map': /usr/bin/cmake /ros2_ws/src/tile_map -DCATKIN_INSTALL_INTO_PREFIX_ROOT=0 -DCMAKE_INSTALL_PREFIX=/ros2_ws/install/tile_map
[0.086s] [0mCMake Deprecation Warning at CMakeLists.txt:1 (cmake_minimum_required):
[0.088s]   Compatibility with CMake < 2.8.12 will be removed from a future version of
[0.088s]   CMake.
[0.088s] 
[0.088s]   Update the VERSION argument <min> value or use a ...<max> suffix to tell
[0.089s]   CMake that the project does not need compatibility with older versions.
[0.089s] 
[0.089s] [0m
[0.102s] -- Configuring incomplete, errors occurred!
[0.102s] See also "/ros2_ws/build/tile_map/CMakeFiles/CMakeOutput.log".
[0.102s] [31mCMake Error at CMakeLists.txt:13 (find_package):
[0.102s]   By not providing "Findcatkin.cmake" in CMAKE_MODULE_PATH this project has
[0.103s]   asked CMake to find a package configuration file provided by "catkin", but
[0.103s]   CMake did not find one.
[0.103s] 
[0.103s]   Could not find a package configuration file provided by "catkin" with any
[0.103s]   of the following names:
[0.103s] 
[0.103s]     catkinConfig.cmake
[0.103s]     catkin-config.cmake
[0.104s] 
[0.110s]   Add the installation prefix of "catkin" to CMAKE_PREFIX_PATH or set
[0.110s]   "catkin_DIR" to a directory containing one of the above files.  If "catkin"
[0.110s]   provides a separate development package or SDK, be sure it has been
[0.110s]   installed.
[0.110s] 
[0.110s] [0m
[0.144s] Invoked command in '/ros2_ws/build/tile_map' returned '1': /usr/bin/cmake /ros2_ws/src/tile_map -DCATKIN_INSTALL_INTO_PREFIX_ROOT=0 -DCMAKE_INSTALL_PREFIX=/ros2_ws/install/tile_map
