-- Install configuration: ""
-- Installing: /ros2_ws/install/husky_description/share/husky_description/launch
-- Installing: /ros2_ws/install/husky_description/share/husky_description/launch/description.launch
-- Installing: /ros2_ws/install/husky_description/share/husky_description/launch/description_launch.py
-- Installing: /ros2_ws/install/husky_description/share/husky_description/meshes
-- Installing: /ros2_ws/install/husky_description/share/husky_description/meshes/large_top_plate_collision.stl
-- Installing: /ros2_ws/install/husky_description/share/husky_description/meshes/wheel.dae
-- Installing: /ros2_ws/install/husky_description/share/husky_description/meshes/user_rail.stl
-- Installing: /ros2_ws/install/husky_description/share/husky_description/meshes/user_rail.dae
-- Installing: /ros2_ws/install/husky_description/share/husky_description/meshes/bumper_extension.dae
-- Installing: /ros2_ws/install/husky_description/share/husky_description/meshes/top_plate.dae
-- Installing: /ros2_ws/install/husky_description/share/husky_description/meshes/accessories
-- Installing: /ros2_ws/install/husky_description/share/husky_description/meshes/accessories/300_mm_sensor_arch.dae
-- Installing: /ros2_ws/install/husky_description/share/husky_description/meshes/accessories/510_mm_sensor_arch.dae
-- Installing: /ros2_ws/install/husky_description/share/husky_description/meshes/accessories/510_mm_sensor_arch.stl
-- Installing: /ros2_ws/install/husky_description/share/husky_description/meshes/accessories/lidar_mount.stl
-- Installing: /ros2_ws/install/husky_description/share/husky_description/meshes/accessories/lms1xx_mount.dae
-- Installing: /ros2_ws/install/husky_description/share/husky_description/meshes/accessories/300_mm_sensor_arch.stl
-- Installing: /ros2_ws/install/husky_description/share/husky_description/meshes/accessories/lms1xx_mount.stl
-- Installing: /ros2_ws/install/husky_description/share/husky_description/meshes/top_plate.stl
-- Installing: /ros2_ws/install/husky_description/share/husky_description/meshes/base_link.dae
-- Installing: /ros2_ws/install/husky_description/share/husky_description/meshes/large_top_plate.dae
-- Installing: /ros2_ws/install/husky_description/share/husky_description/meshes/wheel.stl
-- Installing: /ros2_ws/install/husky_description/share/husky_description/meshes/bumper.dae
-- Installing: /ros2_ws/install/husky_description/share/husky_description/meshes/base_link.stl
-- Installing: /ros2_ws/install/husky_description/share/husky_description/meshes/top_chassis.dae
-- Installing: /ros2_ws/install/husky_description/share/husky_description/meshes/top_chassis.stl
-- Installing: /ros2_ws/install/husky_description/share/husky_description/urdf
-- Installing: /ros2_ws/install/husky_description/share/husky_description/urdf/husky.urdf.xacro
-- Installing: /ros2_ws/install/husky_description/share/husky_description/urdf/accessories
-- Installing: /ros2_ws/install/husky_description/share/husky_description/urdf/accessories/sensor_arch.urdf.xacro
-- Installing: /ros2_ws/install/husky_description/share/husky_description/urdf/accessories/sick_lms1xx_mount.urdf.xacro
-- Installing: /ros2_ws/install/husky_description/share/husky_description/urdf/accessories/intel_realsense.urdf.xacro
-- Installing: /ros2_ws/install/husky_description/share/husky_description/urdf/wheel.urdf.xacro
-- Installing: /ros2_ws/install/husky_description/share/husky_description/urdf/husky_macro.urdf.xacro
-- Installing: /ros2_ws/install/husky_description/share/husky_description/urdf/empty.urdf
-- Installing: /ros2_ws/install/husky_description/share/husky_description/urdf/decorations.urdf.xacro
-- Installing: /ros2_ws/install/husky_description/share/ament_index/resource_index/package_run_dependencies/husky_description
-- Installing: /ros2_ws/install/husky_description/share/ament_index/resource_index/parent_prefix_path/husky_description
-- Installing: /ros2_ws/install/husky_description/share/husky_description/environment/ament_prefix_path.sh
-- Installing: /ros2_ws/install/husky_description/share/husky_description/environment/ament_prefix_path.dsv
-- Installing: /ros2_ws/install/husky_description/share/husky_description/environment/path.sh
-- Installing: /ros2_ws/install/husky_description/share/husky_description/environment/path.dsv
-- Installing: /ros2_ws/install/husky_description/share/husky_description/local_setup.bash
-- Installing: /ros2_ws/install/husky_description/share/husky_description/local_setup.sh
-- Installing: /ros2_ws/install/husky_description/share/husky_description/local_setup.zsh
-- Installing: /ros2_ws/install/husky_description/share/husky_description/local_setup.dsv
-- Installing: /ros2_ws/install/husky_description/share/husky_description/package.dsv
-- Installing: /ros2_ws/install/husky_description/share/ament_index/resource_index/packages/husky_description
-- Installing: /ros2_ws/install/husky_description/share/husky_description/cmake/ament_cmake_export_dependencies-extras.cmake
-- Installing: /ros2_ws/install/husky_description/share/husky_description/cmake/husky_descriptionConfig.cmake
-- Installing: /ros2_ws/install/husky_description/share/husky_description/cmake/husky_descriptionConfig-version.cmake
-- Installing: /ros2_ws/install/husky_description/share/husky_description/package.xml
