[0.020s] Invoking command in '/ros2_ws/build/husky_description': CMAKE_PREFIX_PATH=${CMAKE_PREFIX_PATH}:/opt/ros/humble /usr/bin/cmake --build /ros2_ws/build/husky_description -- -j12 -l12
[0.089s] Invoked command in '/ros2_ws/build/husky_description' returned '0': CMAKE_PREFIX_PATH=${CMAKE_PREFIX_PATH}:/opt/ros/humble /usr/bin/cmake --build /ros2_ws/build/husky_description -- -j12 -l12
[0.141s] Invoking command in '/ros2_ws/build/husky_description': CMAKE_PREFIX_PATH=${CMAKE_PREFIX_PATH}:/opt/ros/humble /usr/bin/cmake --install /ros2_ws/build/husky_description
[0.153s] -- Install configuration: ""
[0.154s] -- Installing: /ros2_ws/install/husky_description/share/husky_description/launch
[0.154s] -- Installing: /ros2_ws/install/husky_description/share/husky_description/launch/description.launch
[0.154s] -- Installing: /ros2_ws/install/husky_description/share/husky_description/launch/description_launch.py
[0.154s] -- Installing: /ros2_ws/install/husky_description/share/husky_description/meshes
[0.155s] -- Installing: /ros2_ws/install/husky_description/share/husky_description/meshes/large_top_plate_collision.stl
[0.155s] -- Installing: /ros2_ws/install/husky_description/share/husky_description/meshes/wheel.dae
[0.162s] -- Installing: /ros2_ws/install/husky_description/share/husky_description/meshes/user_rail.stl
[0.164s] -- Installing: /ros2_ws/install/husky_description/share/husky_description/meshes/user_rail.dae
[0.166s] -- Installing: /ros2_ws/install/husky_description/share/husky_description/meshes/bumper_extension.dae
[0.167s] -- Installing: /ros2_ws/install/husky_description/share/husky_description/meshes/top_plate.dae
[0.167s] -- Installing: /ros2_ws/install/husky_description/share/husky_description/meshes/accessories
[0.167s] -- Installing: /ros2_ws/install/husky_description/share/husky_description/meshes/accessories/300_mm_sensor_arch.dae
[0.168s] -- Installing: /ros2_ws/install/husky_description/share/husky_description/meshes/accessories/510_mm_sensor_arch.dae
[0.168s] -- Installing: /ros2_ws/install/husky_description/share/husky_description/meshes/accessories/510_mm_sensor_arch.stl
[0.169s] -- Installing: /ros2_ws/install/husky_description/share/husky_description/meshes/accessories/lidar_mount.stl
[0.170s] -- Installing: /ros2_ws/install/husky_description/share/husky_description/meshes/accessories/lms1xx_mount.dae
[0.171s] -- Installing: /ros2_ws/install/husky_description/share/husky_description/meshes/accessories/300_mm_sensor_arch.stl
[0.171s] -- Installing: /ros2_ws/install/husky_description/share/husky_description/meshes/accessories/lms1xx_mount.stl
[0.172s] -- Installing: /ros2_ws/install/husky_description/share/husky_description/meshes/top_plate.stl
[0.173s] -- Installing: /ros2_ws/install/husky_description/share/husky_description/meshes/base_link.dae
[0.176s] -- Installing: /ros2_ws/install/husky_description/share/husky_description/meshes/large_top_plate.dae
[0.176s] -- Installing: /ros2_ws/install/husky_description/share/husky_description/meshes/wheel.stl
[0.180s] -- Installing: /ros2_ws/install/husky_description/share/husky_description/meshes/bumper.dae
[0.182s] -- Installing: /ros2_ws/install/husky_description/share/husky_description/meshes/base_link.stl
[0.184s] -- Installing: /ros2_ws/install/husky_description/share/husky_description/meshes/top_chassis.dae
[0.190s] -- Installing: /ros2_ws/install/husky_description/share/husky_description/meshes/top_chassis.stl
[0.194s] -- Installing: /ros2_ws/install/husky_description/share/husky_description/urdf
[0.194s] -- Installing: /ros2_ws/install/husky_description/share/husky_description/urdf/husky.urdf.xacro
[0.194s] -- Installing: /ros2_ws/install/husky_description/share/husky_description/urdf/accessories
[0.195s] -- Installing: /ros2_ws/install/husky_description/share/husky_description/urdf/accessories/sensor_arch.urdf.xacro
[0.195s] -- Installing: /ros2_ws/install/husky_description/share/husky_description/urdf/accessories/sick_lms1xx_mount.urdf.xacro
[0.195s] -- Installing: /ros2_ws/install/husky_description/share/husky_description/urdf/accessories/intel_realsense.urdf.xacro
[0.195s] -- Installing: /ros2_ws/install/husky_description/share/husky_description/urdf/wheel.urdf.xacro
[0.196s] -- Installing: /ros2_ws/install/husky_description/share/husky_description/urdf/husky_macro.urdf.xacro
[0.196s] -- Installing: /ros2_ws/install/husky_description/share/husky_description/urdf/empty.urdf
[0.197s] -- Installing: /ros2_ws/install/husky_description/share/husky_description/urdf/decorations.urdf.xacro
[0.198s] -- Installing: /ros2_ws/install/husky_description/share/ament_index/resource_index/package_run_dependencies/husky_description
[0.198s] -- Installing: /ros2_ws/install/husky_description/share/ament_index/resource_index/parent_prefix_path/husky_description
[0.199s] -- Installing: /ros2_ws/install/husky_description/share/husky_description/environment/ament_prefix_path.sh
[0.199s] -- Installing: /ros2_ws/install/husky_description/share/husky_description/environment/ament_prefix_path.dsv
[0.199s] -- Installing: /ros2_ws/install/husky_description/share/husky_description/environment/path.sh
[0.200s] -- Installing: /ros2_ws/install/husky_description/share/husky_description/environment/path.dsv
[0.200s] -- Installing: /ros2_ws/install/husky_description/share/husky_description/local_setup.bash
[0.200s] -- Installing: /ros2_ws/install/husky_description/share/husky_description/local_setup.sh
[0.201s] -- Installing: /ros2_ws/install/husky_description/share/husky_description/local_setup.zsh
[0.201s] -- Installing: /ros2_ws/install/husky_description/share/husky_description/local_setup.dsv
[0.202s] -- Installing: /ros2_ws/install/husky_description/share/husky_description/package.dsv
[0.202s] -- Installing: /ros2_ws/install/husky_description/share/ament_index/resource_index/packages/husky_description
[0.202s] -- Installing: /ros2_ws/install/husky_description/share/husky_description/cmake/ament_cmake_export_dependencies-extras.cmake
[0.203s] -- Installing: /ros2_ws/install/husky_description/share/husky_description/cmake/husky_descriptionConfig.cmake
[0.203s] -- Installing: /ros2_ws/install/husky_description/share/husky_description/cmake/husky_descriptionConfig-version.cmake
[0.204s] -- Installing: /ros2_ws/install/husky_description/share/husky_description/package.xml
[0.207s] Invoked command in '/ros2_ws/build/husky_description' returned '0': CMAKE_PREFIX_PATH=${CMAKE_PREFIX_PATH}:/opt/ros/humble /usr/bin/cmake --install /ros2_ws/build/husky_description
