[0.060s] Invoking command in '/ros2_ws/build/wetexplorer_gazebo': /usr/bin/cmake /ros2_ws/src/wetexplorer/wetexplorer_gazebo -DCATKIN_INSTALL_INTO_PREFIX_ROOT=0 -DCATKIN_SYMLINK_INSTALL=ON -DCMAKE_INSTALL_PREFIX=/ros2_ws/install/wetexplorer_gazebo
[0.113s] -- Configuring incomplete, errors occurred!
[0.114s] See also "/ros2_ws/build/wetexplorer_gazebo/CMakeFiles/CMakeOutput.log".
[0.114s] [31mCMake Error at CMakeLists.txt:10 (find_package):
[0.115s]   By not providing "Findcatkin.cmake" in CMAKE_MODULE_PATH this project has
[0.115s]   asked CMake to find a package configuration file provided by "catkin", but
[0.115s]   CMake did not find one.
[0.115s] 
[0.119s]   Could not find a package configuration file provided by "catkin" with any
[0.119s]   of the following names:
[0.120s] 
[0.120s]     catkinConfig.cmake
[0.120s]     catkin-config.cmake
[0.120s] 
[0.120s]   Add the installation prefix of "catkin" to CMAKE_PREFIX_PATH or set
[0.120s]   "catkin_DIR" to a directory containing one of the above files.  If "catkin"
[0.120s]   provides a separate development package or SDK, be sure it has been
[0.121s]   installed.
[0.121s] 
[0.121s] [0m
