[0.367s] Invoking command in '/ros2_ws/build/turtlebot3_gazebo': CMAKE_PREFIX_PATH=${CMAKE_PREFIX_PATH}:/opt/ros/humble /usr/bin/cmake /ros2_ws/src/turtlebot3_simulations/turtlebot3_gazebo -DCMAKE_INSTALL_PREFIX=/ros2_ws/install/turtlebot3_gazebo
[1.011s] -- Found ament_cmake: 1.3.10 (/opt/ros/humble/share/ament_cmake/cmake)
[1.011s] -- Override CMake install command with custom implementation using symlinks instead of copying resources
[1.011s] -- Found PkgConfig: /usr/bin/pkg-config (found version "0.29.2") 
[1.011s] -- Checking for module 'bullet>=2.82'
[1.012s] --   Found bullet, version 3.05
[1.012s] -- Found fcl: /usr/include (found suitable version "0.7.0", minimum required is "0.5.0") 
[1.012s] -- Found assimp: /usr/include (found version "5.2.0") 
[1.016s] [33mCMake Warning (dev) at /usr/share/cmake-3.22/Modules/FindPackageHandleStandardArgs.cmake:438 (message):
[1.016s]   The package name passed to `find_package_handle_standard_args` (PkgConfig)
[1.016s]   does not match the name of the calling package (gazebo).  This can lead to
[1.016s]   problems in calling code that expects `find_package` result variables
[1.017s]   (e.g., `_FOUND`) to follow a certain pattern.
[1.017s] Call Stack (most recent call first):
[1.017s]   /usr/share/cmake-3.22/Modules/FindPkgConfig.cmake:99 (find_package_handle_standard_args)
[1.017s]   /usr/lib/x86_64-linux-gnu/cmake/gazebo/gazebo-config.cmake:72 (include)
[1.017s]   CMakeLists.txt:23 (find_package)
[1.017s] This warning is for project developers.  Use -Wno-dev to suppress it.
[1.017s] [0m
[1.050s] -- Found DART: /usr/include (Required is at least version "6.6") found components: dart 
[1.363s] -- Found Boost: /usr/lib/x86_64-linux-gnu/cmake/Boost-1.74.0/BoostConfig.cmake (found suitable version "1.74.0", minimum required is "1.40.0") found components: thread system filesystem program_options regex iostreams date_time 
[1.400s] -- Found Protobuf: /usr/lib/x86_64-linux-gnu/libprotobuf.so (found version "3.12.4") 
[1.417s] -- Looking for ignition-math6 -- found version 6.15.1
[1.430s] -- Searching for dependencies of ignition-math6
[1.433s] -- Looking for OGRE...
[1.434s] -- OGRE_PREFIX_WATCH changed.
[1.441s] -- Checking for module 'OGRE'
[1.458s] --   Found OGRE, version 1.9.0
[1.505s] -- Found Ogre Ghadamon (1.9.0)
[1.524s] -- Found OGRE: optimized;/usr/lib/x86_64-linux-gnu/libOgreMain.so;debug;/usr/lib/x86_64-linux-gnu/libOgreMain.so
[1.540s] -- Looking for OGRE_Paging...
[1.585s] -- Found OGRE_Paging: optimized;/usr/lib/x86_64-linux-gnu/libOgrePaging.so;debug;/usr/lib/x86_64-linux-gnu/libOgrePaging.so
[1.585s] -- Looking for OGRE_Terrain...
[1.593s] -- Found OGRE_Terrain: optimized;/usr/lib/x86_64-linux-gnu/libOgreTerrain.so;debug;/usr/lib/x86_64-linux-gnu/libOgreTerrain.so
[1.593s] -- Looking for OGRE_Property...
[1.594s] -- Found OGRE_Property: optimized;/usr/lib/x86_64-linux-gnu/libOgreProperty.so;debug;/usr/lib/x86_64-linux-gnu/libOgreProperty.so
[1.594s] -- Looking for OGRE_RTShaderSystem...
[1.598s] -- Found OGRE_RTShaderSystem: optimized;/usr/lib/x86_64-linux-gnu/libOgreRTShaderSystem.so;debug;/usr/lib/x86_64-linux-gnu/libOgreRTShaderSystem.so
[1.598s] -- Looking for OGRE_Volume...
[1.599s] -- Found OGRE_Volume: optimized;/usr/lib/x86_64-linux-gnu/libOgreVolume.so;debug;/usr/lib/x86_64-linux-gnu/libOgreVolume.so
[1.599s] -- Looking for OGRE_Overlay...
[1.602s] -- Found OGRE_Overlay: optimized;/usr/lib/x86_64-linux-gnu/libOgreOverlay.so;debug;/usr/lib/x86_64-linux-gnu/libOgreOverlay.so
[1.829s] -- Looking for ignition-math6 -- found version 6.15.1
[1.836s] -- Looking for ignition-transport8 -- found version 8.2.1
[1.836s] -- Searching for dependencies of ignition-transport8
[1.873s] -- Found Protobuf: /usr/lib/x86_64-linux-gnu/libprotobuf.so (found suitable version "3.12.4", minimum required is "3") 
[1.893s] -- Config-file not installed for ZeroMQ -- checking for pkg-config
[1.897s] -- Checking for module 'libzmq >= 4'
[1.918s] --   Found libzmq , version 4.3.4
[1.973s] -- Found ZeroMQ: TRUE (Required is at least version "4") 
[1.982s] -- Checking for module 'uuid'
[2.002s] --   Found uuid, version 2.37.2
[2.050s] -- Found UUID: TRUE  
[2.056s] -- Looking for ignition-msgs5 -- found version 5.8.1
[2.056s] -- Searching for dependencies of ignition-msgs5
[2.086s] -- Looking for ignition-math6 -- found version 6.15.1
[2.093s] -- Checking for module 'tinyxml2'
[2.112s] --   Found tinyxml2, version 9.0.0
[2.162s] -- Looking for ignition-msgs5 -- found version 5.8.1
[2.167s] -- Looking for ignition-common3 -- found version 3.14.0
[2.167s] -- Searching for dependencies of ignition-common3
[2.168s] -- Looking for dlfcn.h - found
[2.169s] -- Looking for libdl - found
[2.173s] -- Found DL: TRUE  
[2.193s] -- Found tinyobjloader: /usr/lib/x86_64-linux-gnu/cmake/tinyobjloader/tinyobjloader-config.cmake (found version "2.0.0") 
[2.193s] -- Searching for <ignition-common3> component [graphics]
[2.198s] -- Looking for ignition-common3-graphics -- found version 3.14.0
[2.200s] -- Searching for dependencies of ignition-common3-graphics
[2.200s] -- Looking for ignition-math6 -- found version 6.15.1
[2.206s] -- Looking for ignition-fuel_tools4 -- found version 4.4.0
[2.206s] -- Searching for dependencies of ignition-fuel_tools4
[2.333s] -- Found CURL: /usr/lib/x86_64-linux-gnu/libcurl.so (found version "7.81.0")  
[2.351s] -- Checking for module 'jsoncpp'
[2.371s] --   Found jsoncpp, version 1.9.5
[2.418s] -- Found JSONCPP: TRUE  
[2.427s] -- Checking for module 'libzip'
[2.446s] --   Found libzip, version 1.7.3
[2.493s] -- Found ZIP: TRUE  
[2.494s] -- Looking for ignition-common3 -- found version 3.14.0
[2.494s] -- Looking for ignition-math6 -- found version 6.15.1
[2.495s] -- Looking for ignition-msgs5 -- found version 5.8.1
[2.508s] -- Found gazebo_ros_pkgs: 3.7.0 (/opt/ros/humble/share/gazebo_ros_pkgs/cmake)
[2.512s] -- Found geometry_msgs: 4.2.4 (/opt/ros/humble/share/geometry_msgs/cmake)
[2.567s] -- Found rosidl_generator_c: 3.1.5 (/opt/ros/humble/share/rosidl_generator_c/cmake)
[2.575s] -- Found rosidl_adapter: 3.1.5 (/opt/ros/humble/share/rosidl_adapter/cmake)
[2.588s] -- Found rosidl_generator_cpp: 3.1.5 (/opt/ros/humble/share/rosidl_generator_cpp/cmake)
[2.605s] -- Using all available rosidl_typesupport_c: rosidl_typesupport_fastrtps_c;rosidl_typesupport_introspection_c
[2.628s] -- Using all available rosidl_typesupport_cpp: rosidl_typesupport_fastrtps_cpp;rosidl_typesupport_introspection_cpp
[2.681s] -- Found nav_msgs: 4.2.4 (/opt/ros/humble/share/nav_msgs/cmake)
[2.703s] -- Found rclcpp: 16.0.10 (/opt/ros/humble/share/rclcpp/cmake)
[2.758s] -- Found rmw_implementation_cmake: 6.1.2 (/opt/ros/humble/share/rmw_implementation_cmake/cmake)
[2.762s] -- Found rmw_fastrtps_cpp: 6.2.7 (/opt/ros/humble/share/rmw_fastrtps_cpp/cmake)
[2.885s] -- Found OpenSSL: /usr/lib/x86_64-linux-gnu/libcrypto.so (found version "3.0.2")  
[2.926s] -- Found FastRTPS: /opt/ros/humble/include  
[2.983s] -- Using RMW implementation 'rmw_fastrtps_cpp' as default
[2.997s] -- Found Threads: TRUE  
[3.045s] -- Found sensor_msgs: 4.2.4 (/opt/ros/humble/share/sensor_msgs/cmake)
[3.069s] -- Found tf2: 0.25.7 (/opt/ros/humble/share/tf2/cmake)
[3.162s] -- Configuring done
[3.215s] -- Generating done
[3.219s] -- Build files have been written to: /ros2_ws/build/turtlebot3_gazebo
