[0.042s] Invoking command in '/ros2_ws/build/wetexplorer_control': /usr/bin/cmake /ros2_ws/src/wetexplorer/wetexplorer_control -DCATKIN_INSTALL_INTO_PREFIX_ROOT=0 -DCMAKE_INSTALL_PREFIX=/ros2_ws/install/wetexplorer_control
[0.142s] -- The C compiler identification is GNU 11.4.0
[0.246s] -- The CXX compiler identification is GNU 11.4.0
[0.259s] -- Detecting C compiler ABI info
[0.368s] -- Detecting C compiler ABI info - done
[0.395s] -- Check for working C compiler: /usr/bin/cc - skipped
[0.396s] -- Detecting C compile features
[0.397s] -- Detecting C compile features - done
[0.404s] -- Detecting CXX compiler ABI info
[0.529s] -- Detecting CXX compiler ABI info - done
[0.546s] -- Check for working CXX compiler: /usr/bin/c++ - skipped
[0.546s] -- Detecting CXX compile features
[0.550s] [31mCMake Error at CMakeLists.txt:8 (catkin_package):
[0.550s]   Unknown CMake command "catkin_package".
[0.550s] 
[0.550s] [0m
[0.551s] -- Detecting CXX compile features - done
[0.551s] -- Configuring incomplete, errors occurred!
[0.551s] See also "/ros2_ws/build/wetexplorer_control/CMakeFiles/CMakeOutput.log".
[0.556s] Invoked command in '/ros2_ws/build/wetexplorer_control' returned '1': /usr/bin/cmake /ros2_ws/src/wetexplorer/wetexplorer_control -DCATKIN_INSTALL_INTO_PREFIX_ROOT=0 -DCMAKE_INSTALL_PREFIX=/ros2_ws/install/wetexplorer_control
