[0.042s] Invoking command in '/ros2_ws/build/rtcm_msgs': CMAKE_PREFIX_PATH=/opt/ros/humble /usr/bin/cmake --build /ros2_ws/build/rtcm_msgs -- -j12 -l12
[0.130s] [  3%] [34m[1mGenerating C code for ROS interfaces[0m
[0.146s] [  6%] [34m[1mGenerating C++ code for ROS interfaces[0m
[0.149s] [  6%] Built target ament_cmake_python_copy_rtcm_msgs
[0.426s] [  9%] [32mBuilding C object CMakeFiles/rtcm_msgs__rosidl_generator_c.dir/rosidl_generator_c/rtcm_msgs/msg/detail/message__functions.c.o[0m
[0.466s] running egg_info
[0.467s] creating rtcm_msgs.egg-info
[0.467s] writing rtcm_msgs.egg-info/PKG-INFO
[0.467s] writing dependency_links to rtcm_msgs.egg-info/dependency_links.txt
[0.467s] writing top-level names to rtcm_msgs.egg-info/top_level.txt
[0.467s] writing manifest file 'rtcm_msgs.egg-info/SOURCES.txt'
[0.470s] reading manifest file 'rtcm_msgs.egg-info/SOURCES.txt'
[0.471s] writing manifest file 'rtcm_msgs.egg-info/SOURCES.txt'
[0.515s] [ 12%] [32m[1mLinking C shared library librtcm_msgs__rosidl_generator_c.so[0m
[0.519s] [ 12%] Built target ament_cmake_python_build_rtcm_msgs_egg
[0.525s] [ 12%] Built target rtcm_msgs__cpp
[0.536s] [ 19%] [34m[1mGenerating C++ introspection for ROS interfaces[0m
[0.536s] [ 19%] [34m[1mGenerating C++ type support for eProsima Fast-RTPS[0m
[0.538s] [ 22%] [34m[1mGenerating C++ type support dispatch for ROS interfaces[0m
[0.565s] [ 22%] Built target rtcm_msgs__rosidl_generator_c
[0.577s] [ 25%] [34m[1mGenerating C type support for eProsima Fast-RTPS[0m
[0.579s] [ 32%] [34m[1mGenerating C introspection for ROS interfaces[0m
[0.579s] [ 32%] [34m[1mGenerating C type support dispatch for ROS interfaces[0m
[0.982s] [ 35%] [32mBuilding CXX object CMakeFiles/rtcm_msgs__rosidl_typesupport_cpp.dir/rosidl_typesupport_cpp/rtcm_msgs/msg/message__type_support.cpp.o[0m
[0.997s] [ 38%] [32mBuilding CXX object CMakeFiles/rtcm_msgs__rosidl_typesupport_c.dir/rosidl_typesupport_c/rtcm_msgs/msg/message__type_support.cpp.o[0m
[1.000s] [ 41%] [32mBuilding CXX object CMakeFiles/rtcm_msgs__rosidl_typesupport_introspection_cpp.dir/rosidl_typesupport_introspection_cpp/rtcm_msgs/msg/detail/message__type_support.cpp.o[0m
[1.031s] [ 45%] [32mBuilding CXX object CMakeFiles/rtcm_msgs__rosidl_typesupport_fastrtps_c.dir/rosidl_typesupport_fastrtps_c/rtcm_msgs/msg/detail/message__type_support_c.cpp.o[0m
[1.052s] [ 48%] [32m[1mLinking CXX shared library librtcm_msgs__rosidl_typesupport_c.so[0m
[1.055s] [ 51%] [32mBuilding C object CMakeFiles/rtcm_msgs__rosidl_typesupport_introspection_c.dir/rosidl_typesupport_introspection_c/rtcm_msgs/msg/detail/message__type_support.c.o[0m
[1.062s] [ 54%] [32mBuilding CXX object CMakeFiles/rtcm_msgs__rosidl_typesupport_fastrtps_cpp.dir/rosidl_typesupport_fastrtps_cpp/rtcm_msgs/msg/detail/dds_fastrtps/message__type_support.cpp.o[0m
[1.122s] [ 54%] Built target rtcm_msgs__rosidl_typesupport_c
[1.134s] [ 58%] [32m[1mLinking C shared library librtcm_msgs__rosidl_typesupport_introspection_c.so[0m
[1.181s] [ 58%] Built target rtcm_msgs__rosidl_typesupport_introspection_c
[1.464s] [ 61%] [32m[1mLinking CXX shared library librtcm_msgs__rosidl_typesupport_cpp.so[0m
[1.530s] [ 61%] Built target rtcm_msgs__rosidl_typesupport_cpp
[1.542s] [ 64%] [32m[1mLinking CXX shared library librtcm_msgs__rosidl_typesupport_fastrtps_c.so[0m
[1.642s] [ 64%] Built target rtcm_msgs__rosidl_typesupport_fastrtps_c
[1.658s] [ 67%] [32m[1mLinking CXX shared library librtcm_msgs__rosidl_typesupport_introspection_cpp.so[0m
[1.713s] [ 70%] [32m[1mLinking CXX shared library librtcm_msgs__rosidl_typesupport_fastrtps_cpp.so[0m
[1.758s] [ 70%] Built target rtcm_msgs__rosidl_typesupport_introspection_cpp
[1.805s] [ 70%] Built target rtcm_msgs__rosidl_typesupport_fastrtps_cpp
[1.827s] [ 70%] Built target rtcm_msgs
[1.849s] [ 74%] [34m[1mGenerating Python code for ROS interfaces[0m
[2.139s] [ 74%] Built target rtcm_msgs__py
[2.158s] [ 77%] [32mBuilding C object CMakeFiles/rtcm_msgs__rosidl_generator_py.dir/rosidl_generator_py/rtcm_msgs/msg/_message_s.c.o[0m
[2.289s] [ 80%] [32m[1mLinking C shared library rosidl_generator_py/rtcm_msgs/librtcm_msgs__rosidl_generator_py.so[0m
[2.327s] [ 80%] Built target rtcm_msgs__rosidl_generator_py
[2.346s] [ 87%] [32mBuilding C object CMakeFiles/rtcm_msgs__rosidl_typesupport_c__pyext.dir/rosidl_generator_py/rtcm_msgs/_rtcm_msgs_s.ep.rosidl_typesupport_c.c.o[0m
[2.346s] [ 87%] [32mBuilding C object CMakeFiles/rtcm_msgs__rosidl_typesupport_introspection_c__pyext.dir/rosidl_generator_py/rtcm_msgs/_rtcm_msgs_s.ep.rosidl_typesupport_introspection_c.c.o[0m
[2.346s] [ 90%] [32mBuilding C object CMakeFiles/rtcm_msgs__rosidl_typesupport_fastrtps_c__pyext.dir/rosidl_generator_py/rtcm_msgs/_rtcm_msgs_s.ep.rosidl_typesupport_fastrtps_c.c.o[0m
[2.451s] [ 96%] [32m[1mLinking C shared library rosidl_generator_py/rtcm_msgs/rtcm_msgs_s__rosidl_typesupport_fastrtps_c.cpython-310-x86_64-linux-gnu.so[0m
[2.451s] [ 96%] [32m[1mLinking C shared library rosidl_generator_py/rtcm_msgs/rtcm_msgs_s__rosidl_typesupport_c.cpython-310-x86_64-linux-gnu.so[0m
[2.451s] [100%] [32m[1mLinking C shared library rosidl_generator_py/rtcm_msgs/rtcm_msgs_s__rosidl_typesupport_introspection_c.cpython-310-x86_64-linux-gnu.so[0m
[2.489s] [100%] Built target rtcm_msgs__rosidl_typesupport_introspection_c__pyext
[2.489s] [100%] Built target rtcm_msgs__rosidl_typesupport_c__pyext
[2.489s] [100%] Built target rtcm_msgs__rosidl_typesupport_fastrtps_c__pyext
