[0.045s] Invoking command in '/ros2_ws/build/mapviz_plugins': /usr/bin/cmake /ros2_ws/src/mapviz_plugins -DCATKIN_INSTALL_INTO_PREFIX_ROOT=0 -DCMAKE_INSTALL_PREFIX=/ros2_ws/install/mapviz_plugins
[0.068s] [0mCMake Deprecation Warning at CMakeLists.txt:1 (cmake_minimum_required):
[0.068s]   Compatibility with CMake < 2.8.12 will be removed from a future version of
[0.068s]   CMake.
[0.068s] 
[0.068s]   Update the VERSION argument <min> value or use a ...<max> suffix to tell
[0.068s]   CMake that the project does not need compatibility with older versions.
[0.069s] 
[0.069s] [0m
[0.145s] -- The C compiler identification is GNU 11.4.0
[0.255s] -- The CXX compiler identification is GNU 11.4.0
[0.267s] -- Detecting C compiler ABI info
[0.375s] -- Detecting C compiler ABI info - done
[0.392s] -- Check for working C compiler: /usr/bin/cc - skipped
[0.392s] -- Detecting C compile features
[0.393s] -- Detecting C compile features - done
[0.402s] -- Detecting CXX compiler ABI info
[0.538s] -- Detecting CXX compiler ABI info - done
[0.563s] -- Check for working CXX compiler: /usr/bin/c++ - skipped
[0.563s] -- Detecting CXX compile features
[0.564s] -- Detecting CXX compile features - done
[0.590s] -- Configuring incomplete, errors occurred!
[0.590s] See also "/ros2_ws/build/mapviz_plugins/CMakeFiles/CMakeOutput.log".
[0.590s] [31mCMake Error at CMakeLists.txt:31 (find_package):
[0.590s]   By not providing "Findcatkin.cmake" in CMAKE_MODULE_PATH this project has
[0.590s]   asked CMake to find a package configuration file provided by "catkin", but
[0.591s]   CMake did not find one.
[0.591s] 
[0.591s]   Could not find a package configuration file provided by "catkin" with any
[0.591s]   of the following names:
[0.591s] 
[0.591s]     catkinConfig.cmake
[0.591s]     catkin-config.cmake
[0.591s] 
[0.591s]   Add the installation prefix of "catkin" to CMAKE_PREFIX_PATH or set
[0.596s]   "catkin_DIR" to a directory containing one of the above files.  If "catkin"
[0.596s]   provides a separate development package or SDK, be sure it has been
[0.596s]   installed.
[0.597s] 
[0.597s] [0m
[0.598s] Invoked command in '/ros2_ws/build/mapviz_plugins' returned '1': /usr/bin/cmake /ros2_ws/src/mapviz_plugins -DCATKIN_INSTALL_INTO_PREFIX_ROOT=0 -DCMAKE_INSTALL_PREFIX=/ros2_ws/install/mapviz_plugins
