[0.180s] DEBUG:colcon:Command line arguments: ['/usr/bin/colcon', 'build', '--packages-select', 'wetexplorer_gazebo']
[0.180s] DEBUG:colcon:Parsed command line arguments: Namespace(log_base=None, log_level=None, verb_name='build', build_base='build', install_base='install', merge_install=False, symlink_install=False, test_result_base=None, continue_on_error=False, executor='parallel', parallel_workers=12, event_handlers=None, ignore_user_meta=False, metas=['./colcon.meta'], base_paths=['.'], packages_ignore=None, packages_ignore_regex=None, paths=None, packages_up_to=None, packages_up_to_regex=None, packages_above=None, packages_above_and_dependencies=None, packages_above_depth=None, packages_select_by_dep=None, packages_skip_by_dep=None, packages_skip_up_to=None, packages_select_build_failed=False, packages_skip_build_finished=False, packages_select_test_failures=False, packages_skip_test_passed=False, packages_select=['wetexplorer_gazebo'], packages_skip=None, packages_select_regex=None, packages_skip_regex=None, packages_start=None, packages_end=None, cmake_args=None, cmake_target=None, cmake_target_skip_unavailable=False, cmake_clean_cache=False, cmake_clean_first=False, cmake_force_configure=False, ament_cmake_args=None, catkin_cmake_args=None, catkin_skip_building_tests=False, mixin_files=None, mixin=None, verb_parser=<colcon_mixin.mixin.mixin_argument.MixinArgumentDecorator object at 0x712bd27e7820>, verb_extension=<colcon_core.verb.build.BuildVerb object at 0x712bd27e72b0>, main=<bound method BuildVerb.main of <colcon_core.verb.build.BuildVerb object at 0x712bd27e72b0>>, mixin_verb=('build',))
[0.414s] Level 1:colcon.colcon_core.package_discovery:discover_packages(colcon_meta) check parameters
[0.414s] Level 1:colcon.colcon_core.package_discovery:discover_packages(recursive) check parameters
[0.414s] Level 1:colcon.colcon_core.package_discovery:discover_packages(ignore) check parameters
[0.414s] Level 1:colcon.colcon_core.package_discovery:discover_packages(path) check parameters
[0.414s] Level 1:colcon.colcon_core.package_discovery:discover_packages(colcon_meta) discover
[0.414s] Level 1:colcon.colcon_core.package_discovery:discover_packages(recursive) discover
[0.414s] INFO:colcon.colcon_core.package_discovery:Crawling recursively for packages in '/ros2_ws'
[0.414s] Level 1:colcon.colcon_core.package_identification:_identify(.) by extensions ['ignore', 'ignore_ament_install']
[0.414s] Level 1:colcon.colcon_core.package_identification:_identify(.) by extension 'ignore'
[0.414s] Level 1:colcon.colcon_core.package_identification:_identify(.) by extension 'ignore_ament_install'
[0.415s] Level 1:colcon.colcon_core.package_identification:_identify(.) by extensions ['colcon_pkg']
[0.415s] Level 1:colcon.colcon_core.package_identification:_identify(.) by extension 'colcon_pkg'
[0.415s] Level 1:colcon.colcon_core.package_identification:_identify(.) by extensions ['colcon_meta']
[0.415s] Level 1:colcon.colcon_core.package_identification:_identify(.) by extension 'colcon_meta'
[0.415s] Level 1:colcon.colcon_core.package_identification:_identify(.) by extensions ['ros']
[0.415s] Level 1:colcon.colcon_core.package_identification:_identify(.) by extension 'ros'
[0.433s] Level 1:colcon.colcon_core.package_identification:_identify(.) by extensions ['cmake', 'python']
[0.433s] Level 1:colcon.colcon_core.package_identification:_identify(.) by extension 'cmake'
[0.433s] Level 1:colcon.colcon_core.package_identification:_identify(.) by extension 'python'
[0.433s] Level 1:colcon.colcon_core.package_identification:_identify(.) by extensions ['python_setup_py']
[0.433s] Level 1:colcon.colcon_core.package_identification:_identify(.) by extension 'python_setup_py'
[0.433s] Level 1:colcon.colcon_core.package_identification:_identify(build) by extensions ['ignore', 'ignore_ament_install']
[0.434s] Level 1:colcon.colcon_core.package_identification:_identify(build) by extension 'ignore'
[0.434s] Level 1:colcon.colcon_core.package_identification:_identify(build) ignored
[0.434s] Level 1:colcon.colcon_core.package_identification:_identify(install) by extensions ['ignore', 'ignore_ament_install']
[0.434s] Level 1:colcon.colcon_core.package_identification:_identify(install) by extension 'ignore'
[0.434s] Level 1:colcon.colcon_core.package_identification:_identify(install) ignored
[0.435s] Level 1:colcon.colcon_core.package_identification:_identify(log) by extensions ['ignore', 'ignore_ament_install']
[0.435s] Level 1:colcon.colcon_core.package_identification:_identify(log) by extension 'ignore'
[0.435s] Level 1:colcon.colcon_core.package_identification:_identify(log) ignored
[0.435s] Level 1:colcon.colcon_core.package_identification:_identify(src) by extensions ['ignore', 'ignore_ament_install']
[0.435s] Level 1:colcon.colcon_core.package_identification:_identify(src) by extension 'ignore'
[0.435s] Level 1:colcon.colcon_core.package_identification:_identify(src) by extension 'ignore_ament_install'
[0.436s] Level 1:colcon.colcon_core.package_identification:_identify(src) by extensions ['colcon_pkg']
[0.436s] Level 1:colcon.colcon_core.package_identification:_identify(src) by extension 'colcon_pkg'
[0.436s] Level 1:colcon.colcon_core.package_identification:_identify(src) by extensions ['colcon_meta']
[0.436s] Level 1:colcon.colcon_core.package_identification:_identify(src) by extension 'colcon_meta'
[0.436s] Level 1:colcon.colcon_core.package_identification:_identify(src) by extensions ['ros']
[0.436s] Level 1:colcon.colcon_core.package_identification:_identify(src) by extension 'ros'
[0.436s] Level 1:colcon.colcon_core.package_identification:_identify(src) by extensions ['cmake', 'python']
[0.436s] Level 1:colcon.colcon_core.package_identification:_identify(src) by extension 'cmake'
[0.436s] Level 1:colcon.colcon_core.package_identification:_identify(src) by extension 'python'
[0.436s] Level 1:colcon.colcon_core.package_identification:_identify(src) by extensions ['python_setup_py']
[0.436s] Level 1:colcon.colcon_core.package_identification:_identify(src) by extension 'python_setup_py'
[0.437s] Level 1:colcon.colcon_core.package_identification:_identify(src/articubot_one) by extensions ['ignore', 'ignore_ament_install']
[0.437s] Level 1:colcon.colcon_core.package_identification:_identify(src/articubot_one) by extension 'ignore'
[0.437s] Level 1:colcon.colcon_core.package_identification:_identify(src/articubot_one) by extension 'ignore_ament_install'
[0.437s] Level 1:colcon.colcon_core.package_identification:_identify(src/articubot_one) by extensions ['colcon_pkg']
[0.437s] Level 1:colcon.colcon_core.package_identification:_identify(src/articubot_one) by extension 'colcon_pkg'
[0.437s] Level 1:colcon.colcon_core.package_identification:_identify(src/articubot_one) by extensions ['colcon_meta']
[0.437s] Level 1:colcon.colcon_core.package_identification:_identify(src/articubot_one) by extension 'colcon_meta'
[0.437s] Level 1:colcon.colcon_core.package_identification:_identify(src/articubot_one) by extensions ['ros']
[0.437s] Level 1:colcon.colcon_core.package_identification:_identify(src/articubot_one) by extension 'ros'
[0.442s] DEBUG:colcon.colcon_core.package_identification:Package 'src/articubot_one' with type 'ros.ament_cmake' and name 'articubot_one'
[0.442s] Level 1:colcon.colcon_core.package_identification:_identify(src/control_msgs) by extensions ['ignore', 'ignore_ament_install']
[0.442s] Level 1:colcon.colcon_core.package_identification:_identify(src/control_msgs) by extension 'ignore'
[0.442s] Level 1:colcon.colcon_core.package_identification:_identify(src/control_msgs) by extension 'ignore_ament_install'
[0.442s] Level 1:colcon.colcon_core.package_identification:_identify(src/control_msgs) by extensions ['colcon_pkg']
[0.442s] Level 1:colcon.colcon_core.package_identification:_identify(src/control_msgs) by extension 'colcon_pkg'
[0.442s] Level 1:colcon.colcon_core.package_identification:_identify(src/control_msgs) by extensions ['colcon_meta']
[0.442s] Level 1:colcon.colcon_core.package_identification:_identify(src/control_msgs) by extension 'colcon_meta'
[0.443s] Level 1:colcon.colcon_core.package_identification:_identify(src/control_msgs) by extensions ['ros']
[0.443s] Level 1:colcon.colcon_core.package_identification:_identify(src/control_msgs) by extension 'ros'
[0.443s] Level 1:colcon.colcon_core.package_identification:_identify(src/control_msgs) by extensions ['cmake', 'python']
[0.443s] Level 1:colcon.colcon_core.package_identification:_identify(src/control_msgs) by extension 'cmake'
[0.443s] Level 1:colcon.colcon_core.package_identification:_identify(src/control_msgs) by extension 'python'
[0.443s] Level 1:colcon.colcon_core.package_identification:_identify(src/control_msgs) by extensions ['python_setup_py']
[0.443s] Level 1:colcon.colcon_core.package_identification:_identify(src/control_msgs) by extension 'python_setup_py'
[0.443s] Level 1:colcon.colcon_core.package_identification:_identify(src/control_msgs/control_msgs) by extensions ['ignore', 'ignore_ament_install']
[0.443s] Level 1:colcon.colcon_core.package_identification:_identify(src/control_msgs/control_msgs) by extension 'ignore'
[0.443s] Level 1:colcon.colcon_core.package_identification:_identify(src/control_msgs/control_msgs) by extension 'ignore_ament_install'
[0.444s] Level 1:colcon.colcon_core.package_identification:_identify(src/control_msgs/control_msgs) by extensions ['colcon_pkg']
[0.444s] Level 1:colcon.colcon_core.package_identification:_identify(src/control_msgs/control_msgs) by extension 'colcon_pkg'
[0.444s] Level 1:colcon.colcon_core.package_identification:_identify(src/control_msgs/control_msgs) by extensions ['colcon_meta']
[0.444s] Level 1:colcon.colcon_core.package_identification:_identify(src/control_msgs/control_msgs) by extension 'colcon_meta'
[0.444s] Level 1:colcon.colcon_core.package_identification:_identify(src/control_msgs/control_msgs) by extensions ['ros']
[0.444s] Level 1:colcon.colcon_core.package_identification:_identify(src/control_msgs/control_msgs) by extension 'ros'
[0.445s] DEBUG:colcon.colcon_core.package_identification:Package 'src/control_msgs/control_msgs' with type 'ros.ament_cmake' and name 'control_msgs'
[0.446s] Level 1:colcon.colcon_core.package_identification:_identify(src/husky-humble-devel) by extensions ['ignore', 'ignore_ament_install']
[0.446s] Level 1:colcon.colcon_core.package_identification:_identify(src/husky-humble-devel) by extension 'ignore'
[0.446s] Level 1:colcon.colcon_core.package_identification:_identify(src/husky-humble-devel) by extension 'ignore_ament_install'
[0.446s] Level 1:colcon.colcon_core.package_identification:_identify(src/husky-humble-devel) by extensions ['colcon_pkg']
[0.446s] Level 1:colcon.colcon_core.package_identification:_identify(src/husky-humble-devel) by extension 'colcon_pkg'
[0.446s] Level 1:colcon.colcon_core.package_identification:_identify(src/husky-humble-devel) by extensions ['colcon_meta']
[0.446s] Level 1:colcon.colcon_core.package_identification:_identify(src/husky-humble-devel) by extension 'colcon_meta'
[0.446s] Level 1:colcon.colcon_core.package_identification:_identify(src/husky-humble-devel) by extensions ['ros']
[0.446s] Level 1:colcon.colcon_core.package_identification:_identify(src/husky-humble-devel) by extension 'ros'
[0.446s] Level 1:colcon.colcon_core.package_identification:_identify(src/husky-humble-devel) by extensions ['cmake', 'python']
[0.446s] Level 1:colcon.colcon_core.package_identification:_identify(src/husky-humble-devel) by extension 'cmake'
[0.446s] Level 1:colcon.colcon_core.package_identification:_identify(src/husky-humble-devel) by extension 'python'
[0.447s] Level 1:colcon.colcon_core.package_identification:_identify(src/husky-humble-devel) by extensions ['python_setup_py']
[0.447s] Level 1:colcon.colcon_core.package_identification:_identify(src/husky-humble-devel) by extension 'python_setup_py'
[0.447s] Level 1:colcon.colcon_core.package_identification:_identify(src/husky-humble-devel/husky_base) by extensions ['ignore', 'ignore_ament_install']
[0.447s] Level 1:colcon.colcon_core.package_identification:_identify(src/husky-humble-devel/husky_base) by extension 'ignore'
[0.447s] Level 1:colcon.colcon_core.package_identification:_identify(src/husky-humble-devel/husky_base) by extension 'ignore_ament_install'
[0.447s] Level 1:colcon.colcon_core.package_identification:_identify(src/husky-humble-devel/husky_base) by extensions ['colcon_pkg']
[0.447s] Level 1:colcon.colcon_core.package_identification:_identify(src/husky-humble-devel/husky_base) by extension 'colcon_pkg'
[0.447s] Level 1:colcon.colcon_core.package_identification:_identify(src/husky-humble-devel/husky_base) by extensions ['colcon_meta']
[0.447s] Level 1:colcon.colcon_core.package_identification:_identify(src/husky-humble-devel/husky_base) by extension 'colcon_meta'
[0.447s] Level 1:colcon.colcon_core.package_identification:_identify(src/husky-humble-devel/husky_base) by extensions ['ros']
[0.447s] Level 1:colcon.colcon_core.package_identification:_identify(src/husky-humble-devel/husky_base) by extension 'ros'
[0.450s] DEBUG:colcon.colcon_core.package_identification:Package 'src/husky-humble-devel/husky_base' with type 'ros.ament_cmake' and name 'husky_base'
[0.450s] Level 1:colcon.colcon_core.package_identification:_identify(src/husky-humble-devel/husky_bringup) by extensions ['ignore', 'ignore_ament_install']
[0.451s] Level 1:colcon.colcon_core.package_identification:_identify(src/husky-humble-devel/husky_bringup) by extension 'ignore'
[0.451s] Level 1:colcon.colcon_core.package_identification:_identify(src/husky-humble-devel/husky_bringup) by extension 'ignore_ament_install'
[0.451s] Level 1:colcon.colcon_core.package_identification:_identify(src/husky-humble-devel/husky_bringup) by extensions ['colcon_pkg']
[0.451s] Level 1:colcon.colcon_core.package_identification:_identify(src/husky-humble-devel/husky_bringup) by extension 'colcon_pkg'
[0.451s] Level 1:colcon.colcon_core.package_identification:_identify(src/husky-humble-devel/husky_bringup) by extensions ['colcon_meta']
[0.451s] Level 1:colcon.colcon_core.package_identification:_identify(src/husky-humble-devel/husky_bringup) by extension 'colcon_meta'
[0.451s] Level 1:colcon.colcon_core.package_identification:_identify(src/husky-humble-devel/husky_bringup) by extensions ['ros']
[0.451s] Level 1:colcon.colcon_core.package_identification:_identify(src/husky-humble-devel/husky_bringup) by extension 'ros'
[0.453s] DEBUG:colcon.colcon_core.package_identification:Package 'src/husky-humble-devel/husky_bringup' with type 'ros.ament_cmake' and name 'husky_bringup'
[0.453s] Level 1:colcon.colcon_core.package_identification:_identify(src/husky-humble-devel/husky_control) by extensions ['ignore', 'ignore_ament_install']
[0.453s] Level 1:colcon.colcon_core.package_identification:_identify(src/husky-humble-devel/husky_control) by extension 'ignore'
[0.453s] Level 1:colcon.colcon_core.package_identification:_identify(src/husky-humble-devel/husky_control) by extension 'ignore_ament_install'
[0.453s] Level 1:colcon.colcon_core.package_identification:_identify(src/husky-humble-devel/husky_control) by extensions ['colcon_pkg']
[0.453s] Level 1:colcon.colcon_core.package_identification:_identify(src/husky-humble-devel/husky_control) by extension 'colcon_pkg'
[0.453s] Level 1:colcon.colcon_core.package_identification:_identify(src/husky-humble-devel/husky_control) by extensions ['colcon_meta']
[0.454s] Level 1:colcon.colcon_core.package_identification:_identify(src/husky-humble-devel/husky_control) by extension 'colcon_meta'
[0.454s] Level 1:colcon.colcon_core.package_identification:_identify(src/husky-humble-devel/husky_control) by extensions ['ros']
[0.454s] Level 1:colcon.colcon_core.package_identification:_identify(src/husky-humble-devel/husky_control) by extension 'ros'
[0.456s] DEBUG:colcon.colcon_core.package_identification:Package 'src/husky-humble-devel/husky_control' with type 'ros.ament_cmake' and name 'husky_control'
[0.456s] Level 1:colcon.colcon_core.package_identification:_identify(src/husky-humble-devel/husky_description) by extensions ['ignore', 'ignore_ament_install']
[0.456s] Level 1:colcon.colcon_core.package_identification:_identify(src/husky-humble-devel/husky_description) by extension 'ignore'
[0.456s] Level 1:colcon.colcon_core.package_identification:_identify(src/husky-humble-devel/husky_description) by extension 'ignore_ament_install'
[0.456s] Level 1:colcon.colcon_core.package_identification:_identify(src/husky-humble-devel/husky_description) by extensions ['colcon_pkg']
[0.456s] Level 1:colcon.colcon_core.package_identification:_identify(src/husky-humble-devel/husky_description) by extension 'colcon_pkg'
[0.456s] Level 1:colcon.colcon_core.package_identification:_identify(src/husky-humble-devel/husky_description) by extensions ['colcon_meta']
[0.456s] Level 1:colcon.colcon_core.package_identification:_identify(src/husky-humble-devel/husky_description) by extension 'colcon_meta'
[0.457s] Level 1:colcon.colcon_core.package_identification:_identify(src/husky-humble-devel/husky_description) by extensions ['ros']
[0.457s] Level 1:colcon.colcon_core.package_identification:_identify(src/husky-humble-devel/husky_description) by extension 'ros'
[0.458s] DEBUG:colcon.colcon_core.package_identification:Package 'src/husky-humble-devel/husky_description' with type 'ros.ament_cmake' and name 'husky_description'
[0.458s] Level 1:colcon.colcon_core.package_identification:_identify(src/husky-humble-devel/husky_desktop) by extensions ['ignore', 'ignore_ament_install']
[0.458s] Level 1:colcon.colcon_core.package_identification:_identify(src/husky-humble-devel/husky_desktop) by extension 'ignore'
[0.458s] Level 1:colcon.colcon_core.package_identification:_identify(src/husky-humble-devel/husky_desktop) by extension 'ignore_ament_install'
[0.458s] Level 1:colcon.colcon_core.package_identification:_identify(src/husky-humble-devel/husky_desktop) by extensions ['colcon_pkg']
[0.458s] Level 1:colcon.colcon_core.package_identification:_identify(src/husky-humble-devel/husky_desktop) by extension 'colcon_pkg'
[0.458s] Level 1:colcon.colcon_core.package_identification:_identify(src/husky-humble-devel/husky_desktop) by extensions ['colcon_meta']
[0.458s] Level 1:colcon.colcon_core.package_identification:_identify(src/husky-humble-devel/husky_desktop) by extension 'colcon_meta'
[0.459s] Level 1:colcon.colcon_core.package_identification:_identify(src/husky-humble-devel/husky_desktop) by extensions ['ros']
[0.459s] Level 1:colcon.colcon_core.package_identification:_identify(src/husky-humble-devel/husky_desktop) by extension 'ros'
[0.459s] DEBUG:colcon.colcon_core.package_identification:Package 'src/husky-humble-devel/husky_desktop' with type 'ros.ament_cmake' and name 'husky_desktop'
[0.460s] Level 1:colcon.colcon_core.package_identification:_identify(src/husky-humble-devel/husky_gazebo) by extensions ['ignore', 'ignore_ament_install']
[0.460s] Level 1:colcon.colcon_core.package_identification:_identify(src/husky-humble-devel/husky_gazebo) by extension 'ignore'
[0.460s] Level 1:colcon.colcon_core.package_identification:_identify(src/husky-humble-devel/husky_gazebo) by extension 'ignore_ament_install'
[0.460s] Level 1:colcon.colcon_core.package_identification:_identify(src/husky-humble-devel/husky_gazebo) by extensions ['colcon_pkg']
[0.460s] Level 1:colcon.colcon_core.package_identification:_identify(src/husky-humble-devel/husky_gazebo) by extension 'colcon_pkg'
[0.460s] Level 1:colcon.colcon_core.package_identification:_identify(src/husky-humble-devel/husky_gazebo) by extensions ['colcon_meta']
[0.460s] Level 1:colcon.colcon_core.package_identification:_identify(src/husky-humble-devel/husky_gazebo) by extension 'colcon_meta'
[0.460s] Level 1:colcon.colcon_core.package_identification:_identify(src/husky-humble-devel/husky_gazebo) by extensions ['ros']
[0.460s] Level 1:colcon.colcon_core.package_identification:_identify(src/husky-humble-devel/husky_gazebo) by extension 'ros'
[0.462s] DEBUG:colcon.colcon_core.package_identification:Package 'src/husky-humble-devel/husky_gazebo' with type 'ros.ament_cmake' and name 'husky_gazebo'
[0.462s] Level 1:colcon.colcon_core.package_identification:_identify(src/husky-humble-devel/husky_msgs) by extensions ['ignore', 'ignore_ament_install']
[0.462s] Level 1:colcon.colcon_core.package_identification:_identify(src/husky-humble-devel/husky_msgs) by extension 'ignore'
[0.462s] Level 1:colcon.colcon_core.package_identification:_identify(src/husky-humble-devel/husky_msgs) by extension 'ignore_ament_install'
[0.462s] Level 1:colcon.colcon_core.package_identification:_identify(src/husky-humble-devel/husky_msgs) by extensions ['colcon_pkg']
[0.462s] Level 1:colcon.colcon_core.package_identification:_identify(src/husky-humble-devel/husky_msgs) by extension 'colcon_pkg'
[0.462s] Level 1:colcon.colcon_core.package_identification:_identify(src/husky-humble-devel/husky_msgs) by extensions ['colcon_meta']
[0.462s] Level 1:colcon.colcon_core.package_identification:_identify(src/husky-humble-devel/husky_msgs) by extension 'colcon_meta'
[0.462s] Level 1:colcon.colcon_core.package_identification:_identify(src/husky-humble-devel/husky_msgs) by extensions ['ros']
[0.462s] Level 1:colcon.colcon_core.package_identification:_identify(src/husky-humble-devel/husky_msgs) by extension 'ros'
[0.463s] DEBUG:colcon.colcon_core.package_identification:Package 'src/husky-humble-devel/husky_msgs' with type 'ros.ament_cmake' and name 'husky_msgs'
[0.464s] Level 1:colcon.colcon_core.package_identification:_identify(src/husky-humble-devel/husky_navigation) by extensions ['ignore', 'ignore_ament_install']
[0.464s] Level 1:colcon.colcon_core.package_identification:_identify(src/husky-humble-devel/husky_navigation) by extension 'ignore'
[0.464s] Level 1:colcon.colcon_core.package_identification:_identify(src/husky-humble-devel/husky_navigation) ignored
[0.464s] Level 1:colcon.colcon_core.package_identification:_identify(src/husky-humble-devel/husky_robot) by extensions ['ignore', 'ignore_ament_install']
[0.464s] Level 1:colcon.colcon_core.package_identification:_identify(src/husky-humble-devel/husky_robot) by extension 'ignore'
[0.464s] Level 1:colcon.colcon_core.package_identification:_identify(src/husky-humble-devel/husky_robot) by extension 'ignore_ament_install'
[0.464s] Level 1:colcon.colcon_core.package_identification:_identify(src/husky-humble-devel/husky_robot) by extensions ['colcon_pkg']
[0.464s] Level 1:colcon.colcon_core.package_identification:_identify(src/husky-humble-devel/husky_robot) by extension 'colcon_pkg'
[0.464s] Level 1:colcon.colcon_core.package_identification:_identify(src/husky-humble-devel/husky_robot) by extensions ['colcon_meta']
[0.464s] Level 1:colcon.colcon_core.package_identification:_identify(src/husky-humble-devel/husky_robot) by extension 'colcon_meta'
[0.465s] Level 1:colcon.colcon_core.package_identification:_identify(src/husky-humble-devel/husky_robot) by extensions ['ros']
[0.465s] Level 1:colcon.colcon_core.package_identification:_identify(src/husky-humble-devel/husky_robot) by extension 'ros'
[0.465s] DEBUG:colcon.colcon_core.package_identification:Package 'src/husky-humble-devel/husky_robot' with type 'ros.ament_cmake' and name 'husky_robot'
[0.466s] Level 1:colcon.colcon_core.package_identification:_identify(src/husky-humble-devel/husky_simulator) by extensions ['ignore', 'ignore_ament_install']
[0.466s] Level 1:colcon.colcon_core.package_identification:_identify(src/husky-humble-devel/husky_simulator) by extension 'ignore'
[0.466s] Level 1:colcon.colcon_core.package_identification:_identify(src/husky-humble-devel/husky_simulator) by extension 'ignore_ament_install'
[0.466s] Level 1:colcon.colcon_core.package_identification:_identify(src/husky-humble-devel/husky_simulator) by extensions ['colcon_pkg']
[0.466s] Level 1:colcon.colcon_core.package_identification:_identify(src/husky-humble-devel/husky_simulator) by extension 'colcon_pkg'
[0.466s] Level 1:colcon.colcon_core.package_identification:_identify(src/husky-humble-devel/husky_simulator) by extensions ['colcon_meta']
[0.466s] Level 1:colcon.colcon_core.package_identification:_identify(src/husky-humble-devel/husky_simulator) by extension 'colcon_meta'
[0.466s] Level 1:colcon.colcon_core.package_identification:_identify(src/husky-humble-devel/husky_simulator) by extensions ['ros']
[0.466s] Level 1:colcon.colcon_core.package_identification:_identify(src/husky-humble-devel/husky_simulator) by extension 'ros'
[0.467s] DEBUG:colcon.colcon_core.package_identification:Package 'src/husky-humble-devel/husky_simulator' with type 'ros.ament_cmake' and name 'husky_simulator'
[0.467s] Level 1:colcon.colcon_core.package_identification:_identify(src/husky-humble-devel/husky_viz) by extensions ['ignore', 'ignore_ament_install']
[0.467s] Level 1:colcon.colcon_core.package_identification:_identify(src/husky-humble-devel/husky_viz) by extension 'ignore'
[0.467s] Level 1:colcon.colcon_core.package_identification:_identify(src/husky-humble-devel/husky_viz) by extension 'ignore_ament_install'
[0.467s] Level 1:colcon.colcon_core.package_identification:_identify(src/husky-humble-devel/husky_viz) by extensions ['colcon_pkg']
[0.468s] Level 1:colcon.colcon_core.package_identification:_identify(src/husky-humble-devel/husky_viz) by extension 'colcon_pkg'
[0.468s] Level 1:colcon.colcon_core.package_identification:_identify(src/husky-humble-devel/husky_viz) by extensions ['colcon_meta']
[0.468s] Level 1:colcon.colcon_core.package_identification:_identify(src/husky-humble-devel/husky_viz) by extension 'colcon_meta'
[0.468s] Level 1:colcon.colcon_core.package_identification:_identify(src/husky-humble-devel/husky_viz) by extensions ['ros']
[0.468s] Level 1:colcon.colcon_core.package_identification:_identify(src/husky-humble-devel/husky_viz) by extension 'ros'
[0.469s] DEBUG:colcon.colcon_core.package_identification:Package 'src/husky-humble-devel/husky_viz' with type 'ros.ament_cmake' and name 'husky_viz'
[0.469s] Level 1:colcon.colcon_core.package_identification:_identify(src/mapviz_plugins) by extensions ['ignore', 'ignore_ament_install']
[0.469s] Level 1:colcon.colcon_core.package_identification:_identify(src/mapviz_plugins) by extension 'ignore'
[0.469s] Level 1:colcon.colcon_core.package_identification:_identify(src/mapviz_plugins) by extension 'ignore_ament_install'
[0.470s] Level 1:colcon.colcon_core.package_identification:_identify(src/mapviz_plugins) by extensions ['colcon_pkg']
[0.470s] Level 1:colcon.colcon_core.package_identification:_identify(src/mapviz_plugins) by extension 'colcon_pkg'
[0.470s] Level 1:colcon.colcon_core.package_identification:_identify(src/mapviz_plugins) by extensions ['colcon_meta']
[0.470s] Level 1:colcon.colcon_core.package_identification:_identify(src/mapviz_plugins) by extension 'colcon_meta'
[0.470s] Level 1:colcon.colcon_core.package_identification:_identify(src/mapviz_plugins) by extensions ['ros']
[0.470s] Level 1:colcon.colcon_core.package_identification:_identify(src/mapviz_plugins) by extension 'ros'
[0.474s] DEBUG:colcon.colcon_core.package_identification:Package 'src/mapviz_plugins' with type 'ros.catkin' and name 'mapviz_plugins'
[0.474s] Level 1:colcon.colcon_core.package_identification:_identify(src/realtime_tools) by extensions ['ignore', 'ignore_ament_install']
[0.474s] Level 1:colcon.colcon_core.package_identification:_identify(src/realtime_tools) by extension 'ignore'
[0.474s] Level 1:colcon.colcon_core.package_identification:_identify(src/realtime_tools) by extension 'ignore_ament_install'
[0.474s] Level 1:colcon.colcon_core.package_identification:_identify(src/realtime_tools) by extensions ['colcon_pkg']
[0.474s] Level 1:colcon.colcon_core.package_identification:_identify(src/realtime_tools) by extension 'colcon_pkg'
[0.474s] Level 1:colcon.colcon_core.package_identification:_identify(src/realtime_tools) by extensions ['colcon_meta']
[0.474s] Level 1:colcon.colcon_core.package_identification:_identify(src/realtime_tools) by extension 'colcon_meta'
[0.474s] Level 1:colcon.colcon_core.package_identification:_identify(src/realtime_tools) by extensions ['ros']
[0.474s] Level 1:colcon.colcon_core.package_identification:_identify(src/realtime_tools) by extension 'ros'
[0.476s] DEBUG:colcon.colcon_core.package_identification:Package 'src/realtime_tools' with type 'ros.ament_cmake' and name 'realtime_tools'
[0.476s] Level 1:colcon.colcon_core.package_identification:_identify(src/robo_base) by extensions ['ignore', 'ignore_ament_install']
[0.476s] Level 1:colcon.colcon_core.package_identification:_identify(src/robo_base) by extension 'ignore'
[0.476s] Level 1:colcon.colcon_core.package_identification:_identify(src/robo_base) by extension 'ignore_ament_install'
[0.476s] Level 1:colcon.colcon_core.package_identification:_identify(src/robo_base) by extensions ['colcon_pkg']
[0.476s] Level 1:colcon.colcon_core.package_identification:_identify(src/robo_base) by extension 'colcon_pkg'
[0.476s] Level 1:colcon.colcon_core.package_identification:_identify(src/robo_base) by extensions ['colcon_meta']
[0.476s] Level 1:colcon.colcon_core.package_identification:_identify(src/robo_base) by extension 'colcon_meta'
[0.477s] Level 1:colcon.colcon_core.package_identification:_identify(src/robo_base) by extensions ['ros']
[0.477s] Level 1:colcon.colcon_core.package_identification:_identify(src/robo_base) by extension 'ros'
[0.477s] Level 1:colcon.colcon_core.package_identification:_identify(src/robo_base) by extensions ['cmake', 'python']
[0.477s] Level 1:colcon.colcon_core.package_identification:_identify(src/robo_base) by extension 'cmake'
[0.477s] Level 1:colcon.colcon_core.package_identification:_identify(src/robo_base) by extension 'python'
[0.477s] Level 1:colcon.colcon_core.package_identification:_identify(src/robo_base) by extensions ['python_setup_py']
[0.477s] Level 1:colcon.colcon_core.package_identification:_identify(src/robo_base) by extension 'python_setup_py'
[0.477s] Level 1:colcon.colcon_core.package_identification:_identify(src/robo_base/robo_base) by extensions ['ignore', 'ignore_ament_install']
[0.477s] Level 1:colcon.colcon_core.package_identification:_identify(src/robo_base/robo_base) by extension 'ignore'
[0.477s] Level 1:colcon.colcon_core.package_identification:_identify(src/robo_base/robo_base) by extension 'ignore_ament_install'
[0.478s] Level 1:colcon.colcon_core.package_identification:_identify(src/robo_base/robo_base) by extensions ['colcon_pkg']
[0.478s] Level 1:colcon.colcon_core.package_identification:_identify(src/robo_base/robo_base) by extension 'colcon_pkg'
[0.478s] Level 1:colcon.colcon_core.package_identification:_identify(src/robo_base/robo_base) by extensions ['colcon_meta']
[0.478s] Level 1:colcon.colcon_core.package_identification:_identify(src/robo_base/robo_base) by extension 'colcon_meta'
[0.478s] Level 1:colcon.colcon_core.package_identification:_identify(src/robo_base/robo_base) by extensions ['ros']
[0.478s] Level 1:colcon.colcon_core.package_identification:_identify(src/robo_base/robo_base) by extension 'ros'
[0.479s] DEBUG:colcon.colcon_core.package_identification:Package 'src/robo_base/robo_base' with type 'ros.catkin' and name 'robo_base'
[0.479s] Level 1:colcon.colcon_core.package_identification:_identify(src/rtcm_msgs) by extensions ['ignore', 'ignore_ament_install']
[0.480s] Level 1:colcon.colcon_core.package_identification:_identify(src/rtcm_msgs) by extension 'ignore'
[0.481s] Level 1:colcon.colcon_core.package_identification:_identify(src/rtcm_msgs) by extension 'ignore_ament_install'
[0.481s] Level 1:colcon.colcon_core.package_identification:_identify(src/rtcm_msgs) by extensions ['colcon_pkg']
[0.481s] Level 1:colcon.colcon_core.package_identification:_identify(src/rtcm_msgs) by extension 'colcon_pkg'
[0.481s] Level 1:colcon.colcon_core.package_identification:_identify(src/rtcm_msgs) by extensions ['colcon_meta']
[0.481s] Level 1:colcon.colcon_core.package_identification:_identify(src/rtcm_msgs) by extension 'colcon_meta'
[0.481s] Level 1:colcon.colcon_core.package_identification:_identify(src/rtcm_msgs) by extensions ['ros']
[0.481s] Level 1:colcon.colcon_core.package_identification:_identify(src/rtcm_msgs) by extension 'ros'
[0.488s] DEBUG:colcon.colcon_core.package_identification:Package 'src/rtcm_msgs' with type 'ros.ament_cmake' and name 'rtcm_msgs'
[0.488s] Level 1:colcon.colcon_core.package_identification:_identify(src/tile_map) by extensions ['ignore', 'ignore_ament_install']
[0.488s] Level 1:colcon.colcon_core.package_identification:_identify(src/tile_map) by extension 'ignore'
[0.488s] Level 1:colcon.colcon_core.package_identification:_identify(src/tile_map) by extension 'ignore_ament_install'
[0.488s] Level 1:colcon.colcon_core.package_identification:_identify(src/tile_map) by extensions ['colcon_pkg']
[0.489s] Level 1:colcon.colcon_core.package_identification:_identify(src/tile_map) by extension 'colcon_pkg'
[0.489s] Level 1:colcon.colcon_core.package_identification:_identify(src/tile_map) by extensions ['colcon_meta']
[0.489s] Level 1:colcon.colcon_core.package_identification:_identify(src/tile_map) by extension 'colcon_meta'
[0.489s] Level 1:colcon.colcon_core.package_identification:_identify(src/tile_map) by extensions ['ros']
[0.489s] Level 1:colcon.colcon_core.package_identification:_identify(src/tile_map) by extension 'ros'
[0.491s] DEBUG:colcon.colcon_core.package_identification:Package 'src/tile_map' with type 'ros.catkin' and name 'tile_map'
[0.491s] Level 1:colcon.colcon_core.package_identification:_identify(src/turtlebot3_simulations) by extensions ['ignore', 'ignore_ament_install']
[0.491s] Level 1:colcon.colcon_core.package_identification:_identify(src/turtlebot3_simulations) by extension 'ignore'
[0.491s] Level 1:colcon.colcon_core.package_identification:_identify(src/turtlebot3_simulations) by extension 'ignore_ament_install'
[0.491s] Level 1:colcon.colcon_core.package_identification:_identify(src/turtlebot3_simulations) by extensions ['colcon_pkg']
[0.491s] Level 1:colcon.colcon_core.package_identification:_identify(src/turtlebot3_simulations) by extension 'colcon_pkg'
[0.491s] Level 1:colcon.colcon_core.package_identification:_identify(src/turtlebot3_simulations) by extensions ['colcon_meta']
[0.491s] Level 1:colcon.colcon_core.package_identification:_identify(src/turtlebot3_simulations) by extension 'colcon_meta'
[0.491s] Level 1:colcon.colcon_core.package_identification:_identify(src/turtlebot3_simulations) by extensions ['ros']
[0.491s] Level 1:colcon.colcon_core.package_identification:_identify(src/turtlebot3_simulations) by extension 'ros'
[0.492s] Level 1:colcon.colcon_core.package_identification:_identify(src/turtlebot3_simulations) by extensions ['cmake', 'python']
[0.492s] Level 1:colcon.colcon_core.package_identification:_identify(src/turtlebot3_simulations) by extension 'cmake'
[0.492s] Level 1:colcon.colcon_core.package_identification:_identify(src/turtlebot3_simulations) by extension 'python'
[0.492s] Level 1:colcon.colcon_core.package_identification:_identify(src/turtlebot3_simulations) by extensions ['python_setup_py']
[0.492s] Level 1:colcon.colcon_core.package_identification:_identify(src/turtlebot3_simulations) by extension 'python_setup_py'
[0.492s] Level 1:colcon.colcon_core.package_identification:_identify(src/turtlebot3_simulations/turtlebot3_fake_node) by extensions ['ignore', 'ignore_ament_install']
[0.492s] Level 1:colcon.colcon_core.package_identification:_identify(src/turtlebot3_simulations/turtlebot3_fake_node) by extension 'ignore'
[0.492s] Level 1:colcon.colcon_core.package_identification:_identify(src/turtlebot3_simulations/turtlebot3_fake_node) by extension 'ignore_ament_install'
[0.492s] Level 1:colcon.colcon_core.package_identification:_identify(src/turtlebot3_simulations/turtlebot3_fake_node) by extensions ['colcon_pkg']
[0.492s] Level 1:colcon.colcon_core.package_identification:_identify(src/turtlebot3_simulations/turtlebot3_fake_node) by extension 'colcon_pkg'
[0.492s] Level 1:colcon.colcon_core.package_identification:_identify(src/turtlebot3_simulations/turtlebot3_fake_node) by extensions ['colcon_meta']
[0.493s] Level 1:colcon.colcon_core.package_identification:_identify(src/turtlebot3_simulations/turtlebot3_fake_node) by extension 'colcon_meta'
[0.493s] Level 1:colcon.colcon_core.package_identification:_identify(src/turtlebot3_simulations/turtlebot3_fake_node) by extensions ['ros']
[0.493s] Level 1:colcon.colcon_core.package_identification:_identify(src/turtlebot3_simulations/turtlebot3_fake_node) by extension 'ros'
[0.494s] DEBUG:colcon.colcon_core.package_identification:Package 'src/turtlebot3_simulations/turtlebot3_fake_node' with type 'ros.ament_cmake' and name 'turtlebot3_fake_node'
[0.495s] Level 1:colcon.colcon_core.package_identification:_identify(src/turtlebot3_simulations/turtlebot3_gazebo) by extensions ['ignore', 'ignore_ament_install']
[0.495s] Level 1:colcon.colcon_core.package_identification:_identify(src/turtlebot3_simulations/turtlebot3_gazebo) by extension 'ignore'
[0.495s] Level 1:colcon.colcon_core.package_identification:_identify(src/turtlebot3_simulations/turtlebot3_gazebo) by extension 'ignore_ament_install'
[0.495s] Level 1:colcon.colcon_core.package_identification:_identify(src/turtlebot3_simulations/turtlebot3_gazebo) by extensions ['colcon_pkg']
[0.495s] Level 1:colcon.colcon_core.package_identification:_identify(src/turtlebot3_simulations/turtlebot3_gazebo) by extension 'colcon_pkg'
[0.495s] Level 1:colcon.colcon_core.package_identification:_identify(src/turtlebot3_simulations/turtlebot3_gazebo) by extensions ['colcon_meta']
[0.495s] Level 1:colcon.colcon_core.package_identification:_identify(src/turtlebot3_simulations/turtlebot3_gazebo) by extension 'colcon_meta'
[0.495s] Level 1:colcon.colcon_core.package_identification:_identify(src/turtlebot3_simulations/turtlebot3_gazebo) by extensions ['ros']
[0.495s] Level 1:colcon.colcon_core.package_identification:_identify(src/turtlebot3_simulations/turtlebot3_gazebo) by extension 'ros'
[0.497s] DEBUG:colcon.colcon_core.package_identification:Package 'src/turtlebot3_simulations/turtlebot3_gazebo' with type 'ros.ament_cmake' and name 'turtlebot3_gazebo'
[0.497s] Level 1:colcon.colcon_core.package_identification:_identify(src/turtlebot3_simulations/turtlebot3_simulations) by extensions ['ignore', 'ignore_ament_install']
[0.497s] Level 1:colcon.colcon_core.package_identification:_identify(src/turtlebot3_simulations/turtlebot3_simulations) by extension 'ignore'
[0.497s] Level 1:colcon.colcon_core.package_identification:_identify(src/turtlebot3_simulations/turtlebot3_simulations) by extension 'ignore_ament_install'
[0.497s] Level 1:colcon.colcon_core.package_identification:_identify(src/turtlebot3_simulations/turtlebot3_simulations) by extensions ['colcon_pkg']
[0.497s] Level 1:colcon.colcon_core.package_identification:_identify(src/turtlebot3_simulations/turtlebot3_simulations) by extension 'colcon_pkg'
[0.498s] Level 1:colcon.colcon_core.package_identification:_identify(src/turtlebot3_simulations/turtlebot3_simulations) by extensions ['colcon_meta']
[0.498s] Level 1:colcon.colcon_core.package_identification:_identify(src/turtlebot3_simulations/turtlebot3_simulations) by extension 'colcon_meta'
[0.498s] Level 1:colcon.colcon_core.package_identification:_identify(src/turtlebot3_simulations/turtlebot3_simulations) by extensions ['ros']
[0.498s] Level 1:colcon.colcon_core.package_identification:_identify(src/turtlebot3_simulations/turtlebot3_simulations) by extension 'ros'
[0.499s] DEBUG:colcon.colcon_core.package_identification:Package 'src/turtlebot3_simulations/turtlebot3_simulations' with type 'ros.ament_cmake' and name 'turtlebot3_simulations'
[0.499s] Level 1:colcon.colcon_core.package_identification:_identify(src/wetexplorer) by extensions ['ignore', 'ignore_ament_install']
[0.499s] Level 1:colcon.colcon_core.package_identification:_identify(src/wetexplorer) by extension 'ignore'
[0.499s] Level 1:colcon.colcon_core.package_identification:_identify(src/wetexplorer) by extension 'ignore_ament_install'
[0.499s] Level 1:colcon.colcon_core.package_identification:_identify(src/wetexplorer) by extensions ['colcon_pkg']
[0.499s] Level 1:colcon.colcon_core.package_identification:_identify(src/wetexplorer) by extension 'colcon_pkg'
[0.499s] Level 1:colcon.colcon_core.package_identification:_identify(src/wetexplorer) by extensions ['colcon_meta']
[0.499s] Level 1:colcon.colcon_core.package_identification:_identify(src/wetexplorer) by extension 'colcon_meta'
[0.499s] Level 1:colcon.colcon_core.package_identification:_identify(src/wetexplorer) by extensions ['ros']
[0.499s] Level 1:colcon.colcon_core.package_identification:_identify(src/wetexplorer) by extension 'ros'
[0.500s] Level 1:colcon.colcon_core.package_identification:_identify(src/wetexplorer) by extensions ['cmake', 'python']
[0.500s] Level 1:colcon.colcon_core.package_identification:_identify(src/wetexplorer) by extension 'cmake'
[0.500s] Level 1:colcon.colcon_core.package_identification:_identify(src/wetexplorer) by extension 'python'
[0.500s] Level 1:colcon.colcon_core.package_identification:_identify(src/wetexplorer) by extensions ['python_setup_py']
[0.500s] Level 1:colcon.colcon_core.package_identification:_identify(src/wetexplorer) by extension 'python_setup_py'
[0.500s] Level 1:colcon.colcon_core.package_identification:_identify(src/wetexplorer/wetexplorer_control) by extensions ['ignore', 'ignore_ament_install']
[0.500s] Level 1:colcon.colcon_core.package_identification:_identify(src/wetexplorer/wetexplorer_control) by extension 'ignore'
[0.500s] Level 1:colcon.colcon_core.package_identification:_identify(src/wetexplorer/wetexplorer_control) by extension 'ignore_ament_install'
[0.500s] Level 1:colcon.colcon_core.package_identification:_identify(src/wetexplorer/wetexplorer_control) by extensions ['colcon_pkg']
[0.500s] Level 1:colcon.colcon_core.package_identification:_identify(src/wetexplorer/wetexplorer_control) by extension 'colcon_pkg'
[0.500s] Level 1:colcon.colcon_core.package_identification:_identify(src/wetexplorer/wetexplorer_control) by extensions ['colcon_meta']
[0.501s] Level 1:colcon.colcon_core.package_identification:_identify(src/wetexplorer/wetexplorer_control) by extension 'colcon_meta'
[0.501s] Level 1:colcon.colcon_core.package_identification:_identify(src/wetexplorer/wetexplorer_control) by extensions ['ros']
[0.501s] Level 1:colcon.colcon_core.package_identification:_identify(src/wetexplorer/wetexplorer_control) by extension 'ros'
[0.502s] DEBUG:colcon.colcon_core.package_identification:Package 'src/wetexplorer/wetexplorer_control' with type 'ros.catkin' and name 'wetexplorer_control'
[0.502s] Level 1:colcon.colcon_core.package_identification:_identify(src/wetexplorer/wetexplorer_description) by extensions ['ignore', 'ignore_ament_install']
[0.502s] Level 1:colcon.colcon_core.package_identification:_identify(src/wetexplorer/wetexplorer_description) by extension 'ignore'
[0.502s] Level 1:colcon.colcon_core.package_identification:_identify(src/wetexplorer/wetexplorer_description) by extension 'ignore_ament_install'
[0.502s] Level 1:colcon.colcon_core.package_identification:_identify(src/wetexplorer/wetexplorer_description) by extensions ['colcon_pkg']
[0.502s] Level 1:colcon.colcon_core.package_identification:_identify(src/wetexplorer/wetexplorer_description) by extension 'colcon_pkg'
[0.502s] Level 1:colcon.colcon_core.package_identification:_identify(src/wetexplorer/wetexplorer_description) by extensions ['colcon_meta']
[0.502s] Level 1:colcon.colcon_core.package_identification:_identify(src/wetexplorer/wetexplorer_description) by extension 'colcon_meta'
[0.503s] Level 1:colcon.colcon_core.package_identification:_identify(src/wetexplorer/wetexplorer_description) by extensions ['ros']
[0.503s] Level 1:colcon.colcon_core.package_identification:_identify(src/wetexplorer/wetexplorer_description) by extension 'ros'
[0.504s] DEBUG:colcon.colcon_core.package_identification:Package 'src/wetexplorer/wetexplorer_description' with type 'ros.ament_cmake' and name 'wetexplorer_description'
[0.504s] Level 1:colcon.colcon_core.package_identification:_identify(src/wetexplorer/wetexplorer_gazebo) by extensions ['ignore', 'ignore_ament_install']
[0.504s] Level 1:colcon.colcon_core.package_identification:_identify(src/wetexplorer/wetexplorer_gazebo) by extension 'ignore'
[0.504s] Level 1:colcon.colcon_core.package_identification:_identify(src/wetexplorer/wetexplorer_gazebo) by extension 'ignore_ament_install'
[0.504s] Level 1:colcon.colcon_core.package_identification:_identify(src/wetexplorer/wetexplorer_gazebo) by extensions ['colcon_pkg']
[0.504s] Level 1:colcon.colcon_core.package_identification:_identify(src/wetexplorer/wetexplorer_gazebo) by extension 'colcon_pkg'
[0.504s] Level 1:colcon.colcon_core.package_identification:_identify(src/wetexplorer/wetexplorer_gazebo) by extensions ['colcon_meta']
[0.504s] Level 1:colcon.colcon_core.package_identification:_identify(src/wetexplorer/wetexplorer_gazebo) by extension 'colcon_meta'
[0.504s] Level 1:colcon.colcon_core.package_identification:_identify(src/wetexplorer/wetexplorer_gazebo) by extensions ['ros']
[0.504s] Level 1:colcon.colcon_core.package_identification:_identify(src/wetexplorer/wetexplorer_gazebo) by extension 'ros'
[0.506s] DEBUG:colcon.colcon_core.package_identification:Package 'src/wetexplorer/wetexplorer_gazebo' with type 'ros.ament_cmake' and name 'wetexplorer_gazebo'
[0.506s] Level 1:colcon.colcon_core.package_identification:_identify(src/wetexplorer/wetexplorer_hardware) by extensions ['ignore', 'ignore_ament_install']
[0.506s] Level 1:colcon.colcon_core.package_identification:_identify(src/wetexplorer/wetexplorer_hardware) by extension 'ignore'
[0.506s] Level 1:colcon.colcon_core.package_identification:_identify(src/wetexplorer/wetexplorer_hardware) by extension 'ignore_ament_install'
[0.506s] Level 1:colcon.colcon_core.package_identification:_identify(src/wetexplorer/wetexplorer_hardware) by extensions ['colcon_pkg']
[0.506s] Level 1:colcon.colcon_core.package_identification:_identify(src/wetexplorer/wetexplorer_hardware) by extension 'colcon_pkg'
[0.506s] Level 1:colcon.colcon_core.package_identification:_identify(src/wetexplorer/wetexplorer_hardware) by extensions ['colcon_meta']
[0.506s] Level 1:colcon.colcon_core.package_identification:_identify(src/wetexplorer/wetexplorer_hardware) by extension 'colcon_meta'
[0.506s] Level 1:colcon.colcon_core.package_identification:_identify(src/wetexplorer/wetexplorer_hardware) by extensions ['ros']
[0.506s] Level 1:colcon.colcon_core.package_identification:_identify(src/wetexplorer/wetexplorer_hardware) by extension 'ros'
[0.508s] DEBUG:colcon.colcon_core.package_identification:Package 'src/wetexplorer/wetexplorer_hardware' with type 'ros.catkin' and name 'wetexplorer_hardware'
[0.508s] Level 1:colcon.colcon_core.package_identification:_identify(src/wetexplorer/wetexplorer_navigation) by extensions ['ignore', 'ignore_ament_install']
[0.508s] Level 1:colcon.colcon_core.package_identification:_identify(src/wetexplorer/wetexplorer_navigation) by extension 'ignore'
[0.508s] Level 1:colcon.colcon_core.package_identification:_identify(src/wetexplorer/wetexplorer_navigation) by extension 'ignore_ament_install'
[0.508s] Level 1:colcon.colcon_core.package_identification:_identify(src/wetexplorer/wetexplorer_navigation) by extensions ['colcon_pkg']
[0.508s] Level 1:colcon.colcon_core.package_identification:_identify(src/wetexplorer/wetexplorer_navigation) by extension 'colcon_pkg'
[0.508s] Level 1:colcon.colcon_core.package_identification:_identify(src/wetexplorer/wetexplorer_navigation) by extensions ['colcon_meta']
[0.509s] Level 1:colcon.colcon_core.package_identification:_identify(src/wetexplorer/wetexplorer_navigation) by extension 'colcon_meta'
[0.509s] Level 1:colcon.colcon_core.package_identification:_identify(src/wetexplorer/wetexplorer_navigation) by extensions ['ros']
[0.509s] Level 1:colcon.colcon_core.package_identification:_identify(src/wetexplorer/wetexplorer_navigation) by extension 'ros'
[0.510s] DEBUG:colcon.colcon_core.package_identification:Package 'src/wetexplorer/wetexplorer_navigation' with type 'ros.catkin' and name 'wetexplorer_navigation'
[0.510s] Level 1:colcon.colcon_core.package_discovery:discover_packages(recursive) using defaults
[0.510s] Level 1:colcon.colcon_core.package_discovery:discover_packages(ignore) discover
[0.510s] Level 1:colcon.colcon_core.package_discovery:discover_packages(ignore) using defaults
[0.510s] Level 1:colcon.colcon_core.package_discovery:discover_packages(path) discover
[0.510s] Level 1:colcon.colcon_core.package_discovery:discover_packages(path) using defaults
[0.561s] INFO:colcon.colcon_core.package_selection:Skipping not selected package 'articubot_one' in 'src/articubot_one'
[0.561s] INFO:colcon.colcon_core.package_selection:Skipping not selected package 'control_msgs' in 'src/control_msgs/control_msgs'
[0.562s] INFO:colcon.colcon_core.package_selection:Skipping not selected package 'husky_description' in 'src/husky-humble-devel/husky_description'
[0.562s] INFO:colcon.colcon_core.package_selection:Skipping not selected package 'husky_msgs' in 'src/husky-humble-devel/husky_msgs'
[0.562s] INFO:colcon.colcon_core.package_selection:Skipping not selected package 'mapviz_plugins' in 'src/mapviz_plugins'
[0.562s] INFO:colcon.colcon_core.package_selection:Skipping not selected package 'realtime_tools' in 'src/realtime_tools'
[0.562s] INFO:colcon.colcon_core.package_selection:Skipping not selected package 'robo_base' in 'src/robo_base/robo_base'
[0.562s] INFO:colcon.colcon_core.package_selection:Skipping not selected package 'rtcm_msgs' in 'src/rtcm_msgs'
[0.562s] INFO:colcon.colcon_core.package_selection:Skipping not selected package 'tile_map' in 'src/tile_map'
[0.562s] INFO:colcon.colcon_core.package_selection:Skipping not selected package 'turtlebot3_fake_node' in 'src/turtlebot3_simulations/turtlebot3_fake_node'
[0.562s] INFO:colcon.colcon_core.package_selection:Skipping not selected package 'turtlebot3_gazebo' in 'src/turtlebot3_simulations/turtlebot3_gazebo'
[0.562s] INFO:colcon.colcon_core.package_selection:Skipping not selected package 'wetexplorer_control' in 'src/wetexplorer/wetexplorer_control'
[0.562s] INFO:colcon.colcon_core.package_selection:Skipping not selected package 'wetexplorer_description' in 'src/wetexplorer/wetexplorer_description'
[0.562s] INFO:colcon.colcon_core.package_selection:Skipping not selected package 'wetexplorer_hardware' in 'src/wetexplorer/wetexplorer_hardware'
[0.562s] INFO:colcon.colcon_core.package_selection:Skipping not selected package 'wetexplorer_navigation' in 'src/wetexplorer/wetexplorer_navigation'
[0.562s] INFO:colcon.colcon_core.package_selection:Skipping not selected package 'husky_base' in 'src/husky-humble-devel/husky_base'
[0.562s] INFO:colcon.colcon_core.package_selection:Skipping not selected package 'husky_control' in 'src/husky-humble-devel/husky_control'
[0.562s] INFO:colcon.colcon_core.package_selection:Skipping not selected package 'husky_viz' in 'src/husky-humble-devel/husky_viz'
[0.562s] INFO:colcon.colcon_core.package_selection:Skipping not selected package 'turtlebot3_simulations' in 'src/turtlebot3_simulations/turtlebot3_simulations'
[0.562s] INFO:colcon.colcon_core.package_selection:Skipping not selected package 'husky_bringup' in 'src/husky-humble-devel/husky_bringup'
[0.562s] INFO:colcon.colcon_core.package_selection:Skipping not selected package 'husky_desktop' in 'src/husky-humble-devel/husky_desktop'
[0.562s] INFO:colcon.colcon_core.package_selection:Skipping not selected package 'husky_gazebo' in 'src/husky-humble-devel/husky_gazebo'
[0.562s] INFO:colcon.colcon_core.package_selection:Skipping not selected package 'husky_robot' in 'src/husky-humble-devel/husky_robot'
[0.562s] INFO:colcon.colcon_core.package_selection:Skipping not selected package 'husky_simulator' in 'src/husky-humble-devel/husky_simulator'
[0.563s] Level 5:colcon.colcon_core.verb:set package 'wetexplorer_gazebo' build argument 'cmake_args' from command line to 'None'
[0.563s] Level 5:colcon.colcon_core.verb:set package 'wetexplorer_gazebo' build argument 'cmake_target' from command line to 'None'
[0.563s] Level 5:colcon.colcon_core.verb:set package 'wetexplorer_gazebo' build argument 'cmake_target_skip_unavailable' from command line to 'False'
[0.563s] Level 5:colcon.colcon_core.verb:set package 'wetexplorer_gazebo' build argument 'cmake_clean_cache' from command line to 'False'
[0.563s] Level 5:colcon.colcon_core.verb:set package 'wetexplorer_gazebo' build argument 'cmake_clean_first' from command line to 'False'
[0.563s] Level 5:colcon.colcon_core.verb:set package 'wetexplorer_gazebo' build argument 'cmake_force_configure' from command line to 'False'
[0.563s] Level 5:colcon.colcon_core.verb:set package 'wetexplorer_gazebo' build argument 'ament_cmake_args' from command line to 'None'
[0.563s] Level 5:colcon.colcon_core.verb:set package 'wetexplorer_gazebo' build argument 'catkin_cmake_args' from command line to 'None'
[0.563s] Level 5:colcon.colcon_core.verb:set package 'wetexplorer_gazebo' build argument 'catkin_skip_building_tests' from command line to 'False'
[0.564s] DEBUG:colcon.colcon_core.verb:Building package 'wetexplorer_gazebo' with the following arguments: {'ament_cmake_args': None, 'build_base': '/ros2_ws/build/wetexplorer_gazebo', 'catkin_cmake_args': None, 'catkin_skip_building_tests': False, 'cmake_args': None, 'cmake_clean_cache': False, 'cmake_clean_first': False, 'cmake_force_configure': False, 'cmake_target': None, 'cmake_target_skip_unavailable': False, 'install_base': '/ros2_ws/install/wetexplorer_gazebo', 'merge_install': False, 'path': '/ros2_ws/src/wetexplorer/wetexplorer_gazebo', 'symlink_install': False, 'test_result_base': None}
[0.564s] INFO:colcon.colcon_core.executor:Executing jobs using 'parallel' executor
[0.565s] DEBUG:colcon.colcon_parallel_executor.executor.parallel:run_until_complete
[0.565s] INFO:colcon.colcon_ros.task.ament_cmake.build:Building ROS package in '/ros2_ws/src/wetexplorer/wetexplorer_gazebo' with build type 'ament_cmake'
[0.566s] INFO:colcon.colcon_cmake.task.cmake.build:Building CMake package in '/ros2_ws/src/wetexplorer/wetexplorer_gazebo'
[0.570s] INFO:colcon.colcon_core.plugin_system:Skipping extension 'colcon_core.shell.bat': Not used on non-Windows systems
[0.570s] INFO:colcon.colcon_core.shell:Skip shell extension 'powershell' for command environment: Not usable outside of PowerShell
[0.571s] DEBUG:colcon.colcon_core.shell:Skip shell extension 'dsv' for command environment
[0.588s] DEBUG:colcon.colcon_core.event_handler.log_command:Invoking command in '/ros2_ws/build/wetexplorer_gazebo': CMAKE_PREFIX_PATH=/opt/ros/humble:${CMAKE_PREFIX_PATH} /usr/bin/cmake --build /ros2_ws/build/wetexplorer_gazebo -- -j12 -l12
[0.655s] DEBUG:colcon.colcon_core.event_handler.log_command:Invoked command in '/ros2_ws/build/wetexplorer_gazebo' returned '0': CMAKE_PREFIX_PATH=/opt/ros/humble:${CMAKE_PREFIX_PATH} /usr/bin/cmake --build /ros2_ws/build/wetexplorer_gazebo -- -j12 -l12
[0.709s] DEBUG:colcon.colcon_core.event_handler.log_command:Invoking command in '/ros2_ws/build/wetexplorer_gazebo': CMAKE_PREFIX_PATH=/opt/ros/humble:${CMAKE_PREFIX_PATH} /usr/bin/cmake --install /ros2_ws/build/wetexplorer_gazebo
[0.730s] Level 1:colcon.colcon_core.environment:create_environment_scripts_only(wetexplorer_gazebo)
[0.730s] DEBUG:colcon.colcon_core.event_handler.log_command:Invoked command in '/ros2_ws/build/wetexplorer_gazebo' returned '0': CMAKE_PREFIX_PATH=/opt/ros/humble:${CMAKE_PREFIX_PATH} /usr/bin/cmake --install /ros2_ws/build/wetexplorer_gazebo
[0.734s] Level 1:colcon.colcon_core.environment:checking '/ros2_ws/install/wetexplorer_gazebo' for CMake module files
[0.735s] Level 1:colcon.colcon_core.environment:checking '/ros2_ws/install/wetexplorer_gazebo' for CMake config files
[0.736s] Level 1:colcon.colcon_core.shell:create_environment_hook('wetexplorer_gazebo', 'cmake_prefix_path')
[0.736s] INFO:colcon.colcon_core.shell:Creating environment hook '/ros2_ws/install/wetexplorer_gazebo/share/wetexplorer_gazebo/hook/cmake_prefix_path.ps1'
[0.737s] INFO:colcon.colcon_core.shell:Creating environment descriptor '/ros2_ws/install/wetexplorer_gazebo/share/wetexplorer_gazebo/hook/cmake_prefix_path.dsv'
[0.738s] INFO:colcon.colcon_core.shell:Creating environment hook '/ros2_ws/install/wetexplorer_gazebo/share/wetexplorer_gazebo/hook/cmake_prefix_path.sh'
[0.739s] Level 1:colcon.colcon_core.environment:checking '/ros2_ws/install/wetexplorer_gazebo/bin'
[0.739s] Level 1:colcon.colcon_core.environment:checking '/ros2_ws/install/wetexplorer_gazebo/lib/pkgconfig/wetexplorer_gazebo.pc'
[0.742s] Level 1:colcon.colcon_core.environment:checking '/ros2_ws/install/wetexplorer_gazebo/lib/python3.10/site-packages'
[0.743s] Level 1:colcon.colcon_core.environment:checking '/ros2_ws/install/wetexplorer_gazebo/bin'
[0.743s] INFO:colcon.colcon_core.shell:Creating package script '/ros2_ws/install/wetexplorer_gazebo/share/wetexplorer_gazebo/package.ps1'
[0.745s] INFO:colcon.colcon_core.shell:Creating package descriptor '/ros2_ws/install/wetexplorer_gazebo/share/wetexplorer_gazebo/package.dsv'
[0.746s] INFO:colcon.colcon_core.shell:Creating package script '/ros2_ws/install/wetexplorer_gazebo/share/wetexplorer_gazebo/package.sh'
[0.747s] INFO:colcon.colcon_core.shell:Creating package script '/ros2_ws/install/wetexplorer_gazebo/share/wetexplorer_gazebo/package.bash'
[0.748s] INFO:colcon.colcon_core.shell:Creating package script '/ros2_ws/install/wetexplorer_gazebo/share/wetexplorer_gazebo/package.zsh'
[0.749s] Level 1:colcon.colcon_core.environment:create_file_with_runtime_dependencies(/ros2_ws/install/wetexplorer_gazebo/share/colcon-core/packages/wetexplorer_gazebo)
[0.787s] Level 1:colcon.colcon_core.environment:create_environment_scripts_only(wetexplorer_gazebo)
[0.788s] Level 1:colcon.colcon_core.environment:checking '/ros2_ws/install/wetexplorer_gazebo' for CMake module files
[0.788s] Level 1:colcon.colcon_core.environment:checking '/ros2_ws/install/wetexplorer_gazebo' for CMake config files
[0.789s] Level 1:colcon.colcon_core.shell:create_environment_hook('wetexplorer_gazebo', 'cmake_prefix_path')
[0.789s] INFO:colcon.colcon_core.shell:Creating environment hook '/ros2_ws/install/wetexplorer_gazebo/share/wetexplorer_gazebo/hook/cmake_prefix_path.ps1'
[0.790s] INFO:colcon.colcon_core.shell:Creating environment descriptor '/ros2_ws/install/wetexplorer_gazebo/share/wetexplorer_gazebo/hook/cmake_prefix_path.dsv'
[0.790s] INFO:colcon.colcon_core.shell:Creating environment hook '/ros2_ws/install/wetexplorer_gazebo/share/wetexplorer_gazebo/hook/cmake_prefix_path.sh'
[0.791s] Level 1:colcon.colcon_core.environment:checking '/ros2_ws/install/wetexplorer_gazebo/bin'
[0.791s] Level 1:colcon.colcon_core.environment:checking '/ros2_ws/install/wetexplorer_gazebo/lib/pkgconfig/wetexplorer_gazebo.pc'
[0.792s] Level 1:colcon.colcon_core.environment:checking '/ros2_ws/install/wetexplorer_gazebo/lib/python3.10/site-packages'
[0.792s] Level 1:colcon.colcon_core.environment:checking '/ros2_ws/install/wetexplorer_gazebo/bin'
[0.793s] INFO:colcon.colcon_core.shell:Creating package script '/ros2_ws/install/wetexplorer_gazebo/share/wetexplorer_gazebo/package.ps1'
[0.793s] INFO:colcon.colcon_core.shell:Creating package descriptor '/ros2_ws/install/wetexplorer_gazebo/share/wetexplorer_gazebo/package.dsv'
[0.794s] INFO:colcon.colcon_core.shell:Creating package script '/ros2_ws/install/wetexplorer_gazebo/share/wetexplorer_gazebo/package.sh'
[0.795s] INFO:colcon.colcon_core.shell:Creating package script '/ros2_ws/install/wetexplorer_gazebo/share/wetexplorer_gazebo/package.bash'
[0.795s] INFO:colcon.colcon_core.shell:Creating package script '/ros2_ws/install/wetexplorer_gazebo/share/wetexplorer_gazebo/package.zsh'
[0.796s] Level 1:colcon.colcon_core.environment:create_file_with_runtime_dependencies(/ros2_ws/install/wetexplorer_gazebo/share/colcon-core/packages/wetexplorer_gazebo)
[0.796s] DEBUG:colcon.colcon_parallel_executor.executor.parallel:closing loop
[0.797s] DEBUG:colcon.colcon_parallel_executor.executor.parallel:loop closed
[0.797s] DEBUG:colcon.colcon_parallel_executor.executor.parallel:run_until_complete finished with '0'
[0.797s] DEBUG:colcon.colcon_core.event_reactor:joining thread
[0.806s] INFO:colcon.colcon_core.plugin_system:Skipping extension 'colcon_notification.desktop_notification.notify_send': Could not find 'notify-send'
[0.806s] INFO:colcon.colcon_core.plugin_system:Skipping extension 'colcon_notification.desktop_notification.terminal_notifier': Not used on non-Darwin systems
[0.807s] INFO:colcon.colcon_core.plugin_system:Skipping extension 'colcon_notification.desktop_notification.win32': Not used on non-Windows systems
[0.807s] INFO:colcon.colcon_notification.desktop_notification:Sending desktop notification using 'notify2'
[0.810s] DEBUG:colcon.colcon_notification.desktop_notification.notify2:Failed to initialize notify2: org.freedesktop.DBus.Error.Spawn.ExecFailed: /usr/bin/dbus-launch terminated abnormally without any error message
[0.811s] DEBUG:colcon.colcon_core.event_reactor:joined thread
[0.812s] INFO:colcon.colcon_core.shell:Creating prefix script '/ros2_ws/install/local_setup.ps1'
[0.813s] INFO:colcon.colcon_core.shell:Creating prefix util module '/ros2_ws/install/_local_setup_util_ps1.py'
[0.816s] INFO:colcon.colcon_core.shell:Creating prefix chain script '/ros2_ws/install/setup.ps1'
[0.819s] INFO:colcon.colcon_core.shell:Creating prefix script '/ros2_ws/install/local_setup.sh'
[0.820s] INFO:colcon.colcon_core.shell:Creating prefix util module '/ros2_ws/install/_local_setup_util_sh.py'
[0.821s] INFO:colcon.colcon_core.shell:Creating prefix chain script '/ros2_ws/install/setup.sh'
[0.823s] INFO:colcon.colcon_core.shell:Creating prefix script '/ros2_ws/install/local_setup.bash'
[0.824s] INFO:colcon.colcon_core.shell:Creating prefix chain script '/ros2_ws/install/setup.bash'
[0.827s] INFO:colcon.colcon_core.shell:Creating prefix script '/ros2_ws/install/local_setup.zsh'
[0.828s] INFO:colcon.colcon_core.shell:Creating prefix chain script '/ros2_ws/install/setup.zsh'
