[0.046s] Invoking command in '/ros2_ws/build/robo_base': /usr/bin/cmake /ros2_ws/src/robo_base/robo_base -DCATKIN_INSTALL_INTO_PREFIX_ROOT=0 -DCATKIN_SYMLINK_INSTALL=ON -DCMAKE_INSTALL_PREFIX=/ros2_ws/install/robo_base
[0.076s] [0mCMake Deprecation Warning at CMakeLists.txt:1 (cmake_minimum_required):
[0.076s]   Compatibility with CMake < 2.8.12 will be removed from a future version of
[0.076s]   CMake.
[0.076s] 
[0.076s]   Update the VERSION argument <min> value or use a ...<max> suffix to tell
[0.076s]   CMake that the project does not need compatibility with older versions.
[0.076s] 
[0.077s] [0m
[0.097s] [31mCMake Error at CMakeLists.txt:7 (find_package):
[0.098s]   By not providing "Findcatkin.cmake" in CMAKE_MODULE_PATH this project has
[0.098s]   asked CMake to find a package configuration file provided by "catkin", but
[0.099s]   CMake did not find one.
[0.099s] 
[0.099s]   Could not find a package configuration file provided by "catkin" with any
[0.099s]   of the following names:
[0.099s] 
[0.099s]     catkinConfig.cmake
[0.100s]     catkin-config.cmake
[0.100s] 
[0.100s]   Add the installation prefix of "catkin" to CMAKE_PREFIX_PATH or set
[0.100s]   "catkin_DIR" to a directory containing one of the above files.  If "catkin"
[0.100s]   provides a separate development package or SDK, be sure it has been
[0.100s]   installed.
[0.100s] 
[0.100s] [0m
[0.100s] -- Configuring incomplete, errors occurred!
[0.101s] See also "/ros2_ws/build/robo_base/CMakeFiles/CMakeOutput.log".
[0.108s] Invoked command in '/ros2_ws/build/robo_base' returned '1': /usr/bin/cmake /ros2_ws/src/robo_base/robo_base -DCATKIN_INSTALL_INTO_PREFIX_ROOT=0 -DCATKIN_SYMLINK_INSTALL=ON -DCMAKE_INSTALL_PREFIX=/ros2_ws/install/robo_base
