[0.019s] Invoking command in '/ros2_ws/build/husky_viz': AMENT_PREFIX_PATH=/ros2_ws/install/husky_description:${AMENT_PREFIX_PATH} CMAKE_PREFIX_PATH=/ros2_ws/install/husky_description:/ros2_ws/install/wetexplorer_description:/ros2_ws/install/articubot_one:/opt/ros/humble /usr/bin/cmake /ros2_ws/src/husky-humble-devel/husky_viz -DCMAKE_INSTALL_PREFIX=/ros2_ws/install/husky_viz
[0.116s] -- The C compiler identification is GNU 11.4.0
[0.220s] -- The CXX compiler identification is GNU 11.4.0
[0.232s] -- Detecting C compiler ABI info
[0.350s] -- Detecting C compiler ABI info - done
[0.363s] -- Check for working C compiler: /usr/bin/cc - skipped
[0.364s] -- Detecting C compile features
[0.364s] -- Detecting C compile features - done
[0.370s] -- Detecting CXX compiler ABI info
[0.506s] -- Detecting CXX compiler ABI info - done
[0.520s] -- Check for working CXX compiler: /usr/bin/c++ - skipped
[0.521s] -- Detecting CXX compile features
[0.521s] -- Detecting CXX compile features - done
[0.527s] -- Found ament_cmake: 1.3.10 (/opt/ros/humble/share/ament_cmake/cmake)
[0.748s] -- Found Python3: /usr/bin/python3 (found version "3.10.12") found components: Interpreter 
[1.023s] -- Configuring done
[1.028s] -- Generating done
[1.029s] -- Build files have been written to: /ros2_ws/build/husky_viz
[1.036s] Invoked command in '/ros2_ws/build/husky_viz' returned '0': AMENT_PREFIX_PATH=/ros2_ws/install/husky_description:${AMENT_PREFIX_PATH} CMAKE_PREFIX_PATH=/ros2_ws/install/husky_description:/ros2_ws/install/wetexplorer_description:/ros2_ws/install/articubot_one:/opt/ros/humble /usr/bin/cmake /ros2_ws/src/husky-humble-devel/husky_viz -DCMAKE_INSTALL_PREFIX=/ros2_ws/install/husky_viz
[1.040s] Invoking command in '/ros2_ws/build/husky_viz': AMENT_PREFIX_PATH=/ros2_ws/install/husky_description:${AMENT_PREFIX_PATH} CMAKE_PREFIX_PATH=/ros2_ws/install/husky_description:/ros2_ws/install/wetexplorer_description:/ros2_ws/install/articubot_one:/opt/ros/humble /usr/bin/cmake --build /ros2_ws/build/husky_viz -- -j12 -l12
[1.104s] Invoked command in '/ros2_ws/build/husky_viz' returned '0': AMENT_PREFIX_PATH=/ros2_ws/install/husky_description:${AMENT_PREFIX_PATH} CMAKE_PREFIX_PATH=/ros2_ws/install/husky_description:/ros2_ws/install/wetexplorer_description:/ros2_ws/install/articubot_one:/opt/ros/humble /usr/bin/cmake --build /ros2_ws/build/husky_viz -- -j12 -l12
[1.156s] Invoking command in '/ros2_ws/build/husky_viz': AMENT_PREFIX_PATH=/ros2_ws/install/husky_description:${AMENT_PREFIX_PATH} CMAKE_PREFIX_PATH=/ros2_ws/install/husky_description:/ros2_ws/install/wetexplorer_description:/ros2_ws/install/articubot_one:/opt/ros/humble /usr/bin/cmake --install /ros2_ws/build/husky_viz
[1.168s] -- Install configuration: ""
[1.168s] -- Installing: /ros2_ws/install/husky_viz/share/husky_viz/launch
[1.168s] -- Installing: /ros2_ws/install/husky_viz/share/husky_viz/launch/view_model.launch
[1.168s] -- Installing: /ros2_ws/install/husky_viz/share/husky_viz/launch/view_model_launch.py
[1.169s] -- Installing: /ros2_ws/install/husky_viz/share/husky_viz/launch/view_robot.launch
[1.169s] -- Installing: /ros2_ws/install/husky_viz/share/husky_viz/launch/view_robot_launch.py
[1.169s] -- Installing: /ros2_ws/install/husky_viz/share/husky_viz/rviz
[1.169s] -- Installing: /ros2_ws/install/husky_viz/share/husky_viz/rviz/robot.rviz
[1.170s] -- Installing: /ros2_ws/install/husky_viz/share/husky_viz/rviz/model.rviz
[1.170s] -- Installing: /ros2_ws/install/husky_viz/share/husky_viz/rviz/test.rviz
[1.171s] -- Installing: /ros2_ws/install/husky_viz/share/ament_index/resource_index/package_run_dependencies/husky_viz
[1.171s] -- Installing: /ros2_ws/install/husky_viz/share/ament_index/resource_index/parent_prefix_path/husky_viz
[1.172s] -- Installing: /ros2_ws/install/husky_viz/share/husky_viz/environment/ament_prefix_path.sh
[1.172s] -- Installing: /ros2_ws/install/husky_viz/share/husky_viz/environment/ament_prefix_path.dsv
[1.172s] -- Installing: /ros2_ws/install/husky_viz/share/husky_viz/environment/path.sh
[1.172s] -- Installing: /ros2_ws/install/husky_viz/share/husky_viz/environment/path.dsv
[1.173s] -- Installing: /ros2_ws/install/husky_viz/share/husky_viz/local_setup.bash
[1.173s] -- Installing: /ros2_ws/install/husky_viz/share/husky_viz/local_setup.sh
[1.173s] -- Installing: /ros2_ws/install/husky_viz/share/husky_viz/local_setup.zsh
[1.173s] -- Installing: /ros2_ws/install/husky_viz/share/husky_viz/local_setup.dsv
[1.174s] -- Installing: /ros2_ws/install/husky_viz/share/husky_viz/package.dsv
[1.174s] -- Installing: /ros2_ws/install/husky_viz/share/ament_index/resource_index/packages/husky_viz
[1.175s] -- Installing: /ros2_ws/install/husky_viz/share/husky_viz/cmake/husky_vizConfig.cmake
[1.175s] -- Installing: /ros2_ws/install/husky_viz/share/husky_viz/cmake/husky_vizConfig-version.cmake
[1.175s] -- Installing: /ros2_ws/install/husky_viz/share/husky_viz/package.xml
[1.179s] Invoked command in '/ros2_ws/build/husky_viz' returned '0': AMENT_PREFIX_PATH=/ros2_ws/install/husky_description:${AMENT_PREFIX_PATH} CMAKE_PREFIX_PATH=/ros2_ws/install/husky_description:/ros2_ws/install/wetexplorer_description:/ros2_ws/install/articubot_one:/opt/ros/humble /usr/bin/cmake --install /ros2_ws/build/husky_viz
