[0.107s] DEBUG:colcon:Command line arguments: ['/usr/bin/colcon', 'build', '--packages-select', 'wetexplorer_description']
[0.107s] DEBUG:colcon:Parsed command line arguments: Namespace(log_base=None, log_level=None, verb_name='build', build_base='build', install_base='install', merge_install=False, symlink_install=False, test_result_base=None, continue_on_error=False, executor='parallel', parallel_workers=12, event_handlers=None, ignore_user_meta=False, metas=['./colcon.meta'], base_paths=['.'], packages_ignore=None, packages_ignore_regex=None, paths=None, packages_up_to=None, packages_up_to_regex=None, packages_above=None, packages_above_and_dependencies=None, packages_above_depth=None, packages_select_by_dep=None, packages_skip_by_dep=None, packages_skip_up_to=None, packages_select_build_failed=False, packages_skip_build_finished=False, packages_select_test_failures=False, packages_skip_test_passed=False, packages_select=['wetexplorer_description'], packages_skip=None, packages_select_regex=None, packages_skip_regex=None, packages_start=None, packages_end=None, cmake_args=None, cmake_target=None, cmake_target_skip_unavailable=False, cmake_clean_cache=False, cmake_clean_first=False, cmake_force_configure=False, ament_cmake_args=None, catkin_cmake_args=None, catkin_skip_building_tests=False, mixin_files=None, mixin=None, verb_parser=<colcon_mixin.mixin.mixin_argument.MixinArgumentDecorator object at 0x7e1f4c978040>, verb_extension=<colcon_core.verb.build.BuildVerb object at 0x7e1f4c93ba60>, main=<bound method BuildVerb.main of <colcon_core.verb.build.BuildVerb object at 0x7e1f4c93ba60>>, mixin_verb=('build',))
[0.256s] Level 1:colcon.colcon_core.package_discovery:discover_packages(colcon_meta) check parameters
[0.256s] Level 1:colcon.colcon_core.package_discovery:discover_packages(recursive) check parameters
[0.256s] Level 1:colcon.colcon_core.package_discovery:discover_packages(ignore) check parameters
[0.256s] Level 1:colcon.colcon_core.package_discovery:discover_packages(path) check parameters
[0.257s] Level 1:colcon.colcon_core.package_discovery:discover_packages(colcon_meta) discover
[0.257s] Level 1:colcon.colcon_core.package_discovery:discover_packages(recursive) discover
[0.257s] INFO:colcon.colcon_core.package_discovery:Crawling recursively for packages in '/ros2_ws'
[0.257s] Level 1:colcon.colcon_core.package_identification:_identify(.) by extensions ['ignore', 'ignore_ament_install']
[0.257s] Level 1:colcon.colcon_core.package_identification:_identify(.) by extension 'ignore'
[0.257s] Level 1:colcon.colcon_core.package_identification:_identify(.) by extension 'ignore_ament_install'
[0.257s] Level 1:colcon.colcon_core.package_identification:_identify(.) by extensions ['colcon_pkg']
[0.257s] Level 1:colcon.colcon_core.package_identification:_identify(.) by extension 'colcon_pkg'
[0.257s] Level 1:colcon.colcon_core.package_identification:_identify(.) by extensions ['colcon_meta']
[0.257s] Level 1:colcon.colcon_core.package_identification:_identify(.) by extension 'colcon_meta'
[0.257s] Level 1:colcon.colcon_core.package_identification:_identify(.) by extensions ['ros']
[0.257s] Level 1:colcon.colcon_core.package_identification:_identify(.) by extension 'ros'
[0.268s] Level 1:colcon.colcon_core.package_identification:_identify(.) by extensions ['cmake', 'python']
[0.268s] Level 1:colcon.colcon_core.package_identification:_identify(.) by extension 'cmake'
[0.268s] Level 1:colcon.colcon_core.package_identification:_identify(.) by extension 'python'
[0.268s] Level 1:colcon.colcon_core.package_identification:_identify(.) by extensions ['python_setup_py']
[0.268s] Level 1:colcon.colcon_core.package_identification:_identify(.) by extension 'python_setup_py'
[0.268s] Level 1:colcon.colcon_core.package_identification:_identify(build) by extensions ['ignore', 'ignore_ament_install']
[0.268s] Level 1:colcon.colcon_core.package_identification:_identify(build) by extension 'ignore'
[0.268s] Level 1:colcon.colcon_core.package_identification:_identify(build) ignored
[0.268s] Level 1:colcon.colcon_core.package_identification:_identify(install) by extensions ['ignore', 'ignore_ament_install']
[0.268s] Level 1:colcon.colcon_core.package_identification:_identify(install) by extension 'ignore'
[0.268s] Level 1:colcon.colcon_core.package_identification:_identify(install) ignored
[0.269s] Level 1:colcon.colcon_core.package_identification:_identify(log) by extensions ['ignore', 'ignore_ament_install']
[0.269s] Level 1:colcon.colcon_core.package_identification:_identify(log) by extension 'ignore'
[0.269s] Level 1:colcon.colcon_core.package_identification:_identify(log) ignored
[0.269s] Level 1:colcon.colcon_core.package_identification:_identify(src) by extensions ['ignore', 'ignore_ament_install']
[0.269s] Level 1:colcon.colcon_core.package_identification:_identify(src) by extension 'ignore'
[0.269s] Level 1:colcon.colcon_core.package_identification:_identify(src) by extension 'ignore_ament_install'
[0.269s] Level 1:colcon.colcon_core.package_identification:_identify(src) by extensions ['colcon_pkg']
[0.269s] Level 1:colcon.colcon_core.package_identification:_identify(src) by extension 'colcon_pkg'
[0.269s] Level 1:colcon.colcon_core.package_identification:_identify(src) by extensions ['colcon_meta']
[0.269s] Level 1:colcon.colcon_core.package_identification:_identify(src) by extension 'colcon_meta'
[0.269s] Level 1:colcon.colcon_core.package_identification:_identify(src) by extensions ['ros']
[0.269s] Level 1:colcon.colcon_core.package_identification:_identify(src) by extension 'ros'
[0.269s] Level 1:colcon.colcon_core.package_identification:_identify(src) by extensions ['cmake', 'python']
[0.269s] Level 1:colcon.colcon_core.package_identification:_identify(src) by extension 'cmake'
[0.269s] Level 1:colcon.colcon_core.package_identification:_identify(src) by extension 'python'
[0.269s] Level 1:colcon.colcon_core.package_identification:_identify(src) by extensions ['python_setup_py']
[0.269s] Level 1:colcon.colcon_core.package_identification:_identify(src) by extension 'python_setup_py'
[0.270s] Level 1:colcon.colcon_core.package_identification:_identify(src/articubot_one) by extensions ['ignore', 'ignore_ament_install']
[0.270s] Level 1:colcon.colcon_core.package_identification:_identify(src/articubot_one) by extension 'ignore'
[0.270s] Level 1:colcon.colcon_core.package_identification:_identify(src/articubot_one) by extension 'ignore_ament_install'
[0.270s] Level 1:colcon.colcon_core.package_identification:_identify(src/articubot_one) by extensions ['colcon_pkg']
[0.270s] Level 1:colcon.colcon_core.package_identification:_identify(src/articubot_one) by extension 'colcon_pkg'
[0.270s] Level 1:colcon.colcon_core.package_identification:_identify(src/articubot_one) by extensions ['colcon_meta']
[0.270s] Level 1:colcon.colcon_core.package_identification:_identify(src/articubot_one) by extension 'colcon_meta'
[0.270s] Level 1:colcon.colcon_core.package_identification:_identify(src/articubot_one) by extensions ['ros']
[0.270s] Level 1:colcon.colcon_core.package_identification:_identify(src/articubot_one) by extension 'ros'
[0.272s] DEBUG:colcon.colcon_core.package_identification:Package 'src/articubot_one' with type 'ros.ament_cmake' and name 'articubot_one'
[0.273s] Level 1:colcon.colcon_core.package_identification:_identify(src/control_msgs) by extensions ['ignore', 'ignore_ament_install']
[0.273s] Level 1:colcon.colcon_core.package_identification:_identify(src/control_msgs) by extension 'ignore'
[0.273s] Level 1:colcon.colcon_core.package_identification:_identify(src/control_msgs) by extension 'ignore_ament_install'
[0.273s] Level 1:colcon.colcon_core.package_identification:_identify(src/control_msgs) by extensions ['colcon_pkg']
[0.273s] Level 1:colcon.colcon_core.package_identification:_identify(src/control_msgs) by extension 'colcon_pkg'
[0.273s] Level 1:colcon.colcon_core.package_identification:_identify(src/control_msgs) by extensions ['colcon_meta']
[0.273s] Level 1:colcon.colcon_core.package_identification:_identify(src/control_msgs) by extension 'colcon_meta'
[0.273s] Level 1:colcon.colcon_core.package_identification:_identify(src/control_msgs) by extensions ['ros']
[0.273s] Level 1:colcon.colcon_core.package_identification:_identify(src/control_msgs) by extension 'ros'
[0.273s] Level 1:colcon.colcon_core.package_identification:_identify(src/control_msgs) by extensions ['cmake', 'python']
[0.273s] Level 1:colcon.colcon_core.package_identification:_identify(src/control_msgs) by extension 'cmake'
[0.273s] Level 1:colcon.colcon_core.package_identification:_identify(src/control_msgs) by extension 'python'
[0.273s] Level 1:colcon.colcon_core.package_identification:_identify(src/control_msgs) by extensions ['python_setup_py']
[0.273s] Level 1:colcon.colcon_core.package_identification:_identify(src/control_msgs) by extension 'python_setup_py'
[0.273s] Level 1:colcon.colcon_core.package_identification:_identify(src/control_msgs/control_msgs) by extensions ['ignore', 'ignore_ament_install']
[0.273s] Level 1:colcon.colcon_core.package_identification:_identify(src/control_msgs/control_msgs) by extension 'ignore'
[0.273s] Level 1:colcon.colcon_core.package_identification:_identify(src/control_msgs/control_msgs) by extension 'ignore_ament_install'
[0.273s] Level 1:colcon.colcon_core.package_identification:_identify(src/control_msgs/control_msgs) by extensions ['colcon_pkg']
[0.273s] Level 1:colcon.colcon_core.package_identification:_identify(src/control_msgs/control_msgs) by extension 'colcon_pkg'
[0.274s] Level 1:colcon.colcon_core.package_identification:_identify(src/control_msgs/control_msgs) by extensions ['colcon_meta']
[0.274s] Level 1:colcon.colcon_core.package_identification:_identify(src/control_msgs/control_msgs) by extension 'colcon_meta'
[0.274s] Level 1:colcon.colcon_core.package_identification:_identify(src/control_msgs/control_msgs) by extensions ['ros']
[0.274s] Level 1:colcon.colcon_core.package_identification:_identify(src/control_msgs/control_msgs) by extension 'ros'
[0.275s] DEBUG:colcon.colcon_core.package_identification:Package 'src/control_msgs/control_msgs' with type 'ros.ament_cmake' and name 'control_msgs'
[0.275s] Level 1:colcon.colcon_core.package_identification:_identify(src/husky-humble-devel) by extensions ['ignore', 'ignore_ament_install']
[0.275s] Level 1:colcon.colcon_core.package_identification:_identify(src/husky-humble-devel) by extension 'ignore'
[0.275s] Level 1:colcon.colcon_core.package_identification:_identify(src/husky-humble-devel) by extension 'ignore_ament_install'
[0.275s] Level 1:colcon.colcon_core.package_identification:_identify(src/husky-humble-devel) by extensions ['colcon_pkg']
[0.275s] Level 1:colcon.colcon_core.package_identification:_identify(src/husky-humble-devel) by extension 'colcon_pkg'
[0.275s] Level 1:colcon.colcon_core.package_identification:_identify(src/husky-humble-devel) by extensions ['colcon_meta']
[0.275s] Level 1:colcon.colcon_core.package_identification:_identify(src/husky-humble-devel) by extension 'colcon_meta'
[0.275s] Level 1:colcon.colcon_core.package_identification:_identify(src/husky-humble-devel) by extensions ['ros']
[0.275s] Level 1:colcon.colcon_core.package_identification:_identify(src/husky-humble-devel) by extension 'ros'
[0.275s] Level 1:colcon.colcon_core.package_identification:_identify(src/husky-humble-devel) by extensions ['cmake', 'python']
[0.275s] Level 1:colcon.colcon_core.package_identification:_identify(src/husky-humble-devel) by extension 'cmake'
[0.275s] Level 1:colcon.colcon_core.package_identification:_identify(src/husky-humble-devel) by extension 'python'
[0.275s] Level 1:colcon.colcon_core.package_identification:_identify(src/husky-humble-devel) by extensions ['python_setup_py']
[0.275s] Level 1:colcon.colcon_core.package_identification:_identify(src/husky-humble-devel) by extension 'python_setup_py'
[0.275s] Level 1:colcon.colcon_core.package_identification:_identify(src/husky-humble-devel/husky_base) by extensions ['ignore', 'ignore_ament_install']
[0.275s] Level 1:colcon.colcon_core.package_identification:_identify(src/husky-humble-devel/husky_base) by extension 'ignore'
[0.275s] Level 1:colcon.colcon_core.package_identification:_identify(src/husky-humble-devel/husky_base) by extension 'ignore_ament_install'
[0.276s] Level 1:colcon.colcon_core.package_identification:_identify(src/husky-humble-devel/husky_base) by extensions ['colcon_pkg']
[0.276s] Level 1:colcon.colcon_core.package_identification:_identify(src/husky-humble-devel/husky_base) by extension 'colcon_pkg'
[0.276s] Level 1:colcon.colcon_core.package_identification:_identify(src/husky-humble-devel/husky_base) by extensions ['colcon_meta']
[0.276s] Level 1:colcon.colcon_core.package_identification:_identify(src/husky-humble-devel/husky_base) by extension 'colcon_meta'
[0.276s] Level 1:colcon.colcon_core.package_identification:_identify(src/husky-humble-devel/husky_base) by extensions ['ros']
[0.276s] Level 1:colcon.colcon_core.package_identification:_identify(src/husky-humble-devel/husky_base) by extension 'ros'
[0.277s] DEBUG:colcon.colcon_core.package_identification:Package 'src/husky-humble-devel/husky_base' with type 'ros.ament_cmake' and name 'husky_base'
[0.277s] Level 1:colcon.colcon_core.package_identification:_identify(src/husky-humble-devel/husky_bringup) by extensions ['ignore', 'ignore_ament_install']
[0.277s] Level 1:colcon.colcon_core.package_identification:_identify(src/husky-humble-devel/husky_bringup) by extension 'ignore'
[0.277s] Level 1:colcon.colcon_core.package_identification:_identify(src/husky-humble-devel/husky_bringup) by extension 'ignore_ament_install'
[0.277s] Level 1:colcon.colcon_core.package_identification:_identify(src/husky-humble-devel/husky_bringup) by extensions ['colcon_pkg']
[0.278s] Level 1:colcon.colcon_core.package_identification:_identify(src/husky-humble-devel/husky_bringup) by extension 'colcon_pkg'
[0.278s] Level 1:colcon.colcon_core.package_identification:_identify(src/husky-humble-devel/husky_bringup) by extensions ['colcon_meta']
[0.278s] Level 1:colcon.colcon_core.package_identification:_identify(src/husky-humble-devel/husky_bringup) by extension 'colcon_meta'
[0.278s] Level 1:colcon.colcon_core.package_identification:_identify(src/husky-humble-devel/husky_bringup) by extensions ['ros']
[0.278s] Level 1:colcon.colcon_core.package_identification:_identify(src/husky-humble-devel/husky_bringup) by extension 'ros'
[0.278s] DEBUG:colcon.colcon_core.package_identification:Package 'src/husky-humble-devel/husky_bringup' with type 'ros.ament_cmake' and name 'husky_bringup'
[0.278s] Level 1:colcon.colcon_core.package_identification:_identify(src/husky-humble-devel/husky_control) by extensions ['ignore', 'ignore_ament_install']
[0.278s] Level 1:colcon.colcon_core.package_identification:_identify(src/husky-humble-devel/husky_control) by extension 'ignore'
[0.279s] Level 1:colcon.colcon_core.package_identification:_identify(src/husky-humble-devel/husky_control) by extension 'ignore_ament_install'
[0.279s] Level 1:colcon.colcon_core.package_identification:_identify(src/husky-humble-devel/husky_control) by extensions ['colcon_pkg']
[0.279s] Level 1:colcon.colcon_core.package_identification:_identify(src/husky-humble-devel/husky_control) by extension 'colcon_pkg'
[0.279s] Level 1:colcon.colcon_core.package_identification:_identify(src/husky-humble-devel/husky_control) by extensions ['colcon_meta']
[0.279s] Level 1:colcon.colcon_core.package_identification:_identify(src/husky-humble-devel/husky_control) by extension 'colcon_meta'
[0.279s] Level 1:colcon.colcon_core.package_identification:_identify(src/husky-humble-devel/husky_control) by extensions ['ros']
[0.279s] Level 1:colcon.colcon_core.package_identification:_identify(src/husky-humble-devel/husky_control) by extension 'ros'
[0.280s] DEBUG:colcon.colcon_core.package_identification:Package 'src/husky-humble-devel/husky_control' with type 'ros.ament_cmake' and name 'husky_control'
[0.280s] Level 1:colcon.colcon_core.package_identification:_identify(src/husky-humble-devel/husky_description) by extensions ['ignore', 'ignore_ament_install']
[0.280s] Level 1:colcon.colcon_core.package_identification:_identify(src/husky-humble-devel/husky_description) by extension 'ignore'
[0.280s] Level 1:colcon.colcon_core.package_identification:_identify(src/husky-humble-devel/husky_description) by extension 'ignore_ament_install'
[0.280s] Level 1:colcon.colcon_core.package_identification:_identify(src/husky-humble-devel/husky_description) by extensions ['colcon_pkg']
[0.280s] Level 1:colcon.colcon_core.package_identification:_identify(src/husky-humble-devel/husky_description) by extension 'colcon_pkg'
[0.280s] Level 1:colcon.colcon_core.package_identification:_identify(src/husky-humble-devel/husky_description) by extensions ['colcon_meta']
[0.280s] Level 1:colcon.colcon_core.package_identification:_identify(src/husky-humble-devel/husky_description) by extension 'colcon_meta'
[0.280s] Level 1:colcon.colcon_core.package_identification:_identify(src/husky-humble-devel/husky_description) by extensions ['ros']
[0.280s] Level 1:colcon.colcon_core.package_identification:_identify(src/husky-humble-devel/husky_description) by extension 'ros'
[0.281s] DEBUG:colcon.colcon_core.package_identification:Package 'src/husky-humble-devel/husky_description' with type 'ros.ament_cmake' and name 'husky_description'
[0.281s] Level 1:colcon.colcon_core.package_identification:_identify(src/husky-humble-devel/husky_desktop) by extensions ['ignore', 'ignore_ament_install']
[0.282s] Level 1:colcon.colcon_core.package_identification:_identify(src/husky-humble-devel/husky_desktop) by extension 'ignore'
[0.282s] Level 1:colcon.colcon_core.package_identification:_identify(src/husky-humble-devel/husky_desktop) by extension 'ignore_ament_install'
[0.282s] Level 1:colcon.colcon_core.package_identification:_identify(src/husky-humble-devel/husky_desktop) by extensions ['colcon_pkg']
[0.282s] Level 1:colcon.colcon_core.package_identification:_identify(src/husky-humble-devel/husky_desktop) by extension 'colcon_pkg'
[0.282s] Level 1:colcon.colcon_core.package_identification:_identify(src/husky-humble-devel/husky_desktop) by extensions ['colcon_meta']
[0.282s] Level 1:colcon.colcon_core.package_identification:_identify(src/husky-humble-devel/husky_desktop) by extension 'colcon_meta'
[0.282s] Level 1:colcon.colcon_core.package_identification:_identify(src/husky-humble-devel/husky_desktop) by extensions ['ros']
[0.282s] Level 1:colcon.colcon_core.package_identification:_identify(src/husky-humble-devel/husky_desktop) by extension 'ros'
[0.283s] DEBUG:colcon.colcon_core.package_identification:Package 'src/husky-humble-devel/husky_desktop' with type 'ros.ament_cmake' and name 'husky_desktop'
[0.283s] Level 1:colcon.colcon_core.package_identification:_identify(src/husky-humble-devel/husky_gazebo) by extensions ['ignore', 'ignore_ament_install']
[0.283s] Level 1:colcon.colcon_core.package_identification:_identify(src/husky-humble-devel/husky_gazebo) by extension 'ignore'
[0.283s] Level 1:colcon.colcon_core.package_identification:_identify(src/husky-humble-devel/husky_gazebo) by extension 'ignore_ament_install'
[0.283s] Level 1:colcon.colcon_core.package_identification:_identify(src/husky-humble-devel/husky_gazebo) by extensions ['colcon_pkg']
[0.283s] Level 1:colcon.colcon_core.package_identification:_identify(src/husky-humble-devel/husky_gazebo) by extension 'colcon_pkg'
[0.283s] Level 1:colcon.colcon_core.package_identification:_identify(src/husky-humble-devel/husky_gazebo) by extensions ['colcon_meta']
[0.283s] Level 1:colcon.colcon_core.package_identification:_identify(src/husky-humble-devel/husky_gazebo) by extension 'colcon_meta'
[0.283s] Level 1:colcon.colcon_core.package_identification:_identify(src/husky-humble-devel/husky_gazebo) by extensions ['ros']
[0.283s] Level 1:colcon.colcon_core.package_identification:_identify(src/husky-humble-devel/husky_gazebo) by extension 'ros'
[0.284s] DEBUG:colcon.colcon_core.package_identification:Package 'src/husky-humble-devel/husky_gazebo' with type 'ros.ament_cmake' and name 'husky_gazebo'
[0.284s] Level 1:colcon.colcon_core.package_identification:_identify(src/husky-humble-devel/husky_msgs) by extensions ['ignore', 'ignore_ament_install']
[0.284s] Level 1:colcon.colcon_core.package_identification:_identify(src/husky-humble-devel/husky_msgs) by extension 'ignore'
[0.284s] Level 1:colcon.colcon_core.package_identification:_identify(src/husky-humble-devel/husky_msgs) by extension 'ignore_ament_install'
[0.284s] Level 1:colcon.colcon_core.package_identification:_identify(src/husky-humble-devel/husky_msgs) by extensions ['colcon_pkg']
[0.284s] Level 1:colcon.colcon_core.package_identification:_identify(src/husky-humble-devel/husky_msgs) by extension 'colcon_pkg'
[0.284s] Level 1:colcon.colcon_core.package_identification:_identify(src/husky-humble-devel/husky_msgs) by extensions ['colcon_meta']
[0.284s] Level 1:colcon.colcon_core.package_identification:_identify(src/husky-humble-devel/husky_msgs) by extension 'colcon_meta'
[0.285s] Level 1:colcon.colcon_core.package_identification:_identify(src/husky-humble-devel/husky_msgs) by extensions ['ros']
[0.285s] Level 1:colcon.colcon_core.package_identification:_identify(src/husky-humble-devel/husky_msgs) by extension 'ros'
[0.285s] DEBUG:colcon.colcon_core.package_identification:Package 'src/husky-humble-devel/husky_msgs' with type 'ros.ament_cmake' and name 'husky_msgs'
[0.285s] Level 1:colcon.colcon_core.package_identification:_identify(src/husky-humble-devel/husky_navigation) by extensions ['ignore', 'ignore_ament_install']
[0.285s] Level 1:colcon.colcon_core.package_identification:_identify(src/husky-humble-devel/husky_navigation) by extension 'ignore'
[0.285s] Level 1:colcon.colcon_core.package_identification:_identify(src/husky-humble-devel/husky_navigation) ignored
[0.285s] Level 1:colcon.colcon_core.package_identification:_identify(src/husky-humble-devel/husky_robot) by extensions ['ignore', 'ignore_ament_install']
[0.286s] Level 1:colcon.colcon_core.package_identification:_identify(src/husky-humble-devel/husky_robot) by extension 'ignore'
[0.286s] Level 1:colcon.colcon_core.package_identification:_identify(src/husky-humble-devel/husky_robot) by extension 'ignore_ament_install'
[0.286s] Level 1:colcon.colcon_core.package_identification:_identify(src/husky-humble-devel/husky_robot) by extensions ['colcon_pkg']
[0.286s] Level 1:colcon.colcon_core.package_identification:_identify(src/husky-humble-devel/husky_robot) by extension 'colcon_pkg'
[0.286s] Level 1:colcon.colcon_core.package_identification:_identify(src/husky-humble-devel/husky_robot) by extensions ['colcon_meta']
[0.286s] Level 1:colcon.colcon_core.package_identification:_identify(src/husky-humble-devel/husky_robot) by extension 'colcon_meta'
[0.286s] Level 1:colcon.colcon_core.package_identification:_identify(src/husky-humble-devel/husky_robot) by extensions ['ros']
[0.286s] Level 1:colcon.colcon_core.package_identification:_identify(src/husky-humble-devel/husky_robot) by extension 'ros'
[0.286s] DEBUG:colcon.colcon_core.package_identification:Package 'src/husky-humble-devel/husky_robot' with type 'ros.ament_cmake' and name 'husky_robot'
[0.286s] Level 1:colcon.colcon_core.package_identification:_identify(src/husky-humble-devel/husky_simulator) by extensions ['ignore', 'ignore_ament_install']
[0.286s] Level 1:colcon.colcon_core.package_identification:_identify(src/husky-humble-devel/husky_simulator) by extension 'ignore'
[0.287s] Level 1:colcon.colcon_core.package_identification:_identify(src/husky-humble-devel/husky_simulator) by extension 'ignore_ament_install'
[0.287s] Level 1:colcon.colcon_core.package_identification:_identify(src/husky-humble-devel/husky_simulator) by extensions ['colcon_pkg']
[0.287s] Level 1:colcon.colcon_core.package_identification:_identify(src/husky-humble-devel/husky_simulator) by extension 'colcon_pkg'
[0.287s] Level 1:colcon.colcon_core.package_identification:_identify(src/husky-humble-devel/husky_simulator) by extensions ['colcon_meta']
[0.287s] Level 1:colcon.colcon_core.package_identification:_identify(src/husky-humble-devel/husky_simulator) by extension 'colcon_meta'
[0.287s] Level 1:colcon.colcon_core.package_identification:_identify(src/husky-humble-devel/husky_simulator) by extensions ['ros']
[0.287s] Level 1:colcon.colcon_core.package_identification:_identify(src/husky-humble-devel/husky_simulator) by extension 'ros'
[0.287s] DEBUG:colcon.colcon_core.package_identification:Package 'src/husky-humble-devel/husky_simulator' with type 'ros.ament_cmake' and name 'husky_simulator'
[0.287s] Level 1:colcon.colcon_core.package_identification:_identify(src/husky-humble-devel/husky_viz) by extensions ['ignore', 'ignore_ament_install']
[0.287s] Level 1:colcon.colcon_core.package_identification:_identify(src/husky-humble-devel/husky_viz) by extension 'ignore'
[0.288s] Level 1:colcon.colcon_core.package_identification:_identify(src/husky-humble-devel/husky_viz) by extension 'ignore_ament_install'
[0.288s] Level 1:colcon.colcon_core.package_identification:_identify(src/husky-humble-devel/husky_viz) by extensions ['colcon_pkg']
[0.288s] Level 1:colcon.colcon_core.package_identification:_identify(src/husky-humble-devel/husky_viz) by extension 'colcon_pkg'
[0.288s] Level 1:colcon.colcon_core.package_identification:_identify(src/husky-humble-devel/husky_viz) by extensions ['colcon_meta']
[0.288s] Level 1:colcon.colcon_core.package_identification:_identify(src/husky-humble-devel/husky_viz) by extension 'colcon_meta'
[0.288s] Level 1:colcon.colcon_core.package_identification:_identify(src/husky-humble-devel/husky_viz) by extensions ['ros']
[0.288s] Level 1:colcon.colcon_core.package_identification:_identify(src/husky-humble-devel/husky_viz) by extension 'ros'
[0.288s] DEBUG:colcon.colcon_core.package_identification:Package 'src/husky-humble-devel/husky_viz' with type 'ros.ament_cmake' and name 'husky_viz'
[0.289s] Level 1:colcon.colcon_core.package_identification:_identify(src/mapviz_plugins) by extensions ['ignore', 'ignore_ament_install']
[0.289s] Level 1:colcon.colcon_core.package_identification:_identify(src/mapviz_plugins) by extension 'ignore'
[0.289s] Level 1:colcon.colcon_core.package_identification:_identify(src/mapviz_plugins) by extension 'ignore_ament_install'
[0.289s] Level 1:colcon.colcon_core.package_identification:_identify(src/mapviz_plugins) by extensions ['colcon_pkg']
[0.289s] Level 1:colcon.colcon_core.package_identification:_identify(src/mapviz_plugins) by extension 'colcon_pkg'
[0.289s] Level 1:colcon.colcon_core.package_identification:_identify(src/mapviz_plugins) by extensions ['colcon_meta']
[0.289s] Level 1:colcon.colcon_core.package_identification:_identify(src/mapviz_plugins) by extension 'colcon_meta'
[0.289s] Level 1:colcon.colcon_core.package_identification:_identify(src/mapviz_plugins) by extensions ['ros']
[0.289s] Level 1:colcon.colcon_core.package_identification:_identify(src/mapviz_plugins) by extension 'ros'
[0.291s] DEBUG:colcon.colcon_core.package_identification:Package 'src/mapviz_plugins' with type 'ros.catkin' and name 'mapviz_plugins'
[0.291s] Level 1:colcon.colcon_core.package_identification:_identify(src/realtime_tools) by extensions ['ignore', 'ignore_ament_install']
[0.291s] Level 1:colcon.colcon_core.package_identification:_identify(src/realtime_tools) by extension 'ignore'
[0.291s] Level 1:colcon.colcon_core.package_identification:_identify(src/realtime_tools) by extension 'ignore_ament_install'
[0.291s] Level 1:colcon.colcon_core.package_identification:_identify(src/realtime_tools) by extensions ['colcon_pkg']
[0.291s] Level 1:colcon.colcon_core.package_identification:_identify(src/realtime_tools) by extension 'colcon_pkg'
[0.292s] Level 1:colcon.colcon_core.package_identification:_identify(src/realtime_tools) by extensions ['colcon_meta']
[0.292s] Level 1:colcon.colcon_core.package_identification:_identify(src/realtime_tools) by extension 'colcon_meta'
[0.292s] Level 1:colcon.colcon_core.package_identification:_identify(src/realtime_tools) by extensions ['ros']
[0.292s] Level 1:colcon.colcon_core.package_identification:_identify(src/realtime_tools) by extension 'ros'
[0.292s] DEBUG:colcon.colcon_core.package_identification:Package 'src/realtime_tools' with type 'ros.ament_cmake' and name 'realtime_tools'
[0.292s] Level 1:colcon.colcon_core.package_identification:_identify(src/robo_base) by extensions ['ignore', 'ignore_ament_install']
[0.293s] Level 1:colcon.colcon_core.package_identification:_identify(src/robo_base) by extension 'ignore'
[0.293s] Level 1:colcon.colcon_core.package_identification:_identify(src/robo_base) by extension 'ignore_ament_install'
[0.293s] Level 1:colcon.colcon_core.package_identification:_identify(src/robo_base) by extensions ['colcon_pkg']
[0.293s] Level 1:colcon.colcon_core.package_identification:_identify(src/robo_base) by extension 'colcon_pkg'
[0.293s] Level 1:colcon.colcon_core.package_identification:_identify(src/robo_base) by extensions ['colcon_meta']
[0.293s] Level 1:colcon.colcon_core.package_identification:_identify(src/robo_base) by extension 'colcon_meta'
[0.293s] Level 1:colcon.colcon_core.package_identification:_identify(src/robo_base) by extensions ['ros']
[0.293s] Level 1:colcon.colcon_core.package_identification:_identify(src/robo_base) by extension 'ros'
[0.293s] Level 1:colcon.colcon_core.package_identification:_identify(src/robo_base) by extensions ['cmake', 'python']
[0.293s] Level 1:colcon.colcon_core.package_identification:_identify(src/robo_base) by extension 'cmake'
[0.293s] Level 1:colcon.colcon_core.package_identification:_identify(src/robo_base) by extension 'python'
[0.293s] Level 1:colcon.colcon_core.package_identification:_identify(src/robo_base) by extensions ['python_setup_py']
[0.293s] Level 1:colcon.colcon_core.package_identification:_identify(src/robo_base) by extension 'python_setup_py'
[0.293s] Level 1:colcon.colcon_core.package_identification:_identify(src/robo_base/robo_base) by extensions ['ignore', 'ignore_ament_install']
[0.293s] Level 1:colcon.colcon_core.package_identification:_identify(src/robo_base/robo_base) by extension 'ignore'
[0.293s] Level 1:colcon.colcon_core.package_identification:_identify(src/robo_base/robo_base) by extension 'ignore_ament_install'
[0.293s] Level 1:colcon.colcon_core.package_identification:_identify(src/robo_base/robo_base) by extensions ['colcon_pkg']
[0.293s] Level 1:colcon.colcon_core.package_identification:_identify(src/robo_base/robo_base) by extension 'colcon_pkg'
[0.293s] Level 1:colcon.colcon_core.package_identification:_identify(src/robo_base/robo_base) by extensions ['colcon_meta']
[0.293s] Level 1:colcon.colcon_core.package_identification:_identify(src/robo_base/robo_base) by extension 'colcon_meta'
[0.293s] Level 1:colcon.colcon_core.package_identification:_identify(src/robo_base/robo_base) by extensions ['ros']
[0.294s] Level 1:colcon.colcon_core.package_identification:_identify(src/robo_base/robo_base) by extension 'ros'
[0.294s] DEBUG:colcon.colcon_core.package_identification:Package 'src/robo_base/robo_base' with type 'ros.catkin' and name 'robo_base'
[0.294s] Level 1:colcon.colcon_core.package_identification:_identify(src/rtcm_msgs) by extensions ['ignore', 'ignore_ament_install']
[0.294s] Level 1:colcon.colcon_core.package_identification:_identify(src/rtcm_msgs) by extension 'ignore'
[0.294s] Level 1:colcon.colcon_core.package_identification:_identify(src/rtcm_msgs) by extension 'ignore_ament_install'
[0.294s] Level 1:colcon.colcon_core.package_identification:_identify(src/rtcm_msgs) by extensions ['colcon_pkg']
[0.294s] Level 1:colcon.colcon_core.package_identification:_identify(src/rtcm_msgs) by extension 'colcon_pkg'
[0.295s] Level 1:colcon.colcon_core.package_identification:_identify(src/rtcm_msgs) by extensions ['colcon_meta']
[0.295s] Level 1:colcon.colcon_core.package_identification:_identify(src/rtcm_msgs) by extension 'colcon_meta'
[0.295s] Level 1:colcon.colcon_core.package_identification:_identify(src/rtcm_msgs) by extensions ['ros']
[0.295s] Level 1:colcon.colcon_core.package_identification:_identify(src/rtcm_msgs) by extension 'ros'
[0.299s] DEBUG:colcon.colcon_core.package_identification:Package 'src/rtcm_msgs' with type 'ros.ament_cmake' and name 'rtcm_msgs'
[0.299s] Level 1:colcon.colcon_core.package_identification:_identify(src/tile_map) by extensions ['ignore', 'ignore_ament_install']
[0.299s] Level 1:colcon.colcon_core.package_identification:_identify(src/tile_map) by extension 'ignore'
[0.299s] Level 1:colcon.colcon_core.package_identification:_identify(src/tile_map) by extension 'ignore_ament_install'
[0.299s] Level 1:colcon.colcon_core.package_identification:_identify(src/tile_map) by extensions ['colcon_pkg']
[0.299s] Level 1:colcon.colcon_core.package_identification:_identify(src/tile_map) by extension 'colcon_pkg'
[0.299s] Level 1:colcon.colcon_core.package_identification:_identify(src/tile_map) by extensions ['colcon_meta']
[0.299s] Level 1:colcon.colcon_core.package_identification:_identify(src/tile_map) by extension 'colcon_meta'
[0.299s] Level 1:colcon.colcon_core.package_identification:_identify(src/tile_map) by extensions ['ros']
[0.299s] Level 1:colcon.colcon_core.package_identification:_identify(src/tile_map) by extension 'ros'
[0.300s] DEBUG:colcon.colcon_core.package_identification:Package 'src/tile_map' with type 'ros.catkin' and name 'tile_map'
[0.300s] Level 1:colcon.colcon_core.package_identification:_identify(src/turtlebot3_simulations) by extensions ['ignore', 'ignore_ament_install']
[0.300s] Level 1:colcon.colcon_core.package_identification:_identify(src/turtlebot3_simulations) by extension 'ignore'
[0.300s] Level 1:colcon.colcon_core.package_identification:_identify(src/turtlebot3_simulations) by extension 'ignore_ament_install'
[0.301s] Level 1:colcon.colcon_core.package_identification:_identify(src/turtlebot3_simulations) by extensions ['colcon_pkg']
[0.301s] Level 1:colcon.colcon_core.package_identification:_identify(src/turtlebot3_simulations) by extension 'colcon_pkg'
[0.301s] Level 1:colcon.colcon_core.package_identification:_identify(src/turtlebot3_simulations) by extensions ['colcon_meta']
[0.301s] Level 1:colcon.colcon_core.package_identification:_identify(src/turtlebot3_simulations) by extension 'colcon_meta'
[0.301s] Level 1:colcon.colcon_core.package_identification:_identify(src/turtlebot3_simulations) by extensions ['ros']
[0.301s] Level 1:colcon.colcon_core.package_identification:_identify(src/turtlebot3_simulations) by extension 'ros'
[0.301s] Level 1:colcon.colcon_core.package_identification:_identify(src/turtlebot3_simulations) by extensions ['cmake', 'python']
[0.301s] Level 1:colcon.colcon_core.package_identification:_identify(src/turtlebot3_simulations) by extension 'cmake'
[0.301s] Level 1:colcon.colcon_core.package_identification:_identify(src/turtlebot3_simulations) by extension 'python'
[0.301s] Level 1:colcon.colcon_core.package_identification:_identify(src/turtlebot3_simulations) by extensions ['python_setup_py']
[0.301s] Level 1:colcon.colcon_core.package_identification:_identify(src/turtlebot3_simulations) by extension 'python_setup_py'
[0.301s] Level 1:colcon.colcon_core.package_identification:_identify(src/turtlebot3_simulations/turtlebot3_fake_node) by extensions ['ignore', 'ignore_ament_install']
[0.301s] Level 1:colcon.colcon_core.package_identification:_identify(src/turtlebot3_simulations/turtlebot3_fake_node) by extension 'ignore'
[0.301s] Level 1:colcon.colcon_core.package_identification:_identify(src/turtlebot3_simulations/turtlebot3_fake_node) by extension 'ignore_ament_install'
[0.301s] Level 1:colcon.colcon_core.package_identification:_identify(src/turtlebot3_simulations/turtlebot3_fake_node) by extensions ['colcon_pkg']
[0.301s] Level 1:colcon.colcon_core.package_identification:_identify(src/turtlebot3_simulations/turtlebot3_fake_node) by extension 'colcon_pkg'
[0.301s] Level 1:colcon.colcon_core.package_identification:_identify(src/turtlebot3_simulations/turtlebot3_fake_node) by extensions ['colcon_meta']
[0.301s] Level 1:colcon.colcon_core.package_identification:_identify(src/turtlebot3_simulations/turtlebot3_fake_node) by extension 'colcon_meta'
[0.301s] Level 1:colcon.colcon_core.package_identification:_identify(src/turtlebot3_simulations/turtlebot3_fake_node) by extensions ['ros']
[0.301s] Level 1:colcon.colcon_core.package_identification:_identify(src/turtlebot3_simulations/turtlebot3_fake_node) by extension 'ros'
[0.302s] DEBUG:colcon.colcon_core.package_identification:Package 'src/turtlebot3_simulations/turtlebot3_fake_node' with type 'ros.ament_cmake' and name 'turtlebot3_fake_node'
[0.302s] Level 1:colcon.colcon_core.package_identification:_identify(src/turtlebot3_simulations/turtlebot3_gazebo) by extensions ['ignore', 'ignore_ament_install']
[0.303s] Level 1:colcon.colcon_core.package_identification:_identify(src/turtlebot3_simulations/turtlebot3_gazebo) by extension 'ignore'
[0.303s] Level 1:colcon.colcon_core.package_identification:_identify(src/turtlebot3_simulations/turtlebot3_gazebo) by extension 'ignore_ament_install'
[0.303s] Level 1:colcon.colcon_core.package_identification:_identify(src/turtlebot3_simulations/turtlebot3_gazebo) by extensions ['colcon_pkg']
[0.303s] Level 1:colcon.colcon_core.package_identification:_identify(src/turtlebot3_simulations/turtlebot3_gazebo) by extension 'colcon_pkg'
[0.303s] Level 1:colcon.colcon_core.package_identification:_identify(src/turtlebot3_simulations/turtlebot3_gazebo) by extensions ['colcon_meta']
[0.303s] Level 1:colcon.colcon_core.package_identification:_identify(src/turtlebot3_simulations/turtlebot3_gazebo) by extension 'colcon_meta'
[0.303s] Level 1:colcon.colcon_core.package_identification:_identify(src/turtlebot3_simulations/turtlebot3_gazebo) by extensions ['ros']
[0.303s] Level 1:colcon.colcon_core.package_identification:_identify(src/turtlebot3_simulations/turtlebot3_gazebo) by extension 'ros'
[0.304s] DEBUG:colcon.colcon_core.package_identification:Package 'src/turtlebot3_simulations/turtlebot3_gazebo' with type 'ros.ament_cmake' and name 'turtlebot3_gazebo'
[0.304s] Level 1:colcon.colcon_core.package_identification:_identify(src/turtlebot3_simulations/turtlebot3_simulations) by extensions ['ignore', 'ignore_ament_install']
[0.304s] Level 1:colcon.colcon_core.package_identification:_identify(src/turtlebot3_simulations/turtlebot3_simulations) by extension 'ignore'
[0.304s] Level 1:colcon.colcon_core.package_identification:_identify(src/turtlebot3_simulations/turtlebot3_simulations) by extension 'ignore_ament_install'
[0.304s] Level 1:colcon.colcon_core.package_identification:_identify(src/turtlebot3_simulations/turtlebot3_simulations) by extensions ['colcon_pkg']
[0.304s] Level 1:colcon.colcon_core.package_identification:_identify(src/turtlebot3_simulations/turtlebot3_simulations) by extension 'colcon_pkg'
[0.304s] Level 1:colcon.colcon_core.package_identification:_identify(src/turtlebot3_simulations/turtlebot3_simulations) by extensions ['colcon_meta']
[0.304s] Level 1:colcon.colcon_core.package_identification:_identify(src/turtlebot3_simulations/turtlebot3_simulations) by extension 'colcon_meta'
[0.304s] Level 1:colcon.colcon_core.package_identification:_identify(src/turtlebot3_simulations/turtlebot3_simulations) by extensions ['ros']
[0.304s] Level 1:colcon.colcon_core.package_identification:_identify(src/turtlebot3_simulations/turtlebot3_simulations) by extension 'ros'
[0.305s] DEBUG:colcon.colcon_core.package_identification:Package 'src/turtlebot3_simulations/turtlebot3_simulations' with type 'ros.ament_cmake' and name 'turtlebot3_simulations'
[0.305s] Level 1:colcon.colcon_core.package_identification:_identify(src/wetexplorer) by extensions ['ignore', 'ignore_ament_install']
[0.305s] Level 1:colcon.colcon_core.package_identification:_identify(src/wetexplorer) by extension 'ignore'
[0.305s] Level 1:colcon.colcon_core.package_identification:_identify(src/wetexplorer) by extension 'ignore_ament_install'
[0.305s] Level 1:colcon.colcon_core.package_identification:_identify(src/wetexplorer) by extensions ['colcon_pkg']
[0.305s] Level 1:colcon.colcon_core.package_identification:_identify(src/wetexplorer) by extension 'colcon_pkg'
[0.305s] Level 1:colcon.colcon_core.package_identification:_identify(src/wetexplorer) by extensions ['colcon_meta']
[0.305s] Level 1:colcon.colcon_core.package_identification:_identify(src/wetexplorer) by extension 'colcon_meta'
[0.305s] Level 1:colcon.colcon_core.package_identification:_identify(src/wetexplorer) by extensions ['ros']
[0.305s] Level 1:colcon.colcon_core.package_identification:_identify(src/wetexplorer) by extension 'ros'
[0.305s] Level 1:colcon.colcon_core.package_identification:_identify(src/wetexplorer) by extensions ['cmake', 'python']
[0.305s] Level 1:colcon.colcon_core.package_identification:_identify(src/wetexplorer) by extension 'cmake'
[0.305s] Level 1:colcon.colcon_core.package_identification:_identify(src/wetexplorer) by extension 'python'
[0.305s] Level 1:colcon.colcon_core.package_identification:_identify(src/wetexplorer) by extensions ['python_setup_py']
[0.305s] Level 1:colcon.colcon_core.package_identification:_identify(src/wetexplorer) by extension 'python_setup_py'
[0.306s] Level 1:colcon.colcon_core.package_identification:_identify(src/wetexplorer/wetexplorer_control) by extensions ['ignore', 'ignore_ament_install']
[0.306s] Level 1:colcon.colcon_core.package_identification:_identify(src/wetexplorer/wetexplorer_control) by extension 'ignore'
[0.306s] Level 1:colcon.colcon_core.package_identification:_identify(src/wetexplorer/wetexplorer_control) by extension 'ignore_ament_install'
[0.306s] Level 1:colcon.colcon_core.package_identification:_identify(src/wetexplorer/wetexplorer_control) by extensions ['colcon_pkg']
[0.306s] Level 1:colcon.colcon_core.package_identification:_identify(src/wetexplorer/wetexplorer_control) by extension 'colcon_pkg'
[0.306s] Level 1:colcon.colcon_core.package_identification:_identify(src/wetexplorer/wetexplorer_control) by extensions ['colcon_meta']
[0.306s] Level 1:colcon.colcon_core.package_identification:_identify(src/wetexplorer/wetexplorer_control) by extension 'colcon_meta'
[0.306s] Level 1:colcon.colcon_core.package_identification:_identify(src/wetexplorer/wetexplorer_control) by extensions ['ros']
[0.306s] Level 1:colcon.colcon_core.package_identification:_identify(src/wetexplorer/wetexplorer_control) by extension 'ros'
[0.307s] DEBUG:colcon.colcon_core.package_identification:Package 'src/wetexplorer/wetexplorer_control' with type 'ros.catkin' and name 'wetexplorer_control'
[0.307s] Level 1:colcon.colcon_core.package_identification:_identify(src/wetexplorer/wetexplorer_description) by extensions ['ignore', 'ignore_ament_install']
[0.307s] Level 1:colcon.colcon_core.package_identification:_identify(src/wetexplorer/wetexplorer_description) by extension 'ignore'
[0.307s] Level 1:colcon.colcon_core.package_identification:_identify(src/wetexplorer/wetexplorer_description) by extension 'ignore_ament_install'
[0.307s] Level 1:colcon.colcon_core.package_identification:_identify(src/wetexplorer/wetexplorer_description) by extensions ['colcon_pkg']
[0.307s] Level 1:colcon.colcon_core.package_identification:_identify(src/wetexplorer/wetexplorer_description) by extension 'colcon_pkg'
[0.307s] Level 1:colcon.colcon_core.package_identification:_identify(src/wetexplorer/wetexplorer_description) by extensions ['colcon_meta']
[0.307s] Level 1:colcon.colcon_core.package_identification:_identify(src/wetexplorer/wetexplorer_description) by extension 'colcon_meta'
[0.307s] Level 1:colcon.colcon_core.package_identification:_identify(src/wetexplorer/wetexplorer_description) by extensions ['ros']
[0.307s] Level 1:colcon.colcon_core.package_identification:_identify(src/wetexplorer/wetexplorer_description) by extension 'ros'
[0.308s] DEBUG:colcon.colcon_core.package_identification:Package 'src/wetexplorer/wetexplorer_description' with type 'ros.ament_cmake' and name 'wetexplorer_description'
[0.308s] Level 1:colcon.colcon_core.package_identification:_identify(src/wetexplorer/wetexplorer_gazebo) by extensions ['ignore', 'ignore_ament_install']
[0.308s] Level 1:colcon.colcon_core.package_identification:_identify(src/wetexplorer/wetexplorer_gazebo) by extension 'ignore'
[0.308s] Level 1:colcon.colcon_core.package_identification:_identify(src/wetexplorer/wetexplorer_gazebo) by extension 'ignore_ament_install'
[0.308s] Level 1:colcon.colcon_core.package_identification:_identify(src/wetexplorer/wetexplorer_gazebo) by extensions ['colcon_pkg']
[0.308s] Level 1:colcon.colcon_core.package_identification:_identify(src/wetexplorer/wetexplorer_gazebo) by extension 'colcon_pkg'
[0.308s] Level 1:colcon.colcon_core.package_identification:_identify(src/wetexplorer/wetexplorer_gazebo) by extensions ['colcon_meta']
[0.308s] Level 1:colcon.colcon_core.package_identification:_identify(src/wetexplorer/wetexplorer_gazebo) by extension 'colcon_meta'
[0.308s] Level 1:colcon.colcon_core.package_identification:_identify(src/wetexplorer/wetexplorer_gazebo) by extensions ['ros']
[0.308s] Level 1:colcon.colcon_core.package_identification:_identify(src/wetexplorer/wetexplorer_gazebo) by extension 'ros'
[0.309s] DEBUG:colcon.colcon_core.package_identification:Package 'src/wetexplorer/wetexplorer_gazebo' with type 'ros.catkin' and name 'wetexplorer_gazebo'
[0.309s] Level 1:colcon.colcon_core.package_identification:_identify(src/wetexplorer/wetexplorer_hardware) by extensions ['ignore', 'ignore_ament_install']
[0.309s] Level 1:colcon.colcon_core.package_identification:_identify(src/wetexplorer/wetexplorer_hardware) by extension 'ignore'
[0.309s] Level 1:colcon.colcon_core.package_identification:_identify(src/wetexplorer/wetexplorer_hardware) by extension 'ignore_ament_install'
[0.309s] Level 1:colcon.colcon_core.package_identification:_identify(src/wetexplorer/wetexplorer_hardware) by extensions ['colcon_pkg']
[0.309s] Level 1:colcon.colcon_core.package_identification:_identify(src/wetexplorer/wetexplorer_hardware) by extension 'colcon_pkg'
[0.309s] Level 1:colcon.colcon_core.package_identification:_identify(src/wetexplorer/wetexplorer_hardware) by extensions ['colcon_meta']
[0.309s] Level 1:colcon.colcon_core.package_identification:_identify(src/wetexplorer/wetexplorer_hardware) by extension 'colcon_meta'
[0.309s] Level 1:colcon.colcon_core.package_identification:_identify(src/wetexplorer/wetexplorer_hardware) by extensions ['ros']
[0.309s] Level 1:colcon.colcon_core.package_identification:_identify(src/wetexplorer/wetexplorer_hardware) by extension 'ros'
[0.310s] DEBUG:colcon.colcon_core.package_identification:Package 'src/wetexplorer/wetexplorer_hardware' with type 'ros.catkin' and name 'wetexplorer_hardware'
[0.310s] Level 1:colcon.colcon_core.package_identification:_identify(src/wetexplorer/wetexplorer_navigation) by extensions ['ignore', 'ignore_ament_install']
[0.310s] Level 1:colcon.colcon_core.package_identification:_identify(src/wetexplorer/wetexplorer_navigation) by extension 'ignore'
[0.310s] Level 1:colcon.colcon_core.package_identification:_identify(src/wetexplorer/wetexplorer_navigation) by extension 'ignore_ament_install'
[0.310s] Level 1:colcon.colcon_core.package_identification:_identify(src/wetexplorer/wetexplorer_navigation) by extensions ['colcon_pkg']
[0.310s] Level 1:colcon.colcon_core.package_identification:_identify(src/wetexplorer/wetexplorer_navigation) by extension 'colcon_pkg'
[0.311s] Level 1:colcon.colcon_core.package_identification:_identify(src/wetexplorer/wetexplorer_navigation) by extensions ['colcon_meta']
[0.311s] Level 1:colcon.colcon_core.package_identification:_identify(src/wetexplorer/wetexplorer_navigation) by extension 'colcon_meta'
[0.311s] Level 1:colcon.colcon_core.package_identification:_identify(src/wetexplorer/wetexplorer_navigation) by extensions ['ros']
[0.311s] Level 1:colcon.colcon_core.package_identification:_identify(src/wetexplorer/wetexplorer_navigation) by extension 'ros'
[0.311s] DEBUG:colcon.colcon_core.package_identification:Package 'src/wetexplorer/wetexplorer_navigation' with type 'ros.catkin' and name 'wetexplorer_navigation'
[0.311s] Level 1:colcon.colcon_core.package_discovery:discover_packages(recursive) using defaults
[0.311s] Level 1:colcon.colcon_core.package_discovery:discover_packages(ignore) discover
[0.311s] Level 1:colcon.colcon_core.package_discovery:discover_packages(ignore) using defaults
[0.311s] Level 1:colcon.colcon_core.package_discovery:discover_packages(path) discover
[0.311s] Level 1:colcon.colcon_core.package_discovery:discover_packages(path) using defaults
[0.342s] INFO:colcon.colcon_core.package_selection:Skipping not selected package 'articubot_one' in 'src/articubot_one'
[0.342s] INFO:colcon.colcon_core.package_selection:Skipping not selected package 'control_msgs' in 'src/control_msgs/control_msgs'
[0.342s] INFO:colcon.colcon_core.package_selection:Skipping not selected package 'husky_description' in 'src/husky-humble-devel/husky_description'
[0.342s] INFO:colcon.colcon_core.package_selection:Skipping not selected package 'husky_msgs' in 'src/husky-humble-devel/husky_msgs'
[0.342s] INFO:colcon.colcon_core.package_selection:Skipping not selected package 'mapviz_plugins' in 'src/mapviz_plugins'
[0.342s] INFO:colcon.colcon_core.package_selection:Skipping not selected package 'realtime_tools' in 'src/realtime_tools'
[0.343s] INFO:colcon.colcon_core.package_selection:Skipping not selected package 'robo_base' in 'src/robo_base/robo_base'
[0.343s] INFO:colcon.colcon_core.package_selection:Skipping not selected package 'rtcm_msgs' in 'src/rtcm_msgs'
[0.343s] INFO:colcon.colcon_core.package_selection:Skipping not selected package 'tile_map' in 'src/tile_map'
[0.343s] INFO:colcon.colcon_core.package_selection:Skipping not selected package 'turtlebot3_fake_node' in 'src/turtlebot3_simulations/turtlebot3_fake_node'
[0.343s] INFO:colcon.colcon_core.package_selection:Skipping not selected package 'turtlebot3_gazebo' in 'src/turtlebot3_simulations/turtlebot3_gazebo'
[0.343s] INFO:colcon.colcon_core.package_selection:Skipping not selected package 'wetexplorer_control' in 'src/wetexplorer/wetexplorer_control'
[0.343s] INFO:colcon.colcon_core.package_selection:Skipping not selected package 'wetexplorer_gazebo' in 'src/wetexplorer/wetexplorer_gazebo'
[0.343s] INFO:colcon.colcon_core.package_selection:Skipping not selected package 'wetexplorer_hardware' in 'src/wetexplorer/wetexplorer_hardware'
[0.343s] INFO:colcon.colcon_core.package_selection:Skipping not selected package 'wetexplorer_navigation' in 'src/wetexplorer/wetexplorer_navigation'
[0.343s] INFO:colcon.colcon_core.package_selection:Skipping not selected package 'husky_base' in 'src/husky-humble-devel/husky_base'
[0.343s] INFO:colcon.colcon_core.package_selection:Skipping not selected package 'husky_control' in 'src/husky-humble-devel/husky_control'
[0.343s] INFO:colcon.colcon_core.package_selection:Skipping not selected package 'husky_viz' in 'src/husky-humble-devel/husky_viz'
[0.343s] INFO:colcon.colcon_core.package_selection:Skipping not selected package 'turtlebot3_simulations' in 'src/turtlebot3_simulations/turtlebot3_simulations'
[0.343s] INFO:colcon.colcon_core.package_selection:Skipping not selected package 'husky_bringup' in 'src/husky-humble-devel/husky_bringup'
[0.343s] INFO:colcon.colcon_core.package_selection:Skipping not selected package 'husky_desktop' in 'src/husky-humble-devel/husky_desktop'
[0.343s] INFO:colcon.colcon_core.package_selection:Skipping not selected package 'husky_gazebo' in 'src/husky-humble-devel/husky_gazebo'
[0.343s] INFO:colcon.colcon_core.package_selection:Skipping not selected package 'husky_robot' in 'src/husky-humble-devel/husky_robot'
[0.343s] INFO:colcon.colcon_core.package_selection:Skipping not selected package 'husky_simulator' in 'src/husky-humble-devel/husky_simulator'
[0.343s] Level 5:colcon.colcon_core.verb:set package 'wetexplorer_description' build argument 'cmake_args' from command line to 'None'
[0.343s] Level 5:colcon.colcon_core.verb:set package 'wetexplorer_description' build argument 'cmake_target' from command line to 'None'
[0.343s] Level 5:colcon.colcon_core.verb:set package 'wetexplorer_description' build argument 'cmake_target_skip_unavailable' from command line to 'False'
[0.343s] Level 5:colcon.colcon_core.verb:set package 'wetexplorer_description' build argument 'cmake_clean_cache' from command line to 'False'
[0.343s] Level 5:colcon.colcon_core.verb:set package 'wetexplorer_description' build argument 'cmake_clean_first' from command line to 'False'
[0.343s] Level 5:colcon.colcon_core.verb:set package 'wetexplorer_description' build argument 'cmake_force_configure' from command line to 'False'
[0.343s] Level 5:colcon.colcon_core.verb:set package 'wetexplorer_description' build argument 'ament_cmake_args' from command line to 'None'
[0.343s] Level 5:colcon.colcon_core.verb:set package 'wetexplorer_description' build argument 'catkin_cmake_args' from command line to 'None'
[0.343s] Level 5:colcon.colcon_core.verb:set package 'wetexplorer_description' build argument 'catkin_skip_building_tests' from command line to 'False'
[0.344s] DEBUG:colcon.colcon_core.verb:Building package 'wetexplorer_description' with the following arguments: {'ament_cmake_args': None, 'build_base': '/ros2_ws/build/wetexplorer_description', 'catkin_cmake_args': None, 'catkin_skip_building_tests': False, 'cmake_args': None, 'cmake_clean_cache': False, 'cmake_clean_first': False, 'cmake_force_configure': False, 'cmake_target': None, 'cmake_target_skip_unavailable': False, 'install_base': '/ros2_ws/install/wetexplorer_description', 'merge_install': False, 'path': '/ros2_ws/src/wetexplorer/wetexplorer_description', 'symlink_install': False, 'test_result_base': None}
[0.344s] INFO:colcon.colcon_core.executor:Executing jobs using 'parallel' executor
[0.344s] DEBUG:colcon.colcon_parallel_executor.executor.parallel:run_until_complete
[0.345s] INFO:colcon.colcon_ros.task.ament_cmake.build:Building ROS package in '/ros2_ws/src/wetexplorer/wetexplorer_description' with build type 'ament_cmake'
[0.345s] INFO:colcon.colcon_cmake.task.cmake.build:Building CMake package in '/ros2_ws/src/wetexplorer/wetexplorer_description'
[0.347s] INFO:colcon.colcon_core.plugin_system:Skipping extension 'colcon_core.shell.bat': Not used on non-Windows systems
[0.348s] INFO:colcon.colcon_core.shell:Skip shell extension 'powershell' for command environment: Not usable outside of PowerShell
[0.348s] DEBUG:colcon.colcon_core.shell:Skip shell extension 'dsv' for command environment
[0.349s] WARNING:colcon.colcon_ros.prefix_path.ament:The path '/ros2_ws/install/husky_description' in the environment variable AMENT_PREFIX_PATH doesn't exist
[0.349s] WARNING:colcon.colcon_ros.prefix_path.ament:The path '/ros2_ws/install/ros2_controllers_test_nodes' in the environment variable AMENT_PREFIX_PATH doesn't exist
[0.349s] WARNING:colcon.colcon_ros.prefix_path.ament:The path '/ros2_ws/install/ros2_control_test_assets' in the environment variable AMENT_PREFIX_PATH doesn't exist
[0.349s] WARNING:colcon.colcon_ros.prefix_path.ament:The path '/ros2_ws/install/ros2_control_demo_description' in the environment variable AMENT_PREFIX_PATH doesn't exist
[0.349s] WARNING:colcon.colcon_ros.prefix_path.catkin:The path '/ros2_ws/install/ros2_control_test_assets' in the environment variable CMAKE_PREFIX_PATH doesn't exist
[0.349s] WARNING:colcon.colcon_ros.prefix_path.catkin:The path '/ros2_ws/install/ros2_control_demo_description' in the environment variable CMAKE_PREFIX_PATH doesn't exist
[0.350s] WARNING:colcon.colcon_ros.prefix_path.catkin:The path '/ros2_ws/install/husky_description' in the environment variable CMAKE_PREFIX_PATH doesn't exist
[0.360s] DEBUG:colcon.colcon_core.event_handler.log_command:Invoking command in '/ros2_ws/build/wetexplorer_description': CMAKE_PREFIX_PATH=${CMAKE_PREFIX_PATH}:/ros2_ws/install/ros2_controllers_test_nodes:/opt/ros/humble /usr/bin/cmake --build /ros2_ws/build/wetexplorer_description -- -j12 -l12
[0.399s] DEBUG:colcon.colcon_core.event_handler.log_command:Invoked command in '/ros2_ws/build/wetexplorer_description' returned '0': CMAKE_PREFIX_PATH=${CMAKE_PREFIX_PATH}:/ros2_ws/install/ros2_controllers_test_nodes:/opt/ros/humble /usr/bin/cmake --build /ros2_ws/build/wetexplorer_description -- -j12 -l12
[0.430s] DEBUG:colcon.colcon_core.event_handler.log_command:Invoking command in '/ros2_ws/build/wetexplorer_description': CMAKE_PREFIX_PATH=${CMAKE_PREFIX_PATH}:/ros2_ws/install/ros2_controllers_test_nodes:/opt/ros/humble /usr/bin/cmake --install /ros2_ws/build/wetexplorer_description
[0.442s] Level 1:colcon.colcon_core.environment:create_environment_scripts_only(wetexplorer_description)
[0.445s] DEBUG:colcon.colcon_core.event_handler.log_command:Invoked command in '/ros2_ws/build/wetexplorer_description' returned '0': CMAKE_PREFIX_PATH=${CMAKE_PREFIX_PATH}:/ros2_ws/install/ros2_controllers_test_nodes:/opt/ros/humble /usr/bin/cmake --install /ros2_ws/build/wetexplorer_description
[0.446s] Level 1:colcon.colcon_core.environment:checking '/ros2_ws/install/wetexplorer_description' for CMake module files
[0.447s] Level 1:colcon.colcon_core.environment:checking '/ros2_ws/install/wetexplorer_description' for CMake config files
[0.447s] Level 1:colcon.colcon_core.shell:create_environment_hook('wetexplorer_description', 'cmake_prefix_path')
[0.447s] INFO:colcon.colcon_core.shell:Creating environment hook '/ros2_ws/install/wetexplorer_description/share/wetexplorer_description/hook/cmake_prefix_path.ps1'
[0.448s] INFO:colcon.colcon_core.shell:Creating environment descriptor '/ros2_ws/install/wetexplorer_description/share/wetexplorer_description/hook/cmake_prefix_path.dsv'
[0.448s] INFO:colcon.colcon_core.shell:Creating environment hook '/ros2_ws/install/wetexplorer_description/share/wetexplorer_description/hook/cmake_prefix_path.sh'
[0.449s] Level 1:colcon.colcon_core.environment:checking '/ros2_ws/install/wetexplorer_description/bin'
[0.449s] Level 1:colcon.colcon_core.environment:checking '/ros2_ws/install/wetexplorer_description/lib/pkgconfig/wetexplorer_description.pc'
[0.451s] Level 1:colcon.colcon_core.environment:checking '/ros2_ws/install/wetexplorer_description/lib/python3.10/site-packages'
[0.451s] Level 1:colcon.colcon_core.environment:checking '/ros2_ws/install/wetexplorer_description/bin'
[0.451s] INFO:colcon.colcon_core.shell:Creating package script '/ros2_ws/install/wetexplorer_description/share/wetexplorer_description/package.ps1'
[0.452s] INFO:colcon.colcon_core.shell:Creating package descriptor '/ros2_ws/install/wetexplorer_description/share/wetexplorer_description/package.dsv'
[0.452s] INFO:colcon.colcon_core.shell:Creating package script '/ros2_ws/install/wetexplorer_description/share/wetexplorer_description/package.sh'
[0.453s] INFO:colcon.colcon_core.shell:Creating package script '/ros2_ws/install/wetexplorer_description/share/wetexplorer_description/package.bash'
[0.454s] INFO:colcon.colcon_core.shell:Creating package script '/ros2_ws/install/wetexplorer_description/share/wetexplorer_description/package.zsh'
[0.454s] Level 1:colcon.colcon_core.environment:create_file_with_runtime_dependencies(/ros2_ws/install/wetexplorer_description/share/colcon-core/packages/wetexplorer_description)
[0.477s] Level 1:colcon.colcon_core.environment:create_environment_scripts_only(wetexplorer_description)
[0.477s] Level 1:colcon.colcon_core.environment:checking '/ros2_ws/install/wetexplorer_description' for CMake module files
[0.478s] Level 1:colcon.colcon_core.environment:checking '/ros2_ws/install/wetexplorer_description' for CMake config files
[0.479s] Level 1:colcon.colcon_core.shell:create_environment_hook('wetexplorer_description', 'cmake_prefix_path')
[0.479s] INFO:colcon.colcon_core.shell:Creating environment hook '/ros2_ws/install/wetexplorer_description/share/wetexplorer_description/hook/cmake_prefix_path.ps1'
[0.479s] INFO:colcon.colcon_core.shell:Creating environment descriptor '/ros2_ws/install/wetexplorer_description/share/wetexplorer_description/hook/cmake_prefix_path.dsv'
[0.480s] INFO:colcon.colcon_core.shell:Creating environment hook '/ros2_ws/install/wetexplorer_description/share/wetexplorer_description/hook/cmake_prefix_path.sh'
[0.480s] Level 1:colcon.colcon_core.environment:checking '/ros2_ws/install/wetexplorer_description/bin'
[0.481s] Level 1:colcon.colcon_core.environment:checking '/ros2_ws/install/wetexplorer_description/lib/pkgconfig/wetexplorer_description.pc'
[0.481s] Level 1:colcon.colcon_core.environment:checking '/ros2_ws/install/wetexplorer_description/lib/python3.10/site-packages'
[0.481s] Level 1:colcon.colcon_core.environment:checking '/ros2_ws/install/wetexplorer_description/bin'
[0.481s] INFO:colcon.colcon_core.shell:Creating package script '/ros2_ws/install/wetexplorer_description/share/wetexplorer_description/package.ps1'
[0.482s] INFO:colcon.colcon_core.shell:Creating package descriptor '/ros2_ws/install/wetexplorer_description/share/wetexplorer_description/package.dsv'
[0.482s] INFO:colcon.colcon_core.shell:Creating package script '/ros2_ws/install/wetexplorer_description/share/wetexplorer_description/package.sh'
[0.482s] INFO:colcon.colcon_core.shell:Creating package script '/ros2_ws/install/wetexplorer_description/share/wetexplorer_description/package.bash'
[0.483s] INFO:colcon.colcon_core.shell:Creating package script '/ros2_ws/install/wetexplorer_description/share/wetexplorer_description/package.zsh'
[0.483s] Level 1:colcon.colcon_core.environment:create_file_with_runtime_dependencies(/ros2_ws/install/wetexplorer_description/share/colcon-core/packages/wetexplorer_description)
[0.483s] DEBUG:colcon.colcon_parallel_executor.executor.parallel:closing loop
[0.484s] DEBUG:colcon.colcon_parallel_executor.executor.parallel:loop closed
[0.484s] DEBUG:colcon.colcon_parallel_executor.executor.parallel:run_until_complete finished with '0'
[0.484s] DEBUG:colcon.colcon_core.event_reactor:joining thread
[0.489s] INFO:colcon.colcon_core.plugin_system:Skipping extension 'colcon_notification.desktop_notification.notify_send': Could not find 'notify-send'
[0.489s] INFO:colcon.colcon_core.plugin_system:Skipping extension 'colcon_notification.desktop_notification.terminal_notifier': Not used on non-Darwin systems
[0.490s] INFO:colcon.colcon_core.plugin_system:Skipping extension 'colcon_notification.desktop_notification.win32': Not used on non-Windows systems
[0.490s] INFO:colcon.colcon_notification.desktop_notification:Sending desktop notification using 'notify2'
[0.492s] DEBUG:colcon.colcon_notification.desktop_notification.notify2:Failed to initialize notify2: org.freedesktop.DBus.Error.Spawn.ExecFailed: /usr/bin/dbus-launch terminated abnormally without any error message
[0.492s] DEBUG:colcon.colcon_core.event_reactor:joined thread
[0.493s] INFO:colcon.colcon_core.shell:Creating prefix script '/ros2_ws/install/local_setup.ps1'
[0.494s] INFO:colcon.colcon_core.shell:Creating prefix util module '/ros2_ws/install/_local_setup_util_ps1.py'
[0.495s] INFO:colcon.colcon_core.shell:Creating prefix chain script '/ros2_ws/install/setup.ps1'
[0.496s] INFO:colcon.colcon_core.shell:Creating prefix script '/ros2_ws/install/local_setup.sh'
[0.497s] INFO:colcon.colcon_core.shell:Creating prefix util module '/ros2_ws/install/_local_setup_util_sh.py'
[0.497s] INFO:colcon.colcon_core.shell:Creating prefix chain script '/ros2_ws/install/setup.sh'
[0.498s] INFO:colcon.colcon_core.shell:Creating prefix script '/ros2_ws/install/local_setup.bash'
[0.499s] INFO:colcon.colcon_core.shell:Creating prefix chain script '/ros2_ws/install/setup.bash'
[0.500s] INFO:colcon.colcon_core.shell:Creating prefix script '/ros2_ws/install/local_setup.zsh'
[0.500s] INFO:colcon.colcon_core.shell:Creating prefix chain script '/ros2_ws/install/setup.zsh'
